FOUND Historic
$$  are demonstrably historic (slides on file at the texas memorial museum).
FOUND Historic
$$  are demonstrably historic (slides on file at the texas memorial museum).
FOUND Historic
$$  are demonstrably historic (slides on file at the texas memorial museum).
FOUND Historic
$$  has an outstanding example of historic native american art: a panel complete with a mission building
FOUND Historic
$$  has an outstanding example of historic native american art: a panel complete with a mission building
FOUND Late Archaic Period
$$  a miniature monochrome art form tentatively dated to the late archaic period (turpin 1984).
FOUND Late Archaic Period
$$  a miniature monochrome art form tentatively dated to the late archaic period (turpin 1984).
FOUND Historic
$$ site 41vv327 site 41vv327 is a large red monochrome panel overlain by historic pictographs.
FOUND Historic
$$ this site is east of the devils river and adjacent to other historic rockart sites.
FOUND Historic
$$ all of the pictographs are red, but the earlier red monochromes are paler and have deteriorated more than have the obviously historic figures.
FOUND Historic
$$ site 41vv327 site 41vv327 is a large red monochrome panel overlain by historic pictographs.
FOUND Historic
$$ this site is east of the devils river and adjacent to other historic rockart sites.
FOUND Historic
$$ all of the pictographs are red, but the earlier red monochromes are paler and have deteriorated more than have the obviously historic figures.
FOUND Prehistoric
$$ all three lower pecos prehistoric styles are represented, each in a separate alcove.
FOUND Prehistoric
$$ all three lower pecos prehistoric styles are represented, each in a separate alcove.
FOUND Prehistoric
$$ all three lower pecos prehistoric styles are represented
FOUND Late Prehistoric
$$  the engraved arrowpoint forms--probably perdiz points of late prehistoric age
FOUND Late Prehistoric
$$  the engraved arrowpoint forms--probably perdiz points of late prehistoric age
