FOUND San Geronimo 
$$ san geronimo (41bx196) weir
FOUND Paleoindian
$$ subtriangular knives eagle cave 41vv167 mckinney -- paleoindian/archaic transition problem
FOUND Archaic
$$ subtriangular knives eagle cave 41vv167 mckinney -- /archaic transition problem
FOUND San Geronimo 
$$ lerma like san geronimo 41bx196 surface
FOUND Clear Fork 
$$ clear fork tools camp bullis 41bx36 elm waterhole 41bx300
FOUND Lanceolate Point
&& marcos plainview lanceolate points (2) 41ke50 surface
FOUND Archaic
$$ the san geronimo/pre-archaic assemblage included guadalupe tools found in
FOUND San Geronimo 
$$ coleto creek (41gd22) willeke (41vt17) j-2 ranch (41vt6) san geronimo (41bc196) camp bullis (41bc376; 41bx409) elm waterhole (41bx300) upper salado drainage (41bx173)
FOUND San Geronimo 
$$ willeke (41vt17) j-2 ranch (41vt6) san geronimo (41bc196) camp bullis (41bc376; 41bx409) elm waterhole (41bx300) upper salado drainage (41bx173) panther creek springs (41bx228)
FOUND San Geronimo 
$$ willeke (41vt17) j-2 ranch (41vt6) san geronimo (41bc196) camp bullis (41bc376; 41bx409) elm waterhole (41bx300) upper salado drainage (41bx173) panther creek springs (41bx228)
FOUND San Geronimo 
$$ j-2 ranch (41vt6) san geronimo (41bc196) camp bullis (41bc376; 41bx409) elm waterhole (41bx300) upper salado drainage (41bx173) panther creek springs (41bx228) granberg ii (41bx271)
FOUND San Geronimo 
$$ san geronimo (41bc196) camp bullis (41bc376; 41bx409) elm waterhole (41bx300) upper salado drainage (41bx173) panther creek springs (41bx228) granberg ii (41bx271) greenhaw (41hy29)
