FOUND Historic
$$  suggesting that the historic ceramics from the mission were made elsewhere and brought there.
FOUND Toyah
$$ in sites that also have leon plain and comparable radiocarbon dates from the toyah components at the rush site (41tg346) in tom green county.
FOUND Historic
$$  patton engraved (a historic caddo type from central east texas)
FOUND Historic
$$ in mission santa cruz de san sabá: archeological and historical investigations of a portion of the mission site (41mn23)
FOUND Toyah
$$  l. 1994 the life and times of toyah-culture folk
FOUND Toyah
$$ in the life and times of toyah-culture folk
FOUND Historic
$$  j. k. and d. k. boyd 2012 mission santa cruz de san sabá: archeological and historical investigations of a portion of the mission site (41mn23)
FOUND Late Prehistoric
$$  a stratified late prehistoric locale in tom green county
FOUND Late Prehistoric
$$  a stratified late prehistoric locale in tom green county
FOUND Late Prehistoric
$$ in archaic and late prehistoric human ecology in the middle onion creek valley
FOUND Archaic
$$ in archaic and  human ecology in the middle onion creek valley
FOUND Late Prehistoric
$$ in archaic and late prehistoric human ecology in the middle onion creek valley
FOUND Archaic
$$ in archaic and  human ecology in the middle onion creek valley
