FOUND Toyah
$$  l. 1994 the life and times of toyah-culture folk: the buckhollow encampment
FOUND Archaic
$$  1976 the rush site (41tg346): a stratified late prehis- the central texas archaic.
FOUND Early Archaic
$$  an early archaic campsite on town creek
FOUND Early Archaic
$$ (576) early archaic life at the sleeper archaeological site 41bc65 of the texas hill country
FOUND Toyah
$$ (568) the life and times of toyah-culture folk: the buckhollow encampment site
FOUND Prehistoric
$$ transactions of the 4th regional historic and prehistoric data recovery at palo
FOUND Historic
$$ transactions of the 4th regional historic and  data recovery at palo
FOUND Archaic
$$  r.k. (481) 1990 second interim report on the fox draw site (41gl175): an archaic midden site in gillespie county
FOUND Archaic
$$  1993 (41gl175): a paleo-archaic midden site in rogers
FOUND Toyah
$$ selected examples of toyah horizon bonetempered pots
FOUND Toyah
$$ chemical analyses of residues scraped from the walls of five toyah vessels at the rush site (41tg346) provide significant insights into the use of the vessels.
FOUND Toyah
$$ the life and times of toyah-culture folk as seen from the buckhollow encampment
FOUND Late Prehistoric
$$ in archaic and late prehistoric human ecology in the middle onion creek valley
FOUND Archaic
$$ in archaic and  human ecology in the middle onion creek valley
FOUND Late Prehistoric
$$  1987 the rush site (41tg346): a stratified late prehistoric locale in tom green county
FOUND Marshall Ford
$$ site distributions in the lower reaches of marshall ford (lake travis) basin; note that relatively few sites were mapped on the inside of river bends; sites 41tv207
FOUND Late Prehistoric
$$ inarchaic and late prehistoric human ecology in the middle onion creek valley
FOUND Archaic
$$ inarchaic and  human ecology in the middle onion creek valley
FOUND Late Prehistoric
$$ inarchaic and late prehistoric human ecology in the middle onion creek valley
FOUND Archaic
$$ inarchaic and  human ecology in the middle onion creek valley
FOUND Early Archaic
$$  b. ellis and c. dodt-ellis 1990 excavations at the camp pearl wheat site (41kr243): an early archaic campsite on town creek
FOUND Archaic
$$  archaic life at the sleeper archaeological site
FOUND Late Prehistoric
$$ in archaic and late prehistoric human ecology in the middle onion creek valley
FOUND Archaic
$$ in archaic and  human ecology in the middle onion creek valley
FOUND Late Prehistoric
$$ in archaic and late prehistoric human ecology in the middle onion creek valley
FOUND Archaic
$$ in archaic and  human ecology in the middle onion creek valley
FOUND Late Prehistoric
$$ in archaic and late prehistoric human ecology in the middle onion creek valley
FOUND Archaic
$$ in archaic and  human ecology in the middle onion creek valley
FOUND Late Prehistoric
$$ in archaic and late prehistoric human ecology in the middle onion creek valley
FOUND Archaic
$$ in archaic and  human ecology in the middle onion creek valley
FOUND Late Prehistoric
$$  j. m. and j. peck 1995 the rush site (41tg346) a stratified late prehistoric locale in tom green county
FOUND Toyah
$$ 1991 the life and times of toyah-culture folk as seen from the buckhollow encampment
FOUND Historic
$$  both have chronological data that help to build on the cultural-historical framework of southern texas.
FOUND Paleoindian
$$ certainly the most intriguing paleoindian site
FOUND Archaic
$$ excavation in the lowest bone beds at bonfire first tentative beginnings of the archaic adapshelter (41vv218).
FOUND Paleoindian
$$ johnson (1964) first noticed the mixture of archaic and paleoindian cultural traits at devils mouth where the economy
FOUND Archaic
$$ johnson (1964) first noticed the mixture of archaic and  cultural traits at devils mouth where the economy
FOUND Historic
$$ forrest kirkland’s rendition of the red linear rock art type tural explanations for the evidence from site (41vv201) in seminole canyon state historical park.
FOUND Historic Period
$$  an emphasis on conflict that carries over into historic period pictographs that show clear antecedents in the red monochrome style (41vv205
FOUND Historic
$$ kirkland’s copy of historic pictographs at meyers springs in terrell county (41te9).
FOUND Historic Period
$$  placing it early in the historic period
FOUND Toyah
$$  l. 1994 the life and times of toyah-culture folk as seen from the buckhollow encampment
