FOUND Late Archaic Period
$$  and late archaic periods of texas prehistory.
FOUND Late Archaic Period
$$  and late archaic periods of texas prehistory.
FOUND Late Archaic Period
$$  and late archaic periods of texas prehistory.
FOUND Late Archaic Period
$$  and late archaic periods of texas prehistory.
FOUND Late Archaic Period
$$  and late archaic periods of texas prehistory.
FOUND Late Archaic Period
$$  and late archaic periods of texas prehistory.
FOUND Late Archaic Period
$$  and late archaic periods of texas prehistory.
FOUND Late Archaic Period
$$  and late archaic periods of texas prehistory.
FOUND Twin Sisters
$$ this study established that 41wm130 had been periodically occupied from the twin sisters through
FOUND Twin Sisters
$$ this study established that 41wm130 had been periodically occupied from the twin sisters through
FOUND Twin Sisters
$$ this study established that 41wm130 had been periodically occupied from the twin sisters through
FOUND Twin Sisters
$$ this study established that 41wm130 had been periodically occupied from the twin sisters through the toyah phases.
FOUND Toyah
$$ this study established that 41wm130 had been periodically occupied from the  through the toyah phases.
FOUND Twin Sisters
$$ this study established that 41wm130 had been periodically occupied from the twin sisters through the toyah phases.
FOUND Toyah
$$ this study established that 41wm130 had been periodically occupied from the  through the toyah phases.
FOUND Prehistoric
$$ the four prehistoric sites are thin lithic scatters.
FOUND Prehistoric
$$ the four prehistoric sites are thin lithic scatters.
FOUND Archaic
$$ it is described as an archaic occupation and quarry site.
FOUND Prehistoric
$$  an early mid 20th century historic habitation site and three prehistoric sites (41wm432
FOUND Historic
$$  an early mid 20th century historic habitation site and three  sites (41wm432
FOUND Prehistoric
$$  an early mid 20th century historic habitation site and three prehistoric sites (41wm432
FOUND Historic
$$  an early mid 20th century historic habitation site and three  sites (41wm432
FOUND Prehistoric
$$  an early mid 20th century historic habitation site and three prehistoric sites (41wm432
FOUND Historic
$$  an early mid 20th century historic habitation site and three  sites (41wm432
FOUND Prehistoric
$$  an early mid 20th century historic habitation site and three prehistoric sites (41wm432
FOUND Historic
$$  an early mid 20th century historic habitation site and three  sites (41wm432
FOUND Prehistoric
$$ schroeder and weaver (2006) reported on the presence of this prehistoric site.
FOUND Prehistoric
$$ schroeder and weaver (2006) reported on the presence of this prehistoric site.
FOUND Prehistoric
$$ schroeder and weaver (2006) reported on the presence of this prehistoric site.
