FOUND Late Prehistoric
$$ site 41wm828 contains archaic and late prehistoric components.
FOUND Archaic
$$ site 41wm828 contains archaic and  components.
FOUND Late Prehistoric
$$ site 41wm828 contains archaic and late prehistoric components.
FOUND Archaic
$$ site 41wm828 contains archaic and  components.
FOUND Late Prehistoric
$$ site 41wm828 contains archaic and late prehistoric components.
FOUND Archaic
$$ site 41wm828 contains archaic and  components.
FOUND Prehistoric
$$ six prehistoric hearth features (outflow features 1-6) were encountered during the excavation of the
FOUND Prehistoric
$$ six prehistoric hearth features (outflow features 1-6) were encountered during the excavation of the
FOUND Late Archaic Period
$$  and late archaic periods of texas prehistory.
FOUND Late Archaic Period
$$  and late archaic periods of texas prehistory.
FOUND Late Archaic Period
$$  and late archaic periods of texas prehistory.
FOUND Late Archaic Period
$$  and late archaic periods of texas prehistory.
FOUND Late Archaic Period
$$  and late archaic periods of texas prehistory.
FOUND Late Archaic Period
$$  and late archaic periods of texas prehistory.
FOUND Late Archaic Period
$$  and late archaic periods of texas prehistory.
FOUND Late Archaic Period
$$  and late archaic periods of texas prehistory.
FOUND Twin Sisters
$$ this study established that 41wm130 had been periodically occupied from the twin sisters through toyah phases.
FOUND Toyah
$$ this study established that 41wm130 had been periodically occupied from the  through toyah phases.
FOUND Late Archaic Period
$$  and late archaic periods of texas prehistory.
FOUND Twin Sisters
$$ this study established that 41wm130 had been periodically occupied from the twin sisters through toyah phases.
FOUND Toyah
$$ this study established that 41wm130 had been periodically occupied from the  through toyah phases.
FOUND Late Archaic Period
$$  and late archaic periods of texas prehistory.
FOUND Twin Sisters
$$ this study established that 41wm130 had been periodically occupied from the twin sisters through toyah phases.
FOUND Toyah
$$ this study established that 41wm130 had been periodically occupied from the  through toyah phases.
FOUND Twin Sisters
$$ this study established that 41wm130 had been periodically occupied from the twin sisters through toyah phases.
FOUND Toyah
$$ this study established that 41wm130 had been periodically occupied from the  through toyah phases.
FOUND Twin Sisters
$$ this study established that 41wm130 had been periodically occupied from the twin sisters through toyah phases.
FOUND Toyah
$$ this study established that 41wm130 had been periodically occupied from the  through toyah phases.
FOUND Archaic
$$ it is described as an archaic occupation and quarry site.
FOUND Prehistoric
$$ the survey recorded the maxine harris site (41wm828) based on a scatter of burned rock and lithics – presumably prehistoric – on a terrace between the berry and pecan branch creeks.
FOUND Historic
$$ an historic house
FOUND Late Prehistoric
$$ (2004:18) described 41wm828 as “…a stratified multi-component site representing at least the late prehistoric and late archaic ii periods of central texas prehistory.” additionally
FOUND Late Archaic II
$$ (2004:18) described 41wm828 as “…a stratified multi-component site representing at least the  and late archaic ii periods of central texas prehistory.” additionally
FOUND Late Prehistoric
$$ (2004:18) described 41wm828 as “…a stratified multi-component site representing at least the late prehistoric and late archaic ii periods of central texas prehistory.” additionally
FOUND Late Archaic II
$$ (2004:18) described 41wm828 as “…a stratified multi-component site representing at least the  and late archaic ii periods of central texas prehistory.” additionally
FOUND Prehistoric
$$  which is characterized by the remains of isolated prehistoric burned 33
FOUND Prehistoric
$$ aag excavated six prehistoric hearth features on the outflow line and recorded them as site 41wm1063.
