FOUND Historic
$$  and 41wm1025 are early to mid-twentieth century historic sites.
FOUND Historic
$$ site 41wm1014 is a historic dump site.
FOUND Historic
$$  and 41wm1025 are early to mid-twentieth century historic sites.
FOUND Historic
$$ site 41wm1014 is a historic dump site.
FOUND Historic
$$  and 41wm1025 are early to mid-twentieth century historic sites.
FOUND Historic
$$ site 41wm1014 is a historic dump site.
FOUND Historic
$$  and 41wm1025 are early to mid-twentieth century historic sites.
FOUND Historic
$$ site 41wm1014 is a historic dump site.
FOUND Historic
$$  and 41wm1025 are early to mid-twentieth century historic sites.
FOUND Historic
$$ site 41wm1014 is a historic dump site.
FOUND Historic
$$  and 41wm1025 are early to mid-twentieth century historic sites.
FOUND Historic
$$ site 41wm1014 is a historic dump site.
FOUND Historic
$$  1–2 km from row) site 41wm835 is a historic farmstead site located along an intermittent drainage approximately 1.8 km north of the chandler road ape.
FOUND Historic
$$  1–2 km from row) site 41wm835 is a historic farmstead site located along an intermittent drainage approximately 1.8 km north of the chandler road ape.
FOUND Historic
$$  1–2 km from row) site 41wm835 is a historic farmstead site located along an intermittent drainage approximately 1.8 km north of the chandler road ape.
FOUND Historic
$$  1–2 km from row) site 41wm835 is a historic farmstead site located along an intermittent drainage approximately 1.8 km north of the chandler road ape.
FOUND Historic
$$ site 41wm1014 is a historic dump/house site located approximately 2 km south of the chandler road ape.
FOUND Historic
$$ site 41wm1025 is a historic artifact scatter located approximately 1.3 km north of the chandler road ape.
FOUND Historic
$$  a historic homestead site.
FOUND Historic
$$  a historic farm complex located adjacent of cr 100.
FOUND Historic
$$ site 41wm1098 is a historic farm complex located adjacent to cr 100.
FOUND Historic
$$ five shovel tests executed at site 41wm1097 tested positive for historic artifacts
FOUND Historic
$$  and four shovel tests executed at site 41wm1098 tested positive for historic artifacts.
FOUND Historic
$$ five shovel tests executed at site 41wm1097 tested positive for historic artifacts
FOUND Historic
$$  and four shovel tests executed at site 41wm1098 tested positive for historic artifacts.
FOUND Historic
$$  further consultation with the state historic preservation officer should be pursued.
FOUND Historic
$$ 73 historical summary of site 41wm1098 by martha doty freeman site 41wm1098
FOUND Historic
$$ historical summary of site 41wm1098 by martha doty freeman site 41wm1098 site history: site 41wm1098 is located on 120 acres in the george keith survey
