FOUND Historic
$$ section 3..................................................................................................................... 24 section 4..................................................................................................................... 29 newly recorded sites ................................................................................................... 36 site 41wm1079 ......................................................................................................... 36 site 41wm1080 ......................................................................................................... 42 site 41wm1084 ......................................................................................................... 47 historical research results ........................................................................................... 50
FOUND Historic
$$ section 4..................................................................................................................... 29 newly recorded sites ................................................................................................... 36 site 41wm1079 ......................................................................................................... 36 site 41wm1080 ......................................................................................................... 42 site 41wm1084 ......................................................................................................... 47 historical research results ........................................................................................... 50 shovel testing and backhoe trenching results ........................................................... 57
FOUND Historic
$$ newly recorded sites ................................................................................................... 36 site 41wm1079 ......................................................................................................... 36 site 41wm1080 ......................................................................................................... 42 site 41wm1084 ......................................................................................................... 47 historical research results ........................................................................................... 50 shovel testing and backhoe trenching results ........................................................... 57 shovel test results (see appendix 1) ....................................................................... 57
FOUND Prehistoric
$$ top-st 30 at nucleus of prehistoric component of 41m1080.
FOUND Prehistoric
$$ top-st 30 at nucleus of prehistoric component of 41m1080.
FOUND Historic
$$ two of these sites are historic farmstead/homestead sites.
FOUND Prehistoric
$$ the third site is a buried prehistoric site located in
FOUND Historic
$$ two of these sites are historic farmstead/homestead sites.
FOUND Prehistoric
$$ the third site is a buried prehistoric site located in
FOUND Historic
$$ two of these sites are historic farmstead/homestead sites.
FOUND Prehistoric
$$ the third site is a buried prehistoric site located in
FOUND Historic
$$ two of these sites are historic farmstead/homestead sites.
FOUND Prehistoric
$$ the third site is a buried prehistoric site located in
FOUND Historic
$$ two of these sites are historic farmstead/homestead sites.
FOUND Prehistoric
$$ the third site is a buried prehistoric site located in
FOUND Historic
$$ two of these sites are historic farmstead/homestead sites.
FOUND Prehistoric
$$ the third site is a buried prehistoric site located in
FOUND Historic
$$ two of these sites are historic farmstead/homestead sites.
FOUND Prehistoric
$$ the third site is a buried prehistoric site located in
FOUND Historic
$$ two of these sites are historic farmstead/homestead sites.
FOUND Prehistoric
$$ the third site is a buried prehistoric site located in the floodplain of the north fork of the san gabriel river.
FOUND Historic
$$ two of these sites are historic farmstead/homestead sites.
FOUND Prehistoric
$$ the third site is a buried prehistoric site located in the floodplain of the north fork of the san gabriel river.
FOUND Historic
$$ site 41wm1080 is a historic house site located on a bluff overlooking the southern flood plain of the north fork of the san gabriel river.
FOUND Historic
$$  and ambiguous historical affiliations
FOUND Prehistoric
$$ site 41wm1080 also contains a prehistoric component.
FOUND Prehistoric
$$ site 41wm1080 also contains a prehistoric component.
FOUND Prehistoric
$$ site 41wm1084 is a buried prehistoric site located in the southern flood plain of the north fork of the san gabriel river.
FOUND Historic
$$  a historic homestead.
FOUND Prehistoric
$$  a buried prehistoric site located in the flood plain of the north fork of the san gabriel river.
FOUND Prehistoric
$$  a buried prehistoric site located in the flood plain of the north fork of the san gabriel river.
FOUND Prehistoric
$$ 16 site 41wm203 is a prehistoric mound site located on the south bank of the north fork of the san gabriel river.
FOUND Prehistoric
$$  a historic homestead site with a prehistoric component
FOUND Historic
$$  a historic homestead site with a  component
FOUND Prehistoric
$$  a historic homestead site with a prehistoric component
FOUND Historic
$$  a historic homestead site with a  component
FOUND Historic
$$ assessment: site 41wm1080 is a historic homestead with a possible nineteenth and twentieth century occupations.
FOUND Prehistoric
$$ site 41wm1084 description: site 41wm1084 is a subsurface prehistoric site located at the southern edge of the north fork flood plain.
FOUND Prehistoric
$$ site 41wm1084 description: site 41wm1084 is a subsurface prehistoric site located at the southern edge of the north fork flood plain.
FOUND Prehistoric
$$ in addition to the aforementioned prehistoric campsite
FOUND Prehistoric
$$  which has a prehistoric component
FOUND Historic
$$ historical research results
FOUND Historic
$$ historical research results sites 41wm1079 and 41wm1080 are located within the bartholomew manlove survey (figure 27).
FOUND Historic
$$ historical research results sites 41wm1079 and 41wm1080 are located within the bartholomew manlove survey (figure 27).
FOUND Historic
$$ the historical research suggests that the site 41wm1079 may be associated with w. e. creel or carl j. hardin
FOUND Historic
$$ the historical research suggests that the site 41wm1079 may be associated with w. e. creel or carl j. hardin
FOUND Prehistoric
$$  within a lithic scatter that marks a prehistoric component of the site.
FOUND Historic
$$ shovel tests 31-33 were conducted along the western edge of the row on the mound containing the historic component of site 41wm1080.
FOUND Historic
$$  41wm1080 (a historic homestead of unknown occupancy)
FOUND Historic
$$  41wm1080 (a historic homestead of unknown occupancy)
FOUND Prehistoric
$$  and 41wm1084 (a buried prehistoric lithic scatter).
FOUND Historic
$$  41wm1080 (a historic homestead of unknown occupancy)
FOUND Prehistoric
$$  and 41wm1084 (a buried prehistoric lithic scatter).
FOUND Historic
$$  41wm1080 (a historic homestead of unknown occupancy)
FOUND Prehistoric
$$  and 41wm1084 (a buried prehistoric lithic scatter).
FOUND Historic
$$  41wm1080 (a historic homestead of unknown occupancy)
FOUND Prehistoric
$$  and 41wm1084 (a buried prehistoric lithic scatter).
FOUND Historic
$$  41wm1080 (a historic homestead of unknown occupancy)
FOUND Prehistoric
$$  and 41wm1084 (a buried prehistoric lithic scatter).
FOUND Prehistoric
$$ site 41wm1080 is a historic homestead of unknown occupancy and a prehistoric lithic scatter.
FOUND Historic
$$ site 41wm1080 is a historic homestead of unknown occupancy and a  lithic scatter.
FOUND Prehistoric
$$ site 41wm1080 is a historic homestead of unknown occupancy and a prehistoric lithic scatter.
FOUND Historic
$$ site 41wm1080 is a historic homestead of unknown occupancy and a  lithic scatter.
FOUND Historic
$$ because of the historic component’s poor integrity
FOUND Historic
$$  and ambiguous historical affiliations
FOUND Prehistoric
$$ the prehistoric component of site 41wm1080 is a sparse
FOUND Historic
$$ because of the historic component’s poor integrity
FOUND Historic
$$  and ambiguous historical affiliations
FOUND Prehistoric
$$ the prehistoric component of site 41wm1080 is a sparse
FOUND Historic
$$  which was executed in the historic component
FOUND Early Archaic
$$ one early archaic nolan projectile point was located at 70 cmbs.
