FOUND Prehistoric
$$ all of the newly documented archaeological resources are prehistoric.
FOUND Montell Projectile Point
&& possible montell projectile point and biface recorded within 41re156............... 39 figure 5.10.
FOUND Prehistoric
$$ all 12 of the newly recorded sites are prehistoric and consisted of nine lithic scatters and/or small campsites
FOUND Prehistoric
$$ 5.1 site 41re155 (the phillips site) site 41re155 is a prehistoric site situated on a flat alluvial terrace
FOUND Prehistoric
$$ 5.1 site 41re155 (the phillips site) site 41re155 is a prehistoric site situated on a flat alluvial terrace that
FOUND Montell Projectile Point
&& one of the bifaces had three notches and as a result was typed as a potential montell projectile point (figure 5.9).
FOUND Edwards Chert
&& lithic raw materials included gray and grayish brown edwards chert.
FOUND Montell Projectile Point
&& one of the bifaces had three notches and as a result was typed as a potential montell projectile point (figure 5.9).
FOUND Edwards Chert
&& lithic raw materials included gray and grayish brown edwards chert.
FOUND Montell Projectile Point
&& one of the bifaces had three notches and as a result was typed as a potential montell projectile point (figure 5.9).
FOUND Edwards Chert
&& lithic raw materials included gray and grayish brown edwards chert.
FOUND Montell Projectile Point
&& one of the bifaces had three notches and as a result was typed as a potential montell projectile point (figure 5.9).
FOUND Edwards Chert
&& lithic raw materials included gray and grayish brown edwards chert.
FOUND Prehistoric
$$ 5.3 site 41re157 site 41re157 is a prehistoric lithic resource procurement site situated on an upland erosional hilltop (figure 5.10).
FOUND Prehistoric
$$ 5.3 site 41re157 site 41re157 is a prehistoric lithic resource procurement site situated on an upland erosional hilltop (figure 5.10).
FOUND Montell Projectile Point
&& possible montell projectile point and biface recorded within 41re156.
FOUND Montell Projectile Point
&& possible montell projectile point and biface recorded within 41re156.
FOUND Prehistoric
$$ 5.4 site 41re158 site 41re158 is a diffuse prehistoric lithic scatter situated along a two-track road on a short terrace overlooking an ephemeral drainage (figure 5.14).
FOUND Edwards Chert
&& lithic raw materials included blue-speckled white chert and gray and grayish brown edwards chert.
FOUND Prehistoric
$$ 5.4 site 41re158 site 41re158 is a diffuse prehistoric lithic scatter situated along a two-track road on a short terrace overlooking an ephemeral drainage (figure 5.14).
FOUND Edwards Chert
&& lithic raw materials included blue-speckled white chert and gray and grayish brown edwards chert.
FOUND Edwards Chert
&& lithic raw materials included blue-speckled white chert and gray and grayish brown edwards chert.
FOUND Edwards Chert
&& lithic raw materials included blue-speckled white chert and gray and grayish brown edwards chert.
FOUND Early Archaic
$$ twenty lithic flakes were recovered within the shovel tests, and several other flakes as well as an uvalde projectile point (early archaic) were documented on the surface of
FOUND Early Archaic
$$ twenty lithic flakes were recovered within the shovel tests, and several other flakes as well as an uvalde projectile point (early archaic) were documented on the surface of
FOUND Early Archaic
$$  and several other flakes as well as an uvalde projectile point (early archaic) were documented on the surface of 41re159 (figure 5.18).
FOUND Edwards Chert
&& lithic raw materials included brown specked and grayish brown edwards chert.
FOUND Edwards Chert
&& lithic raw materials included brown specked and grayish brown edwards chert.
FOUND Archaic
$$ un-typed archaic dart point were recorded on the surface of 41re161.
FOUND Late Archaic Period
$$ the site is loosely attributed to the late archaic period based on the presence of a possible castroville point.
FOUND Castroville Point
&& the site is loosely attributed to the late archaic period based on the presence of a possible castroville point.
FOUND Late Archaic Period
$$ the site is loosely attributed to the late archaic period based on the presence of a possible castroville point.
FOUND Castroville Point
&& the site is loosely attributed to the late archaic period based on the presence of a possible castroville point.
FOUND Edwards Chert
&&  and blue-gray edwards cherts.
FOUND Edwards Chert
&&  and grayish brown edwards chert.
FOUND Edwards Chert
&& the artifact assemblage consists of locally sourced edwards chert.
FOUND Edwards Chert
&& the artifact assemblage consists of locally sourced edwards chert.
FOUND Edwards Chert
&& the artifact assemblage consists of locally sourced edwards chert.
FOUND Edwards Chert
&& the artifact assemblage consists of locally sourced edwards chert.
FOUND Edwards Chert
&& the artifact assemblage consists of locally sourced edwards chert.
FOUND Edwards Chert
&& the artifact assemblage consists of locally sourced edwards chert.
FOUND Prehistoric
$$ 5.12 site 41re166 site 41re166 is a prehistoric lithic procurement site situated on an erosional hilltop with laterally
FOUND Prehistoric
$$ 5.12 site 41re166 site 41re166 is a prehistoric lithic procurement site situated on an erosional hilltop with laterally extensive bedrock exposures and naturally occurring chert and chalcedony (figure 5.32).
FOUND Prehistoric
$$ 5.12 site 41re166 site 41re166 is a prehistoric lithic procurement site situated on an erosional hilltop with laterally extensive bedrock exposures and naturally occurring chert and chalcedony (figure 5.32).
FOUND Edwards Chert
&& lithic raw materials were primarily brown edwards chert and chalcedony.
FOUND Edwards Chert
&& lithic raw materials were primarily brown edwards chert and chalcedony.
FOUND Prehistoric
$$ the nine remaining prehistoric sites (41re156; 41re158–165) are lithic
FOUND Prehistoric
$$ the nine remaining prehistoric sites (41re156; 41re158–165) are lithic scatters and/or small intermittent campsites consisting of low density surface scatters of lithic debitage and burned rock with occasional bifaces and lithic tools.
FOUND Prehistoric
$$ the nine remaining prehistoric sites (41re156; 41re158–165) are lithic scatters and/or small intermittent campsites consisting of low density surface scatters of lithic debitage and burned rock with occasional bifaces and lithic tools.
FOUND Prehistoric
$$ the nine remaining prehistoric sites (41re156; 41re158–165) are lithic scatters and/or small intermittent campsites consisting of low density surface scatters of lithic debitage and burned rock with occasional bifaces and lithic tools.
FOUND Prehistoric
$$ the nine remaining prehistoric sites (41re156; 41re158–165) are lithic scatters and/or small intermittent campsites consisting of low density surface scatters of lithic debitage and burned rock with occasional bifaces and lithic tools.
FOUND Toyah
$$  l. 1994 the life and times of toyah-culture folk: the buckhollow encampment
