FOUND Prehistoric
$$  the investigation resulted in the extension of site boundaries at two prehistoric sites (41tv150 and 41tv2163).
FOUND Prehistoric
$$  the investigation resulted in the extension of site boundaries at two prehistoric sites (41tv150 and 41tv2163).
FOUND Prehistoric
$$  the investigation resulted in the extension of site boundaries at two prehistoric sites (41tv150 and 41tv2163).
FOUND Prehistoric
$$  the investigation resulted in the extension of site boundaries at two prehistoric sites (41tv150 and 41tv2163).
FOUND Prehistoric
$$ site 41tv150 is a prehistoric and historic multicomponent site located on a level to sharply sloping surface and the top of a small hill; it measures approximately 20-acres.
FOUND Historic
$$ site 41tv150 is a  and historic multicomponent site located on a level to sharply sloping surface and the top of a small hill; it measures approximately 20-acres.
FOUND Prehistoric
$$ the boundary of the prehistoric component
FOUND Prehistoric
$$ site 41tv2163 was documented as a prehistoric lithic scatter located on the western slopes of a large hilltop to the east; the boundary of this small site has been extended approximately 276 feet to the south and 385 feet to the north.
FOUND Prehistoric
$$ both are prehistoric quarry sites consisting of expanses of raw chert cobbles with a small percentage of cobbles broken in half or showing one flake scar.
FOUND Prehistoric
$$ both are prehistoric quarry sites consisting of expanses of raw chert cobbles with a small percentage of cobbles broken in half or showing one flake scar.
FOUND Prehistoric
$$ both are prehistoric quarry sites consisting of expanses of raw chert cobbles with a small percentage of cobbles broken in half or showing one flake scar.
FOUND Prehistoric
$$ both are prehistoric quarry sites consisting of expanses of raw chert cobbles with a small percentage of cobbles broken in half or showing one flake scar.
FOUND Prehistoric
$$ both are prehistoric quarry sites consisting of expanses of raw chert cobbles with a small percentage of cobbles broken in half or showing one flake scar.
FOUND Prehistoric
$$ both are prehistoric quarry sites consisting of expanses of raw chert cobbles with a small percentage of cobbles broken in half or showing one flake scar.
FOUND Prehistoric
$$  a prehistoric and historic multicomponent site
FOUND Historic
$$  a  and historic multicomponent site
FOUND Prehistoric
$$  a prehistoric and historic multicomponent site
FOUND Historic
$$  a  and historic multicomponent site
FOUND Prehistoric
$$ it was originally recorded as a probable prehistoric quarry site in 1968 and consisted of very crude
FOUND Prehistoric
$$ 41tv540 is a very large prehistoric open camp on an old terrace of onion creek.
FOUND Prehistoric
$$ 41tv540 is a very large prehistoric open camp on an old terrace of onion creek.
FOUND Prehistoric
$$  a prehistoric quarry/workshop with lithic debitage and unmodified and tested chert cobbles
FOUND Historic
$$  the historic engler murder house site
FOUND Prehistoric
$$  a prehistoric open campsite and historic cistern
FOUND Historic
$$  a  open campsite and historic cistern
FOUND Prehistoric
$$  an upland prehistoric lithic scatter and possible open camp
FOUND Historic
$$  a historic artifact scatter
FOUND Historic
$$  a historic scatter located on the edge of a hilltop overlooking onion creek to the northwest
FOUND Prehistoric
$$  a prehistoric archaic period open camp was determined nrhp eligible and subjected
FOUND Archaic
$$  a  archaic period open camp was determined nrhp eligible and subjected
FOUND Prehistoric
$$  a prehistoric archaic period open camp was determined nrhp eligible and subjected to data recovery/mitigation.
FOUND Archaic
$$  a  archaic period open camp was determined nrhp eligible and subjected to data recovery/mitigation.
FOUND Prehistoric
$$  a prehistoric archaic period campsite
FOUND Archaic
$$  a  archaic period campsite
FOUND Prehistoric
$$ sites 41tv2163 (prehistoric lithic scatter)
FOUND Prehistoric
$$  41tv2164 (a large prehistoric and historic scatter)
FOUND Historic
$$  41tv2164 (a large  and historic scatter)
FOUND Prehistoric
$$  41tv2165 (prehistoric lithic scatter)
FOUND Prehistoric
$$  and 41tv2166 (a prehistoric lithic scatter) were recorded within a large aerial survey; all four were determined nrhp ineligible; however
FOUND Prehistoric
$$ sites 41tv2163 (prehistoric lithic scatter)
FOUND Prehistoric
$$  41tv2164 (a large prehistoric and historic scatter)
FOUND Historic
$$  41tv2164 (a large  and historic scatter)
FOUND Prehistoric
$$  41tv2165 (prehistoric lithic scatter)
FOUND Prehistoric
$$  and 41tv2166 (a prehistoric lithic scatter) were recorded within a large aerial survey; all four were determined nrhp ineligible; however
FOUND Prehistoric
$$ sites 41tv2163 (prehistoric lithic scatter)
FOUND Prehistoric
$$  41tv2164 (a large prehistoric and historic scatter)
FOUND Historic
$$  41tv2164 (a large  and historic scatter)
FOUND Prehistoric
$$  41tv2165 (prehistoric lithic scatter)
FOUND Prehistoric
$$  and 41tv2166 (a prehistoric lithic scatter) were recorded within a large aerial survey; all four were determined nrhp ineligible; however
FOUND Prehistoric
$$ sites 41tv2163 (prehistoric lithic scatter)
FOUND Prehistoric
$$  41tv2164 (a large prehistoric and historic scatter)
FOUND Historic
$$  41tv2164 (a large  and historic scatter)
FOUND Prehistoric
$$  41tv2165 (prehistoric lithic scatter)
FOUND Prehistoric
$$  and 41tv2166 (a prehistoric lithic scatter) were recorded within a large aerial survey; all four were determined nrhp ineligible; however
FOUND Prehistoric
$$ sites 41tv2163 (prehistoric lithic scatter)
FOUND Prehistoric
$$  41tv2164 (a large prehistoric and historic scatter)
FOUND Historic
$$  41tv2164 (a large  and historic scatter)
FOUND Prehistoric
$$  41tv2165 (prehistoric lithic scatter)
FOUND Prehistoric
$$  and 41tv2166 (a prehistoric lithic scatter) were recorded within a large aerial survey; all four were determined nrhp ineligible; however
FOUND Prehistoric
$$ 41tv2165 (prehistoric lithic scatter)
FOUND Prehistoric
$$  and 41tv2166 (a prehistoric lithic scatter) were recorded within a large aerial survey; all four were determined nrhp ineligible; however
FOUND Prehistoric
$$  prehistoric lithic procurement area and lithic scatter
FOUND Prehistoric
$$  prehistoric lithic procurement area and lithic scatter
FOUND Prehistoric
$$  prehistoric lithic procurement area and lithic scatter
FOUND Prehistoric
$$  a small prehistoric lithic scatter
FOUND Prehistoric
$$  a small prehistoric lithic scatter
FOUND Prehistoric
$$  a sparse prehistoric lithic scatter located on the side of a gradual slope
FOUND Prehistoric
$$  a widely scattered prehistoric lithic scatter and historic trash scatter
FOUND Historic
$$  a widely scattered  lithic scatter and historic trash scatter
FOUND Prehistoric
$$ we surveyed the ape west of sh 130 and discovered that it is one large prehistoric quarry site
FOUND Prehistoric
$$ we surveyed the ape west of sh 130 and discovered that it is one large prehistoric quarry site
FOUND Prehistoric
$$ site 41tv2162 was described as a multicomponent historic and prehistoric site including historic household debris on the hilltop with a dumpsite on the northwest slope.
FOUND Historic
$$ site 41tv2162 was described as a multicomponent historic and  site including historic household debris on the hilltop with a dumpsite on the northwest slope.
FOUND Prehistoric
$$ prehistoric lithic debitage was found across the entire site with deeply buried
FOUND Prehistoric
$$ site 41tv2162 was described as a multicomponent historic and prehistoric site including historic household debris on the hilltop with a dumpsite on the northwest slope.
FOUND Historic
$$ site 41tv2162 was described as a multicomponent historic and  site including historic household debris on the hilltop with a dumpsite on the northwest slope.
FOUND Prehistoric
$$ prehistoric lithic debitage was found across the entire site with deeply buried
FOUND Prehistoric
$$ site 41tv2162 was described as a multicomponent historic and prehistoric site including historic household debris on the hilltop with a dumpsite on the northwest slope.
FOUND Historic
$$ site 41tv2162 was described as a multicomponent historic and  site including historic household debris on the hilltop with a dumpsite on the northwest slope.
FOUND Prehistoric
$$ prehistoric lithic debitage was found across the entire site with deeply buried
FOUND Prehistoric
$$ site 41tv2162 was described as a multicomponent historic and prehistoric site including historic household debris on the hilltop with a dumpsite on the northwest slope.
FOUND Historic
$$ site 41tv2162 was described as a multicomponent historic and  site including historic household debris on the hilltop with a dumpsite on the northwest slope.
FOUND Prehistoric
$$ prehistoric lithic debitage was found across the entire site with deeply buried
FOUND Prehistoric
$$ site 41tv2162 was described as a multicomponent historic and prehistoric site including historic household debris on the hilltop with a dumpsite on the northwest slope.
FOUND Historic
$$ site 41tv2162 was described as a multicomponent historic and  site including historic household debris on the hilltop with a dumpsite on the northwest slope.
FOUND Prehistoric
$$ prehistoric lithic debitage was found across the entire site with deeply buried occupational deposits in the floodplain (campbell et al.
FOUND Prehistoric
$$ site 41tv2162 was described as a multicomponent historic and prehistoric site including historic household debris on the hilltop with a dumpsite on the northwest slope.
FOUND Historic
$$ site 41tv2162 was described as a multicomponent historic and  site including historic household debris on the hilltop with a dumpsite on the northwest slope.
FOUND Prehistoric
$$ prehistoric lithic debitage was found across the entire site with deeply buried occupational deposits in the floodplain (campbell et al.
FOUND Prehistoric
$$ the final survey area consists of an extensive prehistoric quarry located north of the previously determined boundary of 41tv150.
FOUND Prehistoric
$$ site 41tv150 was eventually recorded as a multicomponent prehistoric and historic site that encompassed approximately 20 acres with its southeastern corner located east of sh 130 immediately north of moore road
FOUND Historic
$$ site 41tv150 was eventually recorded as a multicomponent  and historic site that encompassed approximately 20 acres with its southeastern corner located east of sh 130 immediately north of moore road
FOUND Prehistoric
$$  lack research potential to interpret the site function or date of occupation other than prehistoric.
FOUND Prehistoric
$$  lack research potential to interpret the site function or date of occupation other than prehistoric.
