FOUND Prehistoric
$$ trenching at site 41tv410 led to the discovery of a deeply buried prehistoric component
FOUND Prehistoric
$$ trenching at site 41tv410 led to the discovery of a deeply buried prehistoric component
FOUND Prehistoric
$$ trenching at site 41tv410 led to the discovery of a deeply buried prehistoric component
FOUND Prehistoric
$$ trenching at site 41tv410 led to the discovery of a deeply buried prehistoric component
FOUND Prehistoric
$$ trenching at site 41tv410 led to the discovery of a deeply buried prehistoric component
FOUND Prehistoric
$$ trenching at site 41tv410 led to the discovery of a deeply buried prehistoric component
FOUND Prehistoric
$$ the site was originally recorded in 1968 as a surficial prehistoric lithic quarry.
FOUND Prehistoric
$$ trenching at site 41tv410 led to the discovery of a deeply buried prehistoric component
FOUND Prehistoric
$$ the site was originally recorded in 1968 as a surficial prehistoric lithic quarry.
FOUND Prehistoric
$$ the site was originally recorded in 1968 as a surficial prehistoric lithic quarry.
FOUND Historic
$$  the site was expanded to include historical farmstead and unmarked cemetery components.
FOUND Pedernales Dart
&& 41tv455 sketch map ................................................................................... 152 41tv456 site setting ................................................................................... 154 41tv456 sketch map ................................................................................... 155 41tv540 sketch map ................................................................................... 157 41tv541 site setting ................................................................................... 158 41tv541 sketch map ................................................................................... 159 41tv541 pedernales dart point.................................................................... 160
FOUND Pedernales Dart
&& 41tv456 site setting ................................................................................... 154 41tv456 sketch map ................................................................................... 155 41tv540 sketch map ................................................................................... 157 41tv541 site setting ................................................................................... 158 41tv541 sketch map ................................................................................... 159 41tv541 pedernales dart point.................................................................... 160 41tv1256 site setting ................................................................................. 162
FOUND Pedernales Dart
&& 41tv456 sketch map ................................................................................... 155 41tv540 sketch map ................................................................................... 157 41tv541 site setting ................................................................................... 158 41tv541 sketch map ................................................................................... 159 41tv541 pedernales dart point.................................................................... 160 41tv1256 site setting ................................................................................. 162 41tv1256 sketch map ................................................................................. 163
FOUND Pedernales Dart
&& 41tv540 sketch map ................................................................................... 157 41tv541 site setting ................................................................................... 158 41tv541 sketch map ................................................................................... 159 41tv541 pedernales dart point.................................................................... 160 41tv1256 site setting ................................................................................. 162 41tv1256 sketch map ................................................................................. 163 41tv1256 chopper-like tool ........................................................................ 164
FOUND Pedernales Dart
&& 41tv541 site setting ................................................................................... 158 41tv541 sketch map ................................................................................... 159 41tv541 pedernales dart point.................................................................... 160 41tv1256 site setting ................................................................................. 162 41tv1256 sketch map ................................................................................. 163 41tv1256 chopper-like tool ........................................................................ 164 41tv1260 sketch map ................................................................................. 166
FOUND Pedernales Dart
&& 41tv541 sketch map ................................................................................... 159 41tv541 pedernales dart point.................................................................... 160 41tv1256 site setting ................................................................................. 162 41tv1256 sketch map ................................................................................. 163 41tv1256 chopper-like tool ........................................................................ 164 41tv1260 sketch map ................................................................................. 166 41tv1268 sketch map ................................................................................. 168
FOUND Pedernales Dart
&& 41tv541 pedernales dart point.................................................................... 160 41tv1256 site setting ................................................................................. 162 41tv1256 sketch map ................................................................................. 163 41tv1256 chopper-like tool ........................................................................ 164 41tv1260 sketch map ................................................................................. 166 41tv1268 sketch map ................................................................................. 168
FOUND Paleoindian
$$  and the paleoindian evidence recovered at each site consists primarily of diagnostic projectile points.
FOUND Paleoindian
$$  and the paleoindian evidence recovered at each site consists primarily of diagnostic projectile points.
FOUND Paleoindian
$$  and the paleoindian evidence recovered at each site consists primarily of diagnostic projectile points.
FOUND Paleoindian
$$  and the paleoindian evidence recovered at each site consists primarily of diagnostic projectile points.
FOUND Paleoindian
$$  and the paleoindian evidence recovered at each site consists primarily of diagnostic projectile points.
FOUND Paleoindian
$$  and the paleoindian evidence recovered at each site consists primarily of diagnostic projectile points.
FOUND Paleoindian
$$  and the paleoindian evidence recovered at each site consists primarily of diagnostic projectile points.
FOUND Paleoindian
$$  and the paleoindian evidence recovered at each site consists primarily of diagnostic projectile points.
FOUND Paleoindian
$$  two of the sites (41wm35 and 41wm419) occur on terraces and contain cultural deposits buried at depths of between 1 and 2.5 m. it is uncertain whether the paleoindian component at the two sites can be stratigraphically isolated.
FOUND Clovis Point
&& brushy creek: a possible clovis point was recorded along brushy creek downstream of rice’s crossing
FOUND Paleoindian
$$  and the paleoindian evidence recovered at each site consists primarily of diagnostic projectile points.
FOUND Paleoindian
$$  two of the sites (41wm35 and 41wm419) occur on terraces and contain cultural deposits buried at depths of between 1 and 2.5 m. it is uncertain whether the paleoindian component at the two sites can be stratigraphically isolated.
FOUND Clovis Point
&& brushy creek: a possible clovis point was recorded along brushy creek downstream of rice’s crossing
FOUND Clovis Point
&& brushy creek: a possible clovis point was recorded along brushy creek downstream of rice’s crossing at site 41wm956.
FOUND Paleoindian period
$$ projectile points diagnostic of the late paleoindian period have also been recorded west of the sh 130 study corridor from surface contexts at sites 41wm559
FOUND Late Paleoindian
$$  late paleoindian artifacts have been found at sites 41wm727 and 41wm958 in the fields near rice’s crossing (brownlow 2003).
FOUND Paleoindian period
$$ projectile points diagnostic of the late paleoindian period have also been recorded west of the sh 130 study corridor from surface contexts at sites 41wm559
FOUND Late Paleoindian
$$  late paleoindian artifacts have been found at sites 41wm727 and 41wm958 in the fields near rice’s crossing (brownlow 2003).
FOUND Paleoindian period
$$ projectile points diagnostic of the late paleoindian period have also been recorded west of the sh 130 study corridor from surface contexts at sites 41wm559
FOUND Late Paleoindian
$$  late paleoindian artifacts have been found at sites 41wm727 and 41wm958 in the fields near rice’s crossing (brownlow 2003).
FOUND Paleoindian period
$$ projectile points diagnostic of the late paleoindian period have also been recorded west of the sh 130 study corridor from surface contexts at sites 41wm559
FOUND Late Paleoindian
$$  late paleoindian artifacts have been found at sites 41wm727 and 41wm958 in the fields near rice’s crossing (brownlow 2003).
FOUND Late Paleoindian
$$  late paleoindian artifacts have been found at sites 41wm727 and 41wm958 in the fields near rice’s crossing (brownlow 2003).
FOUND Late Paleoindian
$$  late paleoindian artifacts have been found at sites 41wm727 and 41wm958 in the fields near rice’s crossing (brownlow 2003).
FOUND Paleoindian period
$$ the succeeding early paleoindian period is buried in fluvial deposits dating to between 12
FOUND Paleoindian Era
$$  the paleoindian era is represented by a single possible scottsbluff point found in a disturbed context at the collins site
FOUND Early Archaic
$$ san gabriel river: three single-component early archaic campsites (41wm432
FOUND Early Archaic
$$ san gabriel river: three single-component early archaic campsites (41wm432
FOUND Early Archaic
$$ san gabriel river: three single-component early archaic campsites (41wm432
FOUND Early Archaic
$$ an additional 13 multicomponent sites located within the study corridor contain early archaic materials.
FOUND Early Archaic
$$ san gabriel river: three single-component early archaic campsites (41wm432
FOUND Early Archaic
$$ an additional 13 multicomponent sites located within the study corridor contain early archaic materials.
FOUND Early Archaic
$$ the tombstone bluff site (41wm165) contained evidence of early archaic occupations on the san gabriel river.
FOUND Early Archaic
$$ the tombstone bluff site (41wm165) contained evidence of early archaic occupations on the san gabriel river.
FOUND Early Archaic
$$ there is an early archaic component at the loeve site (41wm133).
FOUND Angostura Dart
&& the component yielded an angostura dart point
FOUND Early Archaic
$$ period i of the site equates with the early archaic
FOUND Early Archaic
$$ brushy creek: two single-component early archaic sites are recorded within the sh 130 study corridor
FOUND Martindale Dart
&& site 41wm718 is an open campsite that contained martindale dart points
FOUND Early Archaic
$$  seven multicomponent sites located within the study corridor contained early archaic artifacts.
FOUND Early Archaic
$$  seven multicomponent sites located within the study corridor contained early archaic artifacts.
FOUND Early Archaic Period
$$  the early archaic period is represented by corner-notched and stemmed
FOUND Early Archaic Period
$$ colorado river: the early archaic period is represented within the sh 130 study corridor in the colorado river drainage system where bell points were recovered at open campsites 41tv435 and 41tv436.
FOUND Bell Point
&& colorado river: the early archaic period is represented within the sh 130 study corridor in the colorado river drainage system where bell points were recovered at open campsites 41tv435 and 41tv436.
FOUND Angostura Point
&&  41tv1278 contained an angostura point
FOUND Gower Point
&&  and 41tv1981 contained two gower points.
FOUND Early Archaic Period
$$ colorado river: the early archaic period is represented within the sh 130 study corridor in the colorado river drainage system where bell points were recovered at open campsites 41tv435 and 41tv436.
FOUND Bell Point
&& colorado river: the early archaic period is represented within the sh 130 study corridor in the colorado river drainage system where bell points were recovered at open campsites 41tv435 and 41tv436.
FOUND Angostura Point
&&  41tv1278 contained an angostura point
FOUND Gower Point
&&  and 41tv1981 contained two gower points.
FOUND Gower Point
&& martindale and gower points were also found along elm creek at 41tv1987
FOUND Angostura Point
&&  41tv1278 contained an angostura point
FOUND Gower Point
&&  and 41tv1981 contained two gower points.
FOUND Gower Point
&& martindale and gower points were also found along elm creek at 41tv1987
FOUND Angostura Point
&&  41tv1278 contained an angostura point
FOUND Gower Point
&&  and 41tv1981 contained two gower points.
FOUND Gower Point
&& martindale and gower points were also found along elm creek at 41tv1987
FOUND Angostura Point
&&  41tv1278 contained an angostura point
FOUND Gower Point
&&  and 41tv1981 contained two gower points.
FOUND Gower Point
&& martindale and gower points were also found along elm creek at 41tv1987
FOUND Gower Point
&& martindale and gower points were also found along elm creek at 41tv1987
FOUND Early Archaic
$$  and 41tv1772 contained early archaic dart points of the types angostura
FOUND Early Archaic
$$  and 41tv1772 contained early archaic dart points of the types angostura
FOUND Early Archaic
$$  and 41tv1772 contained early archaic dart points of the types angostura
FOUND Middle Archaic
$$ san gabriel river: three single-component middle archaic sites (41wm54
FOUND Middle Archaic
$$ middle archaic components occur in an additional 21 multicomponent
FOUND Middle Archaic
$$ san gabriel river: three single-component middle archaic sites (41wm54
FOUND Middle Archaic
$$ middle archaic components occur in an additional 21 multicomponent
FOUND Middle Archaic
$$ san gabriel river: three single-component middle archaic sites (41wm54
FOUND Middle Archaic
$$ middle archaic components occur in an additional 21 multicomponent
FOUND Middle Archaic
$$ brushy creek: one single-component middle archaic site (41wm927) has been recorded in the sh 130 study corridor’s crossing of brushy creek.
FOUND Middle Archaic
$$ diagnostic middle archaic projectile points have also been found at 12 multicomponent sites within the study corridor.
FOUND Middle Archaic
$$ the beaver head site (41wm139) also along brushy creek in round rock contains at least two probable middle archaic burials (clark 1964)
FOUND Middle Archaic
$$ other middle archaic sites along brushy creek include 41wm962 and
FOUND Middle Archaic
$$ other middle archaic sites along brushy creek include 41wm962 and 41wm927
FOUND Middle Archaic
$$ other middle archaic sites along brushy creek include 41wm962 and 41wm927
FOUND Middle Archaic
$$ the middle archaic component at the site is identified by a single travis dart point.
FOUND Middle Archaic
$$ the middle archaic component at the site is identified by a single travis dart point.
FOUND Middle Archaic
$$ the middle archaic component at the site is identified by a single travis dart point.
FOUND Middle Archaic
$$ the middle archaic component at the site is identified by a single travis dart point.
FOUND Middle Archaic
$$  middle archaic artifacts have been found along wilbarger creek at a multicomponent campsite
FOUND Middle Archaic
$$  middle archaic artifacts have been found along wilbarger creek at a multicomponent campsite (41tv1221)
FOUND Middle Archaic
$$  two middle archaic singlecomponent sites (41tv314 and 41tv436) have been recorded.
FOUND Middle Archaic
$$ five multicomponent sites within study corridor yielded artifacts diagnostic of the middle archaic.
FOUND Middle Archaic
$$  middle archaic artifacts have been found along wilbarger creek at a multicomponent campsite (41tv1221)
FOUND Middle Archaic
$$  two middle archaic singlecomponent sites (41tv314 and 41tv436) have been recorded.
FOUND Middle Archaic
$$ five multicomponent sites within study corridor yielded artifacts diagnostic of the middle archaic.
FOUND Middle Archaic
$$  two middle archaic singlecomponent sites (41tv314 and 41tv436) have been recorded.
FOUND Middle Archaic
$$ five multicomponent sites within study corridor yielded artifacts diagnostic of the middle archaic.
FOUND Middle Archaic
$$  two middle archaic singlecomponent sites (41tv314 and 41tv436) have been recorded.
FOUND Middle Archaic
$$ five multicomponent sites within study corridor yielded artifacts diagnostic of the middle archaic.
FOUND Late Archaic
$$ extensive late archaic deposits were encountered during excavations at the loeve-fox site (41wm230) located downstream of the sh 130 study corridor.
FOUND Late Archaic
$$ extensive late archaic deposits were encountered during excavations at the loeve-fox site (41wm230) located downstream of the sh 130 study corridor.
FOUND Twin Sisters
$$  the twin sisters and the driftwood.
FOUND Driftwood
$$  the  and the driftwood.
FOUND Twin Sisters
$$ the earlier twin sisters occupations were the most intensive at the site.
FOUND Late Archaic
$$ extensive late archaic deposits were encountered during excavations at the loeve-fox site (41wm230) located downstream of the sh 130 study corridor.
FOUND Twin Sisters
$$  the twin sisters and the driftwood.
FOUND Driftwood
$$  the  and the driftwood.
FOUND Twin Sisters
$$ the earlier twin sisters occupations were the most intensive at the site.
FOUND Late Archaic
$$ extensive late archaic deposits were encountered during excavations at the loeve-fox site (41wm230) located downstream of the sh 130 study corridor.
FOUND Twin Sisters
$$  the twin sisters and the driftwood.
FOUND Driftwood
$$  the  and the driftwood.
FOUND Twin Sisters
$$ the earlier twin sisters occupations were the most intensive at the site.
FOUND Ensor Dart
&& ensor dart points
FOUND Montell Dart
&&  and montell darts points
FOUND Montell Dart
&&  and montell darts points
FOUND Fairland Dart
&&  and fairland dart points in close associations.
FOUND Fairland Dart
&&  and fairland dart points in close associations.
FOUND Late Archaic Period
$$  sites that have yielded late archaic period projectile points and features include
FOUND Late Archaic Period
$$  sites that have yielded late archaic period projectile points and features include 41wm439 and 41wm464 west of round rock
FOUND Late Archaic Period
$$  sites that have yielded late archaic period projectile points and features include 41wm439 and 41wm464 west of round rock
FOUND Late Archaic Period
$$  sites that have yielded late archaic period projectile points and features include 41wm439 and 41wm464 west of round rock
FOUND Late Archaic Period
$$  sites that have yielded late archaic period projectile points and features include 41wm439 and 41wm464 west of round rock
FOUND Late Archaic Period
$$  sites that have yielded late archaic period projectile points and features include 41wm439 and 41wm464 west of round rock
FOUND Late Archaic
$$ colorado river: only six late archaic sites have been recorded within the sh 130 study corridor at the
FOUND Late Archaic Period
$$  sites that have yielded late archaic period projectile points and features include 41wm439 and 41wm464 west of round rock
FOUND Late Archaic
$$ colorado river: only six late archaic sites have been recorded within the sh 130 study corridor at the
FOUND Late Archaic Period
$$  sites that have yielded late archaic period projectile points and features include 41wm439 and 41wm464 west of round rock
FOUND Late Archaic
$$ colorado river: only six late archaic sites have been recorded within the sh 130 study corridor at the colorado river crossing.
FOUND Late Archaic
$$ colorado river: only six late archaic sites have been recorded within the sh 130 study corridor at the colorado river crossing.
FOUND Ensor Point
&& both sites both contained ensor points.
FOUND Late Archaic
$$  a late archaic burial was present on gilleland creek at 41tv1198
FOUND Ensor Point
&& both sites both contained ensor points.
FOUND Late Archaic
$$  a late archaic burial was present on gilleland creek at 41tv1198
FOUND Late Archaic
$$  a late archaic burial was present on gilleland creek at 41tv1198
FOUND Ensor Dart
&&  along with a burned rock midden and an ensor dart point.
FOUND Montell Point
&&  two sites along decker creek contained open campsites 41tv1981 and 41tv1987 with marshall and montell points.
FOUND Late Archaic
$$ onion creek: seven single-component late archaic sites have been recorded within the sh 130 study
FOUND Montell Point
&&  two sites along decker creek contained open campsites 41tv1981 and 41tv1987 with marshall and montell points.
FOUND Late Archaic
$$ onion creek: seven single-component late archaic sites have been recorded within the sh 130 study
FOUND Montell Point
&&  two sites along decker creek contained open campsites 41tv1981 and 41tv1987 with marshall and montell points.
FOUND Late Archaic
$$ onion creek: seven single-component late archaic sites have been recorded within the sh 130 study corridor.
FOUND Montell Point
&&  two sites along decker creek contained open campsites 41tv1981 and 41tv1987 with marshall and montell points.
FOUND Late Archaic
$$ onion creek: seven single-component late archaic sites have been recorded within the sh 130 study corridor.
FOUND Late Archaic
$$ san marcos river: two multicomponent sites (41cw3 and 41hy166) along the san marcos river in the sh 130 study corridor were found to contain late archaic projectile points.
FOUND Late Prehistoric
$$ late prehistoric period the late prehistoric period is much shorter in duration than the preceding late archaic
FOUND Late Archaic
$$  period the  period is much shorter in duration than the preceding late archaic
FOUND Late Prehistoric
$$  41wm130 was found to contain discrete evidence of occupations during the late archaic through the toyah phase of the late prehistoric.
FOUND Late Archaic
$$  41wm130 was found to contain discrete evidence of occupations during the late archaic through the toyah phase of the .
FOUND Toyah
$$  41wm130 was found to contain discrete evidence of occupations during the  through the toyah phase of the .
FOUND Late Prehistoric
$$  41wm130 was found to contain discrete evidence of occupations during the late archaic through the toyah phase of the late prehistoric.
FOUND Late Archaic
$$  41wm130 was found to contain discrete evidence of occupations during the late archaic through the toyah phase of the .
FOUND Toyah
$$  41wm130 was found to contain discrete evidence of occupations during the  through the toyah phase of the .
FOUND Late Prehistoric
$$  41wm130 was found to contain discrete evidence of occupations during the late archaic through the toyah phase of the late prehistoric.
FOUND Late Archaic
$$  41wm130 was found to contain discrete evidence of occupations during the late archaic through the toyah phase of the .
FOUND Toyah
$$  41wm130 was found to contain discrete evidence of occupations during the  through the toyah phase of the .
FOUND Late Prehistoric
$$  41wm130 was found to contain discrete evidence of occupations during the late archaic through the toyah phase of the late prehistoric.
FOUND Late Archaic
$$  41wm130 was found to contain discrete evidence of occupations during the late archaic through the toyah phase of the .
FOUND Toyah
$$  41wm130 was found to contain discrete evidence of occupations during the  through the toyah phase of the .
FOUND Darl Dart
&& these materials were found in close vertical and horizontal association with darl dart points
FOUND Toyah
$$  the transition between the austin and toyah phases has been documented at the toyah bluff site (41tv441).
FOUND Toyah
$$  and other toyah phase stone tools such as beveled knives and bladelike flakes were also found
FOUND Toyah
$$  toyah bluff
FOUND Toyah
$$  both austin and toyah phase components occur.
FOUND Toyah
$$  toyah bluff
FOUND Toyah
$$  both austin and toyah phase components occur.
FOUND Late Prehistoric
$$ toyah phase the toyah phase (a.d. 1300–1600) is the late subperiod of the late prehistoric.
FOUND Toyah
$$ toyah phase the toyah phase (a.d. 1300–1600) is the late subperiod of the .
FOUND Toyah
$$ the archaeological manifestation of toyah includes a number of traits that make it easy to distinguish from the earlier austin
FOUND Toyah
$$ excavations at the hoxie bridge site (41wm130) uncovered toyah materials including sandy paste and leon plain ceramics.
FOUND Leon Plain Ceramics
&& excavations at the hoxie bridge site (41wm130) uncovered toyah materials including sandy paste and leon plain ceramics.
FOUND Toyah
$$  toyah artifacts included perdiz
FOUND Toyah
$$  toyah artifacts included perdiz
FOUND Toyah
$$  site 41tv2019 is a single-component campsite dating to the toyah phase.
FOUND Toyah
$$  and toyah bluff
FOUND Toyah
$$  were found to contain extensive toyah phase materials including ceramics
FOUND Toyah
$$ at toyah
FOUND Toyah
$$ the toyah component at the mustang branch site (41hy209)
FOUND Toyah
$$ the density of faunal remains in the toyah component suggests that an intensive
FOUND Historic Period
$$ this is the only site identified in the sh 130 row with an archaeological component attributable to native people of the early historic period.
FOUND Prehistoric
$$ 41wm917 this is a previously recorded prehistoric/historic scatter located on a cretaceous-aged ridge summit.
FOUND Historic
$$ 41wm917 this is a previously recorded /historic scatter located on a cretaceous-aged ridge summit.
FOUND Prehistoric
$$ site 41wm917 was originally recorded in 1997 as a prehistoric/historic artifact scatter (tarl site files).
FOUND Historic
$$ site 41wm917 was originally recorded in 1997 as a /historic artifact scatter (tarl site files).
FOUND Historic
$$ seventy-five historic artifacts observed on the ground surface included clear
FOUND Historic
$$ an intensive surface inspection revealed a relatively sparse scatter of historic domestic debris including one windowpane glass fragment
FOUND Historic
$$ the historic artifacts suggest a late-nineteenth- or early-twentieth-century time frame and an assemblage consistent
FOUND Historic
$$ attempts to gather more information about the historic component at 41wm917 from oral interviews with the landowner were unsuccessful.
FOUND Historic
$$ historic maps
FOUND Prehistoric
$$ the prehistoric component lacks chronologically diagnostic artifacts
FOUND Prehistoric
$$ the prehistoric component lacks chronologically diagnostic artifacts
FOUND Prehistoric
$$ 41wm1010 (shepherd site) this prehistoric site was recorded when mechanical trenching uncovered prehistoric cultural materials on
FOUND Prehistoric
$$ 41wm1010 (shepherd site) this prehistoric site was recorded when mechanical trenching uncovered prehistoric cultural materials on the north side of brushy creek.
FOUND Oakalla
$$ all occur in quaternary terrace deposits in soils mapped as belonging to the oakalla series (werchan and coker 1983).
FOUND Historic
$$ 41wm1011 this site consists of a historic artifact scatter located on a pleistocene terrace 400 m northwest of the san gabriel river.
FOUND Historic
$$ the site was identified due to a surficial historic artifact scatter approximately 60 m north-south x 40 m east-west (figure 6).
FOUND Historic
$$ it is unlikely that additional investigations at the site would contribute to our understanding of the historical development of the area.
FOUND Prehistoric
$$ 41wm1012 (la carneada) this is a prehistoric open campsite located on holocene t1 and t2 terraces on the north side of the san gabriel river.
FOUND Oakalla
$$ soils that developed on the holocene terraces are mollisols, mapped as belonging to the oakalla silty clay loam series (werchan and
FOUND Historic
$$ txdot env requested the state historical preservation officer’s (shpo) concurrence that 41wm1012 was eligible for listing on the nrhp under criterion d. in addition
FOUND Prehistoric
$$ 41wm1013 this prehistoric site is located on a nearly level cretaceous upland landform, a pleistocene alluvial terrace, and a holocene-aged floodplain flanking either side of pecan branch.
FOUND Oakalla
$$ the soils mapped at the location include four mollisols (krum silty clay, doss silty clay, queeny clay loam, and oakalla silty clay loam).
FOUND Prehistoric
$$ prehistoric artifacts were found to occur on the present-day ground surface and at depths of approximately 65– 100 cmbs.
FOUND Prehistoric
$$ the buried prehistoric materials are covered by recent alluvial sediments that have accumulated as a result of slopewash.
FOUND Historic
$$ 41wm1014 this is a historic dump and surface scatter located on an upland cretaceous-aged ridge.
FOUND Historic
$$ site 41wm1014 was initially identified through surface inspection of a large historic dump, including car parts, toys, tires, numerous metal cans, ceramics including transferware, and several broken bottles.
FOUND Historic
$$ site 41wm1014 was initially identified through surface inspection of a large historic dump
FOUND Historic
$$ the historic debris appears to date from the early to mid-twentieth century and may be associated with residences near the location
FOUND Prehistoric
$$ 41wm1015 this is a prehistoric site located on a pleistocene terrace, at an elevation of 670 ft amsl.
FOUND Prehistoric
$$ 41wm1016 this is a surface scatter of prehistoric lithics located on a pleistocene terrace approximately 500 m southwest of berry creek.
FOUND Historic
$$ 41wm1017 this site consists of a surface scatter of historic artifacts situated on a holocene terrace about 300 m north of brushy creek.
FOUND Oakalla
$$ soils at the location are mollisols belonging to the oakalla series (werchan and coker 1983).
FOUND Historic
$$ historic materials observed on the surface included vessel glass fragments and historic ceramics.
FOUND Historic
$$ a sample of the collected historic artifacts is shown in figure 13.
FOUND Prehistoric
$$ 41wm1018 this site consists of a surface scatter of prehistoric and historic artifacts located on a cretaceous-aged upland landform overlooking mankins branch creek.
FOUND Historic
$$ 41wm1018 this site consists of a surface scatter of  and historic artifacts located on a cretaceous-aged upland landform overlooking mankins branch creek.
FOUND Historic
$$ figure 12 contour site 41wm1017 sketch map historic debris
FOUND Prehistoric
$$ 41wm1019 this is a shallow subsurface accumulation of prehistoric and historic artifacts located on a cretaceous upland landform about 10 m south of mankins branch.
FOUND Historic
$$ 41wm1019 this is a shallow subsurface accumulation of  and historic artifacts located on a cretaceous upland landform about 10 m south of mankins branch.
FOUND Prehistoric
$$ prehistoric artifacts consist of 10 pieces of unmodified lithic debitage.
FOUND Historic
$$ historic materials consist of 4 square nails, 1 round nail, 5 pieces of unidentifiable metal, 1 piece of solarized glass, 4 pieces of green-tinted glass, and 1 piece of amber glass.
FOUND Prehistoric
$$ both prehistoric and historic site components were found in an area measuring about 70 x 130 m (figure 15).
FOUND Historic
$$ both  and historic site components were found in an area measuring about 70 x 130 m (figure 15).
FOUND Prehistoric
$$ the prehistoric component can be classified as a location.
FOUND Historic
$$ the historic materials are probably associated with a late-nineteenth- to early-twentieth-century homestead.
FOUND Historic
$$ according to the landowner, the historic artifact scatter at 41wm1019 is associated with the homestead of mr. and mrs. william ericson.
FOUND Historic
$$  the historic artifact scatter at 41wm1019 is associated with the homestead of mr. and mrs. william ericson.
FOUND Prehistoric
$$ 41wm1020 this is a prehistoric site located on a pleistocene terrace 600 m west of berry creek.
FOUND Prehistoric
$$ 41wm1021 this prehistoric site is situated on a pleistocene alluvial terrace 600 m west of berry creek.
FOUND Prehistoric
$$ of these, 36 were culturally positive for prehistoric artifacts, defining an area measuring 180 x 500 m (figure 17).
FOUND Prehistoric
$$ 41wm1022 this site consists of a surface scatter of prehistoric lithic materials located on a pleistocene terrace in at an elevation of 675 ft amsl.
FOUND Prehistoric
$$ the site was recorded when prehistoric lithic materials were observed on the ground surface.
FOUND Prehistoric
$$ 41wm1023 this prehistoric site is located on a t1 terrace extending approximately 50–100 m south of the san gabriel river.
FOUND Oakalla
$$ soils at the location are mollisols belonging to the oakalla series (werchan and coker 1983).
FOUND Prehistoric
$$ prehistoric artifacts were encountered in three of the trenches, t-37-2, t-37-3, and t-37-4.
FOUND Prehistoric
$$ 41wm1024 this prehistoric site is located on the backslope of a north-trending ridge about 300 m south of the san gabriel river.
FOUND Historic
$$ 41wm1025 this site consists of a historic artifact scatter located on a cretaceous upland landform
FOUND Historic
$$ 41wm1025 this site consists of a historic artifact scatter located on a cretaceous upland landform, 800 m east of an unnamed drainage of the san gabriel river at an approximate elevation of 790 ft amsl.
FOUND Prehistoric
$$ 41wm1026 this is a shallow accumulation of prehistoric artifacts unearthed during the mechanical trenching (trench t-118-1) south of brushy creek (figure 28).
FOUND Prehistoric
$$ 41wm1046 this is a prehistoric site situated on a cretaceous-aged landform at an elevation of 730 ft amsl.
FOUND Prehistoric
$$ the entire parcel appeared to contain prehistoric artifacts
FOUND Historic
$$ 41wm1064 this site is an extant historic house located on a cretaceous-aged upland landform at an elevation of 780 ft amsl (figure 31).
FOUND Historic
$$ 41wm1132 this site is the previously recorded remains of two historic farmsteads situated on a toeslope of a low ridge overlooking the headwaters of channel creek 200 m to the southwest.
FOUND Historic
$$ it is unlikely that additional historic research or field investigations would contribute to our knowledge of the historic development of the area.
FOUND Historic
$$ site 41tv1417 was originally recorded in 1988 as a historic artifact scatter (tarl site forms).
FOUND Historic
$$ also present on the surface were clear bottle glass fragments, amethyst glass fragments, historic ceramics, a screw-top vaseline bottle, machinemade bricks, and metal fragments.
FOUND Historic
$$ site 41tv1417 was originally recorded in 1988 as a historic artifact scatter (tarl site forms).
FOUND Historic
$$ 41tv1893 this previously recorded historic site is situated on gently rolling upland terrain at an elevation of 605 ft amsl.
FOUND Historic
$$ in 1999, 41tv1893 was recorded as a historic trash scatter of early-twentieth-century origin, measuring approximately 30 m in diameter.
FOUND Historic
$$  41tv1893 was recorded as a historic trash scatter of early-twentieth-century origin
FOUND Prehistoric
$$ 41tv1969 this site consists of a scatter of prehistoric and historic artifacts located on the holocene-aged floodplain of wilbarger creek and extends onto the adjacent gently sloping cretaceous-aged uplands.
FOUND Historic
$$ 41tv1969 this site consists of a scatter of  and historic artifacts located on the holocene-aged floodplain of wilbarger creek and extends onto the adjacent gently sloping cretaceous-aged uplands.
FOUND Prehistoric
$$ the site was recorded when prehistoric and historic artifacts were observed on the ground surface.
FOUND Historic
$$ the site was recorded when  and historic artifacts were observed on the ground surface.
FOUND Prehistoric
$$ the prehistoric artifacts consisted of two pieces of lithic debitage.
FOUND Historic
$$ the historic artifacts included two whiteware sherds, one porcelain sherd, single fragments of milk glass, solarized glass, and clear glass, and
FOUND Historic
$$ 41tv1970 this is a historic house site location located on nearly level upland terrain about 15 m south of wilbarger creek.
FOUND Historic
$$ 41tv1971 this site is an extant structure and historic artifact scatter located on a cretaceous-aged upland landform at an elevation of approximately 610 ft amsl.
FOUND Historic
$$ analysis of historic map data revealed several structures in the vicinity of 41tv1971 on the 1936
FOUND Historic
$$ 41tv1972 this is a historic site located on a gently sloping ridge, about 250 m west of an unnamed tributary to wilbarger creek.
FOUND Historic
$$ 41tv1973 this site is a historic house site located on a cretaceous-aged upland landform, at an elevation of 610 ft.
FOUND Historic
$$ 41tv1974 this is a historic house site located on a cultivated hilltop overlooking gilleland creek 300 m to the southwest.
FOUND Historic
$$ 41tv1975 this site is a historic farmstead located on the first and second alluvial terraces above an unnamed
FOUND Historic
$$ 41tv1975 this site is a historic farmstead located on the first and second alluvial terraces above an unnamed tributary of brushy creek.
FOUND Historic
$$ the site was recorded when historic artifacts were observed in a recently cultivated field.
FOUND Historic
$$ examples of historic artifacts at the site are shown on figures 51, 52, and 53.
FOUND Historic
$$ the structures are also shown on additional historic maps as late as 1952.
FOUND Historic
$$ a letter was addressed to the landowner by the principal investigator requesting historical background information for the property harboring site 41tv1976.
FOUND Historic
$$ a letter was addressed to the landowner by the principal investigator requesting historical background information for the property harboring site 41tv1976.
FOUND Historic
$$ 41tv1977 this site is a historic house located along an alluvial terrace immediately north of an unnamed drainage of gilleland creek.
FOUND Historic
$$ 41tv1978 this is a historic house site located on a cretaceous-aged upland landform at an elevation of approximately 755 ft amsl.
FOUND Prehistoric
$$ 41tv2158 this site is a prehistoric lithic scatter situated on the toeslope of a hill named bald nob, overlooking a tributary of gilleland creek 250 m to the southeast.
FOUND Prehistoric
$$ it lacks diagnostic prehistoric artifacts and stratigraphic integrity.
FOUND Prehistoric
$$ it is unlikely that further work would contribute to our understanding of the prehistoric development of the area.
FOUND Prehistoric
$$ it lacks diagnostic prehistoric artifacts and stratigraphic integrity.
FOUND Prehistoric
$$ it is unlikely that further work would contribute to our understanding of the prehistoric development of the area.
FOUND Prehistoric
$$ this site was first recorded as the buddy pierson site in 1968, and described as a prehistoric quarry containing projectile points, gougelike tools, blades, bifaces, and choppers (tarl site files).
FOUND Prehistoric
$$ the site was found to contain a historic component as well as the above-described prehistoric component.
FOUND Historic
$$ the site was found to contain a historic component as well as the above-described  component.
FOUND Historic
$$ the historic component consisted of the remains of a house and nearby barn.
FOUND Historic
$$ historic artifacts recovered from the site consist of glass fragments (amber, brown, aqua tint, clear, green, solarized, jadite, milk glass, and windowglass), one intact glass bottle, ceramics (decorated and undecorated), nails (cut and wire), a coin, a plastic die, and one shell button.
FOUND Prehistoric
$$ the prehistoric component was limited to three pieces of unmodified lithic debitage and one biface fragment.
FOUND Historic
$$ forty-three shovel tests were excavated at the site, of which 16 contained artifacts, most of which were historic.
FOUND Historic
$$ a review of historic maps revealed that a structure existed at the location in 1910 (usgs 1910 austin, texas, 30-minute topographic quadrangle).
FOUND Prehistoric
$$ the site was found to contain a historic component as well as the above-described prehistoric component.
FOUND Historic
$$ the site was found to contain a historic component as well as the above-described  component.
FOUND Historic
$$ the historic component consisted of the remains of a house and nearby barn.
FOUND Historic
$$ historic artifacts recovered from the site consist of glass fragments (amber
FOUND Prehistoric
$$ it was the opinion of the principal investigator that neither the prehistoric nor the historic components at site 41tv150 warranted further work
FOUND Historic
$$ it was the opinion of the principal investigator that neither the  nor the historic components at site 41tv150 warranted further work
FOUND Historic
$$  a travis county historical cemetery advocate
FOUND Historic
$$  pbs&j archaeologists conducted limited exploratory mechanical excavation of a suspected historical cemetery located on the edge of a small ridge summit in
FOUND Prehistoric
$$ 41tv410 this is a previously recorded prehistoric site situated on a holocene-aged alluvial terrace south of onion
FOUND Prehistoric
$$ 41tv410 this is a previously recorded prehistoric site situated on a holocene-aged alluvial terrace south of onion creek.
FOUND Prehistoric
$$ in 1979, 41tv410 was recorded as a prehistoric open campsite consisting of a surface lithic scatter and a deeply buried component observed in an erosional cut, in which rock-lined hearths (20–40 cm in thickness), mussel shells, bones, charcoal, and debitage were observed at depths of 60 to 150 cmbs (tarl site files).
FOUND Prehistoric
$$  41tv410 was recorded as a prehistoric open campsite consisting of a surface lithic scatter and a deeply buried component observed in an erosional cut
FOUND Prehistoric
$$  or other prehistoric materials.
FOUND Prehistoric
$$ 41tv443 this is a previously recorded prehistoric site.
FOUND Historic
$$ when it was revisited during the current survey, it was found to have a historic component as well.
FOUND Prehistoric
$$ it was described as a prehistoric quarry containing scattered flakes and an occasional core, found eroding out of a bluff (tarl site files).
FOUND Historic
$$ cultural materials observed on the surface of the western portion of the site included tested cobbles and lithic debitage as well as historical artifacts (solarized glass, whiteware fragments, and a scatter of bricks); only a sparse surface scatter of lithic debitage was observed on the portion of the site east of sh 71.
FOUND Prehistoric
$$ no time-diagnostic prehistoric artifacts, historical
FOUND Historic
$$ no time-diagnostic  artifacts, historical
FOUND Prehistoric
$$ it was described as a prehistoric quarry containing scattered flakes and an occasional core
FOUND Historic
$$ analysis of historical map data revealed a structure at the location of site 41tv443 on the 1936 and 1946 tshd travis county general highway maps.
FOUND Historic
$$ this would suggest an early-to-mid-twentieth-century time frame for the historic artifacts observed at the site.
FOUND Prehistoric
$$ 41tv453 this is a previously recorded prehistoric site located in the floodplain of onion creek.
FOUND Prehistoric
$$ 41tv454 this previously recorded prehistoric site lies within the holocene floodplain of the colorado river, about 100 m south of its channel.
FOUND Prehistoric
$$ it is unlikely that additional work at the location would increase our understanding of the prehistoric development of the area.
FOUND Prehistoric
$$ 41tv455 this previously recorded prehistoric site is located on a low holocene terrace above the colorado river, south of fallwell lane.
FOUND Prehistoric
$$ 41tv456 this is a previously recorded multicomponent site consisting of a prehistoric campsite and historic homestead.
FOUND Historic
$$ 41tv456 this is a previously recorded multicomponent site consisting of a  campsite and historic homestead.
FOUND Prehistoric
$$ 41tv540 this previously recorded prehistoric site is located on a low cretaceous-aged upland landform and quaternary terrace above a secondary tributary of onion creek.
FOUND Prehistoric
$$ 41tv541 this is a previously recorded prehistoric site located 150 m southeast of an unnamed tributary of onion
FOUND Prehistoric
$$ 41tv541 this is a previously recorded prehistoric site located 150 m southeast of an unnamed tributary of onion creek.
FOUND Prehistoric
$$ site 41tv541 was originally recorded in 1981 as a prehistoric quarry workshop (tarl site files) based on the presence of cores, tested cobbles, and large and small flakes.
FOUND Pedernales Dart
&& however, a controlled surface inspection located lithic debitage, several cores, and one pedernales dart point (figure 83).
FOUND Pedernales Dart
&& the pedernales dart points and one large flake were collected for analysis.
FOUND Pedernales Dart
&& the approximate site size within the row measures about 130 x 270 m. although this site produced one temporally diagnostic artifact (a pedernales dart point), the portion of site 41tv541 lying within the sh 130 row has been adversely impacted by transmission line construction,
FOUND Prehistoric
$$ site 41tv541 was originally recorded in 1981 as a prehistoric quarry workshop (tarl site files) based on the presence of cores
FOUND Pedernales Dart
&& the approximate site size within the row measures about 130 x 270 m. although this site produced one temporally diagnostic artifact (a pedernales dart point)
FOUND Pedernales Dart
&&  pedernales dart point.
FOUND Prehistoric
$$ 41tv1256 this is a previously recorded prehistoric site located on a pleistocene-aged terrace about 100 m north of an unnamed tributary of gilleland creek.
FOUND Prehistoric
$$ during the current investigation of the sh 130 row adjacent to tarl’s location of site 41tv1256, a surface scatter of prehistoric artifacts, including debitage and tested/worked cobbles, was observed across the entire row.
FOUND Prehistoric
$$  a surface scatter of prehistoric artifacts
FOUND Prehistoric
$$ 41tv1260 this is a previously recorded prehistoric site located on a pleistocene-aged terrace adjacent to a tributary of decker creek.
FOUND Prehistoric
$$ 41tv1268 this is a previously recorded prehistoric site situated on a gently sloping cretaceous-aged upland landform about 200 m north of decker creek.
FOUND Prehistoric
$$ 41tv1268 this is a previously recorded prehistoric site situated on a gently sloping cretaceous-aged upland landform about 200 m north of decker creek.
FOUND Prehistoric
$$ 41tv1270 this is a previously recorded prehistoric site occupying the lower portion of an upland slope southeast of
FOUND Prehistoric
$$ 41tv1270 this is a previously recorded prehistoric site occupying the lower portion of an upland slope southeast of lake walter e. long.
FOUND Historic
$$ ground surface visibility ranged from 40 to 60 percent, and the site was originally recorded as a lithic scatter with a light surface scatter of historic artifacts (tarl site files).
FOUND Historic
$$ five pieces of historic whiteware were recovered from the site surface.
FOUND Prehistoric
$$ these soils may contain buried prehistoric deposits.
FOUND Historic
$$ the small number of earthenware fragments on the surface may represent a single, insignificant dumping episode, as a review of historic county maps failed to find any evidence of a historic occupation other than the modern house located about 60 m to the northwest.
FOUND Historic
$$ attempts to contact the landowner regarding the historic component were unsuccessful.
FOUND Prehistoric
$$ 41tv1278 this previously recorded multicomponent site includes the remains of a historic homestead and a buried prehistoric artifact scatter.
FOUND Historic
$$ 41tv1278 this previously recorded multicomponent site includes the remains of a historic homestead and a buried  artifact scatter.
FOUND Historic
$$ right of way contour site 41tv1275 sketch map historic whiteware scatter
FOUND Historic
$$  and c site 41tv1278 was originally recorded as a historic homestead with a minor
FOUND Prehistoric
$$  subsurface prehistoric lithic scatter component (tarl site files).
FOUND Prehistoric
$$ 41tv1400 this is a previously recorded multicomponent site composed of a prehistoric open campsite and a historical house.
FOUND Historic
$$ 41tv1400 this is a previously recorded multicomponent site composed of a  open campsite and a historical house.
FOUND Historic
$$ this cistern is the only extant feature relating to the historical component of the tenant houses.
FOUND Historic
$$ no historical artifacts were observed on the surface.
FOUND Prehistoric
$$ the original site boundaries, which measured 50 m in diameter, were expanded to 100 x 125 m to include the newly recorded prehistoric component (figure
FOUND Historic
$$  and c analysis of historical map data revealed structures in the vicinity of 41tv1400 on the 1936
FOUND Historic
$$ attempts to contact the landowner regarding the historic component
FOUND Prehistoric
$$ 41tv1401 this previously recorded prehistoric site is located on a cretaceous-aged terrace, southeast of onion creek at an elevation of 500 ft amsl.
FOUND Prehistoric
$$ in 1988, 41tv1401 was recorded as a prehistoric open campsite and a historic trash dump site (tarl site files).
FOUND Historic
$$ in 1988, 41tv1401 was recorded as a  open campsite and a historic trash dump site (tarl site files).
FOUND Prehistoric
$$  41tv1401 was recorded as a prehistoric open campsite and a historic trash dump site (tarl site files).
FOUND Historic
$$  41tv1401 was recorded as a  open campsite and a historic trash dump site (tarl site files).
FOUND Prehistoric
$$ 41tv1979 this is a prehistoric site located on a cretaceous-aged ridge 200 m south of south fork dry creek, at an elevation of 511 ft amsl.
FOUND Prehistoric
$$ 41tv1980 this is a prehistoric site situated on a cretaceous-aged upland landform about 600 m east of an unnamed tributary to cedar creek.
FOUND Prehistoric
$$ because of the absence of time-diagnostic artifacts, subsistence data, and cultural features, and the lack of stratigraphic integrity, it is unlikely that additional research at the location would contribute to our understanding of the prehistoric development of the area.
FOUND Prehistoric
$$ 41tv1981 this is a prehistoric campsite located on a quaternary-aged upland terrace west of lake walter e. long.
FOUND Historic
$$ 41tv1982 this is a historic site located on a small knoll at the lower margin of the uplands above the colorado river floodplain.
FOUND Historic
$$ most of the artifacts recovered from shovel testing are items common to historic domestic sites including solarized glass, a phillips milk of magnesia bottle, wire and cut nails, and decorated and undecorated whiteware.
FOUND Prehistoric
$$ 41tv1983 this prehistoric site is located on cretaceous-aged dissected uplands east of lake walter e. long.
FOUND Prehistoric
$$ 41tv1983 this prehistoric site is located on cretaceous-aged dissected uplands east of lake walter e. long.
FOUND Martindale Dart
&& a) martindale dart point; b) preform.
FOUND Prehistoric
$$ 41tv1984 prehistoric artifacts were observed at this site eroding out of a stream cutbank flowing through a quaternary-aged upland east of lake walter e. long.
FOUND Prehistoric
$$ the site was recorded when prehistoric materials were observed eroding out of a deeply buried deposit approximately 2 m below ground surface.
FOUND Prehistoric
$$ the depth at which artifacts were observed suggest the site may contain in situ deposits and could yield information relevant to the prehistoric development of the area.
FOUND Prehistoric
$$ prehistoric artifacts at the location were found to be buried in recently deposited colluvium confined to erosional gullies that drain into gilleland creek.
FOUND Prehistoric
$$ 41tv1985 this is a prehistoric site situated on a quaternary-aged upland interfluve overlooking a tributary drainage of gilleland creek about 8 m to the east.
FOUND Prehistoric
$$ the site was first recorded when prehistoric lithics, consisting of several concentrations of unmodified lithic debitage, cores, cobbles, and one biface, were observed on the ground surface.
FOUND Prehistoric
$$ 41tv1987 this is a prehistoric site situated on the broad ridge summit and backslope overlooking an unnamed tributary to decker creek about 75 m to the east.
FOUND Prehistoric
$$ 41tv1988 this is a prehistoric site located on a terrace about 120 m east of onion creek.
FOUND Historic
$$  historic scatter site 41tv1986 sketch map l:\projects\he1\clients\txdot\tta130\440715.15\final survey report\figure108.ai
FOUND Historic
$$ 41tv1989 this is a historic site located on a terrace of the colorado river at an elevation of 385 ft amsl.
FOUND Historic
$$ the site was recorded when a scatter of historic material was observed on the surface.
FOUND Historic
$$ historic artifacts included 3 metal fragments (1 large bolt and 2 miscellaneous objects), 1 shell button, 17 vessel glass fragments (including 3 bottle necks that date from between 1865 and 1890), and 16 ceramics.
FOUND Historic
$$ the size of the site (45 x 100 m) was thus determined by the extent of the surface historic scatter (figure 113).
FOUND Historic
$$ a sample of the historic artifacts is provided on figure 114.
FOUND Historic
$$ analysis of historic map data revealed a structure at this location on the usgs 1910 austin 30-minute topographic quadrangle.
FOUND Historic
$$ it is unlikely that additional work at the location would contribute to our understanding of the historic utilization of the area.
FOUND Historic
$$ 41tv1990 this historic site consists of a concrete cistern and small historic debris scatter located on a high terrace west of lake walter e. long.
FOUND Historic
$$ the identification of a small concrete cistern (80 cm in diameter) and an associated historic artifact scatter led to recordation of this site.
FOUND Historic
$$ however, a historic structure and associated historic scatter were observed approximately 80 m southwest of the site, outside of the sh 130 row.
FOUND Historic
$$ the surficial artifact scatter contained historic brick, ironware, glass, and metal fragments.
FOUND Historic
$$ 41tv1991 this is a historic site located on the first terrace above the colorado river
FOUND Historic
$$ 41tv1991 this is a historic site located on the first terrace above the colorado river, in travis county, texas, at an elevation of 430 ft amsl.
FOUND Prehistoric
$$ 41tv1992 this is a prehistoric site situated on a terrace of the colorado river at an elevation of 425 ft amsl.
FOUND Prehistoric
$$ 41tv1992 this is a prehistoric site situated on a terrace of the colorado river at an elevation of 425 ft amsl.
FOUND Historic
$$ artifacts recovered from the ground surface and shovel tests are items common to historic domestic artifact scatters.
FOUND Prehistoric
$$ a very minor prehistoric component, composed of a single piece of lithic debitage and one fire-cracked rock fragment, was also encountered.
FOUND Historic
$$ the historic artifacts at 41tv1993 appear to be associated with multiple structures dating from the late nineteenth to mid-twentieth centuries.
FOUND Historic
$$ the historic artifacts at 41tv1993 appear to be associated with multiple structures dating from the late nineteenth to mid-twentieth centuries.
FOUND Historic
$$ 41tv2000 this is a historic site located on an upland backslope overlooking an unnamed tributary of dry creek.
FOUND Historic
$$ 41tv2000 this is a historic site located on an upland backslope overlooking an unnamed tributary of dry creek.
FOUND Historic
$$  historic scatter site 41tv1993 sketch map l:\projects\he1\clients\txdot\tta130\440715.15\final survey report\figure121.ai
FOUND Historic
$$ analysis of historical map data revealed structures in the vicinity of 41tv2000 on the 1936
FOUND Historic
$$ analysis of historical map data revealed structures in the vicinity of 41tv2000 on the 1936
FOUND Historic
$$ 41tv2132 this is a historic site located on a toeslope of a low ridge overlooking the floodplain of a tributary to dry creek approximately 100 m to the south.
FOUND Historic
$$ site 41tv2132 was discovered when historic cultural remains were encountered on the surface.
FOUND Historic
$$  surrounded by a thick scatter of historic artifacts (figure 124).
FOUND Historic
$$ given the time frame spanned by historic artifacts at the site
FOUND Historic
$$  plus pertinent historic maps and the chain of title research
FOUND Prehistoric
$$  and the north side of brushy creek also sought to provide additional data on the nature of prehistoric deposits at sites 41wm1012
FOUND Prehistoric
$$  and the north side of brushy creek also sought to provide additional data on the nature of prehistoric deposits at sites 41wm1012
FOUND Prehistoric
$$  and the north side of brushy creek also sought to provide additional data on the nature of prehistoric deposits at sites 41wm1012
FOUND Prehistoric
$$  and c the trenching in parcel 35 succeeded in locating an in situ prehistoric hearth feature on the first terrace above the san gabriel river
FOUND Prehistoric
$$ a prehistoric site
FOUND Prehistoric
$$ prehistoric artifacts were encountered in three of the trenches
FOUND Prehistoric
$$  prehistoric site 41wm1010 was discovered.
FOUND Prehistoric
$$  particularly within the confines of the known boundary of previously recorded prehistoric site 41tv410.
FOUND Prehistoric
$$ prehistoric sites 41wm1010
FOUND Prehistoric
$$ prehistoric sites 41wm1010
FOUND Prehistoric
$$ prehistoric sites 41wm1010
FOUND Prehistoric
$$ prehistoric sites 41wm1010
FOUND Prehistoric
$$ prehistoric sites 41wm1010
FOUND Prehistoric
$$ prehistoric sites 41wm1010
FOUND Prehistoric
$$ prehistoric sites 41wm1010
FOUND Prehistoric
$$ prehistoric sites 41wm1010
FOUND Prehistoric
$$ prehistoric sites 41wm1010
FOUND Prehistoric
$$ prehistoric sites 41wm1010
FOUND Prehistoric
$$ prehistoric sites 41wm1010
FOUND Prehistoric
$$ prehistoric sites 41wm1010
FOUND Prehistoric
$$ prehistoric sites 41wm1010
FOUND Prehistoric
$$ prehistoric sites 41wm1010
FOUND Prehistoric
$$ prehistoric sites 41wm1010
FOUND Historic
$$  contained an unmarked historical grave that was exhumed and reburied under a
FOUND Historic
$$  contained an unmarked historical grave that was exhumed and reburied under a
FOUND Historic
$$  contained an unmarked historical grave that was exhumed and reburied under a
FOUND Historic
$$  contained an unmarked historical grave that was exhumed and reburied under a
FOUND Historic
$$  contained an unmarked historical grave that was exhumed and reburied under a
FOUND Historic
$$  contained an unmarked historical grave that was exhumed and reburied under a
FOUND Historic
$$  contained an unmarked historical grave that was exhumed and reburied under a
FOUND Historic
$$  contained an unmarked historical grave that was exhumed and reburied under a
FOUND Historic
$$  contained an unmarked historical grave that was exhumed and reburied under a
FOUND Historic
$$  contained an unmarked historical grave that was exhumed and reburied under a thc-approved plan.
FOUND Historic
$$  contained an unmarked historical grave that was exhumed and reburied under a thc-approved plan.
FOUND Historic
$$  contained an unmarked historical grave that was exhumed and reburied under a thc-approved plan.
FOUND Historic
$$  contained an unmarked historical grave that was exhumed and reburied under a thc-approved plan.
FOUND Historic
$$  contained an unmarked historical grave that was exhumed and reburied under a thc-approved plan.
FOUND Historic
$$  contained an unmarked historical grave that was exhumed and reburied under a thc-approved plan.
FOUND Historic
$$  contained an unmarked historical grave that was exhumed and reburied under a thc-approved plan.
FOUND Historic
$$  contained an unmarked historical grave that was exhumed and reburied under a thc-approved plan.
FOUND Historic
$$  contained an unmarked historical grave that was exhumed and reburied under a thc-approved plan.
FOUND Prehistoric
$$ site 41tv410 was recommended for mechanical trenching to assess alluvial deposits at the site for deeply buried prehistoric cultural materials.
FOUND Historic
$$  contained an unmarked historical grave that was exhumed and reburied under a thc-approved plan.
FOUND Prehistoric
$$ site 41tv410 was recommended for mechanical trenching to assess alluvial deposits at the site for deeply buried prehistoric cultural materials.
FOUND Historic
$$  contained an unmarked historical grave that was exhumed and reburied under a thc-approved plan.
FOUND Prehistoric
$$ site 41tv410 was recommended for mechanical trenching to assess alluvial deposits at the site for deeply buried prehistoric cultural materials.
FOUND Historic Period
$$  and c historic sites the earliest historic period site recorded along the sh 130 roadway was 41wm1012
FOUND Historic
$$  and c historic sites the earliest  site recorded along the sh 130 roadway was 41wm1012
FOUND Historic Period
$$ this is an early historic period bison kill site located on the north side of the san gabriel river in williamson county
FOUND Historic
$$ house sites (also referred to as homesteads) or residences were the most common historic site type recorded during the survey
FOUND Historic
$$  comprising nearly 70 percent of all of the recorded historic sites.
FOUND Historic
$$ house sites (also referred to as homesteads) or residences were the most common historic site type recorded during the survey
FOUND Historic
$$  comprising nearly 70 percent of all of the recorded historic sites.
FOUND Historic
$$ house sites (also referred to as homesteads) or residences were the most common historic site type recorded during the survey
FOUND Historic
$$  comprising nearly 70 percent of all of the recorded historic sites.
FOUND Historic
$$ house sites (also referred to as homesteads) or residences were the most common historic site type recorded during the survey
FOUND Historic
$$  comprising nearly 70 percent of all of the recorded historic sites.
FOUND Historic
$$ house sites (also referred to as homesteads) or residences were the most common historic site type recorded during the survey
FOUND Historic
$$  comprising nearly 70 percent of all of the recorded historic sites.
FOUND Historic
$$  mid-twentieth century 41wm1012 historic indian bison kill site
FOUND Prehistoric
$$  and r. rogers 2006 prehistoric encampments at the shepherd site: testing and data recovery at 41wm1010
FOUND Early Archaic
$$  l. 1991 early archaic life at the sleeper archaeological site
FOUND Toyah
$$  1994 the life and times of toyah-culture folk: the buckhollow encampment site
FOUND Toyah
$$ griffith 2001 perspectives on the toyah: data recovery investigations of 41tv441.
FOUND Historic Period
$$  and b. dixon 2006 la carneada (41wm1012): an early historic period bison kill site on the san gabriel river
FOUND Prehistoric
$$  exposed the dispersed remnants of a small prehistoric rock hearth.
FOUND Prehistoric
$$ introduction this report presents the results of archaeological investigations conducted by pbs&j at prehistoric site 41tv410
FOUND Historic
$$ archaeological survey and backhoe trenching at this location were mandated by the protocol for historic property identification
FOUND Prehistoric
$$ previous investigations site 41tv410 was originally recorded in 1979 as a prehistoric open campsite situated on a fossil pleistocene terrace of onion creek.
FOUND Prehistoric
$$  and particularly within the confines of the known boundary of previously recorded prehistoric site 41tv410 (hales et al.
FOUND Prehistoric
$$ the purpose of the current botanical study is to identify plant remains from the site and to assess its potential for contributing significant data pertaining to the prehistoric economy of the region.
FOUND Prehistoric
$$  notes 41wm917 prehistoric/ historic
FOUND Historic
$$  notes 41wm917 / historic
FOUND Prehistoric
$$ 41wm1010 prehistoric
FOUND Historic
$$ 41wm1011 historic
FOUND Prehistoric
$$ 41wm1012 prehistoric
FOUND Prehistoric
$$ 41wm1013 prehistoric
FOUND Historic
$$ 41wm1014 historic
FOUND Prehistoric
$$ 41wm1015 prehistoric
FOUND Prehistoric
$$ 41wm1016 prehistoric
FOUND Historic
$$ 41wm1017 historic
FOUND Prehistoric
$$ 41wm1018 prehistoric/ historic
FOUND Historic
$$ 41wm1018 / historic
FOUND Prehistoric
$$ 41wm1019 prehistoric/ historic
FOUND Historic
$$ 41wm1019 / historic
FOUND Prehistoric
$$ 41wm1020 prehistoric
FOUND Prehistoric
$$ 41wm1021 prehistoric
FOUND Prehistoric
$$ 41wm1022 prehistoric
FOUND Prehistoric
$$  notes 41wm1023 prehistoric
FOUND Prehistoric
$$ 41wm1024 prehistoric
FOUND Historic
$$ 41wm1025 historic
FOUND Prehistoric
$$ 41wm1026 prehistoric
FOUND Prehistoric
$$ 41wm1046 prehistoric
FOUND Historic
$$ 41wm1064 historic
FOUND Historic
$$ 41wm1132 historic
FOUND Prehistoric
$$ 41tv1417 prehistoric/ historic
FOUND Historic
$$ 41tv1417 / historic
FOUND Historic
$$ 41tv1893 historic
FOUND Prehistoric
$$ 41tv1969 prehistoric/ historic
FOUND Historic
$$ 41tv1969 / historic
FOUND Historic
$$ 41tv1970 historic
FOUND Historic
$$ 41tv1971 historic
FOUND Historic
$$ 41tv1972 historic
FOUND Historic
$$ 41tv1973 historic
FOUND Historic
$$ 41tv1974 historic
FOUND Historic
$$ 41tv1975 historic
FOUND Historic
$$ 41tv1976 historic
FOUND Historic
$$ 41tv1977 historic
FOUND Historic
$$  notes 41tv1978 historic
FOUND Prehistoric
$$ 41tv2158 prehistoric
FOUND Prehistoric
$$  notes 41tv150 prehistoric/ historic
FOUND Historic
$$  notes 41tv150 / historic
FOUND Prehistoric
$$ 41tv410 prehistoric
FOUND Prehistoric
$$ 41tv443 prehistoric/ historic
FOUND Historic
$$ 41tv443 / historic
FOUND Prehistoric
$$ 41tv453 prehistoric
FOUND Prehistoric
$$ 41tv454 prehistoric
FOUND Prehistoric
$$ 41tv455 prehistoric
FOUND Prehistoric
$$ 41tv456 prehistoric/ historic
FOUND Historic
$$ 41tv456 / historic
FOUND Prehistoric
$$ 41tv540 prehistoric
FOUND Prehistoric
$$ 41tv541 prehistoric
FOUND Prehistoric
$$  notes 41tv1256 prehistoric
FOUND Prehistoric
$$ 41tv1260 prehistoric
FOUND Prehistoric
$$ 41tv1268 prehistoric
FOUND Prehistoric
$$ 41tv1270 prehistoric
FOUND Prehistoric
$$ 41tv1275 prehistoric/ historic
FOUND Historic
$$ 41tv1275 / historic
FOUND Prehistoric
$$ 41tv1278 prehistoric/ historic
FOUND Historic
$$ 41tv1278 / historic
FOUND Prehistoric
$$ 41tv1400 prehistoric/ historic
FOUND Historic
$$ 41tv1400 / historic
FOUND Prehistoric
$$ 41tv1401 prehistoric
FOUND Prehistoric
$$ 41tv1979 prehistoric
FOUND Prehistoric
$$ 41tv1980 prehistoric
FOUND Prehistoric
$$ 41tv1981 prehistoric
FOUND Historic
$$ 41tv1982 historic
FOUND Prehistoric
$$ 41tv1983 prehistoric
FOUND Prehistoric
$$ 41tv1984 prehistoric
FOUND Prehistoric
$$  notes 41tv1985 prehistoric
FOUND Prehistoric
$$ 41tv1986 prehistoric/ historic
FOUND Historic
$$ 41tv1986 / historic
FOUND Prehistoric
$$ 41tv1987 prehistoric
FOUND Prehistoric
$$ 41tv1988 prehistoric
FOUND Historic
$$ 41tv1989 historic
FOUND Historic
$$ 41tv1990 historic
FOUND Historic
$$ 41tv1991 historic
FOUND Prehistoric
$$ 41tv1992 prehistoric
FOUND Prehistoric
$$ 41tv1993 prehistoric/ historic
FOUND Historic
$$ 41tv1993 / historic
FOUND Historic
$$ 41tv2000 historic
FOUND Historic
$$ 41tv2132 historic
