FOUND Prehistoric
$$ site 41bx1756 has historic and prehistoric components
FOUND Historic
$$ site 41bx1756 has historic and  components
FOUND Prehistoric
$$ site 41bx1756 has historic and prehistoric components
FOUND Historic
$$ site 41bx1756 has historic and  components
FOUND Prehistoric
$$ site 41bx1756 has historic and prehistoric components
FOUND Historic
$$ site 41bx1756 has historic and  components
FOUND Uvalde 
$$ site 41bx1857 is an outcrop of uvalde gravels containing scattered
FOUND Prehistoric
$$ site 41bx1756 has historic and prehistoric components
FOUND Historic
$$ site 41bx1756 has historic and  components
FOUND Uvalde 
$$ site 41bx1857 is an outcrop of uvalde gravels containing scattered
FOUND Prehistoric
$$ site 41bx1756 has historic and prehistoric components
FOUND Historic
$$ site 41bx1756 has historic and  components
FOUND Uvalde 
$$ site 41bx1857 is an outcrop of uvalde gravels containing scattered flakes
FOUND Prehistoric
$$ site 41bx1756 has historic and prehistoric components
FOUND Historic
$$ site 41bx1756 has historic and  components
FOUND Uvalde 
$$ site 41bx1857 is an outcrop of uvalde gravels containing scattered flakes
FOUND Uvalde 
$$ site 41bx2037 is a sparse scatter of flakes and cores at an outcrop of uvalde gravels; it also represents a lithic resource procurement area.
FOUND Uvalde 
$$ site 41bx2037 is a sparse scatter of flakes and cores at an outcrop of uvalde gravels; it also represents a lithic resource procurement area.
FOUND Prehistoric
$$  the current project area can be considered to have a high probability of containing prehistoric archeological materials relating to lithic procurement.
FOUND Historic
$$ it also is possible that these items could have resulted from historic activities such as land clearing.
FOUND Historic
$$ it also is possible that these items could have resulted from historic activities such as land clearing.
