FOUND Historic
$$  this work was conducted in compliance with the national historic preservation act and the texas antiquities code under texas antiquities permit 4591.
FOUND Paleoindian period
$$ paleoenvironment.......................................................................................................................................2-3 chapter 3: cultural setting introduction ................................................................................................................................................3-1 previously recorded prehistoric sites in the vicinity of 41wm1028 .......................................................3-1 relevant archaeological sites in the region .............................................................................................3-2 prehistoric culture history ........................................................................................................................3-3 paleoindian period (11
FOUND Prehistoric
$$ paleoenvironment.......................................................................................................................................2-3 chapter 3: cultural setting introduction ................................................................................................................................................3-1 previously recorded prehistoric sites in the vicinity of 41wm1028 .......................................................3-1 relevant archaeological sites in the region .............................................................................................3-2 prehistoric culture history ........................................................................................................................3-3  (11
FOUND Prehistoric
$$  a prehistoric site partially within the area of potential effect along the route of a proposed arterial “a” roadway project and bridge installation
FOUND Prehistoric
$$  a prehistoric site partially within the area of potential effect along the route of a proposed arterial “a” roadway project and bridge installation at brushy creek.
FOUND Middle Archaic
$$ site 41wm1028 originally documented as a middle archaic burned rock midden located about 3.1 miles (4.9 km) east-southeast of the interstate highway (ih) 35 and us 79 intersection in round rock
FOUND Middle Archaic
$$ previous investigations at 41wm1028 site 41wm1028 was originally recorded in 2002 by sergio iruegas as a middle archaic midden with associated lithic scatter (site form).
FOUND Middle Archaic
$$ previous investigations at 41wm1028 site 41wm1028 was originally recorded in 2002 by sergio iruegas as a middle archaic midden with associated lithic scatter (site form).
FOUND Prehistoric
$$ previously recorded prehistoric sites in the vicinity of 41wm1028 there are five archaeological sites within a mile of 41wm1028.
FOUND Prehistoric
$$  four sites are prehistoric or have a prehistoric component and include 41wm12
FOUND Prehistoric
$$ previously recorded prehistoric sites in the vicinity of 41wm1028 there are five archaeological sites within a mile of 41wm1028.
FOUND Prehistoric
$$  four sites are prehistoric or have a prehistoric component and include 41wm12
FOUND Prehistoric
$$  four sites are prehistoric or have a prehistoric component and include 41wm12
FOUND Prehistoric
$$  four sites are prehistoric or have a prehistoric component and include 41wm12
FOUND Prehistoric
$$ site 41wm12 is located north of 41wm1028 and is a large prehistoric occupational site located north of
FOUND Prehistoric
$$  four sites are prehistoric or have a prehistoric component and include 41wm12
FOUND Prehistoric
$$ site 41wm12 is located north of 41wm1028 and is a large prehistoric occupational site located north of
FOUND Prehistoric
$$  four sites are prehistoric or have a prehistoric component and include 41wm12
FOUND Prehistoric
$$ site 41wm12 is located north of 41wm1028 and is a large prehistoric occupational site located north of
FOUND Prehistoric
$$ have a prehistoric component and include 41wm12
FOUND Prehistoric
$$ site 41wm12 is located north of 41wm1028 and is a large prehistoric occupational site located north of brushy creek.
FOUND Prehistoric
$$  east-west oriented prehistoric campsite
FOUND Prehistoric
$$ site 41wm12 is located north of 41wm1028 and is a large prehistoric occupational site located north of brushy creek.
FOUND Prehistoric
$$  east-west oriented prehistoric campsite
FOUND Prehistoric
$$ site 41wm12 is located north of 41wm1028 and is a large prehistoric occupational site located north of brushy creek.
FOUND Prehistoric
$$  east-west oriented prehistoric campsite
FOUND Paleoindian
$$  the base of a folsom point is reported to have been collected from the site suggesting a paleoindian component.
FOUND Paleoindian
$$  the base of a folsom point is reported to have been collected from the site suggesting a paleoindian component.
FOUND Prehistoric
$$ the site is a prehistoric open campsite consisting of chert flakes and burned rock exposed in a cut bank.
FOUND Prehistoric
$$ the site consists of a historic cotton farm and a prehistoric open campsite.
FOUND Historic
$$ the site consists of a historic cotton farm and a  open campsite.
FOUND Prehistoric
$$ the site consists of a historic cotton farm and a prehistoric open campsite.
FOUND Historic
$$ the site consists of a historic cotton farm and a  open campsite.
FOUND Late Archaic
$$ the blackland prairie site (41wm815) is a late archaic site situated on the alluvial terraces of brushy creek located about 750 m to the south (brownlow
FOUND Late Archaic
$$ the blackland prairie site (41wm815) is a late archaic site situated on the alluvial terraces of brushy creek located about 750 m to the south (brownlow 2003).
FOUND Late Archaic
$$ the blackland prairie site (41wm815) is a late archaic site situated on the alluvial terraces of brushy creek located about 750 m to the south (brownlow 2003).
FOUND Middle Archaic
$$  prior to testing the initial site recording identified a middle archaic time period for 41wm1028
FOUND Middle Archaic
$$  prior to testing the initial site recording identified a middle archaic time period for 41wm1028
FOUND Prehistoric
$$  all of which are prehistoric.
FOUND Prehistoric
$$  prehistoric stone artifacts a total of 46 chipped stone tools were recovered during the test excavations at 41wm1028.
FOUND Alba Point
&&  slightly expanding stem projectile point that is stylistically similar to an alba point (turner and hester 1999:200).
FOUND Edwards Chert
&&  likely edwards chert.
FOUND Early Archaic
$$ the projectile points for 41wm1028 are associated with the early archaic
FOUND Middle Archaic
$$  middle archaic
FOUND Archaic
$$  transitional archaic
FOUND Late Prehistoric
$$  and late prehistoric time periods.
FOUND Late Paleoindian
$$ temporally diagnostic artifacts represent time periods from the late paleoindian to the late prehistoric.
FOUND Late Prehistoric
$$ temporally diagnostic artifacts represent time periods from the  to the late prehistoric.
FOUND Toyah
$$  l. 1994 the life and times of toyah-culture folk: the buckhollow encampment
