FOUND Toyah
$$ allens creek sites ............................................................................................... 21 sandbur (41fy135) ............................................................................................. 21 cedar bridge (41fy74) ........................................................................................ 23 toyah bluff (41tv441)
FOUND Toyah
$$ allens creek sites ............................................................................................... 21 sandbur (41fy135) ............................................................................................. 21 cedar bridge (41fy74) ........................................................................................ 23 toyah bluff (41tv441)
FOUND Toyah
$$ allens creek sites ............................................................................................... 21 sandbur (41fy135) ............................................................................................. 21 cedar bridge (41fy74) ........................................................................................ 23 toyah bluff (41tv441)
FOUND Toyah
$$ sandbur (41fy135) ............................................................................................. 21 cedar bridge (41fy74) ........................................................................................ 23 toyah bluff (41tv441)
FOUND Late Prehistoric
$$  and mustang branch (41hy209) ........ 24 rowe valley (41wm432) .................................................................................... 27 site 41gm281..................................................................................................... 28 penny winkle (41bl23) ....................................................................................... 28 late prehistoric and early historic period sites within 50 km of 41cw104 ......................... 29
FOUND Historic Period
$$  and mustang branch (41hy209) ........ 24 rowe valley (41wm432) .................................................................................... 27 site 41gm281..................................................................................................... 28 penny winkle (41bl23) ....................................................................................... 28  and early historic period sites within 50 km of 41cw104 ......................... 29
FOUND Toyah
$$  toyah bluff (41tv441)
FOUND Toyah
$$  toyah bluff (41tv441)
FOUND Toyah
$$  toyah bluff (41tv441)
FOUND Toyah
$$  toyah bluff (41tv441)
FOUND Toyah
$$ toyah bluff (41tv441)
FOUND Toyah
$$  and mustang branch (41hy209) excavations at the toyah bluff site (41tv441)
FOUND Toyah
$$ toyah bluff (41tv441)
FOUND Toyah
$$  and mustang branch (41hy209) excavations at the toyah bluff site (41tv441)
FOUND Toyah
$$ toyah bluff (41tv441)
FOUND Toyah
$$  and mustang branch (41hy209) excavations at the toyah bluff site (41tv441)
FOUND Toyah
$$  toyah bluff (41tv441)
FOUND Toyah
$$  and mustang branch (41hy209) excavations at the toyah bluff site (41tv441)
FOUND Early Archaic
$$ evidence of occupation in this area dates to the early archaic and extends
FOUND Middle Archaic
$$  except for a possible gap in the middle archaic
FOUND Early Archaic
$$ evidence of occupation in this area dates to the early archaic and extends
FOUND Middle Archaic
$$  except for a possible gap in the middle archaic
FOUND Late Prehistoric
$$  into the late prehistoric.
FOUND Toyah
$$ the latter period is represented at the barton site only by artifacts of the toyah phase
FOUND Late Archaic
$$  formed primarily during the late archaic
FOUND Late Prehistoric
$$  was occupied in the late prehistoric period (ricklis and collins 1994).
FOUND Historic Period
$$  evidence of a historic period aboriginal presence.
FOUND Late Prehistoric
$$ a systematic approach was used to examine the nature of late prehistoric–aged sites in the region of the santa maria creek site.
FOUND Historic Period
$$  evidence of a historic period aboriginal presence.
FOUND Late Prehistoric
$$ a systematic approach was used to examine the nature of late prehistoric–aged sites in the region of the santa maria creek site.
FOUND Late Prehistoric
$$  41hy37/lithic scatter 41hy160/encampment 41hy188/encampment (primarily late prehistoric)
FOUND Late Prehistoric
$$  41hy160/encampment 41hy188/encampment (primarily late prehistoric) 41hy231/campsite
FOUND Late Prehistoric
$$ 41hy188/encampment (primarily late prehistoric) 41hy231/campsite 41hy233/campsite
FOUND Late Prehistoric
$$  the late prehistoric component at the site differs from many other sites in central texas dating to this time period.
FOUND Late Prehistoric
$$ many late prehistoric sites in the region belong to the toyah phase
FOUND Toyah
$$ many  sites in the region belong to the toyah phase
FOUND Toyah
$$ ricklis (1994) used radiocarbon dates to demonstrate that toyah sites appear as early or nearly as early in the southern area of their
FOUND Toyah
$$ ricklis (1994) used radiocarbon dates to demonstrate that toyah sites appear as early or nearly as early in the southern area of their distribution as they do in the north.
FOUND Toyah
$$  toyah bluff (41tv441)
FOUND Toyah
$$  toyah bluff (41tv441)
FOUND Toyah
$$  toyah bluff (41tv441)
FOUND Toyah
$$  toyah bluff (41tv441)
FOUND Toyah
$$  toyah bluff
FOUND Toyah
$$  toyah component): the mustang branch site is located along onion creek in eastern hays county approximately 30 miles (48 km) northwest of 41cw104.
FOUND Toyah
$$ excavations at the site yielded a toyah phase cultural component dating between about a.d. 1400 and 1600 (ricklis and collins 1994).
FOUND Toyah
$$ ceramics from the toyah component yielded 480
FOUND Toyah
$$ toyah bluff site (41tv441): the toyah bluff site is located above onion creek in travis county
FOUND Toyah
$$ ceramics recovered from toyah bluff consisted of 39 small specimens
FOUND Toyah
$$  and their basic paste fabrics do have the high sand content found in the toyah bluff group 1 sherds.
FOUND Toyah
$$  and part black burning was interpreted as evidence of intensive exposure to firing in the large faunal assemblage at the toyah bluff site (41hy209) in nearby hays county (ricklis and collins 1994:422).
FOUND Early Archaic
$$  and c. dodt-ellis 1990 excavations at the camp pearl wheat site (41kr243): an early archaic campsite on town creek
FOUND Toyah
$$  l. jr. 1994 the life and times of toyah-culture folk as seen from the buckhollow encampment
FOUND Toyah
$$ griffith 2001 changing perspectives on the toyah: data recovery investigations of 41tv441
FOUND Late Prehistoric
$$ in archaic and late prehistoric human ecology in the middle onion creek valley
FOUND Archaic
$$ in archaic and  human ecology in the middle onion creek valley
FOUND Late Prehistoric
$$ in archaic and late prehistoric human ecology in the middle onion creek valley
FOUND Archaic
$$ in archaic and  human ecology in the middle onion creek valley
