FOUND Prehistoric
$$ four previously recorded prehistoric sites
FOUND Historic
$$  the national historic preservation act 'of 1966 as amended in 1980 (pl89-665)
FOUND Prehistoric
$$ four previously recorded prehistoric sites
FOUND Historic
$$  the national historic preservation act 'of 1966 as amended in 1980 (pl89-665)
FOUND Prehistoric
$$ four previously recorded prehistoric sites
FOUND Historic
$$  the national historic preservation act 'of 1966 as amended in 1980 (pl89-665)
FOUND Prehistoric
$$ four previously recorded prehistoric sites
FOUND Historic
$$  the national historic preservation act 'of 1966 as amended in 1980 (pl89-665)
FOUND Prehistoric
$$ south of burleson road and along the banks of onion and cottonmouth creeks are four previously recorded prehistoric sites: 41tv434
FOUND Prehistoric
$$ south of burleson road and along the banks of onion and cottonmouth creeks are four previously recorded prehistoric sites: 41tv434
FOUND Prehistoric
$$ south of burleson road and along the banks of onion and cottonmouth creeks are four previously recorded prehistoric sites: 41tv434
FOUND Prehistoric
$$ south of burleson road and along the banks of onion and cottonmouth creeks are four previously recorded prehistoric sites: 41tv434
FOUND Prehistoric
$$ 41tv436 site 41tv436 is a prehistoric open campsite located on the right (south) bank of onion creek and bordered on the east by a meander of cottonmouth creek.
FOUND Prehistoric
$$ 41tv436 site 41tv436 is a prehistoric open campsite located on the right (south) bank of onion creek and bordered on the east by a meander of cottonmouth creek.
