FOUND Prehistoric
$$ the prehistoric chronology used in this report follows that presented in johnson and goode
FOUND Prehistoric
$$  buried (30-60 cm bgs) prehistoric cultural zone located on the north
FOUND Prehistoric
$$  buried (30-60 cm bgs) prehistoric cultural zone located on the north
FOUND Prehistoric
$$  buried (30-60 cm bgs) prehistoric cultural zone located on the north
FOUND Prehistoric
$$  buried (30-60 cm bgs) prehistoric cultural zone located on the north bank of block creek.
FOUND Prehistoric
$$  buried (30-60 cm bgs) prehistoric cultural zone located on the north bank of block creek.
FOUND Toyah
$$  belong to the toyah interval.
FOUND Historic
$$  and at least one example of historic graffiti perhaps dating to the nineteenth century.
FOUND Early Archaic
$$ a number of these were described as early archaic in
FOUND Early Archaic
$$ a number of these were described as early archaic in
FOUND Prehistoric
$$  most of which were prehistoric in age (chavez et.
FOUND Prehistoric
$$  most of which were prehistoric in age (chavez et.
FOUND Prehistoric
$$  most of which were prehistoric in age (chavez et.
FOUND Early Archaic
$$ remains of an early archaic camp including burned rock 6
FOUND Late Archaic Period
$$  and places activities in the area during the late archaic period.
FOUND Prehistoric
$$  prewitt &associates recorded a potentially significant prehistoric site
FOUND Historic
$$ one historic homestead (41bc168) was recorded along a small stream and dates to after 1904.
FOUND Prehistoric
$$ this site also has a minor prehistoric component.
FOUND Early Archaic
$$  l. 1991 early archaic life at the sleeper archaeological site
