FOUND Prehistoric
$$ map showing 41cx36 and the 26 prehistoric isolated occurrences................................. 22 figure 12.
FOUND Prehistoric
$$ map showing 41cx36 and the 26 prehistoric isolated occurrences................................. 22 figure 12.
FOUND Prehistoric
$$  41cx36 is a large prehistoric burned rock midden site associated with a laterally extensive lithic scatter.
FOUND Prehistoric
$$ all 26 io’s are isolated surficial prehistoric occurrences.
FOUND Prehistoric
$$  41cx36 is a large prehistoric burned rock midden site associated with a laterally extensive lithic scatter.
FOUND Prehistoric
$$ all 26 io’s are isolated surficial prehistoric occurrences.
FOUND Prehistoric
$$ site 41cx36 is recorded as a prehistoric burned rock midden site located on an east to west sloping toe slope.
FOUND Prehistoric
$$ site 41cx36 is recorded as a prehistoric burned rock midden site located on an east to west sloping toe slope.
FOUND Prehistoric
$$ site 41cx36 is recorded as a prehistoric burned rock midden site located on an east to west sloping toe slope.
FOUND Prehistoric
$$ site 41cx36 is recorded as a prehistoric burned rock midden site located on an east to west sloping toe slope.
FOUND Prehistoric
$$ site 41cx36 is recorded as a prehistoric burned rock midden site located on an east to west sloping toe slope.
FOUND Prehistoric
$$ site 41cx36 is recorded as a prehistoric burned rock midden site located on an east to west sloping toe slope.
FOUND Prehistoric
$$ site 41cx36 is recorded as a prehistoric burned rock midden site located on an east to west sloping toe slope.
FOUND Prehistoric
$$ map showing 41cx36 and the 26 prehistoric isolated occurrences.
FOUND Prehistoric
$$ site 41cx36 is a prehistoric burned rock midden site consisting of a moderately dense lithic scatter of debitage with occasional bifaces and lithic tools.
FOUND Prehistoric
$$ site 41cx36 is a prehistoric burned rock midden site consisting of a moderately dense lithic scatter of debitage with occasional bifaces and lithic tools.
