FOUND Historic
$$ site 41bx1900 is a historic site consisting of two cisterns constructed into the slope of a limestone foundation.
FOUND Historic
$$  which was recorded as a historic settlement consisting of structural debris and rubble.
FOUND Prehistoric
$$ four of those sites were recorded within a 1mile radius of the project area consisting of prehistoric scatters (41bx1972 and 419bx1976)
FOUND Prehistoric
$$  a prehistoric open campsite (41bx1971)
FOUND Prehistoric
$$  a prehistoric open campsite (41bx1971)
FOUND Prehistoric
$$  a prehistoric open campsite (41bx1971)
FOUND Prehistoric
$$ two prehistoric sites (41bx466 and 41bx467) were recorded during the 1977 survey and one prehistoric lithic scatter (41bx1687) was recorded during the 2006 survey.
FOUND Prehistoric
$$ two prehistoric sites (41bx466 and 41bx467) were recorded during the 1977 survey and one prehistoric lithic scatter (41bx1687) was recorded during the 2006 survey.
FOUND Prehistoric
$$ two prehistoric sites (41bx466 and 41bx467) were recorded during the 1977 survey and one prehistoric lithic scatter (41bx1687) was recorded during the 2006 survey.
FOUND Prehistoric
$$ prehistoric lithic scatter (41bx1687) was recorded during the 2006 survey.
