FOUND Historic
$$ all three are within the king william national register historic district
FOUND Historic
$$ all three are within the king william national register historic district
FOUND Historic
$$ all three are within the king william national register historic district
FOUND Historic
$$ all three are within the king william national register historic district
FOUND Historic
$$  while two others (41bx351 and 41bx622) are within the u.s. san antonio arsenal national register historic district and site 41bx303 is within the la villita historic district.
FOUND Historic
$$ all three are within the king william national register historic district
FOUND Historic
$$  while two others (41bx351 and 41bx622) are within the u.s. san antonio arsenal national register historic district and site 41bx303 is within the la villita historic district.
FOUND Historic
$$ three are within the king william national register historic district
FOUND Historic
$$  while two others (41bx351 and 41bx622) are within the u.s. san antonio arsenal national register historic district and site 41bx303 is within the la villita historic district.
FOUND Historic
$$ all three are within the king william national register historic district
FOUND Historic
$$ all three are within the king william national register historic district
FOUND Historic
$$ all three are within the king william national register historic district
FOUND Historic
$$ all three are within the king william national register historic district
FOUND Historic
$$  while two others (41bx351 and 41bx622) are within the u.s. san antonio arsenal national register historic district and site 41bx303 is within the la villita historic district.
FOUND Historic
$$ all three are within the king william national register historic district
FOUND Historic
$$  while two others (41bx351 and 41bx622) are within the u.s. san antonio arsenal national register historic district and site 41bx303 is within the la villita historic district.
FOUND Historic
$$ king william national register historic district
FOUND Historic
$$  while two others (41bx351 and 41bx622) are within the u.s. san antonio arsenal national register historic district and site 41bx303 is within the la villita historic district.
