FOUND Prehistoric
$$  very low-density scatter consisting of prehistoric debitage and one crude biface) of the site extends north and west into the current project area.
FOUND Prehistoric
$$  very low-density scatter consisting of prehistoric debitage and one crude biface) of the site extends north and west into the current project area.
FOUND Prehistoric
$$  very low-density scatter consisting of prehistoric debitage and one crude biface) of the site extends north and west into the current project area.
FOUND Historic
$$ previous investigations and recorded sites ....................................................................................... 10 historic map review .............................................................................................................................. 11 field survey ............................................................................................................................................ 11 site 41tv2121 .................................................................................................................................... 20 site 41tv2122 .................................................................................................................................... 21 summary and recommendations ............................................................................................................... 21 references cited ......................................................................................................................................... 23
FOUND Historic
$$ historic map review .............................................................................................................................. 11 field survey ............................................................................................................................................ 11 site 41tv2121 .................................................................................................................................... 20 site 41tv2122 .................................................................................................................................... 21 summary and recommendations ............................................................................................................... 21 references cited ......................................................................................................................................... 23
FOUND Early Archaic
$$ by the start of the early archaic
FOUND Middle Archaic
$$  in three distinct types of burned rock middens southern central texas highlighted the complexity documented during the middle archaic are (1)
FOUND Late Archaic
$$ the loeve-fox exotic materials are recovered from domestic site (41wm230) contained an austin phase contexts as well as burials suggesting they were a cemetery where warfare was “suggested by the pervasive component in the life of late archaic
FOUND Historic
$$ the review of the txdot historic standardized form to document the excavations.
FOUND Prehistoric
$$  intensive cultural resources survey of a proposed access road to leander isd’s vandergrift high school and four points middle school campus 41tv1580 is a multicomponent site containing field survey prehistoric burned rock middens and a possible on february 12 and 18
FOUND Prehistoric
$$ field investigations 41tv767 contains two small prehistoric burned encountered undulating uplands dominated by rock middens and is located approximately 0.97 dense cedar
FOUND Prehistoric
$$ site 41tv2121 site 41tv2121 is a small, surficial prehistoric lithic scatter that was initially recorded by lcra in 2004 during a transmission line survey.
FOUND Prehistoric
$$ site 41tv2121 site 41tv2121 is a small, surficial prehistoric lithic scatter that was initially recorded by lcra in 2004 during a transmission line survey.
FOUND Prehistoric
$$ site 41tv2122 site 41tv2122 is a prehistoric lithic scatter that was initially recorded by lcra in 2004 during a transmission line survey.
FOUND Prehistoric
$$ site 41tv2122 site 41tv2122 is a prehistoric lithic scatter that was initially recorded by lcra in 2004 during a transmission line survey.
FOUND Historic
$$ historic
FOUND Archaic
$$ (41kr621): investigating archaic lifeways on the southern edwards plateau of central texas.
FOUND Early Archaic
$$  jr. 1991 early archaic life at the sleeper archeological site
