FOUND Middle Archaic
$$  including flakes and a pedernales point (middle archaic).
FOUND Pedernales Point
&&  including flakes and a pedernales point (middle archaic).
FOUND Historic
$$  and 41bx490 (a historic cemetery
FOUND Historic
$$  and 41bx490 (a historic cemetery
FOUND Historic
$$  and 41bx490 (a historic cemetery
FOUND Historic
$$  and 41bx490 (a historic cemetery
FOUND Historic
$$ a historical overview of the early history of the madla natural area
FOUND Historic
$$ a historical overview of the early history of the madla natural area
FOUND Paleoindian
$$  d. b. hudler and s. l. black 2003 pavo real (41bx52): a paleoindian and archaic camp and workshop on the balcones escarpment
FOUND Archaic
$$  d. b. hudler and s. l. black 2003 pavo real (41bx52): a  and archaic camp and workshop on the balcones escarpment
