FOUND Prehistoric
$$  has a minor prehistoric component.
FOUND Prehistoric
$$  is a prehistoric campsite with a lesser historic
FOUND Historic
$$  is a  campsite with a lesser historic
FOUND Historic
$$ this historic artifact scatter consists of domestic glassware and cans with a slight admixture of building materials.
FOUND Historic
$$ this historic scatter extends into the row from a denser accumulation south
FOUND Historic
$$  aapl no: 193-10-1 usgs quad: rankin description: site 41ut14 is an historic artifact scatter found during centerline survey of the row south of highway 67
FOUND Prehistoric
$$ the prehistoric component consists of four chert artifacts: a large oval biface
FOUND Prehistoric
$$ prehistoric occupation and the origin of these materials remains undetermined.
FOUND Prehistoric
$$ the last lithic scatter is the prehistoric component of 41ut14
FOUND Historic
$$  described in the historic sites section of this document.
FOUND Prehistoric
$$ the prehistoric component consists of four lithic artifacts
FOUND Historic
$$  collected during sampling of the historic cultural material.
FOUND Prehistoric
$$ the origin of these prehistoric artifacts is uncertain given the extent of modern disturbances to the
FOUND Late Prehistoric
$$ temporal diagnostics recovered from surface collection in the row are largely late archaic in age with the exception of a late prehistoric component at 41rg18.
FOUND Late Archaic I
$$ temporal diagnostics recovered from surface collection in the row are largely late archaic in age with the exception of a  component at 41rg18.
FOUND Late Archaic Period
$$  that 41 rg23 was utilized during at least during the middle archaic and late archaic periods.
FOUND Middle Archaic
$$  that 41 rg23 was utilized during at least during the middle archaic and s.
FOUND Early Archaic
$$  yielded bison teeth and early archaic stone tools.
FOUND Early Archaic
$$  yielded bison teeth and early archaic stone tools.
FOUND Historic
$$  a historic review of lake fill and drain is being compiled from aerial photographs
FOUND Prehistoric
$$ of the remaining prehistoric sites
FOUND Prehistoric
$$ unknown prehistoric the site is an open campsite and is similar to 41rg21
