FOUND Archaic
$$  all of which were surface sites and some of which are of suggested archaic cultural affiliation.
FOUND Archaic
$$  all of which were surface sites and some of which are of suggested archaic cultural affiliation.
FOUND Archaic
$$  the second an open occupation; both sites are believed to be archaic.
FOUND Archaic
$$  the second an open occupation; both sites are believed to be archaic.
FOUND Late Prehistoric
$$ 41cm50 - an archaic or late prehistoric site situated
FOUND Archaic
$$ 41cm50 - an archaic or  site situated
FOUND Late Prehistoric
$$ 41cm50 - an archaic or late prehistoric site situated on the guadalupe river.
FOUND Archaic
$$ 41cm50 - an archaic or  site situated on the guadalupe river.
FOUND Archaic
$$ 41cm53 - a possible archaic site evidenced by points scattered along the stream bed of deep creek.
FOUND Middle Archaic
$$ 41ke21 - a middle archaic site on the north side of curry creek.
FOUND Archaic
$$  7 41ke23 - a small occupation site of archaic cultural affiliation
FOUND Historic
$$ three historic sites have also been recorded in the zone area.
