FOUND Prehistoric
$$ the prehistoric site was assigned the site number 41wm1306 and the historic rock wall fence was assigned site number 41wm1307.
FOUND Historic
$$ the  site was assigned the site number 41wm1306 and the historic rock wall fence was assigned site number 41wm1307.
FOUND Prehistoric
$$ the prehistoric site was assigned the site number 41wm1306 and the historic rock wall fence was assigned site number 41wm1307.
FOUND Historic
$$ the  site was assigned the site number 41wm1306 and the historic rock wall fence was assigned site number 41wm1307.
FOUND Prehistoric
$$ the prehistoric site was assigned the site number 41wm1306 and the historic rock wall fence was assigned site number 41wm1307.
FOUND Historic
$$ the  site was assigned the site number 41wm1306 and the historic rock wall fence was assigned site number 41wm1307.
FOUND Prehistoric
$$ the prehistoric site was assigned the site number 41wm1306 and the historic rock wall fence was assigned site number 41wm1307.
FOUND Historic
$$ the  site was assigned the site number 41wm1306 and the historic rock wall fence was assigned site number 41wm1307.
FOUND Prehistoric
$$ the prehistoric site was assigned the site number 41wm1306 and the historic fence was assigned site number 41wm1307.
FOUND Historic
$$ the  site was assigned the site number 41wm1306 and the historic fence was assigned site number 41wm1307.
FOUND Prehistoric
$$ no other artifacts or evidence of prehistoric or historic occupation was observed during the remainder of the pedestrian survey.
FOUND Historic
$$ no other artifacts or evidence of  or historic occupation was observed during the remainder of the pedestrian survey.
FOUND Prehistoric
$$ the prehistoric site was assigned the site number 41wm1306 and the historic fence was assigned site number 41wm1307.
FOUND Historic
$$ the  site was assigned the site number 41wm1306 and the historic fence was assigned site number 41wm1307.
FOUND Prehistoric
$$ no other artifacts or evidence of prehistoric or historic occupation was observed during the remainder of the pedestrian survey.
FOUND Historic
$$ no other artifacts or evidence of  or historic occupation was observed during the remainder of the pedestrian survey.
FOUND Prehistoric
$$ site 41wm1306 a prehistoric lithic procurement area and artifact scatter were observed on the surface in the heiden soils and bedrock on the east side of the tributary of chandler branch (figure 6).
FOUND Prehistoric
$$ site 41wm1306 a prehistoric lithic procurement area and artifact scatter were observed on the surface in the heiden soils and bedrock on the east side of the tributary of chandler branch (figure 6).
FOUND Historic
$$ site 41wm1307 a historic rock wall fence was discovered approximately 30 meters (98 feet) to the west of site 41wm1306 on the east side of the tributary of chandler branch.
FOUND Historic
$$  site 41wm1307 a historic rock wall fence was discovered approximately 30 meters (98 feet) to the west of site 41wm1306 on the east side of the tributary of chandler branch.
FOUND Historic
$$ site 41wm1307 represents an historic rock wall fence.
FOUND Historic
$$ site 41wm1307 represents an historic rock wall fence.
FOUND Historic
$$ site 41wm1307 represents an historic rock wall fence.
