FOUND Prehistoric
$$ a multicomponent artifact scatter (41bx1993) and a prehistoric campsite and artifact scatter (41bx1994) were documented within the project area.
FOUND Prehistoric
$$ a multicomponent artifact scatter (41bx1993) and a prehistoric campsite and artifact scatter (41bx1994) were documented within the project area.
FOUND Prehistoric
$$ a multicomponent artifact scatter (41bx1993) and a prehistoric campsite and artifact scatter (41bx1994) were documented within the project area.
FOUND Prehistoric
$$ a multicomponent artifact scatter (41bx1993) and a prehistoric campsite and artifact scatter (41bx1994) were documented within the project area.
FOUND Historic
$$ background review ................................................................................................................................ 10 historic map review .......................................................................................................................... 11 archaeological survey ............................................................................................................................ 11 41bx1993 ........................................................................................................................................... 14 41bx1994 ........................................................................................................................................... 17 conclusions and recommendations ............................................................................................. 20
FOUND Historic
$$ historic map review .......................................................................................................................... 11 archaeological survey ............................................................................................................................ 11 41bx1993 ........................................................................................................................................... 14 41bx1994 ........................................................................................................................................... 17 conclusions and recommendations ............................................................................................. 20 references cited ........................................................................................................................... 22
FOUND Lange Point
&& close up of lange point............................................................................................................. 16
FOUND Lange Point
&& close up of lange point............................................................................................................. 16 figure 13.
FOUND Lange Point
&& close up of lange point............................................................................................................. 16 figure 13.
FOUND Paleoindian
$$ longstanding ideas about paleoindian technologies also are being challenged.
FOUND Prehistoric
$$  and 41bx1312 are prehistoric lithic scatters consisting of debitage
FOUND Prehistoric
$$  and 41bx1312 are prehistoric lithic scatters consisting of debitage flakes and stone tools.
FOUND Prehistoric
$$  and 41bx1312 are prehistoric lithic scatters consisting of debitage flakes and stone tools.
FOUND Prehistoric
$$  and 41bx1312 are prehistoric lithic scatters consisting of debitage flakes and stone tools.
FOUND Prehistoric
$$  and 41bx1312 are prehistoric lithic scatters consisting of debitage flakes and stone tools.
FOUND Prehistoric
$$ the site is a prehistoric lithic scatter consisting of an abasolo dart point
FOUND Abasolo Dart
&& the site is a prehistoric lithic scatter consisting of an abasolo dart point
FOUND Lange Point
&& close up of lange point.
FOUND Prehistoric
$$ 41bx1994 site 41bx1994, a prehistoric artifact scatter, is located approximately 2.0 miles north-northeast of the stuart road and loop 1604 intersection, 4.31 miles northeast of elmendorf, texas.
FOUND Prehistoric
$$ 41bx1994 site 41bx1994, a prehistoric artifact scatter, is located approximately 2.0 miles north-northeast of the stuart road and loop 1604 intersection, 4.31 miles northeast of elmendorf, texas.
FOUND Prehistoric
$$ a multicomponent artifact scatter (41bx1993) and a prehistoric campsite and artifact scatter (41bx1994) were documented within the project area.
FOUND Prehistoric
$$  a multicomponent artifact scatter (41bx1993) and a prehistoric campsite and artifact scatter (41bx1994) were documented within the project area.
FOUND Archaic
$$ archaic hunters and gatherers of the balcones canyonlands: data recovery excavations at the cibolo crossing site (41bx377)
