FOUND Prehistoric
$$ prehistoric site 41ta79 has been recorded in the vicinity of the crossing of bull wagon creek by the interstate
FOUND Prehistoric
$$  and prehistoric site 41ta254 has been recorded in the vicinity of the existing pump station.
FOUND Prehistoric
$$ prehistoric site 41ta79 has been recorded in the vicinity of the crossing of bull wagon creek by the interstate
FOUND Prehistoric
$$  and prehistoric site 41ta254 has been recorded in the vicinity of the existing pump station.
FOUND Paleo-Indian period
$$ this is a deeply stratified site along elm creek containing artifacts dating to the paleo-indian period (leighton 1936; ray 1940
FOUND Historic Period
$$  a stratified site with archaeological remains dating from paleo-indian through the historic period (bryan and ray 1938; ray 1930
FOUND Prehistoric
$$ the majority of known prehistoric sites in the area date to the archaic period.
FOUND Archaic
$$ the majority of known  sites in the area date to the archaic period.
FOUND Historic
$$ two known historic indian sites in the area are 41ta29 (iron arrow point) (sayles 1935) and 41ta111 where a burial was found in a rock crevice with glass beads (sayles 1935).
FOUND Historic
$$ two known historic indian sites in the area are 41ta29 (iron arrow point) (sayles 1935) and 41ta111 where a burial was found in a rock crevice with glass beads (sayles 1935).
FOUND Edwards Chert
&& it was learned that the callahan divide is best known archaeologically as a major source area for edwards chert.
FOUND Historic Period
$$ the historic period is represented by a wide variety of sites.
FOUND Historic
$$ many historic sites in rural areas
FOUND Edwards Chert
&& it was learned that the callahan divide is best known archaeologically as a major source area for edwards chert.
FOUND Edwards Chert
&& it was learned that the callahan divide is best known archaeologically as a major source area for edwards chert.
FOUND Edwards Chert
&& it was learned that the callahan divide is best known archaeologically as a major source area for edwards chert.
FOUND Prehistoric
$$ a prehistoric site (41ta254) had been recorded by archaeologists from blanton and associates (ringstaff 2004; young and willis 2006) on this landform during a survey along the highway.
FOUND Prehistoric
$$ a prehistoric site (41ta254) had been recorded by archaeologists from blanton and associates (ringstaff 2004; young and willis 2006) on this landform during a survey along the highway.
