FOUND Prehistoric
$$ introduction this report is the culmination of an archeological investigation conducted by the texas archeological survey of the university of texas at austin for the city of austin at prehistoric site 41tv285 (figure 1)
FOUND Paleoindian
$$  are currently in the reporting stage and their publication will contribute significantly to the paleoindian data base.
FOUND Early Archaic
$$ the early archaic stage is divided into four phases: circleville
FOUND Circleville
$$ the  stage is divided into four phases: circleville
FOUND Paleoindian
$$  are currently in the reporting stage and their publication will contribute significantly to the paleoindian data base.
FOUND Early Archaic
$$ the early archaic stage is divided into four phases: circleville
FOUND Circleville
$$ the  stage is divided into four phases: circleville
FOUND Late Archaic
$$ later portion of the late archaic
FOUND Ensor Dart
&&  manifested by the presence of darl and ensor dart points
FOUND Toyah
$$ the austin (1250-650 bp) and toyah (650-200 bp)
FOUND Late Archaic
$$ later portion of the late archaic
FOUND Ensor Dart
&&  manifested by the presence of darl and ensor dart points
FOUND Toyah
$$ the austin (1250-650 bp) and toyah (650-200 bp)
FOUND Prehistoric
$$  prehistoric occupation was documented on an open terrace of onion creek.
FOUND Late Prehistoric
$$  stratified deposits yielded artifacts indicating occupations during the toyah and austin foci of the late prehistoric stage
FOUND Toyah
$$  stratified deposits yielded artifacts indicating occupations during the toyah and austin foci of the  stage
FOUND Late Archaic
$$  and the late archaic stage.
FOUND Prehistoric
$$  a prehistoric location
FOUND Prehistoric
$$  where both historic and prehistoric materials were observed on the surface
FOUND Historic
$$  where both historic and  materials were observed on the surface
FOUND Historic
$$ these procedures determined that the historic
FOUND Historic
$$  historic
