FOUND Historic
$$  historic structures
FOUND Historic
$$  or additional historic properties.
FOUND Prehistoric
$$  site site type 41wm1264 historic well 41wm1263 historic standing structure 41wm1262 prehistoric lithic
FOUND Historic
$$  site site type 41wm1264 historic well 41wm1263 historic standing structure 41wm1262  lithic
FOUND Prehistoric
$$ site site type 41wm1264 historic well 41wm1263 historic standing structure 41wm1262 prehistoric lithic procurement
FOUND Historic
$$ site site type 41wm1264 historic well 41wm1263 historic standing structure 41wm1262  lithic procurement
FOUND Prehistoric
$$ 41wm1264 historic well 41wm1263 historic standing structure 41wm1262 prehistoric lithic procurement 41wm819 prehistoric lithic procurement
FOUND Historic
$$ 41wm1264 historic well 41wm1263 historic standing structure 41wm1262  lithic procurement 41wm819  lithic procurement
FOUND Prehistoric
$$ structure 41wm1262 prehistoric lithic procurement 41wm819 prehistoric lithic procurement nrhp eligibility
FOUND Historic
$$ due to the presence of site 41wm1264 and its connection to an historic farmstead structure
