FOUND Paleoindian
$$ paleoindian and archaic dart points from 41tv1364
FOUND Archaic
$$  and archaic dart points from 41tv1364
FOUND Paleoindian
$$ paleoindian and archaic dart points from 41tv1364
FOUND Archaic
$$  and archaic dart points from 41tv1364
FOUND Paleoindian
$$ paleoindian and archaic dart points from 41tv1364
FOUND Archaic
$$  and archaic dart points from 41tv1364
FOUND Paleoindian
$$ paleoindian and archaic dart points from 41tv1364
FOUND Archaic
$$  and archaic dart points from 41tv1364
FOUND Paleoindian
$$ paleoindian and archaic dart points from 41tv1364
FOUND Archaic
$$  and archaic dart points from 41tv1364
FOUND Prehistoric
$$ since all of the archeologically significant materials found at 41tv1364 pertain to prehistoric occupations
FOUND Paleoindian period
$$ the paleoindian period
FOUND Late Archaic
$$ the paleoindian through late archaic archeological record found within the proposed construction zone at 41tv1364 occurs in a context best approximated by the block diagram on the left
FOUND Paleoindian
$$ the paleoindian through  archeological record found within the proposed construction zone at 41tv1364 occurs in a context best approximated by the block diagram on the left
FOUND Paleoindian
$$ paleoindian and archaic dart points from 41tv1364
FOUND Archaic
$$  and archaic dart points from 41tv1364
FOUND Late Paleoindian
$$ clear fork tool this is a common late paleoindian and archaic tool form in central and south texas
FOUND Clear Fork
$$ clear fork tool this is a common  and archaic tool form in central and south texas
FOUND Archaic
$$  tool this is a common  and archaic tool form in central and south texas
FOUND Clear Fork
$$  clear fork tool; b
