FOUND Prehistoric
$$  of which 37 were prehistoric
FOUND Middle Archaic
$$  discrete episodes of occupations extending from the middle archaic
FOUND Late Prehistoric
$$  discrete episodes of occupations extending from the middle archaic round rock phase through the late prehistoric toyah phase were found.
FOUND Middle Archaic
$$  discrete episodes of occupations extending from the middle archaic round rock phase through the  toyah phase were found.
FOUND Toyah
$$  discrete episodes of occupations extending from the  round rock phase through the  toyah phase were found.
FOUND Late Prehistoric
$$  discrete episodes of occupations extending from the middle archaic round rock phase through the late prehistoric toyah phase were found.
FOUND Middle Archaic
$$  discrete episodes of occupations extending from the middle archaic round rock phase through the  toyah phase were found.
FOUND Toyah
$$  discrete episodes of occupations extending from the  round rock phase through the  toyah phase were found.
FOUND Late Prehistoric
$$  discrete episodes of occupations extending from the middle archaic round rock phase through the late prehistoric toyah phase were found.
FOUND Middle Archaic
$$  discrete episodes of occupations extending from the middle archaic round rock phase through the  toyah phase were found.
FOUND Toyah
$$  discrete episodes of occupations extending from the  round rock phase through the  toyah phase were found.
FOUND Late Prehistoric
$$  discrete episodes of occupations extending from the middle archaic round rock phase through the late prehistoric toyah phase were found.
FOUND Middle Archaic
$$  discrete episodes of occupations extending from the middle archaic round rock phase through the  toyah phase were found.
FOUND Toyah
$$  discrete episodes of occupations extending from the  round rock phase through the  toyah phase were found.
FOUND Early Archaic
$$  texas (41wm133) yielded evidence of a discrete episode of camping during the early archaic circleville phase (7000-8500 years b.p.
FOUND Circleville
$$  texas (41wm133) yielded evidence of a discrete episode of camping during the  circleville phase (7000-8500 years b.p.
FOUND Late Prehistoric
$$ it yielded evidence of prehistoric occupation during the late archaic twin sisters phase through the late prehistoric toyah phase.
FOUND Late Archaic
$$ it yielded evidence of prehistoric occupation during the late archaic twin sisters phase through the  toyah phase.
FOUND Twin Sisters
$$ it yielded evidence of prehistoric occupation during the  twin sisters phase through the  toyah phase.
FOUND Prehistoric
$$ it yielded evidence of prehistoric occupation during the   phase through the  toyah phase.
FOUND Toyah
$$ it yielded evidence of  occupation during the   phase through the  toyah phase.
FOUND Middle Archaic Period
$$  and petrified wood and lithic tools dating primarily to the middle archaic periods.
FOUND Prehistoric
$$ the primary prehistoric deposits included a
FOUND Late Archaic
$$ early and late archaic projectiles and burned rock features were associated with the barton site.
FOUND Late Archaic
$$  a late archaic era burned rock midden was encountered.
FOUND Late Prehistoric
$$ two late prehistoric intervals
FOUND Toyah
$$  austin and toyah
FOUND Late Archaic
$$ early and late archaic projectiles and burned rock features were associated with the barton site.
FOUND Late Archaic
$$  a late archaic era burned rock midden was encountered.
FOUND Late Prehistoric
$$ two late prehistoric intervals
FOUND Toyah
$$  austin and toyah
FOUND Toyah
$$ excavations at the toyah bluff site (41tv441)
FOUND Paleoindian period
$$ towards the end of the paleoindian period
FOUND Archaic
$$  the archeological record exhibits clear evidence of diversification in subsistence patterns and adaptive strategies that mark the beginning of the complex chronological period referred to as the archaic.
FOUND Marshall Dart
&&  as evidenced by the recovery of a conch columella bead in association with a marshall dart point at the loeve-fox site (41wm230; prewitt 1982).
FOUND Late Archaic II
$$ late archaic ii subperiod begins sometime between 3500 and 2500 b.p.
FOUND Edwards Chert
&& trade of edwards chert outward from central texas also occurred.
FOUND Edwards Chert
&& trade of edwards chert outward from central texas also occurred.
FOUND Toyah
$$ 1962) in the 1950s and 1960s identified the austin phase as stratigraphically predating the toyah phase.
FOUND Toyah
$$ clear distinction between austin and toyah stratigraphy at blum and kyle allowed jelks to define material culture assemblages unique to each phase.
FOUND Toyah
$$ 1962) in the 1950s and 1960s identified the austin phase as stratigraphically predating the toyah phase.
FOUND Toyah
$$ clear distinction between austin and toyah stratigraphy at blum and kyle allowed jelks to define material culture assemblages unique to each phase.
FOUND Early Archaic
$$  and c. dodt-ellis 1990 excavations at camp pearl wheat (41kr243): an early archaic campsite on town creek
FOUND Paleoindian
$$  and s. l. black 2003 pavo real (41bx52): a paleoindian and archaic camp and workshop on the balcones escarpment
FOUND Archaic
$$  and s. l. black 2003 pavo real (41bx52): a  and archaic camp and workshop on the balcones escarpment
FOUND Toyah
$$  and t. b. griffith 2001 perspective on the toyah: data recovery investigations of 41tv441.
