FOUND Historic
$$ no historic structures were observed within the project footprint or within the vicinity of the project area.
FOUND Paleoindian
$$  one paleoindian site
FOUND Paleoindian
$$ this bison kill site has provided insight into paleoindian foodways (turpin et al.
FOUND Paleoindian
$$  the paleoindian people began to shift focus.
FOUND Archaic
$$ archaic sites in reagan county include 41rg13
FOUND Late Prehistoric
$$ late prehistoric (1
FOUND Archaic
$$ archaic sites in reagan county include 41rg13
FOUND Late Prehistoric
$$ late prehistoric (1
FOUND Archaic
$$ archaic sites in reagan county include 41rg13
FOUND Late Prehistoric
$$ late prehistoric (1
