FOUND Prehistoric
$$ trenching at site 41tv410 led to the discovery of a deeply buried prehistoric component
FOUND Prehistoric
$$ trenching at site 41tv410 led to the discovery of a deeply buried prehistoric component
FOUND Prehistoric
$$ trenching at site 41tv410 led to the discovery of a deeply buried prehistoric component
FOUND Prehistoric
$$ trenching at site 41tv410 led to the discovery of a deeply buried prehistoric component
FOUND Prehistoric
$$ trenching at site 41tv410 led to the discovery of a deeply buried prehistoric component
FOUND Prehistoric
$$ trenching at site 41tv410 led to the discovery of a deeply buried prehistoric component
FOUND Prehistoric
$$ trenching at site 41tv410 led to the discovery of a deeply buried prehistoric component
FOUND Prehistoric
$$ trenching at site 41tv410 led to the discovery of a deeply buried prehistoric component
FOUND Prehistoric
$$ trenching at site 41tv410 led to the discovery of a deeply buried prehistoric component
FOUND Prehistoric
$$ trenching at site 41tv410 led to the discovery of a deeply buried prehistoric component
FOUND Prehistoric
$$ the site types included unknown prehistoric and archaic period lithic scatters
FOUND Archaic
$$ the site types included unknown  and archaic period lithic scatters
FOUND Prehistoric
$$ prehistoric site 41tv441 was determined nrhp eligible and 41tv217 may be part of 41tv441.
FOUND Prehistoric
$$ prehistoric site 41tv441 was determined nrhp eligible and 41tv217 may be part of 41tv441.
FOUND Prehistoric
$$ prehistoric site 41tv441 was determined nrhp eligible and 41tv217 may be part of 41tv441.
FOUND Prehistoric
$$ prehistoric site 41tv441 was determined nrhp eligible and 41tv217 may be part of 41tv441.
FOUND Prehistoric
$$ prehistoric site 41tv441 was determined nrhp eligible and 41tv217 may be part of 41tv441.
FOUND Prehistoric
$$ prehistoric site 41tv441 was determined nrhp eligible and 41tv217 may be part of 41tv441.
FOUND Prehistoric
$$ prehistoric site 41tv441 was determined nrhp eligible and 41tv217 may be part of 41tv441.
FOUND Prehistoric
$$ prehistoric site 41tv441 was determined nrhp eligible and 41tv217 may be part of 41tv441.
FOUND Prehistoric
$$ prehistoric site 41tv441 was determined nrhp eligible and 41tv217 may be part of 41tv441.
FOUND Prehistoric
$$ prehistoric site 41tv441 was determined nrhp eligible and 41tv217 may be part of 41tv441.
FOUND Prehistoric
$$ prehistoric site 41tv441 was determined nrhp eligible and 41tv217 may be part of 41tv441.
FOUND Prehistoric
$$ prehistoric sites 41tv457 and 41tv2351
FOUND Historic
$$  as well as the multicomponent site 41tv456 and historic site 41tv2346
FOUND Prehistoric
$$ prehistoric sites 41tv457 and 41tv2351
FOUND Historic
$$  as well as the multicomponent site 41tv456 and historic site 41tv2346
FOUND Prehistoric
$$ prehistoric sites 41tv457 and 41tv2351
FOUND Historic
$$  as well as the multicomponent site 41tv456 and historic site 41tv2346
FOUND Prehistoric
$$ prehistoric sites 41tv457 and 41tv2351
FOUND Historic
$$  as well as the multicomponent site 41tv456 and historic site 41tv2346
FOUND Prehistoric
$$ prehistoric sites 41tv457 and 41tv2351
FOUND Historic
$$  as well as the multicomponent site 41tv456 and historic site 41tv2346
FOUND Prehistoric
$$ prehistoric sites 41tv457 and 41tv2351
FOUND Historic
$$  as well as the multicomponent site 41tv456 and historic site 41tv2346
FOUND Prehistoric
$$ prehistoric sites 41tv457 and 41tv2351
FOUND Historic
$$  as well as the multicomponent site 41tv456 and historic site 41tv2346
FOUND Prehistoric
$$ prehistoric sites 41tv457 and 41tv2351
FOUND Historic
$$  as well as the multicomponent site 41tv456 and historic site 41tv2346
FOUND Prehistoric
$$ prehistoric sites 41tv457 and 41tv2351
FOUND Historic
$$  as well as the multicomponent site 41tv456 and historic site 41tv2346
FOUND Prehistoric
$$ prehistoric sites 41tv457 and 41tv2351
FOUND Historic
$$  as well as the multicomponent site 41tv456 and historic site 41tv2346
FOUND Prehistoric
$$ prehistoric sites 41tv457 and 41tv2351
FOUND Historic
$$  as well as the multicomponent site 41tv456 and historic site 41tv2346
FOUND Historic
$$  a historic artifact scatter
FOUND Prehistoric
$$  a prehistoric artifact scatter
FOUND Prehistoric
$$ 41tv419 was recorded as a very light prehistoric lithic scatter with minor amounts of fire cracked
FOUND Prehistoric
$$ 41tv419 was recorded as a very light prehistoric lithic scatter with minor amounts of fire cracked rock; it is located on a terrace edge overlooking onion creek.
FOUND Prehistoric
$$ 41tv1988 was recorded as a prehistoric open camp located in an open field; the assemblage included three bifaces
FOUND Prehistoric
$$  a prehistoric open camp and historic trash scatter
FOUND Historic
$$  a  open camp and historic trash scatter
FOUND Prehistoric
$$  a prehistoric open camp and historic trash scatter
FOUND Historic
$$  a  open camp and historic trash scatter
FOUND Historic
$$  historic ceramics
FOUND Prehistoric
$$  a buried prehistoric open camp
FOUND Prehistoric
$$  the site appears to contain a buried intact prehistoric component with potential for deep deposits.
FOUND Prehistoric
$$  a prehistoric open camp and historic residential area
FOUND Historic
$$  a  open camp and historic residential area
FOUND Historic
$$ the historic materials included brick
FOUND Prehistoric
$$ the prehistoric lithic assemblage
FOUND Historic
$$  a historic scatter located on the edge of a hilltop overlooking onion creek to the northwest
FOUND Prehistoric
$$  a prehistoric archaic period open camp was determined nrhp eligible and subjected to a data recovery/mitigation.
FOUND Archaic
$$  a  archaic period open camp was determined nrhp eligible and subjected to a data recovery/mitigation.
FOUND Prehistoric
$$  a prehistoric archaic period open camp was determined nrhp eligible and subjected to a data recovery/mitigation.
FOUND Archaic
$$  a  archaic period open camp was determined nrhp eligible and subjected to a data recovery/mitigation.
FOUND Prehistoric
$$  a widely scattered prehistoric lithic scatter and historic trash scatter
FOUND Historic
$$  a widely scattered  lithic scatter and historic trash scatter
FOUND Prehistoric
$$  a buried prehistoric open camp
FOUND Toyah
$$ it is described as a toyah period occupation with extensive lithic debitage
FOUND Prehistoric
$$  a prehistoric quarry/procurement area
FOUND Prehistoric
$$  a prehistoric open camp
FOUND Prehistoric
$$  a prehistoric open camp
FOUND Late Archaic
$$  a prehistoric late archaic open campsite and historic scatter
FOUND Prehistoric
$$  a prehistoric  open campsite and historic scatter
FOUND Historic
$$  a   open campsite and historic scatter
FOUND Late Archaic
$$  a prehistoric late archaic open campsite and historic scatter
FOUND Prehistoric
$$  a prehistoric  open campsite and historic scatter
FOUND Historic
$$  a   open campsite and historic scatter
FOUND Historic
$$ the historic component consists of traces of a historic structure
FOUND Prehistoric
$$ the prehistoric component
FOUND Prehistoric
$$  a buried prehistoric open camp
FOUND Toyah
$$ it is described as a toyah period occupation with extensive lithic debitage
FOUND Prehistoric
$$  a prehistoric open camp
FOUND Prehistoric
$$ 41tv540 is a very large prehistoric open camp on an old terrace of onion creek.
FOUND Prehistoric
$$ site types include prehistoric open camps
FOUND Historic
$$  and isolated finds; as well as historic farmsteads
FOUND Historic
$$  artifact scatters and historic indian bison kill sites three sites (41tv540
FOUND Prehistoric
$$ site types include prehistoric open camps
FOUND Historic
$$  and isolated finds; as well as historic farmsteads
FOUND Historic
$$  artifact scatters and historic indian bison kill sites three sites (41tv540
FOUND Prehistoric
$$ site types include prehistoric open camps
FOUND Historic
$$  and isolated finds; as well as historic farmsteads
FOUND Historic
$$  artifact scatters and historic indian bison kill sites three sites (41tv540
FOUND Prehistoric
$$  a prehistoric open camp
FOUND Prehistoric
$$  a prehistoric open camp
FOUND Prehistoric
$$  a prehistoric open camp
FOUND Prehistoric
$$ site 41tv540 is a very large prehistoric open camp on an old terrace of onion creek.
FOUND Prehistoric
$$ site 41tv540 is a very large prehistoric open camp on an old terrace of onion creek.
