FOUND Paleo-Indian period
$$ this is a deeply stratified site along elm creek containing artifacts dating to the paleo-indian period (leighton 1936; ray 1940
FOUND Historic Period
$$  a stratified site with archaeological remains dating from paleo-indian through the historic period (bryan and ray 1938; ray 1930
FOUND Prehistoric
$$ the majority of known prehistoric sites in the area date to the archaic period.
FOUND Archaic
$$ the majority of known  sites in the area date to the archaic period.
FOUND Historic
$$ two known historic indian sites in the area are 41ta29 (iron arrow point) (sayles 1935) and 41ta111 where a burial was found in a rock crevice with glass beads (sayles 1935).
FOUND Historic
$$ two known historic indian sites in the area are 41ta29 (iron arrow point) (sayles 1935) and 41ta111 where a burial was found in a rock crevice with glass beads (sayles 1935).
FOUND Historic Period
$$ the historic period is represented by a wide variety of sites.
FOUND Historic Period
$$ the historic period is represented by a wide variety of sites.
FOUND Historic Period
$$ the historic period is represented by a wide variety of sites.
FOUND Historic Period
$$ the historic period is represented by a wide variety of sites.
FOUND Historic Period
$$ the historic period is represented by a wide variety of sites.
FOUND Historic
$$ many historic sites in rural areas are reminders of ranching activities in an area where cattle was the major
FOUND Prehistoric
$$ 14 prehistoric sites 41rn234 – 41rn236 were photographed and assigned field numbers.
FOUND Prehistoric
$$ 14 prehistoric sites 41rn234 – 41rn236 were photographed and assigned field numbers.
FOUND Prehistoric
$$ three prehistoric sites (41rn234 – 41rn236) were located.
FOUND Prehistoric
$$ three prehistoric sites (41rn234 – 41rn236) were located.
FOUND Prehistoric
$$ 41rn234 this is a lithic procurement site in north runnels county where local chert cobbles were tested by prehistoric groups for use in the manufacture of stone tools.
FOUND Prehistoric
$$ 41rn235 this is a lithic procurement site in north runnels county where local chert cobbles were tested by prehistoric groups for use in the manufacture of stone tools).
FOUND Prehistoric
$$ 41rn236 this is a lithic procurement site in north runnels county where local chert cobbles were tested by prehistoric groups for use in the manufacture of stone tools.
FOUND Prehistoric
$$ prehistoric groups visited these areas and tested the cobbles for their potential to manufacture
FOUND Prehistoric
$$ prehistoric groups visited these areas and tested the cobbles for their potential to manufacture
