FOUND Prehistoric
$$  a prehistoric structure and prehistoric lithic procurement area
FOUND Prehistoric
$$ one historic rectangular 3-walled structure was built into the hillside; prehistoric lithic debitage and historic
FOUND Historic
$$ one historic rectangular 3-walled structure was built into the hillside;  lithic debitage and historic
FOUND Prehistoric
$$  a prehistoric open camp and historic scatter
FOUND Historic
$$  a  open camp and historic scatter
FOUND Prehistoric
$$ the prehistoric component consists of widely scattered lithic debitage (50 to 75 pieces)
FOUND Late Archaic
$$  1 late archaic dart point (ensor-like)
FOUND Prehistoric
$$  a prehistoric open camp and historic scatter
FOUND Historic
$$  a  open camp and historic scatter
FOUND Prehistoric
$$ the prehistoric component consists of widely scattered lithic debitage (50 to 75 pieces)
FOUND Late Archaic
$$  1 late archaic dart point (ensor-like)
FOUND Archaic
$$  and 1 untyped archaic dart point fragment (atlas 2018).
FOUND Historic
$$ the historic component consists of a dense scatter of
FOUND Prehistoric
$$  a prehistoric open camp
FOUND Prehistoric
$$  a prehistoric open camp
FOUND Prehistoric
$$ site 41tv1904 is a prehistoric lithic scatter of debitage
FOUND Prehistoric
$$ site 41tv1904 is a prehistoric lithic scatter of debitage
FOUND Prehistoric
$$ site 41tv1904 is a prehistoric lithic scatter of debitage
FOUND Prehistoric
$$ site 41tv1904 is a prehistoric lithic scatter of debitage
FOUND Prehistoric
$$ site 41tv1904 is a prehistoric lithic scatter of debitage
FOUND Prehistoric
$$ site 41tv1904 is a prehistoric lithic scatter of debitage
FOUND Historic
$$  a historic limestone rock wall
FOUND Prehistoric
$$  a prehistoric lithic scatter of debitage and cores
FOUND Prehistoric
$$ one prehistoric site
FOUND Historic
$$  1 edge-modified flake) and a scatter of historic trash (metal fragments
FOUND Prehistoric
$$  a prehistoric open camp
FOUND Prehistoric
$$ two prehistoric lithic procurement sites
FOUND Prehistoric
$$ two prehistoric lithic procurement sites
