FOUND Edwards Point
&&  an excavation of a burial just north of san antonio (41bx952) revealed an edwards point between two lumbar vertebra (meissner 1991).
FOUND Late Prehistoric
$$ collins (1995:table 2) recognizes eight central texas sites with high integrity late prehistoric components resting on stable landforms:
FOUND Late Prehistoric
$$ collins (1995:table 2) recognizes eight central texas sites with high integrity late prehistoric components resting on stable landforms: loeve-fox
FOUND Prehistoric
$$ little professional archaeology was conducted in the county until southern methodist university tested four possible prehistoric quarry sites on the willow creek watershed in the northeast portion of the county in the mid 1970s (banks and bagot 1975).
FOUND Toyah
$$ the site held a toyah complex assemblage consisting of at least five slab-lined hearths
FOUND Historic
$$  and the last was a historical farmstead.
FOUND Late Archaic
$$  and perhaps middle to late archaic found during a survey for the proposed rio vista sewer main
FOUND Late Archaic
$$  and perhaps middle to late archaic found during a survey for the proposed rio vista sewer main
FOUND Late Archaic
$$  and perhaps middle to late archaic found during a survey for the proposed rio vista sewer main
FOUND Late Archaic
$$  and perhaps middle to late archaic found during a survey for the proposed rio vista sewer main
FOUND Late Archaic
$$  and perhaps middle to late archaic found during a survey for the proposed rio vista sewer main
FOUND Late Prehistoric
$$ twenty identifiable late prehistoric arrow points were recovered
FOUND Late Prehistoric
$$ twenty identifiable late prehistoric arrow points were recovered
FOUND Late Prehistoric
$$ twenty identifiable late prehistoric arrow points were recovered
FOUND Late Prehistoric
$$ 41tg347 is believed to be a possible late prehistoric campsite with hearth clusters and a few manuports.
FOUND Late Prehistoric
$$ 41tg347 is believed to be a possible late prehistoric campsite with hearth clusters and a few manuports.
FOUND Archaic
$$ 41tg309 appears to be an archaic open occupation site.
FOUND Archaic
$$ 41tg309 appears to be an archaic open occupation site.
FOUND Archaic
$$ 41tg309 appears to be an archaic open occupation site.
FOUND Archaic
$$ 41tg309 appears to be an archaic open occupation site.
FOUND Paleoindian
$$ in proboscidian and paleoindian interactions
FOUND Historic
$$ in the fort sam hosuton project: an archaeological and historical assessment
FOUND Historic
$$ in the fort sam hosuton project: an archaeological and historical assessment
FOUND Historic
$$ in the fort sam hosuton project: an archaeological and historical assessment
FOUND Early Archaic
$$  and j. t. abbott 1996 early archaic use of the concho river terraces: cultural resource investigations at 41tg307 and 41tg309
FOUND Early Archaic
$$  and j. t. abbott 1996 early archaic use of the concho river terraces: cultural resource investigations at 41tg307 and 41tg309
