FOUND Prehistoric
$$ one prehistoric site (41ke10) had been recorded at this locale in 1969.
FOUND Prehistoric
$$  6 additional prehistoric sites were found (41ke191-196).
FOUND Prehistoric
$$  6 additional prehistoric sites were found (41ke191-196).
FOUND Prehistoric
$$  a buried prehistoric site of archaic age
FOUND Archaic
$$  a buried  site of archaic age
FOUND Prehistoric
$$  a buried prehistoric site of archaic age
FOUND Archaic
$$  a buried  site of archaic age
FOUND Prehistoric
$$ prehistoric sites were found (41ke191-196).
FOUND Prehistoric
$$  a buried prehistoric site of archaic age
FOUND Archaic
$$  a buried  site of archaic age
FOUND Late Archaic
$$  dating largely to middle and late archaic times.
FOUND Archaic
$$ other archaic site types include lithic procurement areas
FOUND Archaic
$$ other archaic site types include lithic procurement areas (where flint cobbles eroded out of the edwards limestone and were processed)
FOUND Late Archaic
$$ dart points of the late archaic were found (castroville and marcos types; see turner and hester 1993).
FOUND Late Prehistoric
$$ the artifact sample collected by fawcett indicates that the occupations in the site area span a timeframe from perhaps as early as early archaic to late prehistoric.
FOUND Early Archaic
$$ the artifact sample collected by fawcett indicates that the occupations in the site area span a timeframe from perhaps as early as early archaic to .
FOUND Late Archaic
$$ the most dense period of occupation based on the temporally diagnostic projectile point styles (pedernales, castroville, montell, and frio), however, appears to have been in the late archaic.
FOUND Late Prehistoric
$$ the artifact sample collected by fawcett indicates that the occupations in the site area span a timeframe from perhaps as early as early archaic to late prehistoric.
FOUND Early Archaic
$$ the artifact sample collected by fawcett indicates that the occupations in the site area span a timeframe from perhaps as early as early archaic to .
FOUND Late Archaic
$$ the most dense period of occupation based on the temporally diagnostic projectile point styles (pedernales, castroville, montell, and frio), however, appears to have been in the late archaic.
FOUND Late Prehistoric
$$  contained large number of perdiz points of the late prehistoric era.
FOUND Late Prehistoric
$$  contained large number of perdiz points of the late prehistoric era.
FOUND Prehistoric
$$ site 41ke191 is a very unusual site in that it consists of at least 21 rock cairns that are presumed to be prehistoric burial locations.
FOUND Prehistoric
$$ site 41ke191 is a very unusual site in that it consists of at least 21 rock cairns that are presumed to be prehistoric burial locations.
FOUND Historic
$$ will all be determined by the texas historical
FOUND Frio Point
&&  wide-based frio point recovered from profile of bht#8 at 41ke10; b
FOUND Frio Point
&&  wide-based frio point recovered from profile of bht#8 at 41ke10; b
FOUND Martindale Point
&& view of site js-6 (41ke195) showing exposed bedrock (left) and martindale point base and biface fragment observed (right).
