FOUND Prehistoric
$$ the survey defined 12 newly recorded sites (41ta296 to 41ta307)—10 prehistoric and 2 with both prehistoric and historic components.
FOUND Historic
$$ the survey defined 12 newly recorded sites (41ta296 to 41ta307)—10  and 2 with both  and historic components.
FOUND Prehistoric
$$ the survey defined 12 newly recorded sites (41ta296 to 41ta307)—10 prehistoric and 2 with both prehistoric and historic components.
FOUND Historic
$$ the survey defined 12 newly recorded sites (41ta296 to 41ta307)—10  and 2 with both  and historic components.
FOUND Prehistoric
$$  41ta296 to 41ta307 all 12 are prehistoric
FOUND Historic
$$  with 2 also possessing historic components.
FOUND Prehistoric
$$  41ta296 to 41ta307 all 12 are prehistoric
FOUND Historic
$$  with 2 also possessing historic components.
FOUND Late Prehistoric
$$ late prehistoric arrow points
FOUND Late Archaic
$$  probable middle or late archaic
FOUND Prehistoric
$$ site 41ta296 site 41ta296 represents a prehistoric lithic scatter.
FOUND Prehistoric
$$  site 41ta296 site 41ta296 represents a prehistoric lithic scatter.
FOUND Prehistoric
$$ site 41ta296 likely represents a prehistoric campsite benefitting from both relative proximity to water and abundant nearby chert resources.
FOUND Prehistoric
$$ site 41ta296 likely represents a prehistoric campsite benefitting from both relative proximity to water and abundant nearby chert resources.
FOUND Prehistoric
$$ site 41ta297 site 41ta297 is a prehistoric lithic scatter located on a narrow low rise formed by the confluence of two intermittent drainages; consequently, this area is considered an hpa.
FOUND Prehistoric
$$ site 41ta297 site 41ta297 is a prehistoric lithic scatter located on a narrow low rise formed by the confluence of two intermittent drainages; consequently, this area is considered an hpa.
FOUND Prehistoric
$$ site 41ta298 site 41ta298 is a prehistoric site located on a low hilltop formed by the confluence of bluff creek 150 m (492 ft) to the southwest and an intermittent feeder 150 m (492 ft) to the east.
FOUND Prehistoric
$$  site 41ta298 site 41ta298 is a prehistoric site located on a low hilltop formed by the confluence of bluff creek 150 m (492 ft) to the southwest and an intermittent feeder 150 m (492 ft) to the east.
FOUND Late Prehistoric
$$  beveled knives tend to be associated with toolkits of the late prehistoric period (turner and hester 1999:274)
FOUND Prehistoric
$$ site 41ta299 site 41ta299 is a prehistoric lithic quarry situated across successive narrow limestone shelves at the top of an upland ridge.
FOUND Prehistoric
$$  site 41ta299 site 41ta299 is a prehistoric lithic quarry situated across successive narrow limestone shelves at the top of an upland ridge.
FOUND Prehistoric
$$ site 41ta300 site 41ta300 is a prehistoric site located on a gentle slope at the base of an upland ridge
FOUND Prehistoric
$$  site 41ta300 site 41ta300 is a prehistoric site located on a gentle slope at the base of an upland ridge
FOUND Prehistoric
$$ site 41ta301 site 41ta301 represents a prehistoric lithic scatter located at the confluence of two intermittent
FOUND Prehistoric
$$ site 41ta301 site 41ta301 represents a prehistoric lithic scatter located at the confluence of two intermittent drainages incised into the surrounding ridges (figure 13).
FOUND Prehistoric
$$ site 41ta301 site 41ta301 represents a prehistoric lithic scatter located at the confluence of two intermittent drainages incised into the surrounding ridges (figure 13).
FOUND Prehistoric
$$ site 41ta302 site 41ta302 represents a prehistoric lithic procurement area.
FOUND Prehistoric
$$ site 41ta302 site 41ta302 represents a prehistoric lithic procurement area.
FOUND Historic
$$ site 41ta303 site 41ta303 consists of a lithic scatter found in and among historic refuse.
FOUND Historic
$$  site 41ta303 site 41ta303 consists of a lithic scatter found in and among historic refuse.
FOUND Prehistoric
$$ site 41ta304 site 41ta304 is a prehistoric lithic scatter located on the northeastern bank of spring creek within a level plowed field.
FOUND Prehistoric
$$  site 41ta304 site 41ta304 is a prehistoric lithic scatter located on the northeastern bank of spring creek within a level plowed field.
FOUND Prehistoric
$$ representative lithic artifacts from site 41ta304 site 41ta305 site 41ta305 is a small prehistoric site situated on the eastern edge of an abandoned channel
FOUND Prehistoric
$$ site 41ta305 site 41ta305 is a small prehistoric site situated on the eastern edge of an abandoned channel within the floodplain of valley and spring creeks.
FOUND Prehistoric
$$ site 41ta305 site 41ta305 is a small prehistoric site situated on the eastern edge of an abandoned channel within the floodplain of valley and spring creeks.
FOUND Prehistoric
$$ site 41ta306 possessing both prehistoric and historic components
FOUND Historic
$$ site 41ta306 possessing both  and historic components
FOUND Prehistoric
$$ site 41ta306 possessing both prehistoric and historic components, site 41ta306 is situated immediately east of valley creek within the same plowed agricultural field as site 41ta305.
FOUND Historic
$$ site 41ta306 possessing both  and historic components, site 41ta306 is situated immediately east of valley creek within the same plowed agricultural field as site 41ta305.
FOUND Prehistoric
$$ site 41ta306 possessing both prehistoric and historic components, site 41ta306 is situated immediately east of valley creek within the same plowed agricultural field as site 41ta305.
FOUND Historic
$$ site 41ta306 possessing both  and historic components, site 41ta306 is situated immediately east of valley creek within the same plowed agricultural field as site 41ta305.
FOUND Prehistoric
$$  site 41ta306 possessing both prehistoric and historic components
FOUND Historic
$$  site 41ta306 possessing both  and historic components
FOUND Prehistoric
$$ homer laughlin maker’s mark on ironstone from site 41ta306 site 41ta307 site 41ta307 is a prehistoric site occupying a limestone bluff overlooking valley creek and its
FOUND Prehistoric
$$ site 41ta307 site 41ta307 is a prehistoric site occupying a limestone bluff overlooking valley creek and its floodplain; this area qualifies as an hpa.
FOUND Prehistoric
$$ site 41ta307 site 41ta307 is a prehistoric site occupying a limestone bluff overlooking valley creek and its floodplain; this area qualifies as an hpa.
FOUND Prehistoric
$$ the survey defined 10 prehistoric sites—41ta296–41ta302
FOUND Prehistoric
$$  and 41ta307— and 2 sites with both prehistoric and historic components—41ta303 and 41ta306.
FOUND Historic
$$  and 41ta307— and 2 sites with both  and historic components—41ta303 and 41ta306.
FOUND Prehistoric
$$ the survey defined 10 prehistoric sites—41ta296–41ta302
FOUND Prehistoric
$$  and 41ta307— and 2 sites with both prehistoric and historic components—41ta303 and 41ta306.
FOUND Historic
$$  and 41ta307— and 2 sites with both  and historic components—41ta303 and 41ta306.
FOUND Prehistoric
$$ the survey defined 10 prehistoric sites—41ta296–41ta302
FOUND Prehistoric
$$  and 41ta307— and 2 sites with both prehistoric and historic components—41ta303 and 41ta306.
FOUND Historic
$$  and 41ta307— and 2 sites with both  and historic components—41ta303 and 41ta306.
FOUND Prehistoric
$$ the survey defined 10 prehistoric sites—41ta296–41ta302
FOUND Prehistoric
$$  and 41ta307— and 2 sites with both prehistoric and historic components—41ta303 and 41ta306.
FOUND Historic
$$  and 41ta307— and 2 sites with both  and historic components—41ta303 and 41ta306.
FOUND Prehistoric
$$ the survey defined 10 prehistoric sites—41ta296–41ta302
FOUND Prehistoric
$$  and 41ta307— and 2 sites with both prehistoric and historic components—41ta303 and 41ta306.
FOUND Historic
$$  and 41ta307— and 2 sites with both  and historic components—41ta303 and 41ta306.
FOUND Prehistoric
$$ the survey defined 10 prehistoric sites—41ta296–41ta302
FOUND Prehistoric
$$  and 41ta307— and 2 sites with both prehistoric and historic components—41ta303 and 41ta306.
FOUND Historic
$$  and 41ta307— and 2 sites with both  and historic components—41ta303 and 41ta306.
FOUND Prehistoric
$$ the survey defined 10 prehistoric sites—41ta296–41ta302
FOUND Prehistoric
$$  and 41ta307— and 2 sites with both prehistoric and historic components—41ta303 and 41ta306.
FOUND Historic
$$  and 41ta307— and 2 sites with both  and historic components—41ta303 and 41ta306.
FOUND Prehistoric
$$  the survey defined 10 prehistoric sites—41ta296–41ta302
FOUND Prehistoric
$$  and 41ta307— and 2 sites with both prehistoric and historic components—41ta303 and 41ta306.
FOUND Historic
$$  and 41ta307— and 2 sites with both  and historic components—41ta303 and 41ta306.
