FOUND Early Archaic
$$ + excavations at the camp pearl wheat site (41kr243) an early archaic campsite on town creek kerr county
FOUND Early Archaic
$$  it was clear that a new opportunity had presented itself in the continuing study of the early archaic.
FOUND Early Archaic
$$  two from the early archaic
FOUND Early Archaic
$$  the inclusion of buried archeological manifestations of the early archaic in these deposits
FOUND Middle Archaic
$$  and the presence of middle archaic middens on the surface of the 4-6 meter terrace (site 41kr469) suggest an early holocene age for the valley fill.
FOUND Prehistoric
$$ cultural the excavations at 41kr243 revealed the presence of two stratified prehistoric cultural components within zones v and vi.
FOUND Early Archaic Period
$$ summary the investigations at 41kr243 indicated the presence of two cultural components; an earlier component attributable to the early archaic period and a later
FOUND Late Archaic
$$  but possibly late archaic
FOUND Early Archaic
$$ most of the specimens appear to be dart point types associated with the early archaic
FOUND Martindale Dart
&& martindale dart point
FOUND Early Archaic
$$ samples for anthrosolic phosphate analysis were collected from each i-meter grid point over the entire site at the level of the early archaic component
