FOUND Prehistoric
$$ evidence was found that previously recorded prehistoric site 41wm145 extends into the proposed project easement.
FOUND Late Archaic
$$ indicating late archaic occupation.
FOUND Prehistoric
$$  a prehistoric and historic artifact scatter
FOUND Historic
$$  a  and historic artifact scatter
FOUND Prehistoric
$$  a prehistoric and historic artifact scatter
FOUND Historic
$$  a  and historic artifact scatter
FOUND Prehistoric
$$  a prehistoric and historic artifact scatter
FOUND Historic
$$  a  and historic artifact scatter
FOUND Prehistoric
$$ evidence of one previously recorded prehistoric site
FOUND Prehistoric
$$  evidence of the previously recorded prehistoric site 41wm145 was encountered within the ape.
FOUND Historic
$$  a group of four historic ceramic sherds was found.
FOUND Prehistoric
$$ the current landowners noted that they regularly find prehistoric artifacts on the property.
