FOUND Clear Fork 
$$  whitetai i deer ranged from a low of 4.2% in the clear fork horizon at 41wm73 up to 46.0% in the san marcos component at 41wm124
FOUND San Marcos 
$$  whitetai i deer ranged from a low of 4.2% in the horizon at 41wm73 up to 46.0% in the san marcos component at 41wm124
FOUND Clear Fork 
$$  whitetai i deer ranged from a low of 4.2% in the clear fork horizon at 41wm73 up to 46.0% in the san marcos component at 41wm124
FOUND San Marcos 
$$  whitetai i deer ranged from a low of 4.2% in the horizon at 41wm73 up to 46.0% in the san marcos component at 41wm124
FOUND Late Prehistoric
$$  turtle elements ranged from barely 0.5% of the total in the late prehistoric cultural strata at 41wm230 to more than 20% in the clear fork component at 41wm56 and the mixed clear fork and round rock component in area b of 41wm73.
FOUND Clear Fork 
$$  turtle elements ranged from barely 0.5% of the total in the  cultural strata at 41wm230 to more than 20% in the clear fork component at 41wm56 and the mixed clear fork and round rock component in area b of 41wm73.
FOUND Round Rock 
$$  turtle elements ranged from barely 0.5% of the total in the  cultural strata at 41wm230 to more than 20% in the component at 41wm56 and the mixed and round rock component in area b of 41wm73.
FOUND Late Prehistoric
$$  turtle elements ranged from barely 0.5% of the total in the late prehistoric cultural strata at 41wm230 to more than 20% in the clear fork component at 41wm56 and the mixed clear fork and round rock component in area b of 41wm73.
FOUND Clear Fork 
$$  turtle elements ranged from barely 0.5% of the total in the  cultural strata at 41wm230 to more than 20% in the clear fork component at 41wm56 and the mixed clear fork and round rock component in area b of 41wm73.
FOUND Round Rock 
$$  turtle elements ranged from barely 0.5% of the total in the  cultural strata at 41wm230 to more than 20% in the component at 41wm56 and the mixed and round rock component in area b of 41wm73.
FOUND Late Prehistoric
$$  turtle elements ranged from barely 0.5% of the total in the late prehistoric cultural strata at 41wm230 to more than 20% in the clear fork component at 41wm56 and the mixed clear fork and round rock component in area b of 41wm73.
FOUND Clear Fork 
$$  turtle elements ranged from barely 0.5% of the total in the  cultural strata at 41wm230 to more than 20% in the clear fork component at 41wm56 and the mixed clear fork and round rock component in area b of 41wm73.
FOUND Round Rock 
$$  turtle elements ranged from barely 0.5% of the total in the  cultural strata at 41wm230 to more than 20% in the component at 41wm56 and the mixed and round rock component in area b of 41wm73.
