FOUND Historic
$$  41vv73 historic pictographs
FOUND Historic
$$  41vv73 historic pictographs
FOUND Infierno Phase
$$ artifacts of the infierno phase 112-113 e x a m p l e s of artifacts from the a r c h a i c period c a m p s i t e 
FOUND Historic
$$  the p o s s i b i l i t y that e v i d e n c e for a historic
FOUND Late Prehistoric
$$  these s o l i d red murals are dated to the late prehistoric period by the graphic a l l y d e p i c t e d bow and arrow.
FOUND Late Prehistoric
$$  these s o l i d red murals are dated to the late prehistoric period by the graphic a l l y d e p i c t e d bow and arrow.
FOUND Historic
$$ historic panel at 41vv77
FOUND Historic
$$ historic panel at 41vv77 40
FOUND Historic
$$  was s u b s e q u e n t l y destroyed by highway construction and one historic site
FOUND Historic
$$  was s u b s e q u e n t l y destroyed by highway construction and one historic site
FOUND Early Historic
$$  a feature of p r o b a b l e late p r e h i s t o r i c early historic age which l i e s o n the slope only a short
FOUND Early Historic
$$  a feature of p r o b a b l e late p r e h i s t o r i c early historic age which l i e s o n the slope only a short distance upstream.
FOUND Early Historic
$$  a feature of p r o b a b l e late p r e h i s t o r i c early historic age which l i e s o n the slope only a short distance upstream.
FOUND Historic
$$ historic feature - 41vv368 the r e m n a n t of the dam for w h i c h presa canyon was named is just w i t h i n the b o u n d a r i e s of the park.
FOUND Historic
$$ historic feature - 41vv368 the r e m n a n t of the dam for w h i c h presa canyon was named is just w i t h i n the b o u n d a r i e s of the park.
FOUND Prehistoric
$$ four continuous l o b e - l i k e alcoves under the rimrock show some evidence of prehistoric occupation.
FOUND Prehistoric
$$ four continuous l o b e - l i k e alcoves under the rimrock show some evidence of prehistoric occupation.
FOUND Prehistoric
$$ four continuous l o b e - l i k e alcoves under the rimrock show some evidence of prehistoric occupation.
FOUND Prehistoric
$$ four continuous l o b e - l i k e alcoves under the rimrock show some evidence of prehistoric occupation.
FOUND Prehistoric
$$ four continuous l o b e - l i k e alcoves under the rimrock show some evidence of prehistoric occupation.
FOUND Historic
$$  and due to concentrated historic use of the s u r r o u n d i n g area
FOUND Historic
$$  and due to concentrated historic use of the s u r r o u n d i n g area
FOUND Historic
$$  and due to concentrated historic use of the s u r r o u n d i n g area
FOUND Prehistoric
$$  and the prehistoric component at the old saloon r u i n s 
FOUND Prehistoric
$$  and the prehistoric component at the old saloon r u i n s 
FOUND Prehistoric
$$  and the prehistoric component at the old saloon r u i n s 
FOUND Historic
$$ s p e c i m e n 1 came from the p r e h i s t o r i c c o m p o n e n t of historic site 41vv544
FOUND Historic
$$ s p e c i m e n 1 came from the p r e h i s t o r i c c o m p o n e n t of historic site 41vv544
FOUND Historic
$$ this site is a l r e a d y greatly disturbed by historic m o d i f i c a t i o n s .
FOUND Historic
$$ this site is a l r e a d y greatly disturbed by historic m o d i f i c a t i o n s .
FOUND Historic
$$ this site is a l r e a d y greatly disturbed by historic m o d i f i c a t i o n s .
FOUND Archaic
$$ only one produced a temporally-diagnostic artifact, an a-^magte dart p o i n t of m i d d l e archaic a f f i l i a t i o n , and its r e l a t i o n s h i p to the feature is u n d e m o n s t r a b l e .
FOUND Archaic
$$ examples of artifact forms from the archaic period camp site
FOUND Late Prehistoric
$$ area a is p r o b a b l y of late a r c h a i c o r i g i n ; area b is late prehistoric or early historic in a g e .
FOUND Early Historic
$$ area a is p r o b a b l y of late a r c h a i c o r i g i n ; area b is  or early historic in a g e .
FOUND Historic
$$ historic sites (8) the e i g h t e u r o - a m e r i c a n sites recorded in the park are
FOUND Historic
$$ a s m a l l historic hearth is under the old telegraph l i n e .
FOUND Prehistoric
$$ this site is directly above and between 41vv72 to the east and 41vv397, the collapsed w i n d m i l l , to the west, and is only 60 m. south of a prehistoric site, 41vv395.
FOUND Historic
$$ the historic component contains artifacts s i m i l a r to those found on the east bank of s e m i n o l e canyon at 41vv375 tin cans, a flattened tin canteen, fragments of hand-blown bottles, m i l k g l a s s , earthenware, a n d some u n i q u e i t e m s : a metal heel tap with a cut-out heart design, a harmonica part, and a piece of a coffee g r i n d e r .
FOUND Prehistoric
$$  and is only 60 m. south of a prehistoric site
FOUND Historic
$$ the historic component contains artifacts s i m i l a r to
FOUND Prehistoric
$$  and is only 60 m. south of a prehistoric site
FOUND Historic
$$ the historic component contains artifacts s i m i l a r to
FOUND Prehistoric
$$  and is only 60 m. south of a prehistoric site
FOUND Historic
$$ the historic component contains artifacts s i m i l a r to those found on the east bank of s e m i n o l e canyon at 41vv375 tin cans
FOUND Historic
$$ the historic component contains artifacts s i m i l a r to those found on the east bank of s e m i n o l e canyon at 41vv375 tin cans
FOUND Historic
$$ the site would m a k e an informative a d d i t i o n to the w a l k i n g trail to the rio grande, and, as a stop on an interpretive trail, would contribute to the public's understanding of the historic era.
FOUND Infierno Phase
$$ cultural response as a d e t e r m i n a n t in site location the e v i d e n c e f r o m - s i t e s of the infierno phase suggests
FOUND Late Prehistoric
$$  d a t a b l e to the late prehistoric period.
FOUND Late Prehistoric
$$ evidence for the late prehistoric period occupation
FOUND Late Prehistoric
$$ evidence for the late prehistoric period occupation
FOUND Late Prehistoric
$$ the p o s s i b l y late prehistoric red linear style is found in fate b e l l amidst
FOUND Late Prehistoric
$$ the p o s s i b l y late prehistoric red linear style is found in fate b e l l amidst a p r o f u s i o n of pecos r i v e r style art.
FOUND Late Prehistoric
$$ the cairn d i s m a n t l e d at 41vv364 is d a t a b l e to the late prehistoric based on the recovery from the f i l l of a pe
FOUND Historic
$$  the historic rock art site.
FOUND Prehistoric
$$  the prehistoric component of 41vv544
FOUND Historic
$$ this open artifact scatter i n c l u d e s various articles of historic manufacture i n c l u d i n g a brass trigger guard from an a n t i q u e
FOUND Prehistoric
$$  the prehistoric component of 41vv544
FOUND Historic
$$ this open artifact scatter i n c l u d e s various articles of historic manufacture i n c l u d i n g a brass trigger guard from an a n t i q u e firearm w h i c h has been notched i n t o segments.
FOUND Late Archaic
$$  on the rim above l i e s the dense l i t h i c scatter recorded as 41vv407 w h i c h includes m i d d l e to late archaic dart point fragments
FOUND Prehistoric
$$ the p o t e n t i a l of s i m i l a r c o n s t r u c t i o n s at 41vv398 and 374 has been s e r i o u s l y d i m i n i s h e d by the extent of m o d e r n m o d i f i c a t i o n s to the s i t e areas; the d e s i g n a t i o n of 41vv398 as prehistoric is only tentative due to the i n t e n s i v e l a n d use of t h e area d u r i n g r a i l r o a d a n d s u b s e q u e n t c o n s t r u c t i o n .
FOUND Prehistoric
$$ the p o t e n t i a l of s i m i l a r c o n s t r u c t i o n s at 41vv398 and 374 has been s e r i o u s l y d i m i n i s h e d by the extent of m o d e r n m o d i f i c a t i o n s to the s i t e areas; the d e s i g n a t i o n of 41vv398 as prehistoric is only tentative due to the i n t e n s i v e l a n d use of t h e area d u r i n g r a i l r o a d a n d s u b s e q u e n t c o n s t r u c t i o n .
FOUND Prehistoric
$$ the p o t e n t i a l of s i m i l a r c o n s t r u c t i o n s at 41vv398 and 374 has been s e r i o u s l y d i m i n i s h e d by the extent of m o d e r n m o d i f i c a t i o n s to the s i t e areas; the d e s i g n a t i o n of 41vv398 as prehistoric is only tentative due to the i n t e n s i v e l a n d use of t h e area d u r i n g r a i l r o a d a n d s u b s e q u e n t c o n s t r u c t i o n .
FOUND Historic Period
$$ the s m a l l r e c t a n g u l a r c a i r n s of 41vv366 and 403 were p l a c e d in the prehistoric period because of the l i t h i c m a t e r i a l proximal to the former and because their construction is diss i m i l a r to known historic survey markers (emory 1857).
FOUND Historic
$$ the s m a l l r e c t a n g u l a r c a i r n s of 41vv366 and 403 were p l a c e d in the pre because of the l i t h i c m a t e r i a l proximal to the former and because their construction is diss i m i l a r to known historic survey markers (emory 1857).
FOUND Historic Period
$$ the s m a l l r e c t a n g u l a r c a i r n s of 41vv366 and 403 were p l a c e d in the prehistoric period because of the l i t h i c m a t e r i a l proximal to the former and because their construction is diss i m i l a r to known historic survey markers (emory 1857).
FOUND Historic
$$ the s m a l l r e c t a n g u l a r c a i r n s of 41vv366 and 403 were p l a c e d in the pre because of the l i t h i c m a t e r i a l proximal to the former and because their construction is diss i m i l a r to known historic survey markers (emory 1857).
FOUND Historic Period
$$ the s m a l l r e c t a n g u l a r c a i r n s of 41vv366 and 403 were p l a c e d in the prehistoric period because of the l i t h i c m a t e r i a l proximal to the former and because their construction is diss i m i l a r to known historic survey markers (emory 1857).
FOUND Historic
$$ the s m a l l r e c t a n g u l a r c a i r n s of 41vv366 and 403 were p l a c e d in the pre because of the l i t h i c m a t e r i a l proximal to the former and because their construction is diss i m i l a r to known historic survey markers (emory 1857).
FOUND Prehistoric
$$  and on the o b s e r v a b l e q u a n t i t y of historic and prehistoric d e b r i s .
FOUND Historic
$$  and on the o b s e r v a b l e q u a n t i t y of historic and  d e b r i s .
FOUND Prehistoric
$$  prehistoric and h i s t o r i c 
FOUND Prehistoric
$$  prehistoric and h i s t o r i c 
