FOUND Archaic
$$ the archaic of central texas .............. 
FOUND Paleoindian
$$ ......................... overview of paleoindian and archaic cultural components at 41bx52 .
FOUND Archaic
$$ ......................... overview of  and archaic cultural components at 41bx52 .
FOUND Prehistoric
$$ archeological investigations at the site documented prehistoric cultural remains stratified in geologic deposits comprising part of the fill of leon creek valley.
FOUND Paleoindian period
$$ a critical aspect of the paleoindian period at 41bx52 is the question of why artifacts apparently of folsom and clovis affinities are found together.
FOUND Early Paleoindian
$$ txdot investigations revealed at least four cultural components at 41bx52: early paleoindian and early
FOUND Late Archaic
$$  and late archaic.
FOUND Paleoindian
$$  the paleoindian deposit occurred 50 to 70 em below surface
FOUND Paleoindian
$$  paleoindian features four paleo indian features were encountered at 41bx52.
FOUND Paleoindian
$$  the documentation for paleoindian features is much more detailed than that of the archaic features
FOUND Archaic
$$  the documentation for  features is much more detailed than that of the archaic features
FOUND Paleoindian
$$  the value of the charcoal samples for dating the paleoindian component of 41bx52 is very limited.
FOUND Paleoindian
$$  evidence of the earliest paleoindian stage (i.e.
FOUND Paleoindian
$$  before focusing on some of the current paleoindian research concerns
FOUND Early Archaic
$$ of particular relevance to 41bx52 is a proposcd refinement of early archaic chronology.
FOUND Early Archaic
$$ data pertinent to this issue may be forthcoming from the present study if the early archaic materials from 41bx52 (which contain bell/andice as well as other diagnostics of the period) can be judged to derive from well-stratified and secure contexts.
FOUND Archaic
$$  the central texas archaic continues to be the focus of a variety of studies.
FOUND Paleoindian
$$ overview of paleoindian and archaic cultural components at 41bx52 evidence recovered from 41 bx52 indicates occupations occurred there intermittently throughout much of the local prehistory.
FOUND Archaic
$$ overview of  and archaic cultural components at 41bx52 evidence recovered from 41 bx52 indicates occupations occurred there intermittently throughout much of the local prehistory.
FOUND Paleoindian
$$  almost all of the paleoindian materials from 41bx52 were recovered from a discrete component averaging 15 to 20 cm in thickness and occurring at a level approximately 50 to 70 cm below ground surface (henderson and goode 1991).
FOUND Archaic
$$  the archaic component
FOUND Prehistoric
$$ while these issues generally are the frame of reference for most central texas prehistoric investigations
FOUND Paleoindian
$$  chronological issues and problems for both the archaic and paleoindian components have been identified.
FOUND Archaic
$$  chronological issues and problems for both the archaic and  components have been identified.
FOUND Paleoindian
$$  41bx52 holds potential to yield data relevant to one of the most critical issues in paleoindian studies
FOUND Clovis Point
&&  the single fact that there are lithic materials below a zone containing clovis points is not sufficient evidence
FOUND Paleoindian
$$ spatial analysis of the paleoindian features may provide further information relevant to site structure and formation processes at 41bx52.
FOUND Paleoindian
$$ because so little remains of the paleoindian features (particularly ff 1 and ff2)
FOUND Archaic
$$  archaic component the archaic at 41bx52 is represented by a relatively shallow deposit containing an admixture of artifacts accumulated during early
FOUND Archaic
$$  and late/transitional archaic periods.
FOUND Archaic
$$ each of these categories is considered below in regard to their applicability to the 17 archaic features from 41bx52.
FOUND Paleoindian
$$  limitations are inherent according to the cultural component (paleoindianlarchaic).
FOUND Archaic
$$  limitations are inherent according to the cultural component (larchaic).
FOUND Paleoindian
$$ numerous paleoindian (clovis and folsom) and archaic (early
FOUND Archaic
$$ numerous  (clovis and folsom) and archaic (early
FOUND Paleoindian
$$  limitations are inherent according to the cultural component (paleoindianlarchaic).
FOUND Archaic
$$  limitations are inherent according to the cultural component (larchaic).
FOUND Paleoindian
$$ numerous paleoindian (clovis and folsom) and archaic (early
FOUND Archaic
$$ numerous  (clovis and folsom) and archaic (early
FOUND Paleoindian
$$ the paleoindian materials from 41bx52 are well suited to assemblage level analysis as well as comparisons to other sites in regard to relative frequency of artifact forms
FOUND Paleoindian
$$ the lithic assemblage from 41bx52 (particularly the paleoindian) holds large potential for elucidating these problems.
FOUND Early Paleoindian
$$  concluding remarks and site significance pavo real (41bx52) is a stratified site with early paleoindian and archaic components present.
FOUND Archaic
$$  concluding remarks and site significance pavo real (41bx52) is a stratified site with  and archaic components present.
FOUND Early Archaic
$$  and cathy dodt-ellis 1990 excavations at the camp pearl wheat site (41kr243): an early archaic campsite on town creek
