FOUND Paleoindian period
$$ this site yielded abundant chipped stone remains linked to the paleoindian period.
FOUND Paleoindian
$$ a good example of the later paleoindian cultures has been found less than a mile from the survey area
FOUND Archaic
$$ this site also provides an excellent example of archaic occupations.
FOUND Archaic
$$  the archaic peoples were hunters and gatherers who exploited the resources of an essentially modern central texas environment.
FOUND Archaic
$$ archaic sites are marked by large numbers of projectile points (used on spears thrown with the atlatl or spear thrower; tennis 1996) and other tools
FOUND Late Prehistoric
$$  included archaic and late prehistoric points
FOUND Archaic
$$  included archaic and  points
FOUND Paleoindian
$$  and some possible paleoindian
FOUND Late Prehistoric
$$  included archaic and late prehistoric points
FOUND Archaic
$$  included archaic and  points
FOUND Paleoindian
$$  and some possible paleoindian
FOUND Late Prehistoric
$$  included archaic and late prehistoric points
FOUND Archaic
$$  included archaic and  points
FOUND Paleoindian
$$  and some possible paleoindian
FOUND Late Prehistoric
$$  included archaic and late prehistoric points
FOUND Archaic
$$  included archaic and  points
FOUND Paleoindian
$$  and some possible paleoindian specimens.
FOUND Archaic
$$ archaic artifacts had been found there.
FOUND Archaic
$$  the recorders felt it was archaic in age.
FOUND Paleoindian
$$ black 2003 pavo real (41bx52): a paleoindian and archaic camp and workshop on the balcones escarpment
FOUND Archaic
$$ black 2003 pavo real (41bx52): a  and archaic camp and workshop on the balcones escarpment
