FOUND Late Prehistoric
$$ the test excavations show that this portion of the 41ss178 terrace was occupied exclusively during the late prehistoric period.
FOUND Toyah
$$  and stone tools and bone-tempered sherds belonging to the toyah phase.
FOUND Toyah
$$  an emphasis on mussel harvesting can be inferred from the austin phase deposits while an increase in the consumption of large mammals such as bison can be inferred from the overlying toyah deposits.
FOUND Prehistoric
$$ site 41ss178 is one of several prehistoric campsites that were recorded during lcra‘s intensive cultural resources survey of the park (prikryl et
FOUND Prehistoric
$$  two backhoe trenches and 13 auger and shovel tests were excavated during the survey to demonstrate that buried prehistoric
FOUND Prehistoric
$$ prehistoric background by charles a. hixson
FOUND Prehistoric
$$  and 41ss177 were determined to be multi-component sites with both prehistoric and historic materials.
FOUND Historic
$$  and 41ss177 were determined to be multi-component sites with both  and historic materials.
FOUND Prehistoric
$$  and 41ss177 were determined to be multi-component sites with both prehistoric and historic materials.
FOUND Historic
$$  and 41ss177 were determined to be multi-component sites with both  and historic materials.
FOUND Prehistoric
$$  and 41ss177 were determined to be multi-component sites with both prehistoric and historic materials.
FOUND Historic
$$  and 41ss177 were determined to be multi-component sites with both  and historic materials.
FOUND Prehistoric
$$  and 41ss177 were determined to be multi-component sites with both prehistoric and historic materials.
FOUND Historic
$$  and 41ss177 were determined to be multi-component sites with both  and historic materials.
FOUND Prehistoric
$$  and 41ss181 were found to contain prehistoric materials exclusively
FOUND Prehistoric
$$  and 41ss181 were found to contain prehistoric materials exclusively
FOUND Historic
$$  while site 41ss182 was found to contain only historic materials.
FOUND Prehistoric
$$  and 41ss181 were found to contain prehistoric materials exclusively
FOUND Historic
$$  while site 41ss182 was found to contain only historic materials.
FOUND Prehistoric
$$  and 41ss181 were found to contain prehistoric materials exclusively
FOUND Historic
$$  while site 41ss182 was found to contain only historic materials.
FOUND Prehistoric
$$  and 41ss181 were found to contain prehistoric materials exclusively
FOUND Historic
$$  while site 41ss182 was found to contain only historic materials.
FOUND Prehistoric
$$ all prehistoric components appear to be terrace campsites with site 41ss177 also including a
FOUND Prehistoric
$$ all prehistoric components appear to be terrace campsites with site 41ss177 also including a burned rock midden feature.
FOUND Late Archaic II
$$ artifacts recovered during the survey investigations consist of single late archaic ii dart points found at sites 41ss175 and 41ss176
FOUND Toyah
$$  along with a toyah phase arrow point from site 41ss177.
FOUND Late Archaic II
$$ artifacts recovered during the survey investigations consist of single late archaic ii dart points found at sites 41ss175 and 41ss176
FOUND Toyah
$$  along with a toyah phase arrow point from site 41ss177.
FOUND Late Archaic II
$$ recovered during the survey investigations consist of single late archaic ii dart points found at sites 41ss175 and 41ss176
FOUND Toyah
$$  along with a toyah phase arrow point from site 41ss177.
FOUND Prehistoric
$$  the survey work within the prehistoric components at sites 41ss175-41ss178 and 41ss113.
FOUND Prehistoric
$$  the survey work within the prehistoric components at sites 41ss175-41ss178 and 41ss113.
FOUND Prehistoric
$$  the survey work within the prehistoric components at sites 41ss175-41ss178 and 41ss113.
FOUND Prehistoric
$$  stratified deposits with intact features could also exist in unexamined portions of the remaining prehistoric component site
FOUND Prehistoric
$$  all prehistoric components discovered during the park survey are assessed as potentially eligible for formal designation as state archeological
FOUND Historic Period
$$ the four sites that have historic period materials are 41ss113
FOUND Historic Period
$$  historic period house site remains are present.
FOUND Historic Period
$$ the four sites that have historic period materials are 41ss113
FOUND Historic Period
$$  historic period house site remains are present.
FOUND Historic Period
$$ the four sites that have historic period materials are 41ss113
FOUND Historic Period
$$  historic period house site remains are present.
FOUND Historic Period
$$ the four sites that have historic period materials are 41ss113
FOUND Historic Period
$$  historic period house site remains are present.
FOUND Historic Period
$$ the four sites that have historic period materials are 41ss113
FOUND Historic Period
$$  historic period house site remains are present.
FOUND Historic Period
$$ the four sites that have historic period materials are 41ss113
FOUND Historic Period
$$  historic period house site remains are present.
FOUND Historic Period
$$  historic period house site remains are present.
FOUND Prehistoric
$$  the prehistoric materials at 41ss178 were assessed as potentially meriting formal designation as an sal.
FOUND Late Prehistoric
$$ cases has the lithic debitage from other late prehistoric sites--none from this region--been analyzed in a way that allows comparison with site 41ss178.
FOUND Late Prehistoric
$$  of late prehistoric age.
FOUND Toyah
$$  there is a toyah component at site 41hy202-a
FOUND Toyah
$$  there is a toyah component at site 41hy202-a (ricklis & collins 1994) whose debitage is high in soft-hammer flakes and low in hard-hammer flakes
FOUND Toyah
$$ there is a toyah component at site 41hy202-a (ricklis & collins 1994) whose debitage is high in soft-hammer flakes and low in hard-hammer flakes
FOUND Toyah
$$  has both austin and toyah components
FOUND Toyah
$$  has both austin and toyah components
FOUND Toyah
$$  has both austin and toyah components
FOUND Archaic
$$  the hard-hammer vs. softhammer figures are very similar to many archaic lithic assemblages from across central texas.
FOUND Archaic
$$  there may be minor admixture of archaic materials
FOUND Austin Period
$$ 41ss178 analyses of lithic debitage from a small number of sites have revealed that the debitage from austin period and toyah period sites can be similar, but also quite different.
FOUND Toyah
$$ 41ss178 analyses of lithic debitage from a small number of sites have revealed that the debitage from  and toyah period sites can be similar, but also quite different.
FOUND Toyah
$$ based on the apparent semi-stratification of the austin and toyah components, 295 of the 922 debitage specimens are considered to be of toyah
FOUND Toyah
$$  of certain levels is either austin or toyah.
FOUND Late Prehistoric
$$  apparent evidence that intensive mussel harvesting took place during the austin phase of the late prehistoric period as indicated
FOUND Toyah
$$  apparently toyah occupation at 41ss178
FOUND Darl Point
&& the only diagnostic artifact found at 41ss176 is a darl point
FOUND Darl Point
&& the only diagnostic artifact found at 41ss176 is a darl point
FOUND Darl Point
&& the only diagnostic artifact found at 41ss176 is a darl point
FOUND Late Archaic
$$  which suggests that the site was at least partially occupied during the later part of the late archaic.
FOUND Prehistoric
$$ this raises the problem of the small numbers of mussel shells seen at most prehistoric sites in central texas.
FOUND Historic
$$ their historic range is thought to overlap in the lower reaches of the san saba where 41ss178 is located (howells 2002).
FOUND Early Historic
$$ one way of answering the question of cultural bias would be to compare the archeological samples from 41ss178 to early historic records of the kinds and frequencies of mussel species found in the san saba river system
FOUND Late Prehistoric
$$  there is nothing unusual about the 41ss178 mussel species assemblage and it is probably representative what was found in the area‘s streams during the late prehistoric.
FOUND Late Prehistoric
$$ 41ss178 mussel species assemblage and it is probably representative what was found in the area‘s streams during the late prehistoric.
FOUND Prehistoric
$$ mussel shell size at 41ss178 mussels recovered from prehistoric sites in the southeastern united states tend to be small in size compared to modern specimens of the same
FOUND Historic Period
$$  individuals in the area streams could reach a very large size during the prehistoric period.
FOUND Historic
$$  so it could possibly belong to the historic (early 20th century) component of 41ss177.
FOUND Prehistoric
$$ also be considered a major factor in the small size in light of the fact that very large individuals have been recovered from an adjacent prehistoric site
FOUND Prehistoric
$$  perhaps including prehistoric cultural practices
FOUND Late Prehistoric
$$ summary by charles a. hixson and daniel j. prikryl the test excavations show that the 41ss178 terrace was occupied during the late prehistoric period
FOUND Toyah
$$ the 41ss178 toyah faunal assemblage appears to follow this trend.
FOUND Late Prehistoric
$$ because of the poor separation of the late prehistoric components in the tested area of 41ss178
FOUND Toyah
$$  especially since toyah phase ceramics and lithics have been found at the north end of 41ss177.
FOUND Toyah
$$  especially since toyah phase ceramics and lithics have been found at the north end of 41ss177.
FOUND Toyah
$$  especially since toyah phase ceramics and lithics have been found at the north end of 41ss177.
FOUND Prehistoric
$$  g. t. 2002 the anthon site: a prehistoric encampment in southern uvalde
FOUND Late Prehistoric
$$  late prehistoric sinkhole site in bandera county
FOUND Toyah
$$ 1994 the life and times of toyah-culture folk: the buckhollow encampment
FOUND Early Archaic
$$ (appendix t) in early archaic use of the concho river terraces at 41tg307 and 41tg309
FOUND Early Archaic
$$ (appendix t) in early archaic use of the concho river terraces at 41tg307 and 41tg309
FOUND Late Prehistoric
$$  and j. peck 1995 the rush site (41tg346): a stratified late prehistoric locale in tom green county
