FOUND Historic
$$  are historic sites
FOUND Historic
$$  are historic sites
FOUND Historic
$$  are historic sites
FOUND Historic
$$  are historic sites
FOUND Historic
$$  are historic sites
FOUND Historic
$$  are historic sites
FOUND Historic
$$  are historic sites
FOUND Historic
$$  are historic sites
FOUND Historic
$$  are historic sites with extant structures dating to the late nineteenth century.
FOUND Prehistoric
$$ the remaining 11 sites are prehistoric in nature
FOUND Historic
$$  are historic sites with extant structures dating to the late nineteenth century.
FOUND Prehistoric
$$ the remaining 11 sites are prehistoric in nature
FOUND Historic
$$  are historic sites with extant structures dating to the late nineteenth century.
FOUND Prehistoric
$$ the remaining 11 sites are prehistoric in nature
FOUND Historic
$$  are historic sites with extant structures dating to the late nineteenth century.
FOUND Prehistoric
$$ the remaining 11 sites are prehistoric in nature
FOUND Historic
$$  are historic sites with extant structures dating to the late nineteenth century.
FOUND Prehistoric
$$ the remaining 11 sites are prehistoric in nature
FOUND Historic
$$  are historic sites with extant structures dating to the late nineteenth century.
FOUND Prehistoric
$$ the remaining 11 sites are prehistoric in nature
