FOUND Prehistoric
$$ one prehistoric site
FOUND Prehistoric
$$ one prehistoric site
FOUND Prehistoric
$$ one prehistoric site
FOUND Historic Period
$$ they identified and recorded ten archaeological sites (41wm12 and 41wm462-41wm470) representing both prehistoric and historic period occupations.
FOUND Prehistoric
$$ they identified and recorded ten archaeological sites (41wm12 and 41wm462-41wm470) representing both prehistoric and  occupations.
FOUND Historic Period
$$ they identified and recorded ten archaeological sites (41wm12 and 41wm462-41wm470) representing both prehistoric and historic period occupations.
FOUND Prehistoric
$$ they identified and recorded ten archaeological sites (41wm12 and 41wm462-41wm470) representing both prehistoric and  occupations.
FOUND Historic Period
$$ they identified and recorded ten archaeological sites (41wm12 and 41wm462-41wm470) representing both prehistoric and historic period occupations.
FOUND Prehistoric
$$ they identified and recorded ten archaeological sites (41wm12 and 41wm462-41wm470) representing both prehistoric and  occupations.
FOUND Historic Period
$$ they identified and recorded ten archaeological sites (41wm12 and 41wm462-41wm470) representing both prehistoric and historic period occupations.
FOUND Prehistoric
$$ they identified and recorded ten archaeological sites (41wm12 and 41wm462-41wm470) representing both prehistoric and  occupations.
FOUND Prehistoric
$$  the wilson leonard site (41wm235) has subsequently been excavated and contains the most complete temporal sequence of prehistoric archeological assemblages from a single site in central texas (masson and collins 1995
FOUND Historic Period
$$  including 15 prehistoric sites and four multicomponent historic/prehistoric period sites.
FOUND Prehistoric
$$  including 15 prehistoric sites and four multicomponent historic/pre sites.
FOUND Historic
$$  including 15  sites and four multicomponent historic/pre sites.
FOUND Historic Period
$$  including 15 prehistoric sites and four multicomponent historic/prehistoric period sites.
FOUND Prehistoric
$$  including 15 prehistoric sites and four multicomponent historic/pre sites.
FOUND Historic
$$  including 15  sites and four multicomponent historic/pre sites.
FOUND Historic Period
$$  including 15 prehistoric sites and four multicomponent historic/prehistoric period sites.
FOUND Prehistoric
$$  including 15 prehistoric sites and four multicomponent historic/pre sites.
FOUND Historic
$$  including 15  sites and four multicomponent historic/pre sites.
FOUND Historic Period
$$  including 15 prehistoric sites and four multicomponent historic/prehistoric period sites.
FOUND Prehistoric
$$  including 15 prehistoric sites and four multicomponent historic/pre sites.
FOUND Historic
$$  including 15  sites and four multicomponent historic/pre sites.
FOUND Historic Period
$$  including 15 prehistoric sites and four multicomponent historic/prehistoric period sites.
FOUND Prehistoric
$$  including 15 prehistoric sites and four multicomponent historic/pre sites.
FOUND Historic
$$  including 15  sites and four multicomponent historic/pre sites.
FOUND Historic Period
$$  including 15 prehistoric sites and four multicomponent historic/prehistoric period sites.
FOUND Prehistoric
$$  including 15 prehistoric sites and four multicomponent historic/pre sites.
FOUND Historic
$$  including 15  sites and four multicomponent historic/pre sites.
FOUND Historic Period
$$  including 15 prehistoric sites and four multicomponent historic/prehistoric period sites.
FOUND Prehistoric
$$  including 15 prehistoric sites and four multicomponent historic/pre sites.
FOUND Historic
$$  including 15  sites and four multicomponent historic/pre sites.
FOUND Historic Period
$$  including 15 prehistoric sites and four multicomponent historic/prehistoric period sites.
FOUND Prehistoric
$$  including 15 prehistoric sites and four multicomponent historic/pre sites.
FOUND Historic
$$  including 15  sites and four multicomponent historic/pre sites.
FOUND Prehistoric
$$ site 41wm984 represents a low intensity prehistoric occupation of the location.
FOUND Prehistoric
$$ site 41wm984 represents a low intensity prehistoric occupation that may be a short-term campsite or resource procurement locale.
FOUND Prehistoric
$$ site 41wm984 represents a low intensity prehistoric occupation that may be a short-term campsite or resource procurement locale.
FOUND Historic
$$ texas historic commission
