FOUND Archaic
$$  and e. r. oksanen 2008 the gatlin site (41kr621): investigating archaic lifeways on the southern edwards plateau of central texas.
FOUND Paleoindian
$$ in pavo real (41bx52): a paleoindian and archaic camp and workshop on the balcones escarpment
FOUND Archaic
$$ in pavo real (41bx52): a  and archaic camp and workshop on the balcones escarpment
FOUND Toyah
$$ 1994 the life and times of toyah-culture folk as seen from the buckhollow encampment
FOUND Early Archaic
$$  and f. oglesby 1995 the early archaic structure at the turkey bend ranch site (41cc112)
FOUND Historic
$$ texas historical
FOUND Early Archaic
$$  an early archaic campsite located within the floodplain of onion creek in travis county
FOUND Early Archaic
$$  highly mobile early archaic groups.
FOUND Early Archaic
$$  jr. 1991 early archaic life at the sleeper archaeological site
FOUND Prehistoric
$$ 2000 investigations of the eckols site (41tv528): a stratified prehistoric terrace site on barton creek in travis county
FOUND Toyah
$$  and t. b. griffith 2001 changing perspectives on the toyah: data recovery investigations of 41tv441
FOUND Toyah
$$  the toyah bluff site
FOUND Late Prehistoric
$$ lined conical pit of late prehistoric age in perry calk rockshelter (41vv87)
FOUND Early Archaic
$$  and c. dodt-ellis 1990 excavations at the camp pearl wheat site (41kr243): an early archaic campsite on town creek
FOUND Late Prehistoric
$$ in archaic and late prehistoric human ecology in the middle onion creek valley
FOUND Archaic
$$ in archaic and  human ecology in the middle onion creek valley
FOUND Late Prehistoric
$$ in archaic and late prehistoric human ecology in the middle onion creek valley
FOUND Archaic
$$ in archaic and  human ecology in the middle onion creek valley
FOUND Archaic
$$ malof and taylor—a terminal archaic burial from the central colorado river basin 253
FOUND Historic
$$  an examination of files from tarl and keyword searches in the texas historic sites
FOUND Prehistoric
$$ baker (2001) included some central texas samples in a study of prehistoric trauma and violence.
FOUND Prehistoric
$$ baker (2001) included some central texas samples in a study of prehistoric trauma and violence.
FOUND Late Prehistoric
$$ evidence from the loeve-fox site (41wm230) and others demonstrate that violence peaked in the late prehistoric period in the interior regions of the gulf coastal plain (baker 2001:443).
FOUND Archaic
$$ malof and taylor—a terminal archaic burial from the central colorado river basin 277
FOUND Prehistoric
$$  aboriginal houses and other remains at a prehistoric rancheria in the texas hill country (burnet county).
FOUND Archaic
$$  malof and taylor—a terminal archaic burial from the central colorado river basin 279 lukowski
FOUND Paleoindian
$$  and s. l. black 2003 pavo real (41bx52): a paleoindian and archaic camp and workshop on the balcones escarpment
FOUND Archaic
$$  and s. l. black 2003 pavo real (41bx52): a  and archaic camp and workshop on the balcones escarpment
FOUND Historic
$$ texas historic sites atlas
FOUND Paleoindian
$$ abstract this article summarizes the world wide web page archeologyatzilker.com that was created as a component of an intensive public involvement and information campaign associated with 2009 excavations of paleoindian components of the vara daniel site (41tv1364) in zilker park
FOUND Paleoindian
$$  conducted mitigation excavations of a small segment of the paleoindian components of the vara daniel site (41tv1364) in the middle of zilker park in downtown austin (figure 1).
FOUND Paleoindian
$$ completed as compensatory excavations resulting from inadvertent impacts to the site’s paleoindian components from earlier installation of a nearby wastewater line
FOUND Paleoindian
$$  and w. n. trierweiler 2010 archaeological excavation of a deeply buried paleoindian component at the vara daniel site (41tv1364)
