FOUND Darl Point
&&  which had a darl point embedded in the skull and an ensor point between the second and third ribs (prewitt 1982:47).
FOUND Ensor Point
&&  which had a  embedded in the skull and an ensor point between the second and third ribs (prewitt 1982:47).
FOUND Late Prehistoric
$$  the long transition from archaic to late prehistoric lifeways on the south san gabriel river
FOUND Archaic
$$  the long transition from archaic to  lifeways on the south san gabriel river
FOUND Late Prehistoric
$$  the long transition from archaic to late prehistoric lifeways on the south san gabriel river
FOUND Archaic
$$  the long transition from archaic to  lifeways on the south san gabriel river
FOUND Historic
$$ during the archaic through historic archeological
FOUND Archaic
$$ during the archaic through  archeological
FOUND Toyah
$$  texas late sub-period by the toyah interval (collins 1995
FOUND Edwards Point
&& scallorn and edwards points are diagnostic of the early sub-period and perdiz is representative
FOUND Pedernales Point
&&  texas castroville and pedernales points appeared to be in close association with the latter two features.
FOUND Late Archaic
$$  texas pedernales projectiles (figure 16) are generally accepted as being associated within the early half of the late archaic (3500- 2500 b.p) (collins ????
FOUND Pedernales Projectile
&&  texas pedernales projectiles (figure 16) are generally accepted as being associated within the early half of the late archaic (3500- 2500 b.p) (collins ????
FOUND Late Archaic
$$ episodic occupations at the oblate site (41cm1) from the late archaic through to the historic peulrg??
FOUND Historic
$$ episodic occupations at the oblate site (41cm1) from the  through to the historic peulrg??
FOUND Late Archaic
$$ some of the designs on the late archaic mats are made up of swathes of pigment that are broadly applied
FOUND Late Archaic
$$ some of the designs on the late archaic mats are made up of swathes of pigment that are broadly applied
FOUND Late Prehistoric
$$ sayles’ excavations revealed shallow deposits that dated from the middle archaic to the late prehistoric period.
FOUND Middle Archaic
$$ sayles’ excavations revealed shallow deposits that dated from the middle archaic to the  period.
FOUND Late Archaic
$$  the ensor is associated with the blue hills subperiod of the late archaic (2300-1300 b.p.).
FOUND Middle Archaic
$$ the earliest period of occupation at 41vv2079 appears to be during the middle archaic (5500?????
FOUND Early Archaic Period
$$  texas archeological society the pebbles from 41vv2079 dating to the middle archaic reveal some carryovers from the early archaic period (8900-5500 b.p.)
FOUND Middle Archaic
$$  texas archeological society the pebbles from 41vv2079 dating to the middle archaic reveal some carryovers from the  (8900-5500 b.p.)
FOUND Prehistoric
$$ prehistoric.
FOUND Middle Archaic
$$ middle archaic
FOUND Middle Archaic
$$ middle archaic
FOUND Early Archaic Period
$$ painted pebbles from the early archaic period (8900-5500 bp) in
FOUND Middle Archaic
$$ middle archaic
FOUND Late Prehistoric
$$ the painted pebbles dated to the late prehistoric
FOUND Late Prehistoric
$$ late prehistoric specimen.
FOUND Late Prehistoric
$$ occupation of this large site also dates to the late prehistoric period.
FOUND Middle Archaic
$$ an analysis of the middle archaic painted pebbles from 41vv2079 reveals two distinctive pebble styles that may be of temporal or geographifdo?
FOUND Late Prehistoric
$$ imagery on painted pebbles dating to the late prehistoric period from 41vv2079 is similar to designs at coontail spin shelter
FOUND Historic
$$  was encountered during construction activities near the visitor’s center at seminole canyon state park and historic site
FOUND Historic
$$  a previously unrecorded burned rock midden site—the lost midden site (41vv1991)— was encountered by a texas department of transportation contractor while conducting a backhoe excavation for a recreational vehicle dump station at seminole canyon state park and historic site
FOUND Historic
$$  a burned rock midden site in seminole canyon state park and historic site
FOUND Late Prehistoric
$$  t. and l. alvarado 2011 terminal archaic/late prehistoric cooking technology in the lower pecos: excavation of the lost midden site (41vv1991)
FOUND Archaic
$$  t. and l. alvarado 2011 terminal archaic/ cooking technology in the lower pecos: excavation of the lost midden site (41vv1991)
FOUND Historic
$$  seminole canyon state park and historic site
