FOUND Middle Archaic
$$  yielded one of the most robust assemblages thus far recovered from a stratified early archaic to middle archaic site on the southern margins of the edwards plateau.
FOUND Early Archaic
$$  yielded one of the most robust assemblages thus far recovered from a stratified early archaic to  site on the southern margins of the edwards plateau.
FOUND Middle Archaic
$$  has yielded one of the most robust assemblages thus far recovered from an early archaic to middle archaic site on the southern margins of the edwards plateau and
FOUND Early Archaic
$$  has yielded one of the most robust assemblages thus far recovered from an early archaic to  site on the southern margins of the edwards plateau and
FOUND Early Archaic
$$ the early archaic component at the site only contained gower points.
FOUND Gower Point
&& the early archaic component at the site only contained gower points.
FOUND Archaic
$$ in the gatlin site (41kr621): investigating archaic lifeways on the southern edwards plateau of central texas
FOUND Early Archaic
$$  and c. dodt-ellis 1990 excavations at the camp pearl wheat site (41kr243): an early archaic campsite on town creek
FOUND Early Archaic
$$  41hy161 : a revaluation of early archaic technology
FOUND Prehistoric
$$ these data provide additional documentation for the importance of mexican obsidians in texas prehistoric archeological sites.
