FOUND Paleo-Indian period
$$ this is a deeply stratified site along elm creek containing artifacts dating to the paleo-indian period (leighton 1936; ray 1940
FOUND Historic Period
$$  a stratified site with archaeological remains dating from paleo-indian through the historic period (bryan and ray 1938; ray 1930
FOUND Late Prehistoric
$$ the majority of known prehistoric sites in the general area date to the archaic and late prehistoric stages.
FOUND Prehistoric
$$ the majority of known prehistoric sites in the general area date to the archaic and  stages.
FOUND Archaic
$$ the majority of known  sites in the general area date to the archaic and  stages.
FOUND Historic Period
$$ the historic period is represented by a wide variety of sites.
FOUND Historic Period
$$ the historic period is represented by a wide variety of sites.
FOUND Edwards Chert
&& it was learned that the callahan divide is best known archaeologically as a major source area for edwards chert.
FOUND Edwards Chert
&& it was learned that the callahan divide is best known archaeologically as a major source area for edwards chert.
FOUND Edwards Chert
&& it was learned that the callahan divide is best known archaeologically as a major source area for edwards chert.
