FOUND Prehistoric
$$ one new prehistoric site
FOUND Prehistoric
$$ one new prehistoric site
FOUND Historic Period
$$  the historic period is
FOUND Prehistoric
$$  a prehistoric lithic scatter
FOUND Archaic
$$ 41cw51 is an archaic site located in the san marcos river floodplain.
FOUND Paleoindian
$$ 41cw54 is a paleoindian site in an abandoned channel of the san marcos river.
FOUND Prehistoric
$$  is a prehistoric site consist­ ing of a lithic scatter of unknown age (weaver 2004).
FOUND Prehistoric
$$  a prehistoric lithic scatter
FOUND Prehistoric
$$ prehistoric site 41hy389 is a surface scatter of lithic debris
FOUND Prehistoric
$$  a prehistoric lithic scatter
FOUND Prehistoric
$$ prehistoric site 41hy389 is a surface scatter of lithic debris measuring approximately 25-x-10-m within the 9
FOUND Prehistoric
$$  a prehistoric lithic scatter
FOUND Prehistoric
$$ prehistoric site 41hy389 is a surface scatter of lithic debris measuring approximately 25-x-10-m within the 9
FOUND Prehistoric
$$  such as prehistoric site 41hy279
FOUND Prehistoric
$$  such as prehistoric site 41hy279
FOUND Prehistoric
$$ the pedestrian survey recorded a prehistoric site
FOUND Prehistoric
$$ prehistoric site
