FOUND Prehistoric
$$ mcclure as a prehistoric site of unknown age consisting of “arrow point fragments
FOUND Archaic
$$ excavations here recovered shouldered and side-notched archaic
FOUND Paleoindian
$$ shiner’s (1983) excavations here and at 41hy161 in 1978 produced abundant evidence of archaic and paleoindian
FOUND Archaic
$$ shiner’s (1983) excavations here and at 41hy161 in 1978 produced abundant evidence of archaic and 
FOUND Edgewood Point
&& identified diagnostic artifacts included pedernales and edgewood points
FOUND Late Archaic
$$  indicating use during the late archaic.
FOUND Historic
$$ additional investigations at 41hy37 were conducted as part of the 2000 field school on the historic remains of the burleson homestead
FOUND Late Prehistoric
$$  which also revealed a late prehistoric component
FOUND Late Prehistoric
$$  and uncovered deposits dating from the early archaic to late prehistoric periods
FOUND Early Archaic
$$  and uncovered deposits dating from the early archaic to  periods
FOUND Middle Archaic
$$ researchers recovered a middle archaic
FOUND Prehistoric
$$  a prehistoric site of unknown age (barrera 2002).
FOUND Historic
$$ deposits showed mixed historic and archaic artifacts.
FOUND Archaic
$$ deposits showed mixed  and archaic artifacts.
FOUND Prehistoric
$$ a combination of shovel tests and mechanical excavation revealed that site 41hy432 was an undeterminable prehistoric site (king 2007).
FOUND Prehistoric
$$ 41hy432 was an undeterminable prehistoric site (king 2007).
FOUND Archaic
$$ 2007 organization of lithic technology in archaic texas: an example from 41hy160 in san marcos
FOUND Archaic
$$  j. f. and m. d. orloff 1984 excavations at 41hy37: an archaic site on the balcones escarpment in san marcos
