FOUND Historic
$$ protohistoric (spanish entrada) period................................................................................... 12 historic.................................................................................................................................... 12 previous investigations.................................................................................................................. 13 41hy37.................................................................................................................................... 13 41hy147.................................................................................................................................. 15 41hy160.................................................................................................................................. 16 41hy161.................................................................................................................................. 19
FOUND Historic
$$ historic.................................................................................................................................... 12 previous investigations.................................................................................................................. 13 41hy37.................................................................................................................................... 13 41hy147.................................................................................................................................. 15 41hy160.................................................................................................................................. 16 41hy161.................................................................................................................................. 19 41hy165.................................................................................................................................. 22
FOUND Early Historic
$$  appears to contain evidence of early historic or protohistoric native american remains.
FOUND Historic
$$  appears to contain evidence of  or protohistoric native american remains.
FOUND Prehistoric
$$  was first recorded in 1970 by w. l. mcclure as a prehistoric site 13
FOUND Archaic
$$ archaic
FOUND Early Paleoindian
$$  late and early paleoindian
FOUND Early Archaic
$$ prehistoric through early archaic
FOUND Prehistoric
$$ prehistoric through 
FOUND Archaic
$$ archaic
FOUND Early Paleoindian
$$  late and early paleoindian
FOUND Prehistoric
$$ prehistoric
FOUND Middle Archaic
$$  middle archaic
FOUND Historic
$$  historic
FOUND Historic
$$  mixed historic
FOUND Prehistoric
$$  and prehistoric 41hy306 1999
FOUND Archaic
$$ clovis, plainview, angostura, and golondrina points were found mixed with archaic points.
FOUND Golondrina Point
&& clovis, plainview, angostura, and golondrina points were found mixed with archaic points.
FOUND Archaic
$$ the uppermost grey clay matrix varied from 20 to 30 cm in depth and contained archaic points.
FOUND Archaic
$$ the second layer, composed of red sand, varied from 10 to 20 cm in thickness and consisted of archaic shouldered
FOUND Archaic
$$  varied from 10 to 20 cm in thickness and consisted of archaic shouldered a portion of 41hy37 was revisited by arnn and kibler (1999) of prewitt and associates
FOUND Late Prehistoric
$$ in total, 34 m3 were excavated to varying depths, with the deepest unit excavated to 2.4 m. intact late prehistoric through early archaic occupations were exposed (garber et al.
FOUND Early Archaic
$$ in total, 34 m3 were excavated to varying depths, with the deepest unit excavated to 2.4 m. intact  through early archaic occupations were exposed (garber et al.
FOUND Historic
$$ excavations indicated that only the upper 15 cm of soil were disturbed by historic processes, and that the remaining deposits were intact.
FOUND Late Prehistoric
$$ in total, 34 m3 were excavated to varying depths, with the deepest unit excavated to 2.4 m. intact late prehistoric through early archaic occupations were exposed (garber et al.
FOUND Early Archaic
$$ in total, 34 m3 were excavated to varying depths, with the deepest unit excavated to 2.4 m. intact  through early archaic occupations were exposed (garber et al.
FOUND Historic
$$ excavations indicated that only the upper 15 cm of soil were disturbed by historic processes, and that the remaining deposits were intact.
FOUND Late Prehistoric
$$ in total, 34 m3 were excavated to varying depths, with the deepest unit excavated to 2.4 m. intact late prehistoric through early archaic occupations were exposed (garber et al.
FOUND Early Archaic
$$ in total, 34 m3 were excavated to varying depths, with the deepest unit excavated to 2.4 m. intact  through early archaic occupations were exposed (garber et al.
FOUND Historic
$$ excavations indicated that only the upper 15 cm of soil were disturbed by historic processes, and that the remaining deposits were intact.
FOUND Historic
$$ car determined that modern and historic construction has disturbed this portion of 41hy161.
FOUND Prehistoric
$$ while excavations encountered mixed historic and prehistoric deposits
FOUND Historic
$$ while excavations encountered mixed historic and  deposits
FOUND Prehistoric
$$  discrete areas of intact prehistoric deposits were also noted
FOUND Prehistoric
$$ additional prehistoric deposits associated with 41hy165 were encountered in 2003 during
FOUND Prehistoric
$$ additional prehistoric deposits associated with 41hy165 were encountered in 2003 during the monitoring of irrigation trenches for a new irrigations system on the university golf course.
FOUND Prehistoric
$$ investigators concluded that 41hy306 possessed stratified cultural remains in alluvial deposits representing much of the holocene and having the potential to contribute to a better understanding of prehistoric life ways (arnn and kibler 1999).
FOUND Prehistoric
$$ additional prehistoric deposits attributed to site 41hy306 were also encountered during monitoring of trench excavations associated with the installation of a new irrigation system on the university golf course (soucie et al.
FOUND Prehistoric
$$ investigators concluded that 41hy306 possessed stratified cultural remains in alluvial deposits representing much of the holocene and having the potential to contribute to a better understanding of prehistoric life ways (arnn and kibler 1999).
FOUND Prehistoric
$$ additional prehistoric deposits attributed to site 41hy306 were also encountered during monitoring of trench excavations associated with the installation of a new irrigation system on the university golf course (soucie et al.
FOUND Prehistoric
$$ investigators concluded that 41hy306 possessed stratified cultural remains in alluvial deposits representing much of the holocene and having the potential to contribute to a better understanding of prehistoric
FOUND Prehistoric
$$ additional prehistoric deposits attributed to site 41hy306 were also encountered during monitoring of trench excavations associated with the installation of a new irrigation system on the university golf course (soucie et al.
FOUND Prehistoric
$$ the surface lithic scatter may correspond to prehistoric
FOUND Prehistoric
$$  these prehistoric deposits are considered to be an extension of 41hy165.
FOUND Prehistoric
$$ these new boundaries indicate the nearly continuous presence of prehistoric
FOUND Prehistoric
$$ these new boundaries indicate the nearly continuous presence of prehistoric remains across the ape
FOUND Historic
$$ mitigative measures proposed for the spring lake aquatic ecosystem restoration project will be presented in the historic
FOUND Historic
$$ mitigative measures proposed for the spring lake aquatic ecosystem restoration project will be presented in the historic properties treatment plan for the spring lake
FOUND Archaic
$$ 2007 organization of lithic technology in archaic texas: an example from 41hy160 in san marcos
FOUND Early Archaic
$$ 1994 evidence of early archaic occupation.
FOUND Late Prehistoric
$$ in archaic and late prehistoric human ecology in the middle onion creek valley
FOUND Archaic
$$ in archaic and  human ecology in the middle onion creek valley
FOUND Archaic
$$  and m. d. orloff 1984 excavations at 41hy37: an archaic site on the balcones escarpment in san marcos
FOUND Toyah
$$  jr. 1994 the life and times of toyah-culture folk; the buckhollow encampment site 41km16
FOUND Prehistoric
$$  richard 2002 archaeological trench monitoring near prehistoric site 41hy161
FOUND Prehistoric
$$ in prehistoric life
FOUND Prehistoric
$$ in prehistoric life
FOUND Prehistoric
$$ in prehistoric life
FOUND Early Archaic
$$  41hy161: a revaluation of early archaic technology
FOUND Prehistoric
$$ in prehistoric life
FOUND Prehistoric
$$ in prehistoric life
