FOUND Historic
$$ the location of the proposed helipad is immediately west of a marked historic paupers’ cemetery (site 41bx789).
FOUND Historic
$$ the proposed improvements occur near a marked historic paupers’ cemetery (site 41bx789)
FOUND Historic
$$  a historic paupers’ cemetery
FOUND Historic
$$ archeologically sensitive areas the historic paupers’ cemetery
FOUND Prehistoric
$$  which was to be affected by the construction of interstate 410 (clark 1986) and also recorded prehistoric site 41bx706.
FOUND Historic
$$  a historic paupers’
FOUND Prehistoric
$$ prehistoric site 41bx706.
FOUND Historic
$$ the site that is the impetus for the current investigations is 41bx789, a historic paupers’ cemetery that is potentially eligible for inclusion in the national register of  (nrhp).
FOUND Historic
$$  a historic paupers’ cemetery that is potentially eligible for inclusion in the national register of  (nrhp).
FOUND Historic
$$  a historic paupers’ cemetery that is potentially eligible for inclusion in the national register of  (nrhp).
FOUND Historic
$$ historic house location historic house 41bx789 mp 66 mp 63 mp 62
FOUND Historic
$$ * key: italic = site located within the project area; pe = potentially eligible for inclusion on the national register of ; samnhp = san antonio missions national historic park (all sites eligible as part of national historic district) (source: largent and duke 2003) 41bx254 mp 57 41bx261
FOUND Toyah
$$  l. 1994 the life and times of toyah culture folk: the buckhollow encampment
