FOUND Paleoindian
$$ the excavation of 41bx52 (pavo real) by the texas department of transportation (txdot) in 1979 (henderson and goode 1991) contributed greatly to our knowledge of paleoindian lifeways and illustrated the rich culture history preserved in the leon creek valley.
FOUND Middle Archaic Period
$$  an early and middle archaic period site
FOUND Middle Archaic Period
$$  an early and middle archaic period site
FOUND Middle Archaic Period
$$  an early and middle archaic period site
FOUND Middle Archaic Period
$$  an early and middle archaic period site
FOUND Middle Archaic Period
$$  an early and middle archaic period site
FOUND Middle Archaic Period
$$  an early and middle archaic period site
FOUND Paleoindian
$$ eighty-four burned rock features were identified and paleoindian
FOUND Late Archaic
$$  and late archaic components were identified.
FOUND Middle Archaic Period
$$  an early and middle archaic period site
FOUND Paleoindian
$$ eighty-four burned rock features were identified and paleoindian
FOUND Late Archaic
$$  and late archaic components were identified.
FOUND Middle Archaic Period
$$  an early and middle archaic period site
FOUND Paleoindian
$$ eighty-four burned rock features were identified and paleoindian
FOUND Late Archaic
$$  and late archaic components were identified.
FOUND Middle Archaic Period
$$  an early and middle archaic period site
FOUND Paleoindian
$$ eighty-four burned rock features were identified and paleoindian
FOUND Late Archaic
$$  and late archaic components were identified.
FOUND Prehistoric
$$  one newly identified prehistoric site
FOUND Prehistoric
$$  one newly identified prehistoric site
FOUND Clovis Point
&& surface finds of distinctive clovis points are reported from a number of other localities (meltzer and bever 1995).
FOUND Late Archaic
$$ other features found at late archaic sites include basin hearths
FOUND Late Archaic Period
$$  the mortuary program followed by austin phase populations appears to contrast with that of the late archaic period peoples in the area (potter et al.
FOUND Late Archaic Period
$$  the mortuary program followed by austin phase populations appears to contrast with that of the late archaic period peoples in the area (potter et al.
FOUND Toyah
$$ sites in bexar county associated with the toyah phase have been recorded in government canyon (e.g.
FOUND Toyah
$$ during the toyah phase
FOUND Toyah
$$ sites in bexar county associated with the toyah phase have been recorded in government canyon (e.g.
FOUND Toyah
$$ during the toyah phase
FOUND Toyah
$$ sites in bexar county associated with the toyah phase have been recorded in government canyon (e.g.
FOUND Toyah
$$ during the toyah phase
FOUND Toyah
$$ sites in bexar county associated with the toyah phase have been recorded in government canyon (e.g.
FOUND Toyah
$$ during the toyah phase
FOUND Toyah
$$ sites in bexar county associated with the toyah phase have been recorded in government canyon (e.g.
FOUND Toyah
$$ during the toyah phase
FOUND Toyah
$$ sites in bexar county associated with the toyah phase have been recorded in government canyon (e.g.
FOUND Toyah
$$ during the toyah phase
FOUND Historic
$$  historic-era seasonal encampments made by native peoples traveling the ―peyote trail‖ to northern mexico were documented as late as the 1920s (lukowski 1988).
FOUND Historic
$$ numerous river crossing sites with possible contact period components were identified during historical research and survey for the applewhite reservoir in san antonio.
FOUND Historic
$$ historic accounts tell of encampments of
FOUND Prehistoric
$$ one prehistoric site was found during the survey (ahr 2004).
FOUND Toyah
$$  l. 1994 the life and times of toyah culture folk: the buckhollow encampment
