FOUND Prehistoric
$$ through these efforts one prehistoric lithic scatter was discovered and assigned site number 41md40.
FOUND Prehistoric
$$ two of the prehistoric sites
FOUND Prehistoric
$$ two of the prehistoric sites
FOUND Prehistoric
$$ two of the prehistoric sites
FOUND Prehistoric
$$ two of the prehistoric sites
FOUND Paleo-Indian period
$$  only two projects are listed for midland county—the excavations and geological investigations at the paleo-indian period scharbauer site
FOUND Historic Period
$$  an apparent protohistoric period native american occupation.
FOUND Prehistoric
$$  two prehistoric sites (41md19 and 41md34) have been recorded within a mile northeast of the project boundary.
FOUND Prehistoric
$$  two prehistoric sites (41md19 and 41md34) have been recorded within a mile northeast of the project boundary.
FOUND Edwards Chert
&& most of the raw material used appears to be an edwards chert variety
FOUND Prehistoric
$$  one prehistoric lithic scatter was identified and was assigned trinomial 41md40.
FOUND Prehistoric
$$  they cannot currently be placed in any cultural context other than “prehistoric.” consequently
FOUND Prehistoric
$$ any cultural context other than “prehistoric.” consequently
FOUND Early Archaic
$$  and f. oglesby 1995 the early archaic structure at the turkey bend ranch site (41cc112)
FOUND Early Archaic
$$  and j. t. abbott 1996 early archaic use of the concho river terraces: cultural resource investigations at 41tg307 and 41tg309
FOUND Early Archaic
$$  and j. t. abbott 1996 early archaic use of the concho river terraces: cultural resource investigations at 41tg307 and 41tg309
FOUND Early Archaic
$$ in early archaic use of the concho river terraces: cultural resource investigations at 41tg307 and 41tg309
FOUND Early Archaic
$$ in early archaic use of the concho river terraces: cultural resource investigations at 41tg307 and 41tg309
