FOUND Late Archaic
$$  a late archaic cemetery in bexar county
FOUND Late Archaic Period
$$  the mortuary program followed by austin phase populations appears to contrast with that of the late archaic period peoples in the area (potter et al.
FOUND Late Archaic Period
$$  the mortuary program followed by austin phase populations appears to contrast with that of the late archaic period peoples in the area (potter et al.
FOUND Toyah
$$ sites in bexar county associated with the toyah phase have been recorded in government canyon (e.g.
FOUND Toyah
$$ during the toyah phase
FOUND Toyah
$$ sites in bexar county associated with the toyah phase have been recorded in government canyon (e.g.
FOUND Toyah
$$ during the toyah phase
FOUND Toyah
$$ sites in bexar county associated with the toyah phase have been recorded in government canyon (e.g.
FOUND Toyah
$$ during the toyah phase
FOUND Toyah
$$ sites in bexar county associated with the toyah phase have been recorded in government canyon (e.g.
FOUND Toyah
$$ during the toyah phase
FOUND Toyah
$$ sites in bexar county associated with the toyah phase have been recorded in government canyon (e.g.
FOUND Toyah
$$ during the toyah phase
FOUND Toyah
$$ sites in bexar county associated with the toyah phase have been recorded in government canyon (e.g.
FOUND Toyah
$$ during the toyah phase
FOUND Historic
$$  historic-era seasonal encampments made by native peoples traveling the “peyote trail” to northern mexico were documented as late as the 1920s (lukowski 1988).
FOUND Historic
$$ numerous river crossing sites with possible contact period components were identified during historical research and survey for the applewhite reservoir in san antonio.
FOUND Historic
$$ historic accounts tell of encampments of
FOUND Historic
$$  41bx1628 and 41bx1621 within the historical mission reach project area
FOUND Historic
$$  41bx1628 and 41bx1621 within the historical mission reach project area
FOUND Historic
$$  41bx1628 and 41bx1621 within the historical mission reach project area
FOUND Historic
$$  41bx1628 and 41bx1621 within the historical mission reach project area
FOUND Toyah
$$  l. 1994 the life and times of toyah culture folk: the buckhollow encampment
FOUND Historic
$$  and 41bx1621 within the historical mission reach project area
FOUND Historic
$$  and 41bx1621 within the historical mission reach project area
FOUND Historic
$$  and 41bx1621 within the historical mission reach project area
FOUND Historic
$$  and 41bx1621 within the historical mission reach project area
