FOUND Middle Archaic
$$ photograph of bulverde point (middle archaic 6
FOUND Bulverde Point
&& photograph of bulverde point (middle archaic 6
FOUND Middle Archaic
$$ photograph of bulverde point (middle archaic 6
FOUND Bulverde Point
&& photograph of bulverde point (middle archaic 6
FOUND Late Archaic
$$ from site 41tg607 and a late archaic dart point from site 41tg608................................................................... 24
FOUND Middle Archaic
$$ photograph of bulverde point (middle archaic 6
FOUND Bulverde Point
&& photograph of bulverde point (middle archaic 6
FOUND Late Archaic
$$ from site 41tg607 and a late archaic dart point from site 41tg608................................................................... 24 7.
FOUND Prehistoric
$$  prehistoric bedrock mortars (1-1
FOUND Late Archaic
$$ from site 41tg607 and a late archaic dart point from site 41tg608................................................................... 24 7.
FOUND Prehistoric
$$  prehistoric bedrock mortars (1-1
FOUND Late Archaic
$$ from site 41tg607 and a late archaic dart point from site 41tg608................................................................... 24 7.
FOUND Prehistoric
$$  prehistoric bedrock mortars (1-1
FOUND Prehistoric
$$  close up of prehistoric bedrock mortar 1-1; facing north.................................... 27
FOUND Prehistoric
$$ southern methodist university tested four possible prehistoric quarry sites in the northeast portion of the county (banks and bagot 1975).
FOUND Toyah
$$ creel’s (1978) documentation of site 41tg91 eventually resulted in an excavation that revealed a rich toyah complex with five slab-lined hearths
FOUND Prehistoric
$$ these five sites are all prehistoric: sites 41tg182 and 41tg303 were capped with a thin soil and were disturbed.
FOUND Prehistoric
$$ these five sites are all prehistoric: sites 41tg182 and 41tg303 were capped with a thin soil and were disturbed.
FOUND Late Archaic
$$ from site 41tg607 and a late archaic dart point from site 41tg608 figure 6.
FOUND Middle Archaic
$$ photograph of bulverde point (middle archaic 6
FOUND Bulverde Point
&& photograph of bulverde point (middle archaic 6
FOUND Late Archaic
$$ from site 41tg607 and a late archaic
FOUND Late Archaic
$$ from site 41tg607 and a late archaic dart point from site 41tg608 figure 6.
FOUND Middle Archaic
$$ photograph of bulverde point (middle archaic 6
FOUND Bulverde Point
&& photograph of bulverde point (middle archaic 6
FOUND Late Archaic
$$ from site 41tg607 and a late archaic dart point from site 41tg608.
FOUND Late Archaic
$$ from site 41tg607 and a late archaic dart point from site 41tg608 figure 6.
FOUND Middle Archaic
$$ photograph of bulverde point (middle archaic 6
FOUND Bulverde Point
&& photograph of bulverde point (middle archaic 6
FOUND Late Archaic
$$ from site 41tg607 and a late archaic dart point from site 41tg608.
FOUND Late Archaic
$$ and a late archaic dart point from site 41tg608 figure 6.
FOUND Middle Archaic
$$ photograph of bulverde point (middle archaic 6
FOUND Bulverde Point
&& photograph of bulverde point (middle archaic 6
FOUND Late Archaic
$$ from site 41tg607 and a late archaic dart point from site 41tg608.
FOUND Prehistoric
$$ features site 41tg607 also yielded four prehistoric milling features on the surface in an area of exposed bedrock.
FOUND Prehistoric
$$ feature 1 is slab of exposed bedrock with four prehistoric milling features (figures 7– 12).
FOUND Middle Archaic Period
$$ site 41tg607 is a low density lithic scatter with at least one occupation of the site dating to the middle archaic period (6000 – 3000 b.p.).
FOUND Bulverde Point
&& the testing yielded twenty-one pieces of debitage and one bulverde point fragment.
FOUND Unknown Aboriginal
&& 33 site 41tg608 is a low density lithic scatter of an unknown aboriginal affiliation.
FOUND Prehistoric
$$ no cultural material was recovered from this site during the current investigation; however; the buried occupation zones, as noted in the cut bank, probably extend into the narrow projection of land at the northwest corner of parcel g and may yield significant information concerning the prehistoric use of the region.
FOUND Prehistoric
$$ the survey documented the location of two new prehistoric archaeological sites (41tg607 and 41tg608) and the relocation of site 41tg218.
FOUND Prehistoric
$$ it is apparent that the alluvial benches along the concho river were a favored spot for prehistoric
FOUND Prehistoric
$$ the survey documented the location of two new prehistoric archaeological sites (41tg607 and 41tg608) and the relocation of site 41tg218.
FOUND Prehistoric
$$ it is apparent that the alluvial benches along the concho river were a favored spot for prehistoric
FOUND Prehistoric
$$ the survey documented the location of two new prehistoric archaeological sites (41tg607 and 41tg608) and the relocation of site 41tg218.
FOUND Prehistoric
$$ it is apparent that the alluvial benches along the concho river were a favored spot for prehistoric
FOUND Middle Archaic Period
$$ the projectile point fragment recovered from site 41tg607 exhibits a wedge-shaped stem which is typical for the bulverde point which is usually associated with the middle archaic period.
FOUND Bulverde Point
&& the projectile point fragment recovered from site 41tg607 exhibits a wedge-shaped stem which is typical for the bulverde point which is usually associated with the middle archaic period.
FOUND Late Archaic Period
$$  suggests that this dart point may date to the late archaic period.
FOUND Middle Archaic Period
$$ the projectile point fragment recovered from site 41tg607 exhibits a wedge-shaped stem which is typical for the bulverde point which is usually associated with the middle archaic period.
FOUND Bulverde Point
&& the projectile point fragment recovered from site 41tg607 exhibits a wedge-shaped stem which is typical for the bulverde point which is usually associated with the middle archaic period.
FOUND Late Archaic Period
$$  suggests that this dart point may date to the late archaic period.
