FOUND Historic
$$ site 41tv397 consisted of several historic standing log structures on a terrace north of the confluence of barton
FOUND Historic
$$ site 41tv397 consisted of several historic standing log structures on a terrace north of the confluence of barton and little barton creeks.
FOUND Middle Archaic
$$ two middle archaic
FOUND Prehistoric
$$  prehistoric 41tv319 yes
FOUND Prehistoric
$$ prehistoric–probable archaic 41tv397 yes
FOUND Archaic
$$ –probable archaic 41tv397 yes
FOUND Prehistoric
$$ prehistoric–probable archaic 41tv1023 yes
FOUND Archaic
$$ –probable archaic 41tv1023 yes
FOUND Prehistoric
$$ century prehistoric–unknown 41tv1117 no
FOUND Prehistoric
$$  prehistoric–unknown 41tv1153 no
FOUND Prehistoric
$$ prehistoric–unknown historic–unknown 41tv1163 no
FOUND Historic
$$ –unknown historic–unknown 41tv1163 no
FOUND Prehistoric
$$ prehistoric–unknown historic–unknown 41tv2123 yes
FOUND Historic
$$ –unknown historic–unknown 41tv2123 yes
FOUND Early Archaic
$$  early archaic
FOUND Late Archaic
$$  and late archaic occupations as well as debitage
FOUND Early Archaic
$$  early archaic
FOUND Late Archaic
$$  and late archaic occupations as well as debitage representing all stages of reduction.
FOUND Early Archaic
$$  early archaic
FOUND Late Archaic
$$  and late archaic occupations as well as debitage representing all stages of reduction.
FOUND Toyah
$$ cultigens are occasionally recovered from toyah phase sites and “the occasional presence of corn cobs suggest that either toyah phase peoples actively traded with agricultural peoples; or they practiced a mixed hunting
FOUND Historic
$$ site 41tv397 site 41tv397 was recorded as several historic standing log structures on a terrace north of the
FOUND Historic
$$ site 41tv397 site 41tv397 was recorded as several historic standing log structures on a terrace north of the confluence of barton and little barton creeks (voellinger 1979).
FOUND Historic
$$ site 41tv397 site 41tv397 was recorded as several historic standing log structures on a terrace north of the confluence of barton and little barton creeks (voellinger 1979).
FOUND Middle Archaic
$$ two middle archaic projectile point bases were recovered in conjunction with debitage representing all stages of reduction.
FOUND Middle Archaic
$$ two middle archaic projectile point bases were recovered in conjunction with debitage representing all stages of reduction.
FOUND Middle Archaic
$$ two middle archaic projectile point bases were recovered in conjunction with debitage representing all stages of reduction.
FOUND Middle Archaic
$$ two middle archaic projectile point bases were recovered in conjunction with debitage representing all stages of reduction.
FOUND Late Archaic Period
$$ artifacts collected during the initial survey included projectile points diagnostic of the paleo-indian, early archaic, and late archaic periods and debitage from all stages of reduction.
FOUND Early Archaic
$$ artifacts collected during the initial survey included projectile points diagnostic of the paleo-indian, early archaic, and s and debitage from all stages of reduction.
FOUND Late Archaic Period
$$ artifacts collected during the initial survey included projectile points diagnostic of the paleo-indian, early archaic, and late archaic periods and debitage from all stages of reduction.
FOUND Early Archaic
$$ artifacts collected during the initial survey included projectile points diagnostic of the paleo-indian, early archaic, and s and debitage from all stages of reduction.
FOUND Toyah
$$  jr. 1994 the life and times of toyah-culture folk as seen from the buckhollow encampment
FOUND Prehistoric
$$  p. s. 1984 prehistoric overkill: the global model.
FOUND Prehistoric
$$ in quaternary extinctions: a prehistoric
FOUND Archaic
$$  and t. r. hester 1972 the strohacker site: a review of pre-archaic manifestations in texas.
