FOUND Middle Archaic Period
$$  during the latter part of the middle archaic period (taylor and highley 1995).
FOUND Late Archaic
$$  a late archaic cemetery in bexar county
FOUND Late Archaic Period
$$  the mortuary program followed by austin phase populations appears to contrast with that of the late archaic period peoples in the area (potter et al.
FOUND Late Archaic Period
$$  the mortuary program followed by austin phase populations appears to contrast with that of the late archaic period peoples in the area (potter et al.
FOUND Toyah
$$ sites in bexar county associated with the toyah phase have been recorded in government canyon (e.g.
FOUND Toyah
$$ during the toyah phase
FOUND Toyah
$$ sites in bexar county associated with the toyah phase have been recorded in government canyon (e.g.
FOUND Toyah
$$ during the toyah phase
FOUND Toyah
$$ sites in bexar county associated with the toyah phase have been recorded in government canyon (e.g.
FOUND Toyah
$$ during the toyah phase
FOUND Toyah
$$ sites in bexar county associated with the toyah phase have been recorded in government canyon (e.g.
FOUND Toyah
$$ during the toyah phase
FOUND Toyah
$$ sites in bexar county associated with the toyah phase have been recorded in government canyon (e.g.
FOUND Toyah
$$ during the toyah phase
FOUND Toyah
$$ sites in bexar county associated with the toyah phase have been recorded in government canyon (e.g.
FOUND Toyah
$$ during the toyah phase
FOUND Historic
$$  historic‐era seasonal encampments made by native peoples traveling the “peyote trail” to northern mexico were documented as late as the 1920s (lukowski 1988).
FOUND Historic
$$ numerous river crossing sites with possible contact period components were identified during historical
FOUND Historic
$$ historic accounts tell of encampments of the pampopa and other indian groups nearby
FOUND Prehistoric
$$ 41bx41 – prehistoric campsite possibly destroyed by residential development 2.
FOUND Prehistoric
$$ 41bx50 – prehistoric site recorded in 1970
FOUND Prehistoric
$$ 41bx50 – prehistoric site recorded in 1970
FOUND Prehistoric
$$ 41bx50 – prehistoric site recorded in 1970
FOUND Prehistoric
$$  distance from ape 41bx41 prehistoric campsite possibly destroyed by residential development.
FOUND Prehistoric
$$  adjacent to the ape 41bx50 prehistoric site with depth potential and unknown area
FOUND Paleoindian
$$ within one kilometer of the ape 41bx48 paleoindian points found on surface.
FOUND Prehistoric
$$ 41bx49 prehistoric site destroyed by residential construction.
FOUND Prehistoric
$$ prehistoric site with potential for deep deposits;
FOUND Prehistoric
$$ 41bx53 41bx72 41bx127 prehistoric site recommended for testing.
FOUND Prehistoric
$$  41bx53 41bx72 41bx127 prehistoric site recommended for testing.
FOUND Prehistoric
$$ possibly intact prehistoric burned rock middens
FOUND Prehistoric
$$ 41bx231 41bx232 41bx233 minor prehistoric site
FOUND Prehistoric
$$  41bx231 41bx232 41bx233 minor prehistoric site
FOUND Prehistoric
$$ 41bx234 minor prehistoric site
FOUND Prehistoric
$$ 41bx505 minor prehistoric site
FOUND Prehistoric
$$ 41bx597 minor prehistoric site
FOUND Prehistoric
$$ 41bx631 41bx1419 minor prehistoric site
FOUND Historic
$$  also a historic military camp
FOUND Prehistoric
$$ 41bx631 41bx1419 minor prehistoric site
FOUND Historic
$$  also a historic military camp recommended for further work.
FOUND Historic
$$ 41bx1480 historic limestone well
FOUND Prehistoric
$$ 41bx1810 minor prehistoric site
FOUND Prehistoric
$$ 41bx1811 minor prehistoric site
FOUND Prehistoric
$$ 41bx1890 minor prehistoric site
FOUND Prehistoric
$$  a previously‐recorded prehistoric campsite.
FOUND Prehistoric
$$  a previously‐recorded prehistoric campsite.
FOUND Prehistoric
$$  a prehistoric campsite with unknown depth potential and was recommended for testing.
FOUND Prehistoric
$$  a prehistoric campsite with unknown depth potential and was recommended for testing.
FOUND Prehistoric
$$  a prehistoric campsite with unknown depth potential and was recommended for testing.
FOUND Prehistoric
$$  a prehistoric campsite presumably destroyed by a residential development (thc 2013).
FOUND Prehistoric
$$  a prehistoric campsite presumably destroyed by a residential development (thc 2013).
FOUND Historic
$$ site 41bx1889 is a minor historic ranching site
FOUND Historic
$$ site 41bx1889 is a minor historic ranching site
FOUND Historic
$$ site 41bx1889 is a minor historic ranching site
FOUND Prehistoric
$$ 41bx41 – prehistoric campsite possibly destroyed by residential development 2.
FOUND Prehistoric
$$ 41bx50 – prehistoric site with depth potential and unknown area
FOUND Prehistoric
$$ 41bx50 – prehistoric site with depth potential and unknown area
FOUND Prehistoric
$$ no evidence of prehistoric campsite 41bx41 was encountered in trench 17.
FOUND Toyah
$$  l. 1994 the life and times of toyah culture folk: the buckhollow encampment
FOUND Circleville
$$ 1985 from circleville to toyah: comments on central texas chronology.
FOUND Toyah
$$ 1985 from  to toyah: comments on central texas chronology.
FOUND Prehistoric
$$   41bx41 – prehistoric campsite possibly destroyed by residential development 41bx50 – prehistoric site with depth potential and unknown area
FOUND Prehistoric
$$  41bx41 – prehistoric campsite possibly destroyed by residential development 41bx50 – prehistoric site with depth potential and unknown area
FOUND Prehistoric
$$  41bx41 – prehistoric campsite possibly destroyed by residential development 41bx50 – prehistoric site with depth potential and unknown area
FOUND Prehistoric
$$ 41bx50 – prehistoric site with depth potential and unknown area
FOUND Prehistoric
$$   41bx40 – prehistoric site recommended for further work
FOUND Archaic
$$  archaic
FOUND Middle Archaic
$$  possible paleoindian 41bx47 – early-middle archaic
FOUND Paleoindian
$$  possible paleoindian 41bx47 – early-
FOUND Paleoindian
$$  recommended nrhp/sal eligible 41bx48 – paleoindian points found on surface 41bx49 – prehistoric site destroyed by residential construction
FOUND Prehistoric
$$  recommended nrhp/sal eligible 41bx48 –  points found on surface 41bx49 – prehistoric site destroyed by residential construction
FOUND Prehistoric
$$  41bx40 – prehistoric site recommended for further work
FOUND Archaic
$$  archaic
FOUND Middle Archaic
$$  possible paleoindian 41bx47 – early-middle archaic
FOUND Paleoindian
$$  possible paleoindian 41bx47 – early-
FOUND Paleoindian
$$  recommended nrhp/sal eligible 41bx48 – paleoindian points found on surface 41bx49 – prehistoric site destroyed by residential construction 41bx53 – prehistoric site with potential for deep deposits; recommended for testing
FOUND Prehistoric
$$  recommended nrhp/sal eligible 41bx48 –  points found on surface 41bx49 – prehistoric site destroyed by residential construction 41bx53 – prehistoric site with potential for deep deposits; recommended for testing
FOUND Prehistoric
$$  41bx40 – prehistoric site recommended for further work
FOUND Archaic
$$  archaic
FOUND Middle Archaic
$$  possible paleoindian 41bx47 – early-middle archaic
FOUND Paleoindian
$$  possible paleoindian 41bx47 – early-
FOUND Paleoindian
$$  recommended nrhp/sal eligible 41bx48 – paleoindian points found on surface 41bx49 – prehistoric site destroyed by residential construction 41bx53 – prehistoric site with potential for deep deposits; recommended for testing 41bx72 – prehistoric burned rock midden recommended for testing
FOUND Prehistoric
$$  recommended nrhp/sal eligible 41bx48 –  points found on surface 41bx49 – prehistoric site destroyed by residential construction 41bx53 – prehistoric site with potential for deep deposits; recommended for testing 41bx72 – prehistoric burned rock midden recommended for testing
FOUND Prehistoric
$$ 41bx40 – prehistoric site recommended for further work
FOUND Archaic
$$  archaic
FOUND Middle Archaic
$$  possible paleoindian 41bx47 – early-middle archaic
FOUND Paleoindian
$$  possible paleoindian 41bx47 – early-
FOUND Paleoindian
$$  recommended nrhp/sal eligible 41bx48 – paleoindian points found on surface 41bx49 – prehistoric site destroyed by residential construction 41bx53 – prehistoric site with potential for deep deposits; recommended for testing 41bx72 – prehistoric burned rock midden recommended for testing 41bx127 – prehistoric site recommended for testing
FOUND Prehistoric
$$  recommended nrhp/sal eligible 41bx48 –  points found on surface 41bx49 – prehistoric site destroyed by residential construction 41bx53 – prehistoric site with potential for deep deposits; recommended for testing 41bx72 – prehistoric burned rock midden recommended for testing 41bx127 – prehistoric site recommended for testing
FOUND Middle Archaic
$$ 41bx47 – early-middle archaic
FOUND Paleoindian
$$  recommended nrhp/sal eligible 41bx48 – paleoindian points found on surface 41bx49 – prehistoric site destroyed by residential construction 41bx53 – prehistoric site with potential for deep deposits; recommended for testing 41bx72 – prehistoric burned rock midden recommended for testing 41bx127 – prehistoric site recommended for testing 41bx231 – possibly intact prehistoric burned rock middens
FOUND Prehistoric
$$  recommended nrhp/sal eligible 41bx48 –  points found on surface 41bx49 – prehistoric site destroyed by residential construction 41bx53 – prehistoric site with potential for deep deposits; recommended for testing 41bx72 – prehistoric burned rock midden recommended for testing 41bx127 – prehistoric site recommended for testing 41bx231 – possibly intact prehistoric burned rock middens
FOUND Paleoindian
$$ 41bx48 – paleoindian points found on surface 41bx49 – prehistoric site destroyed by residential construction 41bx53 – prehistoric site with potential for deep deposits; recommended for testing 41bx72 – prehistoric burned rock midden recommended for testing 41bx127 – prehistoric site recommended for testing 41bx231 – possibly intact prehistoric burned rock middens
FOUND Prehistoric
$$ 41bx48 –  points found on surface 41bx49 – prehistoric site destroyed by residential construction 41bx53 – prehistoric site with potential for deep deposits; recommended for testing 41bx72 – prehistoric burned rock midden recommended for testing 41bx127 – prehistoric site recommended for testing 41bx231 – possibly intact prehistoric burned rock middens
FOUND Prehistoric
$$  recommended for testing 41bx232 – possibly intact prehistoric burned rock middens
FOUND Prehistoric
$$ 41bx49 – prehistoric site destroyed by residential construction 41bx53 – prehistoric site with potential for deep deposits; recommended for testing 41bx72 – prehistoric burned rock midden recommended for testing 41bx127 – prehistoric site recommended for testing 41bx231 – possibly intact prehistoric burned rock middens
FOUND Prehistoric
$$  recommended for testing 41bx232 – possibly intact prehistoric burned rock middens
FOUND Prehistoric
$$ 41bx53 – prehistoric site with potential for deep deposits; recommended for testing 41bx72 – prehistoric burned rock midden recommended for testing 41bx127 – prehistoric site recommended for testing 41bx231 – possibly intact prehistoric burned rock middens
FOUND Prehistoric
$$  recommended for testing 41bx232 – possibly intact prehistoric burned rock middens
FOUND Prehistoric
$$  recommended sal eligible 41bx233 – minor prehistoric site
FOUND Prehistoric
$$ 41bx72 – prehistoric burned rock midden recommended for testing 41bx127 – prehistoric site recommended for testing 41bx231 – possibly intact prehistoric burned rock middens
FOUND Prehistoric
$$  recommended for testing 41bx232 – possibly intact prehistoric burned rock middens
FOUND Prehistoric
$$  recommended sal eligible 41bx233 – minor prehistoric site
FOUND Prehistoric
$$ 41bx231 – possibly intact prehistoric burned rock middens
FOUND Prehistoric
$$  recommended for testing 41bx232 – possibly intact prehistoric burned rock middens
FOUND Prehistoric
$$  recommended sal eligible 41bx233 – minor prehistoric site
FOUND Prehistoric
$$ 41bx232 – possibly intact prehistoric burned rock middens
FOUND Prehistoric
$$  recommended sal eligible 41bx233 – minor prehistoric site
FOUND Historic
$$  also a historic military camp recommended for further work
FOUND Prehistoric
$$ recommended sal eligible 41bx233 – minor prehistoric site
FOUND Historic
$$  also a historic military camp recommended for further work
FOUND Prehistoric
$$ 41bx233 – minor prehistoric site
FOUND Historic
$$  also a historic military camp recommended for further work 2
FOUND Prehistoric
$$ 41bx234 – minor prehistoric site
FOUND Historic
$$  also a historic military camp recommended for further work 2
FOUND Prehistoric
$$   41bx1419 – minor prehistoric site
FOUND Historic
$$  but recommended for preservation because on utsa campus (educational use) 41bx1480 – historic limestone well
FOUND Prehistoric
$$  41bx1419 – minor prehistoric site
FOUND Historic
$$  but recommended for preservation because on utsa campus (educational use) 41bx1480 – historic limestone well
FOUND Prehistoric
$$ 41bx1419 – minor prehistoric site
FOUND Historic
$$  but recommended for preservation because on utsa campus (educational use) 41bx1480 – historic limestone well
FOUND Historic
$$ utsa campus (educational use) 41bx1480 – historic limestone well
FOUND Historic
$$ 41bx1480 – historic limestone well
FOUND Prehistoric
$$ 41bx1810 – minor prehistoric site
FOUND Historic
$$  which found heavy disturbance and erosion and a single minor historic-age site
