FOUND Historic
$$  two historic-age sites with components built more than 50 years ago were documented.
FOUND Prehistoric
$$ prehistoric artifacts at site 41hy503.
FOUND Prehistoric
$$ prehistoric artifacts at site 41hy504.
FOUND Prehistoric
$$ prehistoric artifacts at site 41hy503.
FOUND Prehistoric
$$ prehistoric artifacts at site 41hy504.
FOUND Prehistoric
$$ prehistoric artifacts at site 41hy505.
FOUND Prehistoric
$$ prehistoric artifacts at site 41hy504.
FOUND Prehistoric
$$ prehistoric artifacts at site 41hy505.
FOUND Prehistoric
$$ prehistoric artifacts at site 41hy504.
FOUND Prehistoric
$$ prehistoric artifacts at site 41hy505.
FOUND Prehistoric
$$ prehistoric artifacts at site 41hy506.
FOUND Prehistoric
$$ prehistoric artifacts at site 41hy505.
FOUND Prehistoric
$$ prehistoric artifacts at site 41hy506.
FOUND Prehistoric
$$ prehistoric artifacts at site 41hy505.
FOUND Prehistoric
$$ prehistoric artifacts at site 41hy506.
FOUND Prehistoric
$$ prehistoric artifacts at site 41hy507.
FOUND Prehistoric
$$ prehistoric artifacts at site 41hy506.
FOUND Prehistoric
$$ prehistoric artifacts at site 41hy507.
FOUND Prehistoric
$$ prehistoric artifacts at site 41hy506.
FOUND Prehistoric
$$ prehistoric artifacts at site 41hy507.
FOUND Prehistoric
$$ prehistoric artifacts at site 41hy508.
FOUND Prehistoric
$$ prehistoric artifacts at site 41hy507.
FOUND Prehistoric
$$ prehistoric artifacts at site 41hy508.
FOUND Prehistoric
$$ prehistoric artifacts at site 41hy507.
FOUND Prehistoric
$$ prehistoric artifacts at site 41hy508.
FOUND Prehistoric
$$ prehistoric artifacts at site 41hy509.
FOUND Prehistoric
$$ prehistoric artifacts at site 41hy508.
FOUND Prehistoric
$$ prehistoric artifacts at site 41hy509.
FOUND Prehistoric
$$ prehistoric artifacts at site 41hy508.
FOUND Prehistoric
$$ prehistoric artifacts at site 41hy509.
FOUND Prehistoric
$$ prehistoric artifacts at site 41hy510.
FOUND Prehistoric
$$ prehistoric artifacts at site 41hy509.
FOUND Prehistoric
$$ prehistoric artifacts at site 41hy510.
FOUND Prehistoric
$$ prehistoric artifacts at site 41hy509.
FOUND Prehistoric
$$ prehistoric artifacts at site 41hy510.
FOUND Prehistoric
$$ prehistoric artifacts at site 41hy511.
FOUND Prehistoric
$$ prehistoric artifacts at site 41hy510.
FOUND Prehistoric
$$ prehistoric artifacts at site 41hy511.
FOUND Prehistoric
$$ prehistoric artifacts at site 41hy510.
FOUND Prehistoric
$$ prehistoric artifacts at site 41hy511.
FOUND Prehistoric
$$ prehistoric artifacts at site 41hy512.
FOUND Prehistoric
$$ prehistoric artifacts at site 41hy511.
FOUND Prehistoric
$$ prehistoric artifacts at site 41hy512.
FOUND Prehistoric
$$ prehistoric artifacts at site 41hy511.
FOUND Prehistoric
$$ prehistoric artifacts at site 41hy512.
FOUND Prehistoric
$$ prehistoric artifacts at site 41hy513.
FOUND Prehistoric
$$ prehistoric artifacts at site 41hy512.
FOUND Prehistoric
$$ prehistoric artifacts at site 41hy513.
FOUND Prehistoric
$$ prehistoric artifacts at site 41hy512.
FOUND Prehistoric
$$ prehistoric artifacts at site 41hy513.
FOUND Prehistoric
$$ prehistoric artifacts at site 41hy514.
FOUND Prehistoric
$$ prehistoric artifacts at site 41hy513.
FOUND Prehistoric
$$ prehistoric artifacts at site 41hy514.
FOUND Prehistoric
$$ prehistoric artifacts at site 41hy513.
FOUND Prehistoric
$$ prehistoric artifacts at site 41hy514.
FOUND Prehistoric
$$ prehistoric artifacts at site 41hy515.
FOUND Prehistoric
$$ prehistoric artifacts at site 41hy514.
FOUND Prehistoric
$$ prehistoric artifacts at site 41hy515.
FOUND Prehistoric
$$ prehistoric artifacts at site 41hy514.
FOUND Prehistoric
$$ prehistoric artifacts at site 41hy515.
FOUND Prehistoric
$$ prehistoric artifacts at site 41hy516.
FOUND Prehistoric
$$ prehistoric artifacts at site 41hy515.
FOUND Prehistoric
$$ prehistoric artifacts at site 41hy516.
FOUND Prehistoric
$$ prehistoric artifacts at site 41hy515.
FOUND Prehistoric
$$ prehistoric artifacts at site 41hy516.
FOUND Prehistoric
$$ prehistoric artifacts at site 41hy516.
FOUND Prehistoric
$$ prehistoric artifacts at site 41hy516.
FOUND Kent Point
&& kent point recovered from site 41hy504.
FOUND Kent Point
&& kent point recovered from site 41hy504.
FOUND Kent Point
&& kent point recovered from site 41hy504.
FOUND Kent Point
&& kent point recovered from site 41hy504.
FOUND Kent Point
&& kent point recovered from site 41hy504.
FOUND Ensor Point
&& ensor point recovered from site 41hy504.
FOUND Kent Point
&& kent point recovered from site 41hy504.
FOUND Kent Point
&& kent point recovered from site 41hy504.
FOUND Ensor Point
&& ensor point recovered from site 41hy504.
FOUND Kent Point
&& kent point recovered from site 41hy504.
FOUND Kent Point
&& kent point recovered from site 41hy504.
FOUND Ensor Point
&& ensor point recovered from site 41hy504.
FOUND Kent Point
&& kent point recovered from site 41hy504.
FOUND Kent Point
&& kent point recovered from site 41hy504.
FOUND Ensor Point
&& ensor point recovered from site 41hy504.
FOUND Kent Point
&& kent point recovered from site 41hy504.
FOUND Kent Point
&& kent point recovered from site 41hy504.
FOUND Ensor Point
&& ensor point recovered from site 41hy504.
FOUND Historic
$$  one historic marker (#10285) is located within a one-mile radius of the project area.
FOUND Prehistoric
$$ comments / recommendations 41hy18 unknown prehistoric
FOUND Archaic
$$ no further investigation 41hy83 possibly archaic
FOUND Archaic
$$  possible midden 41hy144 possibly archaic
FOUND Prehistoric
$$ no further investigation 41hy333 unknown prehistoric
FOUND Prehistoric
$$ remains protected by rockfall 41hy334 unknown prehistoric
FOUND Prehistoric
$$ survey would further define site boundaries 41hy452 unknown prehistoric
FOUND Prehistoric
$$ no further investigation 41hy453 unknown prehistoric
FOUND Prehistoric
$$ no further investigation 41hy454 unknown prehistoric
FOUND Prehistoric
$$ no further investigation 41hy455 unknown prehistoric
FOUND Prehistoric
$$ no further investigation 41hy456 unknown prehistoric
FOUND Historic
$$ no further investigation 41hy457 historic
FOUND Prehistoric
$$ no further investigation 41hy462 unknown prehistoric;
FOUND Prehistoric
$$ comments / recommendations 41hy463 unknown prehistoric
FOUND Prehistoric
$$ no further investigation 41hy464 unknown prehistoric
FOUND Prehistoric
$$ no further investigation 41hy465 unknown prehistoric
FOUND Prehistoric
$$  39 prehistoric
FOUND Historic
$$  and three historic non-site isolates were located during the
FOUND Prehistoric
$$ site 41hy503 site 41hy503 is a prehistoric surface lithic scatter located west of a two-track road intersection leading to the storey-robinson dam on purgatory creek (figure 5-2; figure 5-3).
FOUND Prehistoric
$$ site 41hy503 site 41hy503 is a prehistoric surface lithic scatter located west of a two-track road intersection leading to the storey-robinson dam on purgatory creek (figure 5-2; figure 5-3).
FOUND Prehistoric
$$ prehistoric artifacts at site 41hy503.
FOUND Prehistoric
$$ prehistoric artifacts at site 41hy503.
FOUND Prehistoric
$$ site 41hy504 site 41hy504 is a prehistoric lithic scatter located north of a two-track road leading to the storey-robinson dam on purgatory creek (figure 5-5; figure 5-6).
FOUND Early Archaic
$$ the projectile points recovered from deflated surface contexts include one early triangular point (early archaic, ca.
FOUND Archaic
$$ (figure 5-7), two kent points (middle to transitional archaic, ca.
FOUND Kent Point
&& (figure 5-7), two kent points (middle to transitional archaic, ca.
FOUND Archaic
$$ 500) (figure 5-8; figure 5-9), and one ensor point (transitional archaic, ca.
FOUND Ensor Point
&& 500) (figure 5-8; figure 5-9), and one ensor point (transitional archaic, ca.
FOUND Archaic
$$ the occurrence of artifacts representing several periods within the archaic at this site suggests a repeated use of the same space over a long time frame.
FOUND Prehistoric
$$ site 41hy504 site 41hy504 is a prehistoric lithic scatter located north of a two-track road leading to the storey-robinson dam on purgatory creek (figure 5-5; figure 5-6).
FOUND Early Archaic
$$ the projectile points recovered from deflated surface contexts include one early triangular point (early archaic, ca.
FOUND Archaic
$$ (figure 5-7), two kent points (middle to transitional archaic, ca.
FOUND Kent Point
&& (figure 5-7), two kent points (middle to transitional archaic, ca.
FOUND Archaic
$$ 500) (figure 5-8; figure 5-9), and one ensor point (transitional archaic, ca.
FOUND Ensor Point
&& 500) (figure 5-8; figure 5-9), and one ensor point (transitional archaic, ca.
FOUND Archaic
$$ the occurrence of artifacts representing several periods within the archaic at this site suggests a repeated use of the same space over a long time frame.
FOUND Kent Point
&& kent point recovered from site 41hy504.
FOUND Kent Point
&& kent point recovered from site 41hy504.
FOUND Kent Point
&& kent point recovered from site 41hy504.
FOUND Kent Point
&& kent point recovered from site 41hy504.
FOUND Ensor Point
&& ensor point recovered from site 41hy504.
FOUND Ensor Point
&& ensor point recovered from site 41hy504.
FOUND Prehistoric
$$ prehistoric artifacts at site 41hy504.
FOUND Prehistoric
$$ prehistoric artifacts at site 41hy504.
FOUND Prehistoric
$$ site 41hy505 41hy505 is a prehistoric lithic scatter located southwest of a two-track road leading to the storey-robinson dam on purgatory creek (figure 5-12; figure 5-13), encompassing 29 x 43 m with a total of 1,247 m² (95 x 141 ft; 13,395 ft²).
FOUND Paleo-Indian period
$$ the point resembles those described by turner and hester (1991) as plainview points, which corresponds with the paleo-indian period (ca.
FOUND Prehistoric
$$ site 41hy505 41hy505 is a prehistoric lithic scatter located southwest of a two-track road leading to the storey-robinson dam on purgatory creek (figure 5-12; figure 5-13), encompassing 29 x 43 m with a total of 1,247 m² (95 x 141 ft; 13,395 ft²).
FOUND Paleo-Indian period
$$ the point resembles those described by turner and hester (1991) as plainview points, which corresponds with the paleo-indian period (ca.
FOUND Prehistoric
$$ prehistoric artifacts at site 41hy505.
FOUND Prehistoric
$$ prehistoric artifacts at site 41hy505.
FOUND Prehistoric
$$ site 41hy506 site 41hy506 is a prehistoric lithic scatter at the southeastern portion of the project area, located on a limestone outcrop in an upland setting 0.35 mile north of purgatory creek (figure 5-15; figure 5-16).
FOUND Prehistoric
$$ site 41hy506 site 41hy506 is a prehistoric lithic scatter at the southeastern portion of the project area, located on a limestone outcrop in an upland setting 0.35 mile north of purgatory creek (figure 5-15; figure 5-16).
FOUND Prehistoric
$$ prehistoric artifacts at site 41hy506.
FOUND Prehistoric
$$ prehistoric artifacts at site 41hy506.
FOUND Prehistoric
$$ prehistoric artifacts at site 41hy507.
FOUND Prehistoric
$$ prehistoric artifacts at site 41hy507.
FOUND Prehistoric
$$ prehistoric artifacts at site 41hy508.
FOUND Prehistoric
$$ prehistoric artifacts at site 41hy508.
FOUND Prehistoric
$$ site 41hy509 41hy509 is a prehistoric lithic procurement site located in the northwestern portion of the project area, between a two-track road and the southern limit of the san marcos baptist academy (figure 5-22; figure 5-23).
FOUND Prehistoric
$$ the surface scatter consisted of 18 prehistoric artifacts including: 10 tested cobbles, one core, and seven chipped stone debitage (one primary flake and six secondary flakes).
FOUND Prehistoric
$$ site 41hy509 41hy509 is a prehistoric lithic procurement site located in the northwestern portion of the project area, between a two-track road and the southern limit of the san marcos baptist academy (figure 5-22; figure 5-23).
FOUND Prehistoric
$$ the surface scatter consisted of 18 prehistoric artifacts including: 10 tested cobbles, one core, and seven chipped stone debitage (one primary flake and six secondary flakes).
FOUND Prehistoric
$$ prehistoric artifacts at site 41hy509.
FOUND Prehistoric
$$ prehistoric artifacts at site 41hy509.
FOUND Prehistoric
$$ site 41hy510 41hy510 is a low density prehistoric lithic scatter bisected by a two-track road located in the northwestern portion of the project area (figure 5-25; figure 5-26).
FOUND Prehistoric
$$ site 41hy510 41hy510 is a low density prehistoric lithic scatter bisected by a two-track road located in the northwestern portion of the project area (figure 5-25; figure 5-26).
FOUND Prehistoric
$$ prehistoric artifacts at site 41hy510.
FOUND Prehistoric
$$ prehistoric artifacts at site 41hy510.
FOUND Prehistoric
$$ site 41hy511 site 41hy511 is a prehistoric lithic scatter located in the northern end of the project area, between ranch road 12 and an electric substation to the west (figure 5-28; figure 529).
FOUND Prehistoric
$$ site 41hy511 site 41hy511 is a prehistoric lithic scatter located in the northern end of the project area, between ranch road 12 and an electric substation to the west (figure 5-28; figure 529).
FOUND Prehistoric
$$ prehistoric artifacts at site 41hy511.
FOUND Prehistoric
$$ prehistoric artifacts at site 41hy511.
FOUND Prehistoric
$$ prehistoric artifacts at site 41hy512.
FOUND Prehistoric
$$ prehistoric artifacts at site 41hy512.
FOUND Prehistoric
$$ prehistoric artifacts at site 41hy513.
FOUND Prehistoric
$$ prehistoric artifacts at site 41hy513.
FOUND Prehistoric
$$ site 41hy514 site 41hy514 is a sparse prehistoric lithic scatter located on a hilltop between two, twotrack roads in the eastern portion of the project area (figure 5-37, figure 5-38).
FOUND Prehistoric
$$ site 41hy514 site 41hy514 is a sparse prehistoric lithic scatter located on a hilltop between two, twotrack roads in the eastern portion of the project area (figure 5-37, figure 5-38).
FOUND Prehistoric
$$ prehistoric artifacts at site 41hy514.
FOUND Prehistoric
$$ prehistoric artifacts at site 41hy514.
FOUND Prehistoric
$$ prehistoric artifacts at site 41hy515.
FOUND Prehistoric
$$ prehistoric artifacts at site 41hy515.
FOUND Prehistoric
$$ prehistoric artifacts at site 41hy516.
FOUND Prehistoric
$$ prehistoric artifacts at site 41hy516.
FOUND Prehistoric
$$ site 41hy503 41hy503, with dimensions of 2,205 m² (23,734 ft²), was identified and recorded as a low density prehistoric lithic scatter located within the la cima project area south of purgatory creek.
FOUND Prehistoric
$$ site 41hy503 41hy503, with dimensions of 2,205 m² (23,734 ft²), was identified and recorded as a low density prehistoric lithic scatter located within the la cima project area south of purgatory creek.
FOUND Prehistoric
$$ site 41hy504 41hy504, with dimensions of 4,092 m² (44,051 ft²), was identified and recorded as a prehistoric lithic scatter located within the la cima project area south of purgatory creek.
FOUND Early Archaic
$$ a total of 108 lithic artifacts were identified on the surface and within buried contexts at the site, including 95 chipped stone debitage, four unifaces, three bifaces, a core, a tested cobble, and four diagnostic projectile points ranging from the early archaic to the transitional archaic periods.
FOUND Archaic
$$ a total of 108 lithic artifacts were identified on the surface and within buried contexts at the site, including 95 chipped stone debitage, four unifaces, three bifaces, a core, a tested cobble, and four diagnostic projectile points ranging from the  to the transitional archaic periods.
FOUND Prehistoric
$$ due to its deflated upland setting, lack of soil deposition at the locations of surficial diagnostic artifacts, and absence of cultural features, site 41hy504 lacks the data potential to add to the current prehistoric knowledge of the area.
FOUND Prehistoric
$$ site 41hy504 41hy504, with dimensions of 4,092 m² (44,051 ft²), was identified and recorded as a prehistoric lithic scatter located within the la cima project area south of purgatory creek.
FOUND Early Archaic
$$ a total of 108 lithic artifacts were identified on the surface and within buried contexts at the site, including 95 chipped stone debitage, four unifaces, three bifaces, a core, a tested cobble, and four diagnostic projectile points ranging from the early archaic to the transitional archaic periods.
FOUND Archaic
$$ a total of 108 lithic artifacts were identified on the surface and within buried contexts at the site, including 95 chipped stone debitage, four unifaces, three bifaces, a core, a tested cobble, and four diagnostic projectile points ranging from the  to the transitional archaic periods.
FOUND Prehistoric
$$ due to its deflated upland setting, lack of soil deposition at the locations of surficial diagnostic artifacts, and absence of cultural features, site 41hy504 lacks the data potential to add to the current prehistoric knowledge of the area.
FOUND Prehistoric
$$  site 41hy504 lacks the data potential to add to the current prehistoric knowledge of the area.
FOUND Prehistoric
$$  site 41hy504 lacks the data potential to add to the current prehistoric knowledge of the area.
FOUND Prehistoric
$$ site 41hy505 41hy505, with dimensions of 1,247 m² (13,395 ft²), was identified and recorded as a low density prehistoric lithic scatter located within the la cima project area south of purgatory creek.
FOUND Prehistoric
$$ due to the deflated upland setting, low density of artifacts, lack of soil deposition, and absence of cultural features, 41hy505 lacks the data potential to add to the current prehistoric knowledge of the area.
FOUND Prehistoric
$$ site 41hy505 41hy505, with dimensions of 1,247 m² (13,395 ft²), was identified and recorded as a low density prehistoric lithic scatter located within the la cima project area south of purgatory creek.
FOUND Prehistoric
$$ due to the deflated upland setting, low density of artifacts, lack of soil deposition, and absence of cultural features, 41hy505 lacks the data potential to add to the current prehistoric knowledge of the area.
FOUND Prehistoric
$$  41hy505 lacks the data potential to add to the current prehistoric knowledge of the area.
FOUND Prehistoric
$$  41hy505 lacks the data potential to add to the current prehistoric knowledge of the area.
FOUND Prehistoric
$$ site 41hy506 41hy506, with dimensions of 208 m² (2,184 ft²), was identified and recorded as a low density prehistoric lithic scatter located within the la cima project area north of purgatory creek.
FOUND Prehistoric
$$ due to the deflated upland setting, low density of artifacts, and lack of diagnostic artifacts or cultural features, site 41hy506 lacks the data potential to add to the current prehistoric knowledge of the area.
FOUND Prehistoric
$$ site 41hy506 41hy506, with dimensions of 208 m² (2,184 ft²), was identified and recorded as a low density prehistoric lithic scatter located within the la cima project area north of purgatory creek.
FOUND Prehistoric
$$ due to the deflated upland setting, low density of artifacts, and lack of diagnostic artifacts or cultural features, site 41hy506 lacks the data potential to add to the current prehistoric knowledge of the area.
FOUND Prehistoric
$$  site 41hy506 lacks the data potential to add to the current prehistoric knowledge of the area.
FOUND Prehistoric
$$  site 41hy506 lacks the data potential to add to the current prehistoric knowledge of the area.
FOUND Prehistoric
$$ due to the low density nature of the site, lack of soil deposition, continual water erosion, and lack of diagnostic artifacts or cultural features, site 41hy507 lacks the data potential to add to the current prehistoric knowledge of the area.
FOUND Prehistoric
$$ due to the low density nature of the site, lack of soil deposition, continual water erosion, and lack of diagnostic artifacts or cultural features, site 41hy507 lacks the data potential to add to the current prehistoric knowledge of the area.
FOUND Prehistoric
$$  site 41hy507 lacks the data potential to add to the current prehistoric knowledge of the area.
FOUND Prehistoric
$$  site 41hy507 lacks the data potential to add to the current prehistoric knowledge of the area.
FOUND Prehistoric
$$ due to the deflated upland setting, low density nature of the site, and lack of diagnostic artifacts or cultural features, site 41hy508 lacks the data potential to add to the current prehistoric knowledge of the area.
FOUND Prehistoric
$$ due to the deflated upland setting, low density nature of the site, and lack of diagnostic artifacts or cultural features, site 41hy508 lacks the data potential to add to the current prehistoric knowledge of the area.
FOUND Prehistoric
$$  site 41hy508 lacks the data potential to add to the current prehistoric knowledge of the area.
FOUND Prehistoric
$$  site 41hy508 lacks the data potential to add to the current prehistoric knowledge of the area.
FOUND Prehistoric
$$ due to the deflated upland setting, low density nature of the site, and lack of diagnostic artifacts or cultural features, site 41hy509 lacks the data potential to add to the current prehistoric knowledge of the area.
FOUND Prehistoric
$$ due to the deflated upland setting, low density nature of the site, and lack of diagnostic artifacts or cultural features, site 41hy509 lacks the data potential to add to the current prehistoric knowledge of the area.
FOUND Prehistoric
$$  site 41hy509 lacks the data potential to add to the current prehistoric knowledge of the area.
FOUND Prehistoric
$$  site 41hy509 lacks the data potential to add to the current prehistoric knowledge of the area.
FOUND Prehistoric
$$ site 41hy510 41hy510, with dimensions of 1,911 m² (20,320 ft²), was identified and recorded as a low density prehistoric lithic scatter located within the la cima project area north of purgatory creek.
FOUND Prehistoric
$$ due to the deflated upland setting, low density nature of the site, and lack of diagnostic artifacts or cultural features, site 41hy510 lacks the data potential to add to the current prehistoric knowledge of the area.
FOUND Prehistoric
$$ site 41hy510 41hy510, with dimensions of 1,911 m² (20,320 ft²), was identified and recorded as a low density prehistoric lithic scatter located within the la cima project area north of purgatory creek.
FOUND Prehistoric
$$ due to the deflated upland setting, low density nature of the site, and lack of diagnostic artifacts or cultural features, site 41hy510 lacks the data potential to add to the current prehistoric knowledge of the area.
FOUND Prehistoric
$$  site 41hy510 lacks the data potential to add to the current prehistoric knowledge of the area.
FOUND Prehistoric
$$  site 41hy510 lacks the data potential to add to the current prehistoric knowledge of the area.
FOUND Prehistoric
$$ site 41hy511 41hy511, with dimensions of 14,356 m² (154,230 ft²), was identified and recorded as a prehistoric lithic scatter located within the la cima project area north of purgatory creek.
FOUND Prehistoric
$$ due to the lack of diagnostic artifacts, lack of subsurface artifacts, absence of cultural features, and compromised integrity as a result of vehicular traffic, site 41hy511 lacks the data potential to add to the current prehistoric knowledge of the area.
FOUND Prehistoric
$$ site 41hy511 41hy511, with dimensions of 14,356 m² (154,230 ft²), was identified and recorded as a prehistoric lithic scatter located within the la cima project area north of purgatory creek.
FOUND Prehistoric
$$ due to the lack of diagnostic artifacts, lack of subsurface artifacts, absence of cultural features, and compromised integrity as a result of vehicular traffic, site 41hy511 lacks the data potential to add to the current prehistoric knowledge of the area.
FOUND Prehistoric
$$  site 41hy511 lacks the data potential to add to the current prehistoric knowledge of the area.
FOUND Prehistoric
$$  site 41hy511 lacks the data potential to add to the current prehistoric knowledge of the area.
FOUND Prehistoric
$$ due to the deflated upland setting, lack of soil deposition, and absence of diagnostic materials or cultural features, site 41hy512 lacks the data potential to add to the current prehistoric knowledge of the area.
FOUND Prehistoric
$$ due to the deflated upland setting, lack of soil deposition, and absence of diagnostic materials or cultural features, site 41hy512 lacks the data potential to add to the current prehistoric knowledge of the area.
FOUND Prehistoric
$$  site 41hy512 lacks the data potential to add to the current prehistoric knowledge of the area.
FOUND Prehistoric
$$  site 41hy512 lacks the data potential to add to the current prehistoric knowledge of the area.
FOUND Prehistoric
$$ site 41hy513 41hy513, with dimensions of 380 m² (4,030 ft²), was identified and recorded as a low density prehistoric lithic scatter located within the la cima project area north of purgatory creek.
FOUND Prehistoric
$$ due to the low density nature of the site, lack of diagnostic artifacts or cultural features, and compromised integrity due to its location along a secondary road, site 41hy513 lacks the data potential to add to the current prehistoric knowledge of the area.
FOUND Prehistoric
$$ site 41hy513 41hy513, with dimensions of 380 m² (4,030 ft²), was identified and recorded as a low density prehistoric lithic scatter located within the la cima project area north of purgatory creek.
FOUND Prehistoric
$$ due to the low density nature of the site, lack of diagnostic artifacts or cultural features, and compromised integrity due to its location along a secondary road, site 41hy513 lacks the data potential to add to the current prehistoric knowledge of the area.
FOUND Prehistoric
$$  site 41hy513 lacks the data potential to add to the current prehistoric knowledge of the area.
FOUND Prehistoric
$$  site 41hy513 lacks the data potential to add to the current prehistoric knowledge of the area.
FOUND Prehistoric
$$ site 41hy514 41hy514, with dimensions of 187 m² (1,980 ft²), was identified and recorded as a low density prehistoric lithic scatter located within the la cima project area north of purgatory creek.
FOUND Prehistoric
$$ due to the deflated upland setting, low density nature of the site, and lack of diagnostic artifacts or cultural features, site 41hy514 lacks the data potential to add to the current prehistoric knowledge of the area.
FOUND Prehistoric
$$ site 41hy514 41hy514, with dimensions of 187 m² (1,980 ft²), was identified and recorded as a low density prehistoric lithic scatter located within the la cima project area north of purgatory creek.
FOUND Prehistoric
$$ due to the deflated upland setting, low density nature of the site, and lack of diagnostic artifacts or cultural features, site 41hy514 lacks the data potential to add to the current prehistoric knowledge of the area.
FOUND Prehistoric
$$  site 41hy514 lacks the data potential to add to the current prehistoric knowledge of the area.
FOUND Prehistoric
$$  site 41hy514 lacks the data potential to add to the current prehistoric knowledge of the area.
FOUND Prehistoric
$$ site 41hy515 41hy515, with dimensions of 60 m² (608 ft²), was identified and recorded as a low density prehistoric lithic scatter located within the la cima project area north of purgatory creek.
FOUND Prehistoric
$$ due to the site’s location on an eroding side slope, low density nature of the site, lack of soil deposition, and absence of diagnostic artifacts or cultural features, site 41hy515 lacks the data potential to add to the current prehistoric knowledge of the area.
FOUND Prehistoric
$$ site 41hy515 41hy515, with dimensions of 60 m² (608 ft²), was identified and recorded as a low density prehistoric lithic scatter located within the la cima project area north of purgatory creek.
FOUND Prehistoric
$$ due to the site’s location on an eroding side slope, low density nature of the site, lack of soil deposition, and absence of diagnostic artifacts or cultural features, site 41hy515 lacks the data potential to add to the current prehistoric knowledge of the area.
FOUND Prehistoric
$$  site 41hy515 lacks the data potential to add to the current prehistoric knowledge of the area.
FOUND Prehistoric
$$  site 41hy515 lacks the data potential to add to the current prehistoric knowledge of the area.
FOUND Prehistoric
$$ site 41hy516 41hy516, with dimensions of 242 m² (2,592 ft²), was identified and recorded as a prehistoric lithic scatter located within the la cima project area north of purgatory creek.
FOUND Prehistoric
$$ site 41hy516 41hy516, with dimensions of 242 m² (2,592 ft²), was identified and recorded as a prehistoric lithic scatter located within the la cima project area north of purgatory creek.
FOUND Prehistoric
$$  site 41hy516 lacks the data potential to add to the current prehistoric knowledge of the area.
FOUND Prehistoric
$$  site 41hy516 lacks the data potential to add to the current prehistoric knowledge of the area.
