FOUND Prehistoric
$$  1850s german style rock house and farmstead; privately owned 41ke188 prehistoric open campsite with bifaces
FOUND Prehistoric
$$ prehistoric open campsite with bifaces
FOUND Prehistoric
$$ 1940s farmstead 41ke216 prehistoric lithic scatter
FOUND Archaic
$$  archaic in age; situated in a wooded upland area
FOUND Prehistoric
$$  prehistoric lithic scatter
FOUND Early Archaic
$$  archaic in age; situated in a wooded upland area 41ke217 prehistoric burned rock midden and open campsite; early archaic through late archic in age; situated near the confluence of menger and cibolo creek
FOUND Prehistoric
$$  archaic in age; situated in a wooded upland area 41ke217 prehistoric burned rock midden and open campsite;  through late archic in age; situated near the confluence of menger and cibolo creek
FOUND Archaic
$$  archaic in age; situated in a wooded upland area 41ke217  burned rock midden and open campsite;  through late archic in age; situated near the confluence of menger and cibolo creek
FOUND Historic
$$  and c. assad 1978 the fort sam houston project: an archaeological and historical assessment.
FOUND Toyah
$$  jr. 1994 the life and times of toyah-culture folk as seen from the buckhollow encampment
FOUND Prehistoric
$$  jr. 1978 41bx68: a prehistoric quarry-workshop in northern bexar county
FOUND Prehistoric
$$  a prehistoric quarry in bexar county
