FOUND Prehistoric
$$  and 41tv2434) were documented as prehistoric lithic scatters confined primarily to surface contexts on upland slopes above a tributary of rocky creek.
FOUND Prehistoric
$$  and 41tv2434) were documented as prehistoric lithic scatters confined primarily to surface contexts on upland slopes above a tributary of rocky creek.
FOUND Prehistoric
$$  and 41tv2434) were documented as prehistoric lithic scatters confined primarily to surface contexts on upland slopes above a tributary of rocky creek.
FOUND Prehistoric
$$  and 41tv2434) were documented as prehistoric lithic scatters confined primarily to surface contexts on upland slopes above a tributary of rocky creek.
FOUND Prehistoric
$$  and 41tv2434) were documented as prehistoric lithic scatters confined primarily to surface contexts on upland slopes above a tributary of rocky creek.
FOUND Prehistoric
$$  and 41tv2434) were documented as prehistoric lithic scatters confined primarily to surface contexts on upland slopes above a tributary of rocky creek.
FOUND Late Archaic I
$$ johnson and goode (1994:34) note that burned rock middens on the edwards plateau during the late archaic i subperiod are more frequent than in any other period.
FOUND Historic
$$  possible 41tv2377 historic cattle processing feature
FOUND Marcos Point
&&  1 dart point fragment reminiscent of a marcos point was recovered from the surface of site 41tv2434.
FOUND Marcos Point
&&  1 dart point fragment reminiscent of a marcos point was recovered from the surface of site 41tv2434.
FOUND Marcos Point
&& if it indeed represents a marcos point
FOUND Middle Archaic Period
$$  this provides a tentative date of the site to the middle archaic period (ca.
FOUND Marcos Point
&& if it indeed represents a marcos point
FOUND Middle Archaic Period
$$  this provides a tentative date of the site to the middle archaic period (ca.
