FOUND Prehistoric
$$ site 41wm442 was originally recorded as a low-density prehistoric lithic scatter.
FOUND Prehistoric
$$ site 41wm442 was originally recorded as a low-density prehistoric lithic scatter.
FOUND Prehistoric
$$ site 41wm442 was originally recorded as a low-density prehistoric lithic scatter.
FOUND Prehistoric
$$ 41wm1 prehistoric open campsite
FOUND Prehistoric
$$  yes 41wm506 prehistoric burned rock midden
FOUND Prehistoric
$$  prehistoric lithic scatter during a
FOUND Prehistoric
$$  prehistoric lithic scatter during a 1980 survey of southwest park (now frontier park).
FOUND Prehistoric
$$ site summary site 41wm442 was originally recorded as a prehistoric lithic scatter located immediately to the north of a tributary feeder to lake creek.
FOUND Prehistoric
$$ the site originally consisted of a low-density scatter of prehistoric lithic artifacts.
FOUND Prehistoric
$$ site 41wm442 was originally recorded as a prehistoric lithic scatter located immediately to the north of a tributary feeder to lake creek.
FOUND Prehistoric
$$ the site originally consisted of a low-density scatter of prehistoric lithic artifacts.
