FOUND Late Archaic I
$$ johnson and goode (1994:34) note that burned rock middens on the edwards plateau during the late archaic i subperiod are more frequent than in any other period.
FOUND Prehistoric
$$ scatter prehistoric lithic scatter 41nl211 prehistoric lithic scatter
FOUND Prehistoric
$$ 41nl208 41nl209 41nl47 prehistoric lithic scatter
FOUND Prehistoric
$$ 41ta100 prehistoric campsite
FOUND Prehistoric
$$  41ta244 41ta246 prehistoric lithic scatter
FOUND Prehistoric
$$  yes 41ta81 prehistoric campsite
FOUND Prehistoric
$$ this site was documented as a surficial prehistoric lithic scatter that represents an upland lithic procurement area.
FOUND Prehistoric
$$ it was documented as an upland prehistoric campsite within a plowed cotton field.
FOUND Prehistoric
$$  8 41nl211 (prehistoric lithic scatter
FOUND Prehistoric
$$  ineligible) 41nl220 (prehistoric lithic scatter
FOUND Prehistoric
$$  ineligible) 41nl221 (prehistoric lithic scatter
FOUND Prehistoric
$$ 8 41nl211 (prehistoric lithic scatter
FOUND Prehistoric
$$  ineligible) 41nl220 (prehistoric lithic scatter
FOUND Prehistoric
$$  ineligible) 41nl221 (prehistoric lithic scatter
FOUND Prehistoric
$$  41nl211 (prehistoric lithic scatter
FOUND Prehistoric
$$  ineligible) 41nl220 (prehistoric lithic scatter
FOUND Prehistoric
$$  ineligible) 41nl221 (prehistoric lithic scatter
FOUND Prehistoric
$$ sweetwater creek 41nl23 (prehistoric campsite
FOUND Prehistoric
$$ bull wagon creek 41ta81 (prehistoric campsite
FOUND Prehistoric
$$ little stink creek 41nl19 (prehistoric campsite with burned rock midden features
