FOUND Prehistoric
$$ the survey resulted in the documentation of 3 new prehistoric archeological sites (41tv2263
FOUND Prehistoric
$$ all 3 of these sites are prehistoric open campsites
FOUND Prehistoric
$$ the survey resulted in the documentation of 3 new prehistoric archeological sites (41tv2263
FOUND Prehistoric
$$ all 3 of these sites are prehistoric open campsites
FOUND Prehistoric
$$ the survey resulted in the documentation of 3 new prehistoric archeological sites (41tv2263
FOUND Prehistoric
$$ all 3 of these sites are prehistoric open campsites
FOUND Prehistoric
$$ the survey resulted in the documentation of 3 new prehistoric archeological sites (41tv2263
FOUND Prehistoric
$$ all 3 of these sites are prehistoric open campsites
FOUND Late Prehistoric
$$ the artifacts suggest that this was a small encampment utilized as possibly a hunting camp during the late prehistoric period.
FOUND Prehistoric
$$ the survey resulted in the documentation of 3 new prehistoric archeological sites (41tv2263
FOUND Prehistoric
$$ the survey resulted in the documentation of 3 new prehistoric archeological sites (41tv2263
FOUND Prehistoric
$$ the survey resulted in the documentation of 3 new prehistoric archeological sites (41tv2263
FOUND Prehistoric
$$ the survey resulted in the documentation of 3 new prehistoric archeological sites (41tv2263
FOUND Late Archaic I
$$ johnson and goode (1994:34) note that burned rock middens on the edwards plateau during the late archaic i subperiod are more frequent than in any other period.
FOUND Prehistoric
$$ these sites included 4 prehistoric burned rock middens (41tv22
FOUND Prehistoric
$$  2 prehistoric lithic scatters (41tv1107 and 41tv1113)
FOUND Prehistoric
$$  and 1 prehistoric lithic procurement area (41tv193).
FOUND Prehistoric
$$ these sites included 4 prehistoric burned rock middens (41tv22
FOUND Prehistoric
$$  2 prehistoric lithic scatters (41tv1107 and 41tv1113)
FOUND Prehistoric
$$  and 1 prehistoric lithic procurement area (41tv193).
FOUND Prehistoric
$$ these sites included 4 prehistoric burned rock middens (41tv22
FOUND Prehistoric
$$  2 prehistoric lithic scatters (41tv1107 and 41tv1113)
FOUND Prehistoric
$$  and 1 prehistoric lithic procurement area (41tv193).
FOUND Prehistoric
$$ these sites included 4 prehistoric burned rock middens (41tv22
FOUND Prehistoric
$$  2 prehistoric lithic scatters (41tv1107 and 41tv1113)
FOUND Prehistoric
$$  and 1 prehistoric lithic procurement area (41tv193).
FOUND Prehistoric
$$ these sites included 4 prehistoric burned rock middens (41tv22
FOUND Prehistoric
$$  2 prehistoric lithic scatters (41tv1107 and 41tv1113)
FOUND Prehistoric
$$  and 1 prehistoric lithic procurement area (41tv193).
FOUND Prehistoric
$$ site 41tv22 was recorded as a prehistoric burned rock midden in 1937 by a.t. jackson and a.m. woolsey
FOUND Prehistoric
$$ these sites included 4 prehistoric burned rock middens (41tv22
FOUND Prehistoric
$$  2 prehistoric lithic scatters (41tv1107 and 41tv1113)
FOUND Prehistoric
$$  and 1 prehistoric lithic procurement area (41tv193).
FOUND Prehistoric
$$ site 41tv22 was recorded as a prehistoric burned rock midden in 1937 by a.t. jackson and a.m. woolsey
FOUND Prehistoric
$$ these sites included 4 prehistoric burned rock middens (41tv22
FOUND Prehistoric
$$  2 prehistoric lithic scatters (41tv1107 and 41tv1113)
FOUND Prehistoric
$$  and 1 prehistoric lithic procurement area (41tv193).
FOUND Prehistoric
$$ site 41tv22 was recorded as a prehistoric burned rock midden in 1937 by a.t. jackson and a.m. woolsey
FOUND Prehistoric
$$ these sites included 4 prehistoric burned rock middens (41tv22
FOUND Prehistoric
$$  2 prehistoric lithic scatters (41tv1107 and 41tv1113)
FOUND Prehistoric
$$  and 1 prehistoric lithic procurement area (41tv193).
FOUND Prehistoric
$$ site 41tv22 was recorded as a prehistoric burned rock midden in 1937 by a.t. jackson and a.m. woolsey
FOUND Prehistoric
$$  2 prehistoric lithic scatters (41tv1107 and 41tv1113)
FOUND Prehistoric
$$  and 1 prehistoric lithic procurement area (41tv193).
FOUND Prehistoric
$$ site 41tv22 was recorded as a prehistoric burned rock midden in 1937 by a.t. jackson and a.m. woolsey
FOUND Prehistoric
$$ atlas map showing location of 41tv22 determine: 1) if settings conducive to containing cultural deposits were present; 2) if any standing historic structures were present; 3) if any prehistoric deposits were visible on the
FOUND Historic
$$ atlas map showing location of 41tv22 determine: 1) if settings conducive to containing cultural deposits were present; 2) if any standing historic structures were present; 3) if any  deposits were visible on the
FOUND Prehistoric
$$ this surface scatter of materials continued toward the lake where the crew relocated a dense concentration of prehistoric materials that were assumed at that time to be the remains of previously recorded site 41tv22.
FOUND Prehistoric
$$  leaving prehistoric artifacts exposed on the site’s surface.
FOUND Marshall Ford
$$  site 41tv22 was originally documented in 1937 by jackson and woolsey during the archeological survey of the basin of then-termed marshall ford lake
FOUND Marshall Ford
$$  site 41tv22 was originally documented in 1937 by jackson and woolsey during the archeological survey of the basin of then-termed marshall ford lake (now lake travis).
FOUND Marshall Ford
$$ 19 in the marshall ford basin and then later assigned the formal trinomial of 41tv22.
FOUND Marshall Ford
$$  site 41tv22 was originally documented in 1937 by jackson and woolsey during the archeological survey of the basin of then-termed marshall ford lake (now lake travis).
FOUND Marshall Ford
$$ 19 in the marshall ford basin and then later assigned the formal trinomial of 41tv22.
FOUND Prehistoric
$$ 6.0 results of the survey level investigations the survey of the usace jurisdictional areas within the 1060-acre vizcaya development resulted in the documentation of 3 new prehistoric archeological sites (41tv2263
FOUND Prehistoric
$$ 6.0 results of the survey level investigations the survey of the usace jurisdictional areas within the 1060-acre vizcaya development resulted in the documentation of 3 new prehistoric archeological sites (41tv2263
FOUND Prehistoric
$$  the survey of the usace jurisdictional areas within the 1060-acre vizcaya development resulted in the documentation of 3 new prehistoric archeological sites (41tv2263
FOUND Late Prehistoric
$$  the site appears to be a temporary camp utilized during the late prehistoric period.
FOUND Darl Dart
&& observed cultural materials include countless burned rocks, dense areas of chert debitage, manos, metate fragments, early state bifaces, an edwards arrow point, a darl dart point, a travis dart point, and a possible lanceolate projectile point.
FOUND Lanceolate Projectile Point
&& observed cultural materials include countless burned rocks, dense areas of chert debitage, manos, metate fragments, early state bifaces, an edwards arrow point, a  point, a travis dart point, and a possible lanceolate projectile point.
FOUND Paleo-Indian period
$$ these specimens suggest that the site was occupied potentially as early as the paleo-indian period up through the late prehistoric period.
FOUND Late Prehistoric
$$ these specimens suggest that the site was occupied potentially as early as the  up through the late prehistoric period.
FOUND Darl Dart
&& observed cultural materials include countless burned rocks, dense areas of chert debitage, manos, metate fragments, early state bifaces, an edwards arrow point, a darl dart point, a travis dart point, and a possible lanceolate projectile point.
FOUND Lanceolate Projectile Point
&& observed cultural materials include countless burned rocks, dense areas of chert debitage, manos, metate fragments, early state bifaces, an edwards arrow point, a  point, a travis dart point, and a possible lanceolate projectile point.
FOUND Paleo-Indian period
$$ these specimens suggest that the site was occupied potentially as early as the paleo-indian period up through the late prehistoric period.
FOUND Late Prehistoric
$$ these specimens suggest that the site was occupied potentially as early as the  up through the late prehistoric period.
FOUND Paleo-Indian period
$$ recovered diagnostic specimens suggest that the site was occupied potentially as early as the paleo-indian period up through the late prehistoric
FOUND Late Prehistoric
$$ recovered diagnostic specimens suggest that the site was occupied potentially as early as the  up through the late prehistoric
FOUND Prehistoric
$$ the survey resulted in the documentation of 3 new prehistoric archeological sites (41tv2263
FOUND Prehistoric
$$ all 3 of these sites are prehistoric open campsites
FOUND Prehistoric
$$ the survey resulted in the documentation of 3 new prehistoric archeological sites (41tv2263
FOUND Prehistoric
$$ all 3 of these sites are prehistoric open campsites
FOUND Prehistoric
$$ the survey resulted in the documentation of 3 new prehistoric archeological sites (41tv2263
FOUND Prehistoric
$$ all 3 of these sites are prehistoric open campsites
FOUND Prehistoric
$$ the survey resulted in the documentation of 3 new prehistoric archeological sites (41tv2263
FOUND Prehistoric
$$ all 3 of these sites are prehistoric open campsites
FOUND Late Prehistoric
$$ the artifacts suggest that this was a small encampment utilized possibly as a hunting camp during the late prehistoric
FOUND Darl Projectile Point
&&  none 41tv2265 shovel test is 20 m nw of found darl projectile point
