FOUND Late Archaic I
$$ johnson and goode (1994:34) note that burned rock middens on the edwards plateau during the late archaic i subperiod are more frequent than in any other period.
FOUND Prehistoric
$$  2 are prehistoric open camp sites (41wm670 and 41wm671)
FOUND Prehistoric
$$  2 are prehistoric burned rock midden sites (41wm15 and 41wm29)
FOUND Prehistoric
$$  1 is a mulit-component site consisting of a prehistoric open camp and an historic artifact scatter (41wm538)
FOUND Historic
$$  1 is a mulit-component site consisting of a  open camp and an historic artifact scatter (41wm538)
FOUND Historic
$$  and 1 is a historic trail marker (41wm438).
FOUND Prehistoric
$$  2 are prehistoric open camp sites (41wm670 and 41wm671)
FOUND Prehistoric
$$  2 are prehistoric burned rock midden sites (41wm15 and 41wm29)
FOUND Prehistoric
$$  1 is a mulit-component site consisting of a prehistoric open camp and an historic artifact scatter (41wm538)
FOUND Historic
$$  1 is a mulit-component site consisting of a  open camp and an historic artifact scatter (41wm538)
FOUND Historic
$$  and 1 is a historic trail marker (41wm438).
FOUND Prehistoric
$$  2 are prehistoric open camp sites (41wm670 and 41wm671)
FOUND Prehistoric
$$  2 are prehistoric burned rock midden sites (41wm15 and 41wm29)
FOUND Prehistoric
$$  1 is a mulit-component site consisting of a prehistoric open camp and an historic artifact scatter (41wm538)
FOUND Historic
$$  1 is a mulit-component site consisting of a  open camp and an historic artifact scatter (41wm538)
FOUND Historic
$$  and 1 is a historic trail marker (41wm438).
FOUND Prehistoric
$$  2 are prehistoric open camp sites (41wm670 and 41wm671)
FOUND Prehistoric
$$  2 are prehistoric burned rock midden sites (41wm15 and 41wm29)
FOUND Prehistoric
$$  1 is a mulit-component site consisting of a prehistoric open camp and an historic artifact scatter (41wm538)
FOUND Historic
$$  1 is a mulit-component site consisting of a  open camp and an historic artifact scatter (41wm538)
FOUND Historic
$$  and 1 is a historic trail marker (41wm438).
FOUND Prehistoric
$$  2 are prehistoric open camp sites (41wm670 and 41wm671)
FOUND Prehistoric
$$  2 are prehistoric burned rock midden sites (41wm15 and 41wm29)
FOUND Prehistoric
$$  1 is a mulit-component site consisting of a prehistoric open camp and an historic artifact scatter (41wm538)
FOUND Historic
$$  1 is a mulit-component site consisting of a  open camp and an historic artifact scatter (41wm538)
FOUND Historic
$$  and 1 is a historic trail marker (41wm438).
FOUND Prehistoric
$$  2 are prehistoric open camp sites (41wm670 and 41wm671)
FOUND Prehistoric
$$  2 are prehistoric burned rock midden sites (41wm15 and 41wm29)
FOUND Prehistoric
$$  1 is a mulit-component site consisting of a prehistoric open camp and an historic artifact scatter (41wm538)
FOUND Historic
$$  1 is a mulit-component site consisting of a  open camp and an historic artifact scatter (41wm538)
FOUND Historic
$$  and 1 is a historic trail marker (41wm438).
