FOUND Prehistoric
$$ two of the 3 new sites (41tv2376 and 41tv2378) were documented as prehistoric lithic scatters confined solely to surface contexts on upland slopes above a tributary of rocky creek.
FOUND Prehistoric
$$ two of the 3 new sites (41tv2376 and 41tv2378) were documented as prehistoric lithic scatters confined solely to surface contexts on upland slopes above a tributary of rocky creek.
FOUND Prehistoric
$$ two of the 3 new sites (41tv2376 and 41tv2378) were documented as prehistoric lithic scatters confined solely to surface contexts on upland slopes above a tributary of rocky creek.
FOUND Prehistoric
$$ two of the 3 new sites (41tv2376 and 41tv2378) were documented as prehistoric lithic scatters confined solely to surface contexts on upland slopes above a tributary of rocky creek.
FOUND Late Archaic I
$$ johnson and goode (1994:34) note that burned rock middens on the edwards plateau during the late archaic i subperiod are more frequent than in any other period.
FOUND Prehistoric
$$ site trinomial 41tv86 41tv2295 site type prehistoric open
FOUND Prehistoric
$$ two of the 3 new sites (41tv2376 and 41tv2378) were documented as prehistoric lithic scatters
FOUND Prehistoric
$$ two of the 3 new sites (41tv2376 and 41tv2378) were documented as prehistoric lithic scatters
FOUND Prehistoric
$$ two of the 3 new sites (41tv2376 and 41tv2378) were documented as prehistoric lithic scatters
FOUND Prehistoric
$$ 6.1.1 site 41tv2376 general description site 41tv2376 was documented as a prehistoric lithic scatter located on the southern
FOUND Prehistoric
$$ site 41tv2376 general description site 41tv2376 was documented as a prehistoric lithic scatter located on the southern flank of a hillside in the eastern portion of the ape (figure 7).
FOUND Prehistoric
$$ chapter 6.0: results and recommendations summary site 41tv2376 consists of a sparse prehistoric lithic scatter that appears to represent a small lithic procurement area based on the lack of observed fire-cracked rock or formal tools.
FOUND Prehistoric
$$ site 41tv2376 consists of a sparse prehistoric lithic scatter that appears to represent a small lithic procurement area based on the lack of observed fire-cracked rock or formal tools.
FOUND Historic
$$ no historicera materials were observed on the shallow rocky clay and exposed marl surface of the site.
FOUND Prehistoric
$$ 6.1.3 site 41tv2378 general description site 41tv2378 was documented as another prehistoric lithic scatter located on the
FOUND Prehistoric
$$ site 41tv2378 general description site 41tv2378 was documented as another prehistoric lithic scatter located on the southern flank of a hillside in the central portion of the ape (figure 18; see also figure 7).
FOUND Archaic
$$ this would suggest a utilization of the site during the general archaic period.
FOUND Prehistoric
$$ summary site 41tv2378 consists of a sparse prehistoric lithic scatter that appears to represent a small lithic procurement area based on the lack of observed fire-cracked rock or cultural features.
FOUND Archaic
$$ the presence of a possible dart point fragment suggests a utilization of the site at least during the general archaic period.
