FOUND Archaic
$$ site 41bx949 was originally described as a burned rock midden dating to the archaic period
FOUND Prehistoric
$$  and site 41bx1766 was described as a lithic scatter of undetermined prehistoric age.
FOUND Archaic
$$ site 41bx949 was originally described as a burned rock midden dating to the archaic period
FOUND Prehistoric
$$  and site 41bx1766 was described as a lithic scatter of undetermined prehistoric age.
FOUND Archaic
$$ site 41bx949 was originally described as a burned rock midden dating to the archaic period
FOUND Prehistoric
$$  and site 41bx1766 was described as a lithic scatter of undetermined prehistoric age.
FOUND Archaic
$$ site 41bx949 was originally described as a burned rock midden dating to the archaic period
FOUND Prehistoric
$$  and site 41bx1766 was described as a lithic scatter of undetermined prehistoric age.
FOUND Early Archaic
$$  yes 41bx959 aboriginal lithic scatter (early archaic);
FOUND Prehistoric
$$  yes 41bx1927 aboriginal lithic scatter (undetermined prehistoric)
FOUND Archaic
$$ site 41bx949 was originally described as a burned rock midden dating to the archaic period
FOUND Prehistoric
$$  and site 41bx1766 was described as a lithic scatter of undetermined prehistoric age.
FOUND Archaic
$$ site 41bx949 was originally described as a burned rock midden dating to the archaic period
FOUND Prehistoric
$$  and site 41bx1766 was described as a lithic scatter of undetermined prehistoric age.
FOUND Archaic
$$ site 41bx949 was originally described as a burned rock midden dating to the archaic period
FOUND Prehistoric
$$  and site 41bx1766 was described as a lithic scatter of undetermined prehistoric age.
FOUND Archaic
$$ site 41bx949 was originally described as a burned rock midden dating to the archaic period
FOUND Prehistoric
$$  and site 41bx1766 was described as a lithic scatter of undetermined prehistoric age.
FOUND Prehistoric
$$  historic or prehistoric
FOUND Historic
$$  historic or 
FOUND Prehistoric
$$ observed cultural materials are generally indicative of a prehistoric aboriginal presence
FOUND Archaic
$$ site 41bx949 was originally described as a burned rock midden dating to the archaic period
FOUND Prehistoric
$$  and site 41bx1766 was described as a lithic scatter of undetermined prehistoric age.
FOUND Archaic
$$ site 41bx949 was originally described as a burned rock midden dating to the archaic period
FOUND Prehistoric
$$  and site 41bx1766 was described as a lithic scatter of undetermined prehistoric age.
FOUND Archaic
$$ site 41bx949 was originally described as a burned rock midden dating to the archaic period
FOUND Prehistoric
$$  and site 41bx1766 was described as a lithic scatter of undetermined prehistoric age.
FOUND Archaic
$$ site 41bx949 was originally described as a burned rock midden dating to the archaic period
FOUND Prehistoric
$$  and site 41bx1766 was described as a lithic scatter of undetermined prehistoric age.
FOUND Archaic
$$ site 41bx949 was originally described as a burned rock midden dating to the archaic period
FOUND Prehistoric
$$  and site 41bx1766 was described as a lithic scatter of undetermined prehistoric age.
FOUND Archaic
$$ site 41bx949 was originally described as a burned rock midden dating to the archaic period
FOUND Prehistoric
$$  and site 41bx1766 was described as a lithic scatter of undetermined prehistoric age.
FOUND Archaic
$$ site 41bx949 was originally described as a burned rock midden dating to the archaic period
FOUND Prehistoric
$$  and site 41bx1766 was described as a lithic scatter of undetermined prehistoric age.
FOUND Archaic
$$ site 41bx949 was originally described as a burned rock midden dating to the archaic period
FOUND Prehistoric
$$  and site 41bx1766 was described as a lithic scatter of undetermined prehistoric age.
