FOUND Historic
$$ transmission lines and buried utilities in fm 1044 right-of-way ....................................... 18 stock pond on parcel 555 in additional property ................................................................. 18 stock pond on parcel 538 in additional property ................................................................. 19 41cm301 site sketch map ................................................................................................... 21 41cm301 general site area................................................................................................. 22 41cm302 1845 brick house ................................................................................................. 23 41cm302 historic farming implements ............................................................................... 24
FOUND Historic
$$ stock pond on parcel 555 in additional property ................................................................. 18 stock pond on parcel 538 in additional property ................................................................. 19 41cm301 site sketch map ................................................................................................... 21 41cm301 general site area................................................................................................. 22 41cm302 1845 brick house ................................................................................................. 23 41cm302 historic farming implements ............................................................................... 24 41cm302 outbuilding with modern trash ............................................................................ 25
FOUND Historic
$$ stock pond on parcel 538 in additional property ................................................................. 19 41cm301 site sketch map ................................................................................................... 21 41cm301 general site area................................................................................................. 22 41cm302 1845 brick house ................................................................................................. 23 41cm302 historic farming implements ............................................................................... 24 41cm302 outbuilding with modern trash ............................................................................ 25 41gu38 site sketch map ..................................................................................................... 26
FOUND Historic
$$ 41cm301 site sketch map ................................................................................................... 21 41cm301 general site area................................................................................................. 22 41cm302 1845 brick house ................................................................................................. 23 41cm302 historic farming implements ............................................................................... 24 41cm302 outbuilding with modern trash ............................................................................ 25 41gu38 site sketch map ..................................................................................................... 26 41gu38 general site area ................................................................................................... 27
FOUND Historic
$$ 41cm301 general site area................................................................................................. 22 41cm302 1845 brick house ................................................................................................. 23 41cm302 historic farming implements ............................................................................... 24 41cm302 outbuilding with modern trash ............................................................................ 25 41gu38 site sketch map ..................................................................................................... 26 41gu38 general site area ................................................................................................... 27
FOUND Prehistoric
$$ investigators excavated 64 shovel tests in support of the survey and documented two new archeological sites—sites 41cm301 and 41cm302 and one prehistoric isolated find.
FOUND Prehistoric
$$ site 41cm301 is a small and shallow prehistoric lithic scatter.
FOUND Prehistoric
$$ investigators excavated 64 shovel tests in support of the survey and documented two new archeological sites—sites 41cm301 and 41cm302 and one prehistoric isolated find.
FOUND Prehistoric
$$ site 41cm301 is a small and shallow prehistoric lithic scatter.
FOUND Prehistoric
$$ investigators excavated 64 shovel tests in support of the survey and documented two new archeological sites—sites 41cm301 and 41cm302 and one prehistoric isolated find.
FOUND Prehistoric
$$ site 41cm301 is a small and shallow prehistoric lithic scatter.
FOUND Prehistoric
$$ sites—sites 41cm301 and 41cm302 and one prehistoric isolated find.
FOUND Prehistoric
$$ site 41cm301 is a small and shallow prehistoric lithic scatter.
FOUND Historic
$$  because visual inspection from the current rueckle road right-of-way indicated potential for associated historic archeological deposits.
FOUND Historic
$$ investigators also recorded one new historic site that lies immediately outside of the fm 1044 right-of-way.
FOUND Prehistoric
$$  one isolated prehistoric artifact was identified.
FOUND Prehistoric
$$ site descriptions site 41cm301 is a prehistoric site located within the proposed fm 1044 rightof-way (figure 9).
FOUND Historic
$$ figure 12: 41cm302 historic farming implements
FOUND Historic
$$ figure 12: 41cm302 historic farming implements archeological survey – fm 1044 – august 2007
FOUND Prehistoric
$$  historic and prehistoric site that was revisited as a part of the current fm 1044 investigations.
FOUND Historic
$$  historic and  site that was revisited as a part of the current fm 1044 investigations.
FOUND Historic
$$ the project was conducted under a texas antiquities permit and in compliance with section 106 of the national historical preservation act.
FOUND Historic
$$ the project was conducted under a texas antiquities permit and in compliance with section 106 of the national historical preservation act.
FOUND Prehistoric
$$ site 41cm301 is a very light prehistoric lithic scatter characterized by a chert flake and a unifacial tool found on the surface.
FOUND Historic
$$ site 41cm302 is an historic age farmhouse
