FOUND Paleoindian period
$$  st. mary’s hall and wilson to the late paleoindian period.
FOUND Early Archaic Period
$$  the early archaic period is subdivided into three projectile point style intervals: angostura
FOUND Paleoindian
$$  the shift from paleoindian to archaic subsistence strategies is measured by a change in technology focused on the use of burned rocks to process geophyte plant foods.
FOUND Archaic
$$  the shift from  to archaic subsistence strategies is measured by a change in technology focused on the use of burned rocks to process geophyte plant foods.
FOUND Historic
$$ site 41tv1406 lies approximately 200 meters south of the western portion of the project area and is described as a historic refuse related to a former homestead
FOUND Historic
$$  while site 41tv1420 was recorded as a historic homestead 400 meters northwest of the western terminus of the project area.
FOUND Historic
$$ site 41tv1406 lies approximately 200 meters south of the western portion of the project area and is described as a historic refuse related to a former homestead
FOUND Historic
$$  while site 41tv1420 was recorded as a historic homestead 400 meters northwest of the western terminus of the project area.
FOUND Historic
$$ site 41tv1406 lies approximately 200 meters south of the western portion of the project area and is described as a historic refuse related to a former homestead
FOUND Historic
$$  while site 41tv1420 was recorded as a historic homestead 400 meters northwest of the western terminus of the project area.
FOUND Historic
$$  the site is limited to two limestone foundation rocks and a light historic refuse scatter.
FOUND Historic
$$ site 41tv1406 lies approximately 200 meters south of the western portion of the project area and is described as a historic refuse related to a former homestead
FOUND Historic
$$  while site 41tv1420 was recorded as a historic homestead 400 meters northwest of the western terminus of the project area.
FOUND Historic
$$  the site is limited to two limestone foundation rocks and a light historic refuse scatter.
FOUND Historic
$$ site 41tv1974 is described as a historic midden approximately 300 meters south of the project area consisting of domestic trash and farm-related debris
FOUND Historic
$$  300 meters north-northeast of the project area contains a historic scatter of domestic artifacts.
FOUND Historic
$$ site 41tv1974 is described as a historic midden approximately 300 meters south of the project area consisting of domestic trash and farm-related debris
FOUND Historic
$$  300 meters north-northeast of the project area contains a historic scatter of domestic artifacts.
FOUND Historic
$$  a historic hand-dug stone well with approximately 150 meters southeast of the project area.
FOUND Historic
$$  a historic hand-dug stone well with approximately 150 meters southeast of the project area.
FOUND Prehistoric
$$  and 41tv2355 were recorded by the lower colorado river authority in 2008 as a prehistoric lithic scatter (41tv2340)
FOUND Historic
$$  a historic refuse associated with a former homestead (41tv2344)
FOUND Prehistoric
$$  and a multi-component historic and prehistoric artifact scatter
FOUND Historic
$$  and a multi-component historic and  artifact scatter
FOUND Prehistoric
$$  and 41tv2355 were recorded by the lower colorado river authority in 2008 as a prehistoric lithic scatter (41tv2340)
FOUND Historic
$$  a historic refuse associated with a former homestead (41tv2344)
FOUND Prehistoric
$$  and a multi-component historic and prehistoric artifact scatter
FOUND Historic
$$  and a multi-component historic and  artifact scatter
FOUND Prehistoric
$$  and 41tv2355 were recorded by the lower colorado river authority in 2008 as a prehistoric lithic scatter (41tv2340)
FOUND Historic
$$  a historic refuse associated with a former homestead (41tv2344)
FOUND Prehistoric
$$  and a multi-component historic and prehistoric artifact scatter
FOUND Historic
$$  and a multi-component historic and  artifact scatter
FOUND Prehistoric
$$  and 41tv2355 were recorded by the lower colorado river authority in 2008 as a prehistoric lithic scatter (41tv2340)
FOUND Historic
$$  a historic refuse associated with a former homestead (41tv2344)
FOUND Prehistoric
$$  and a multi-component historic and prehistoric artifact scatter archeological survey – harris branch wastewater interceptor – june 2010
FOUND Historic
$$  and a multi-component historic and  artifact scatter archeological survey – harris branch wastewater interceptor – june 2010
FOUND Prehistoric
$$  and 41tv2355 were recorded by the lower colorado river authority in 2008 as a prehistoric lithic scatter (41tv2340)
FOUND Historic
$$  a historic refuse associated with a former homestead (41tv2344)
FOUND Prehistoric
$$  and a multi-component historic and prehistoric artifact scatter archeological survey – harris branch wastewater interceptor – june 2010
FOUND Historic
$$  and a multi-component historic and  artifact scatter archeological survey – harris branch wastewater interceptor – june 2010
FOUND Historic
$$  historical markers
FOUND Historic
$$  a likely historic-age well was newly-recorded as site 41tv2373
FOUND Historic
$$  a likely historic-age well was newly-recorded as site 41tv2373
FOUND Historic
$$ archeologists briefly recorded a historic stone brick
FOUND Late Prehistoric
$$ collins 1994 archaic and late prehistoric human ecology in the middle onion creek valley
FOUND Archaic
$$ collins 1994 archaic and  human ecology in the middle onion creek valley
FOUND Historic
$$ y ln cromart 41tv2373 / historic well 0 0
FOUND Historic
$$ site 41tv1406 is located approximately 200 meters south of the western portion of the project area and consists of historic refuse in association with a non-extant historic farmstead.
FOUND Historic
$$ site 41tv1406 is located approximately 200 meters south of the western portion of the project area and consists of historic refuse in association with a non-extant historic farmstead.
FOUND Historic
$$ site 41tv1406 is located approximately 200 meters south of the western portion of the project area and consists of historic refuse in association with a non-extant historic farmstead.
FOUND Historic
$$ site 41tv1406 is located approximately 200 meters south of the western portion of the project area and consists of historic refuse in association with a non-extant historic farmstead.
FOUND Historic
$$ the site is the location of a historic homestead that was destroyed by a fire in the early 1900’s.
FOUND Historic
$$ all that remains of the structure is two limestone foundation rocks and a light historic refuse
FOUND Historic
$$  a historic midden
FOUND Historic
$$  a historic midden
FOUND Historic
$$  a historic midden
FOUND Historic
$$ site 41tv1977 is a historic domestic artifact scatter located
FOUND Historic
$$ site 41tv1977 is a historic domestic artifact scatter located approximately 300 meters north/northeast of the project area.
FOUND Historic
$$  is a historic hand-dug stone-lined well located 50 meters west of the south bearing alignment in the central portion of the project area.
FOUND Historic
$$ no historic artifacts
FOUND Historic
$$  is a historic hand-dug stone-lined well located 50 meters west of the south bearing alignment in the central portion of the project area.
FOUND Historic
$$  is a historic hand-dug stone-lined well located 50 meters west of the south bearing alignment in the central portion of the project area.
FOUND Historic
$$  is a historic hand-dug stone-lined well located 50 meters west of the south bearing alignment in the central portion of the project area.
FOUND Historic
$$  is a historic hand-dug stone-lined well located 50 meters west of the south bearing alignment in the central portion of the project area.
FOUND Prehistoric
$$ the sites consist of a prehistoric lithic scatter (41tv2340)
FOUND Historic
$$  historic refuse in association with 2
FOUND Prehistoric
$$  and a multi-component historic and prehistoric artifact scatter (41tv2355).
FOUND Historic
$$  and a multi-component historic and  artifact scatter (41tv2355).
FOUND Prehistoric
$$  and a multi-component historic and prehistoric artifact scatter (41tv2355).
FOUND Historic
$$  and a multi-component historic and  artifact scatter (41tv2355).
