FOUND Prehistoric
$$ site 41hy432 was recorded as a prehistoric archeological site on the east bank of the san marcos river within the project area.
FOUND Prehistoric
$$ site 41hy432 was recorded as a prehistoric archeological site on the east bank of the san marcos river within the project area.
FOUND Prehistoric
$$ site 41hy432 was recorded as a prehistoric archeological site on the east bank of the san marcos river within the project area.
FOUND Prehistoric
$$ site 41hy432 was recorded as a prehistoric archeological site on the east bank of the san marcos river within the project area.
FOUND Prehistoric
$$ site 41hy432 was recorded as a prehistoric archeological site on the east bank of the san marcos river within the project area.
FOUND Paleoindian period
$$  st. mary’s hall and wilson to the late paleoindian period.
FOUND Early Archaic Period
$$  the early archaic period is subdivided into three projectile point style intervals
FOUND Paleoindian
$$  the shift from paleoindian to archaic subsistence strategies is measured by a change in
FOUND Archaic
$$  the shift from  to archaic subsistence strategies is measured by a change in
FOUND Prehistoric
$$ sites 41hy133 and 41hy141 were recorded as prehistoric sites with small historic components.
FOUND Historic
$$ sites 41hy133 and 41hy141 were recorded as  sites with small historic components.
FOUND Prehistoric
$$ sites 41hy133 and 41hy141 were recorded as prehistoric sites with small historic components.
FOUND Historic
$$ sites 41hy133 and 41hy141 were recorded as  sites with small historic components.
FOUND Ensor Point
&&  an ensor point
FOUND Prehistoric
$$ sites 41hy133 and 41hy141 were recorded as prehistoric sites with small historic components.
FOUND Historic
$$ sites 41hy133 and 41hy141 were recorded as  sites with small historic components.
FOUND Ensor Point
&&  an ensor point
FOUND Prehistoric
$$ sites 41hy133 and 41hy141 were recorded as prehistoric sites with small historic components.
FOUND Historic
$$ sites 41hy133 and 41hy141 were recorded as  sites with small historic components.
FOUND Ensor Point
&&  an ensor point
FOUND Prehistoric
$$ sites 41hy133 and 41hy141 were recorded as prehistoric sites with small historic components.
FOUND Historic
$$ sites 41hy133 and 41hy141 were recorded as  sites with small historic components.
FOUND Ensor Point
&&  an ensor point
FOUND Prehistoric
$$ sites 41hy133 and 41hy141 were recorded as prehistoric sites with small historic components.
FOUND Historic
$$ sites 41hy133 and 41hy141 were recorded as  sites with small historic components.
FOUND Ensor Point
&&  an ensor point
FOUND Prehistoric
$$ sites 41hy133 and 41hy141 were recorded as prehistoric sites with small historic components.
FOUND Historic
$$ sites 41hy133 and 41hy141 were recorded as  sites with small historic components.
FOUND Ensor Point
&&  an ensor point
FOUND Prehistoric
$$ sites 41hy133 and 41hy141 were recorded as prehistoric sites with small historic components.
FOUND Historic
$$ sites 41hy133 and 41hy141 were recorded as  sites with small historic components.
FOUND Ensor Point
&&  an ensor point
FOUND Prehistoric
$$ sites 41hy134 and 41hy135 were recorded as prehistoric small lithic scatters.
FOUND Prehistoric
$$ sites 41hy134 and 41hy135 were recorded as prehistoric small lithic scatters.
FOUND Prehistoric
$$ sites 41hy134 and 41hy135 were recorded as prehistoric small lithic scatters.
FOUND Prehistoric
$$ sites 41hy134 and 41hy135 were recorded as prehistoric small lithic scatters.
FOUND Prehistoric
$$  a multicomponent historic/prehistoric site with a mill component that was first recorded in 1994 archeological survey – san marcus pedestrian bridge – may 2007
FOUND Historic
$$  a multicomponent historic/ site with a mill component that was first recorded in 1994 archeological survey – san marcus pedestrian bridge – may 2007
FOUND Prehistoric
$$  a multicomponent historic/prehistoric site with a mill component that was first recorded in 1994 archeological survey – san marcus pedestrian bridge – may 2007
FOUND Historic
$$  a multicomponent historic/ site with a mill component that was first recorded in 1994 archeological survey – san marcus pedestrian bridge – may 2007
FOUND Archaic
$$  the site was found to have an archaic period subsurface component.
FOUND Prehistoric
$$ this site was recorded by center for archeological studies archeologists in 2002 and was found to consist of a surface scatter of prehistoric artifacts with subsurface deposits of cultural
FOUND Prehistoric
$$ site description (41hy432) site 41hy432 is an undetermined prehistoric site located within the project area on the east bank of the san marcos river.
FOUND Prehistoric
$$ the site consists of a very low density of artifacts recovered in bht 2, bht 3, and st 4 with undisturbed prehistoric deposits between 30-70 cmbs.
FOUND Prehistoric
$$ site description (41hy432) site 41hy432 is an undetermined prehistoric site located within the project area on the east bank of the san marcos river.
FOUND Prehistoric
$$ the site consists of a very low density of artifacts recovered in bht 2, bht 3, and st 4 with undisturbed prehistoric deposits between 30-70 cmbs.
FOUND Prehistoric
$$ site 41hy432 contained disturbed soils mixed with modern and prehistoric
FOUND Prehistoric
$$ site 41hy432 contained disturbed soils mixed with modern and prehistoric material in the upper 30 centimeters.
FOUND Prehistoric
$$ site 41hy432 contained disturbed soils mixed with modern and prehistoric material in the upper 30 centimeters.
FOUND Prehistoric
$$ site 41hy432 contained disturbed soils mixed with modern and prehistoric material in the upper 30 centimeters.
FOUND Prehistoric
$$  site 41hy432 consists of a zone of low density prehistoric artifact recovery located between approximately 30-70 cmbs on the upper terrace of the east bank of the san marcos river.
FOUND Prehistoric
$$ site 41hy432 is an undetermined prehistoric site located within the project area on the east bank of the san marcos river.
FOUND Prehistoric
$$ site 41hy432 is an undetermined prehistoric site located within the project area on the east bank of the san marcos river.
