FOUND Prehistoric
$$  and 41wm913 are all diffuse prehistoric lithic scatters identified on the ground surface.
FOUND Prehistoric
$$ sites 41wm446 and 41wm447 are prehistoric campsites consisting of lithic debitage and burned
FOUND Prehistoric
$$  and 41wm913 are all diffuse prehistoric lithic scatters identified on the ground surface.
FOUND Prehistoric
$$ sites 41wm446 and 41wm447 are prehistoric campsites consisting of lithic debitage and burned
FOUND Prehistoric
$$  and 41wm913 are all diffuse prehistoric lithic scatters identified on the ground surface.
FOUND Prehistoric
$$ sites 41wm446 and 41wm447 are prehistoric campsites consisting of lithic debitage and burned
FOUND Prehistoric
$$ sites 41wm446 and 41wm447 are prehistoric campsites consisting of lithic debitage and burned rock.
FOUND Prehistoric
$$ sites 41wm446 and 41wm447 are prehistoric campsites consisting of lithic debitage and burned rock.
FOUND Historic
$$ site 41wm662 is a historic site consisting of architectural elements and an associated artifact scatter.
FOUND Historic
$$ site 41wm662 is a historic site consisting of architectural elements and an associated artifact scatter.
FOUND Historic
$$ site 41wm662 is a historic site consisting of architectural elements and an associated artifact scatter.
FOUND Historic
$$ site 41wm662 is a historic site consisting of architectural elements and an associated artifact scatter.
FOUND Prehistoric
$$  site 41wm441 is recorded as another diffuse prehistoric lithic scatter.
