FOUND Historic
$$ ................................................................ 19 view of structure 7 from the south side of the building........................................................... 19 view of trash scatter located three meters north of structure 7 .............................................. 20 view of typical low density scatter of historic debris across site surface in site 41tv2296 ... 21 example of typical high density trash pile in site 41tv2296.
FOUND Historic
$$ view of structure 7 from the south side of the building........................................................... 19 view of trash scatter located three meters north of structure 7 .............................................. 20 view of typical low density scatter of historic debris across site surface in site 41tv2296 ... 21 example of typical high density trash pile in site 41tv2296.
FOUND Historic
$$ view of typical low density scatter of historic debris across site surface in site 41tv2296 ... 21 example of typical high density trash pile in site 41tv2296.
FOUND Historic
$$  as well as across much of the project area.................................................................................................................... 22 examples of historic artifacts recorded at site 41tv2296: (a) owens-illinois moroline petroleum jelly jar with 1946 date
FOUND Historic
$$  as well as across much of the project area.................................................................................................................... 22 examples of historic artifacts recorded at site 41tv2296: (a) owens-illinois moroline petroleum jelly jar with 1946 date
FOUND Prehistoric
$$ ...................................................................... 23 view of exposed limestone bedrock common in the northern portions of the site area.......... 24 prehistoric lithic artifacts recorded on site 41tv2297 surface.
FOUND Prehistoric
$$ ...................................................................... 23 view of exposed limestone bedrock common in the northern portions of the site area.......... 24 prehistoric lithic artifacts recorded on site 41tv2297 surface.
FOUND Historic
$$ site 41tv2296 is a surficial historic site consisting of seven structural features and an associated trash scatter.
FOUND Historic
$$ site 41tv2296 is a surficial historic site consisting of seven structural features and an associated trash scatter.
FOUND Historic
$$ site 41tv2296 is a surficial historic site consisting of seven structural features and an associated trash scatter.
FOUND Historic
$$ site 41tv2296 is a surficial historic site consisting of seven structural features and an associated trash scatter.
FOUND Late Historic
$$  site 41tv2263 is a prehistoric lithic scatter of unknown age with a minor late historic component (1940s-1950s) situated 756 meters northeast of the project
FOUND Prehistoric
$$  site 41tv2263 is a prehistoric lithic scatter of unknown age with a minor  component (1940s-1950s) situated 756 meters northeast of the project
FOUND Late Historic
$$  site 41tv2263 is a prehistoric lithic scatter of unknown age with a minor late historic component (1940s-1950s) situated 756 meters northeast of the project area.
FOUND Prehistoric
$$  site 41tv2263 is a prehistoric lithic scatter of unknown age with a minor  component (1940s-1950s) situated 756 meters northeast of the project area.
FOUND Historic
$$ site 41tv2296 is a historic scatter and site 41tv2297 is a lithic scatter.
FOUND Historic
$$ site 41tv2296 is a historic scatter and site 41tv2297 is a lithic scatter.
FOUND Historic
$$ site 41tv2296 is a historic scatter and site 41tv2297 is a lithic scatter.
FOUND Historic
$$ site 41tv2296 is a historic scatter and site 41tv2297 is a lithic scatter.
FOUND Historic
$$ site 41tv2296 this site is a twentieth century historic site consisting of a small complex of
FOUND Historic
$$ site 41tv2296 is a historic scatter and site 41tv2297 is a lithic scatter.
FOUND Historic
$$ site 41tv2296 this site is a twentieth century historic site consisting of a small complex of seven buildings or possible building remains and trash scatter located off the western edge of rm 620 and north of the access road to the cellular phone
FOUND Historic
$$ results of field investigations figure 17: view of typical low density scatter of historic debris across site surface in site 41tv2296.
FOUND Historic
$$ figure 17: view of typical low density scatter of historic debris across site surface in site 41tv2296.
FOUND Historic
$$ figure 20: examples of historic artifacts recorded at site 41tv2296: (a) owensillinois moroline petroleum jelly jar with 1946 date
FOUND Historic
$$ figure 20: examples of historic artifacts recorded at site 41tv2296: (a) owensillinois moroline petroleum jelly jar with 1946 date
FOUND Historic
$$  site 41tv2296 is a complex of seven structural remains surrounded by a broad scatter of mixed historic trash containing both structural and personal debris.
FOUND Prehistoric
$$  results of field investigations figure 23: prehistoric lithic artifacts recorded on site 41tv2297 surface.
FOUND Prehistoric
$$ figure 23: prehistoric lithic artifacts recorded on site 41tv2297 surface.
