FOUND Paleoindian period
$$  41wm235) equate three styles of projectiles to the late paleoindian period: golondrina/barber
FOUND Early Archaic Period
$$  the early archaic period is subdivided into three projectile point style intervals: angostura
FOUND Paleoindian
$$  the shift from paleoindian to archaic subsistence strategies is measured by a change in technology focused on the use of burned rocks to process geophyte
FOUND Archaic
$$  the shift from  to archaic subsistence strategies is measured by a change in technology focused on the use of burned rocks to process geophyte
FOUND Prehistoric
$$ both sites are described as prehistoric open campsites/lithic scatters with various chert tools
FOUND Prehistoric
$$ both sites are described as prehistoric open campsites/lithic scatters with various chert tools
FOUND Prehistoric
$$ it was recorded by a private landowner in 1983 and is also described as an open prehistoric campsite
FOUND Historic
$$  though minor historic farmstead components are mentioned on the site form.
FOUND Prehistoric
$$ it was recorded by a private landowner in 1983 and is also described as an open prehistoric campsite
FOUND Historic
$$  though minor historic farmstead components are mentioned on the site form.
FOUND Prehistoric
$$ the pedestrian survey resulted in the extension of the site boundaries of prehistoric site 41tv1317
FOUND Prehistoric
$$ results of field investigations the intensive archeological survey of the 22-acre tract that is part of the austin energy’s proposed dunlap electrical substation resulted in the boundary extension of one prehistoric-age archeological site
FOUND Prehistoric
$$  conclusions and recommendations with the exception of the surficial and subsurface artifacts noted during survey that resulted in extended boundaries of previously recorded prehistoric site 41tv1317
