FOUND Historic
$$ one historic-age bridge
FOUND Historic
$$ investigators excavated 150 shovel tests in support of the survey and documented two new historic-age sites—sites 41wm1154 and 41wm1155.
FOUND Historic
$$ site 41wm1154 is a diffuse surface scatter of historic debris that extends outside the ape of the undertaking.
FOUND Historic
$$ investigators excavated 150 shovel tests in support of the survey and documented two new historic-age sites—sites 41wm1154 and 41wm1155.
FOUND Historic
$$ site 41wm1154 is a diffuse surface scatter of historic debris that extends outside the ape of the undertaking.
FOUND Historic
$$ investigators excavated 150 shovel tests in support of the survey and documented two new historic-age sites—sites 41wm1154 and 41wm1155.
FOUND Historic
$$ site 41wm1154 is a diffuse surface scatter of historic debris that extends outside the ape of the undertaking.
FOUND Historic
$$ investigators excavated 150 shovel tests in support of the survey and documented two new historic-age sites—sites 41wm1154 and 41wm1155.
FOUND Historic
$$ site 41wm1154 is a diffuse surface scatter of historic debris that extends outside the ape of the undertaking.
FOUND Historic
$$ site 41wm1155 is an historic farmstead with standing
FOUND Historic
$$ site 41wm1155 is an historic farmstead with standing structures and a dense scatter of historic artifacts dating as early as the 1880s.
FOUND Historic
$$ site 41wm1155 is an historic farmstead with standing structures and a dense scatter of historic artifacts dating as early as the 1880s.
FOUND Prehistoric
$$ site 41wm688 is described as a scattered prehistoric campsite containing projectile points
FOUND Prehistoric
$$ site 41wm688 is described as a scattered prehistoric campsite containing projectile points
FOUND Historic
$$  resulting in the identification of two new historic-age sites
FOUND Historic
$$  resulting in the identification of two new historic-age sites
FOUND Historic
$$  resulting in the identification of two new historic-age sites
FOUND Historic
$$ site 41wm1155 is an historic farmstead whose main features include a house
FOUND Prehistoric
$$ all three of these sites were found to be disturbed prehistoric lithic quarries.
FOUND Prehistoric
$$ all three of these sites were found to be disturbed prehistoric lithic quarries.
FOUND Prehistoric
$$ all three of these sites were found to be disturbed prehistoric lithic quarries.
FOUND Prehistoric
$$ cultural affiliation recommendation 41wm1074 prehistoric
FOUND Late Prehistoric
$$  unknown archaic late prehistoric
FOUND Archaic
$$  unknown archaic 
FOUND Prehistoric
$$  and teeth open habitation lithic workshop 41wm1107 prehistoric
FOUND Prehistoric
$$  open habitation 41wm688 prehistoric unknown age
FOUND Historic
$$  historic 41wm1108
FOUND Prehistoric
$$ 41wm688 prehistoric unknown age
FOUND Prehistoric
$$  historic 41wm1108 euro-american 41wm1109 prehistoric
FOUND Historic
$$  historic 41wm1108 euro-american 41wm1109 
FOUND Prehistoric
$$ prehistoric unknown age
FOUND Prehistoric
$$  historic 41wm1108 euro-american 41wm1109 prehistoric
FOUND Historic
$$  historic 41wm1108 euro-american 41wm1109 
FOUND Prehistoric
$$  unknown age 41wm1110 prehistoric
FOUND Prehistoric
$$ euro-american 41wm1109 prehistoric
FOUND Prehistoric
$$  unknown age 41wm1110 prehistoric
FOUND Prehistoric
$$ site 41wm688 is a large prehistoric habitation site
FOUND Prehistoric
$$ site 41wm1074 is a prehistoric lithic scatter in a formerly cultivated field that is now used as pasture
FOUND Prehistoric
$$ site 41wm1108 is a multiple component historic and prehistoric site located about ¼ mile (½ km) east-northeast of the us 183 bridge over the south fork of the san gabriel river.
FOUND Historic
$$ site 41wm1108 is a multiple component historic and  site located about ¼ mile (½ km) east-northeast of the us 183 bridge over the south fork of the san gabriel river.
FOUND Historic
$$ two historic features are present on the
FOUND Prehistoric
$$ site 41wm688 site 41wm688 was reported to be a large prehistoric habitation site, located on the south bank of the south fork of the san gabriel river near its intersection with us 183.
FOUND Prehistoric
$$ site 41wm688 site 41wm688 was reported to be a large prehistoric habitation site, located on the south bank of the south fork of the san gabriel river near its intersection with us 183.
FOUND Historic
$$ the site was originally recorded as two separate historic debris scatters, but since they are very close and are related to the same property tract, investigators later collapsed them into a single site.
FOUND Historic
$$ the site is essentially a very sparse historic debris scatter confined entirely to the ground surface.
FOUND Historic
$$ the site was originally recorded as two separate historic debris scatters, but since they are very close and are related to the same property tract, investigators later collapsed them into a single site.
FOUND Historic
$$ the site is essentially a very sparse historic debris scatter confined entirely to the ground surface.
FOUND Historic
$$ site 41wm1155 site 41wm1155 is an historic farmstead whose main features include a house
FOUND Historic
$$ site 41wm1155 site 41wm1155 is an historic farmstead whose main features include a house, a barn, a well pump house, an intact privy, possibly another collapsed barn, and a rectangular concrete perimeter that could be a flower bed or some other feature (figure 27).
FOUND Historic
$$ site 41wm1155 site 41wm1155 is an historic farmstead whose main features include a house, a barn, a well pump house, an intact privy, possibly another collapsed barn, and a rectangular concrete perimeter that could be a flower bed or some other feature (figure 27).
FOUND Historic
$$ two new historic sites
FOUND Historic
$$ two new historic sites
FOUND Historic
$$ site 41wm1154 is a diffuse scatter of historic debris that is limited to the ground surface.
FOUND Historic
$$ site 41wm1154 is a diffuse scatter of historic debris that is limited to the ground surface.
FOUND Historic
$$ site 41wm1155 is an historic farmstead with standing structures and a dense scatter of historic
FOUND Historic
$$ site 41wm1155 is an historic farmstead with standing structures and a dense scatter of historic artifacts dating as early as the 1880s.
FOUND Historic
$$ site 41wm1155 is an historic farmstead with standing structures and a dense scatter of historic artifacts dating as early as the 1880s.
