FOUND Paleoindian period
$$  st. mary’s hall and wilson- to the late paleoindian period.
FOUND Paleoindian
$$  and a burial that are more archaic-like in nature than paleoindian (collins 2004).
FOUND Archaic
$$  and a burial that are more archaic-like in nature than  (collins 2004).
FOUND Ensor Projectile Point
&&  an ensor projectile point
FOUND Ensor Projectile Point
&&  an ensor projectile point
FOUND Ensor Projectile Point
&&  an ensor projectile point
FOUND Ensor Projectile Point
&&  an ensor projectile point
FOUND Prehistoric
$$ this site is described as a prehistoric site of unknown age with disturbed sediment capping a potentially undisturbed cultural deposit at approximately 50 cmbgs (barrera 2002).
FOUND Prehistoric
$$  a prehistoric site of
FOUND Prehistoric
$$  a prehistoric site of undetermined type was encountered.
FOUND Prehistoric
$$ site 41hy485 due to their proximity to each other, the cultural materials recovered in backhoe trenches 2-5 during the current investigation were recorded collectively as prehistoric site 41hy485.
FOUND Prehistoric
$$ site 41hy485 due to their proximity to each other, the cultural materials recovered in backhoe trenches 2-5 during the current investigation were recorded collectively as prehistoric site 41hy485.
FOUND Prehistoric
$$  the cultural materials recovered in backhoe trenches 2-5 during the current investigation were recorded collectively as prehistoric site 41hy485.
