FOUND Late Prehistoric
$$  proved to be a multi-component site occupied during the late prehistoric.
FOUND Toyah
$$  l. 1994 the life and times of toyah-culture folk: the buckhollow encampment
FOUND Late Archaic
$$  including late archaic
FOUND Historic
$$  the spring lake sites exhibit a nearly continuous record of occupation from clovis to historical periods (lohse 2013).
FOUND Late Prehistoric
$$ another site (41hy188) is less than 5 km from spring lake and evidences late prehistoric and late archaic occupation associated with bison (bettis 1996).
FOUND Late Archaic
$$ another site (41hy188) is less than 5 km from spring lake and evidences  and late archaic occupation associated with bison (bettis 1996).
FOUND Bell Point
&& a bison bone sample associated with a bell point from feature 2 at the landslide site (41bl85; sorrow et al.
FOUND Late Archaic
$$ our late archaic bison dates come from four sites: two spring lake sites (41hy160 and 41hy165)
FOUND Late Archaic
$$ our data suggest that late archaic bison exploitation took place over two distinct intervals.
FOUND Late Archaic
$$ our late archaic bison dates come from four sites: two spring lake sites (41hy160 and 41hy165)
FOUND Late Archaic
$$ our data suggest that late archaic bison exploitation took place over two distinct intervals.
FOUND Late Archaic
$$ our late archaic bison dates come from four sites: two spring lake sites (41hy160 and 41hy165)
FOUND Late Archaic
$$ our data suggest that late archaic bison exploitation took place over two distinct intervals.
FOUND Toyah
$$ toyah dates come from five sites: two spring lake sites (41hy160 and 41hy165)
FOUND Toyah
$$ calibrated probability distributions for 20 early toyah ams 14c bison dates.
FOUND Toyah
$$ toyah dates come from five sites: two spring lake sites (41hy160 and 41hy165)
FOUND Toyah
$$ calibrated probability distributions for 20 early toyah ams 14c bison dates.
FOUND Toyah
$$ toyah dates come from five sites: two spring lake sites (41hy160 and 41hy165)
FOUND Toyah
$$ calibrated probability distributions for 20 early toyah ams 14c bison dates.
FOUND Toyah
$$ although sites with late toyah material such as the rush site (41tg346
FOUND Toyah
$$ a.d. 1575; quigg 1997) or the upper toyah component at rowe valley (41wm437; prewitt 2012) contain bison and appear to support this threepart model of toyah chronology
FOUND Toyah
$$  dating resolution is so far lacking to demonstrate the postulated middle toyah facet.
FOUND Historic
$$  the four historic dates in our sample provide partial support for this model.
FOUND Toyah
$$ a.d. 1575; quigg 1997) or the upper toyah component at rowe valley (41wm437; prewitt 2012) contain bison and appear to support this threepart model of toyah chronology
FOUND Toyah
$$  dating resolution is so far lacking to demonstrate the postulated middle toyah facet.
FOUND Historic
$$  the four historic dates in our sample provide partial support for this model.
FOUND Toyah
$$  jr. 1994 the life and times of toyah-culture folk: the buckhollow encampment
FOUND Archaic
$$  and l. m. cholak 2014a toward an improved archaic radiocarbon chronology for central texas.
FOUND Prehistoric
$$ in prehistoric life
