FOUND Historic
$$ one new historic site
FOUND Prehistoric
$$ this resulted in the recording of two prehistoric sites
FOUND Prehistoric
$$ this resulted in the recording of two prehistoric sites
FOUND Prehistoric
$$ this resulted in the recording of two prehistoric sites
FOUND Prehistoric
$$ this resulted in the recording of two prehistoric sites
FOUND Historic
$$ the historic component artifacts that were recovered consisted of possible
FOUND Historic
$$ the historic component artifacts that were recovered consisted of possible
FOUND Historic
$$ the site represents both an archaic period component and an historic camp for wpa workers associated with the construction of mansfield dam in the 1930s.
FOUND Archaic
$$ the site represents both an archaic period component and an  camp for wpa workers associated with the construction of mansfield dam in the 1930s.
FOUND Prehistoric
$$ the site represents a prehistoric lithic scatter and small hearth.
FOUND Historic
$$  allowing lcra staff to record the historic site 41tv2443
FOUND Prehistoric
$$ site 41tv2481 was identified as the hughes homestead and is a historic homestead with a minor prehistoric component.
FOUND Historic
$$ site 41tv2481 was identified as the hughes homestead and is a historic homestead with a minor  component.
FOUND Prehistoric
$$ the prehistoric component consists of a small amount of lithic debitage.
FOUND Prehistoric
$$ site 41tv2481 was identified as the hughes homestead and is a historic homestead with a minor prehistoric component.
FOUND Historic
$$ site 41tv2481 was identified as the hughes homestead and is a historic homestead with a minor  component.
FOUND Prehistoric
$$ the prehistoric component consists of a small amount of lithic debitage.
FOUND Prehistoric
$$ site 41tv2481 was identified as the hughes homestead and is a historic homestead with a minor prehistoric component.
FOUND Historic
$$ site 41tv2481 was identified as the hughes homestead and is a historic homestead with a minor  component.
FOUND Prehistoric
$$ the prehistoric component consists of a small amount of lithic debitage.
FOUND Prehistoric
$$ site 41tv2481 was identified as the hughes homestead and is a historic homestead with a minor prehistoric component.
FOUND Historic
$$ site 41tv2481 was identified as the hughes homestead and is a historic homestead with a minor  component.
FOUND Prehistoric
$$ the prehistoric component consists of a small amount of lithic debitage.
FOUND Prehistoric
$$ site 41tv2481 was identified as the hughes homestead and is a historic homestead with a minor prehistoric component.
FOUND Historic
$$ site 41tv2481 was identified as the hughes homestead and is a historic homestead with a minor  component.
FOUND Prehistoric
$$ the prehistoric component consists of a small amount of lithic debitage.
FOUND Historic
$$ site 41tv2484 is a twentieth century historic site consisting of ruins of a former fishing bait shop and store that is located on a low terrace on the east side of lake austin.
FOUND Prehistoric
$$ 41tv2443 41tv2481 41tv2482 41tv2483 41tv2484 prehistoric
FOUND Prehistoric
$$ 41tv2481 41tv2482 41tv2483 41tv2484 prehistoric prehistoric
FOUND Historic
$$  a large historic trash scatter
FOUND Historic
$$  a large historic trash scatter
FOUND Historic
$$ conclusions and recommendation though site 41tv2530 represents a historic trash site with many diagnostic materials
