FOUND Prehistoric
$$  which are all prehistoric sites located in lcraâs turkey bend recreation area
FOUND Prehistoric
$$  which are all prehistoric sites located in lcraâs turkey bend recreation area
FOUND Prehistoric
$$ site 41tv1850 is a burned rock midden with deposits of at least 50 cm thickness while the other three prehistoric sites are prehistoric campsites with stratified deposits including a noteworthy
FOUND Prehistoric
$$  which are all prehistoric sites located in lcraâs turkey bend recreation area
FOUND Prehistoric
$$ site 41tv1850 is a burned rock midden with deposits of at least 50 cm thickness while the other three prehistoric sites are prehistoric campsites with stratified deposits including a noteworthy
FOUND Prehistoric
$$  which are all prehistoric sites located in lcraâs turkey bend recreation area
FOUND Prehistoric
$$ site 41tv1850 is a burned rock midden with deposits of at least 50 cm thickness while the other three prehistoric sites are prehistoric campsites with stratified deposits including a noteworthy
FOUND Prehistoric
$$  which are all prehistoric sites located in lcraâs turkey bend recreation area
FOUND Prehistoric
$$ site 41tv1850 is a burned rock midden with deposits of at least 50 cm thickness while the other three prehistoric sites are prehistoric campsites with stratified deposits including a noteworthy
FOUND Prehistoric
$$  which are all prehistoric sites located in lcraâs turkey bend recreation area
FOUND Prehistoric
$$ site 41tv1850 is a burned rock midden with deposits of at least 50 cm thickness while the other three prehistoric sites are prehistoric campsites with stratified deposits including a noteworthy deeply buried cultural zone seen at 4.5 m below ground surface at 41tv2361.
FOUND Prehistoric
$$ twenty-four other prehistoric sites at the turkey bend recreation area are considered potentially sal
FOUND Prehistoric
$$ site 41tv1850 is a burned rock midden with deposits of at least 50 cm thickness while the other three prehistoric sites are prehistoric campsites with stratified deposits including a noteworthy deeply buried cultural zone seen at 4.5 m below ground surface at 41tv2361.
FOUND Prehistoric
$$ twenty-four other prehistoric sites at the turkey bend recreation area are considered potentially sal eligible or of unknown sal eligibility.
FOUND Prehistoric
$$ these prehistoric sites cover a broad array of site types that could be utilized for settlement patterning and landscape studies.
FOUND Historic
$$  two historic sites at turkey
FOUND Prehistoric
$$ percentages of prehistoric sites across different environmental settings.
FOUND Prehistoric
$$ percentages of prehistoric sites across different environmental settings.
FOUND Prehistoric
$$ prehistoric site types as a percent of the total within each environmental setting.
FOUND Prehistoric
$$ percentages of prehistoric sites across different environmental settings.
FOUND Prehistoric
$$ prehistoric site types as a percent of the total within each environmental setting.
FOUND Pedernales Point
&& pedernales point from 41tv971........................................................................................... 197 figure 104.
FOUND Prehistoric
$$ map of 41tv1375 showing historic and prehistoric components.
FOUND Historic
$$ map of 41tv1375 showing historic and  components.
FOUND Pedernales Point
&& pedernales point from 41tv971........................................................................................... 197 figure 104.
FOUND Prehistoric
$$ map of 41tv1375 showing historic and prehistoric components.
FOUND Historic
$$ map of 41tv1375 showing historic and  components.
FOUND Pedernales Point
&& pedernales point from 41tv971........................................................................................... 197 figure 104.
FOUND Prehistoric
$$ map of 41tv1375 showing historic and prehistoric components.
FOUND Historic
$$ map of 41tv1375 showing historic and  components.
FOUND Pedernales Point
&& pedernales point from 41tv971........................................................................................... 197 figure 104.
FOUND Prehistoric
$$ map of 41tv1375 showing historic and prehistoric components.
FOUND Historic
$$ map of 41tv1375 showing historic and  components.
FOUND Prehistoric
$$ map of 41tv1375 showing historic and prehistoric components.
FOUND Historic
$$ map of 41tv1375 showing historic and  components.
FOUND Prehistoric
$$ map of 41tv1375 showing historic and prehistoric components.
FOUND Historic
$$ map of 41tv1375 showing historic and  components.
FOUND Historic
$$ map drawing of historic component at 41ll354.
FOUND Historic
$$ map drawing of historic component at 41ll354.
FOUND Historic
$$ map drawing of historic component at 41ll354.
FOUND Historic
$$ map drawing of historic component at 41ll354.
FOUND Historic
$$ map drawing of historic component at 41ll354.
FOUND Prehistoric
$$ the gravels provided prehistoric people with cobble chert and quartzite for stone tools.
FOUND Toyah
$$ 1994 the life and times of toyah-culture folk: the buckhollow encampment
FOUND Early Archaic
$$  1991 early archaic life at the sleeper archaeological site
FOUND Prehistoric
$$ 1977 the lion creek site (41bt105) aboriginal houses and other remains at a prehistoric rancherã­a in the texas hill country (burnet county).
FOUND Prehistoric
$$  northern extension of prehistoric deposits related to previously recorded state archeological landmark site 41ss113 was found.
FOUND Prehistoric
$$ while the lcra cultural resources staff assesses the prehistoric finds in backhoe trench 1 as not
FOUND Prehistoric
$$ while this work has demonstrated that buried prehistoric cultural materials extend to at least 1 meter below ground surface at various sites
FOUND Prehistoric
$$  it is possible that other unknown prehistoric components could be much more deeply buried.
FOUND Prehistoric
$$  and 41ss177 were determined to be multi-component sites with both prehistoric and historic materials.
FOUND Historic
$$  and 41ss177 were determined to be multi-component sites with both  and historic materials.
FOUND Prehistoric
$$  and 41ss181 were found to contain prehistoric materials exclusively
FOUND Prehistoric
$$  and 41ss177 were determined to be multi-component sites with both prehistoric and historic materials.
FOUND Historic
$$  and 41ss177 were determined to be multi-component sites with both  and historic materials.
FOUND Prehistoric
$$  and 41ss181 were found to contain prehistoric materials exclusively
FOUND Prehistoric
$$  and 41ss177 were determined to be multi-component sites with both prehistoric and historic materials.
FOUND Historic
$$  and 41ss177 were determined to be multi-component sites with both  and historic materials.
FOUND Prehistoric
$$  and 41ss181 were found to contain prehistoric materials exclusively
FOUND Prehistoric
$$  and 41ss177 were determined to be multi-component sites with both prehistoric and historic materials.
FOUND Historic
$$  and 41ss177 were determined to be multi-component sites with both  and historic materials.
FOUND Prehistoric
$$  and 41ss181 were found to contain prehistoric materials exclusively
FOUND Historic
$$  while site 41ss182 had only historic materials.
FOUND Prehistoric
$$  and 41ss177 were determined to be multi-component sites with both prehistoric and historic materials.
FOUND Historic
$$  and 41ss177 were determined to be multi-component sites with both  and historic materials.
FOUND Prehistoric
$$  and 41ss181 were found to contain prehistoric materials exclusively
FOUND Historic
$$  while site 41ss182 had only historic materials.
FOUND Prehistoric
$$  and 41ss177 were determined to be multi-component sites with both prehistoric and historic materials.
FOUND Historic
$$  and 41ss177 were determined to be multi-component sites with both  and historic materials.
FOUND Prehistoric
$$  and 41ss181 were found to contain prehistoric materials exclusively
FOUND Historic
$$  while site 41ss182 had only historic materials.
FOUND Prehistoric
$$  and 41ss177 were determined to be multi-component sites with both prehistoric and historic materials.
FOUND Historic
$$  and 41ss177 were determined to be multi-component sites with both  and historic materials.
FOUND Prehistoric
$$  and 41ss181 were found to contain prehistoric materials exclusively
FOUND Historic
$$  while site 41ss182 had only historic materials.
FOUND Prehistoric
$$  and 41ss177 were determined to be multi-component sites with both prehistoric and historic materials.
FOUND Historic
$$  and 41ss177 were determined to be multi-component sites with both  and historic materials.
FOUND Prehistoric
$$  and 41ss181 were found to contain prehistoric materials exclusively
FOUND Historic
$$  while site 41ss182 had only historic materials.
FOUND Prehistoric
$$  and 41ss181 were found to contain prehistoric materials exclusively
FOUND Historic
$$  while site 41ss182 had only historic materials.
FOUND Prehistoric
$$  and 41ss177 were determined to be multi-component sites with both prehistoric and historic materials.
FOUND Historic
$$  and 41ss177 were determined to be multi-component sites with both  and historic materials.
FOUND Prehistoric
$$  and 41ss181 were found to contain prehistoric materials exclusively
FOUND Historic
$$  while site 41ss182 had only historic materials.
FOUND Prehistoric
$$  and 41ss177 were determined to be multi-component sites with both prehistoric and historic materials.
FOUND Historic
$$  and 41ss177 were determined to be multi-component sites with both  and historic materials.
FOUND Prehistoric
$$  and 41ss181 were found to contain prehistoric materials exclusively
FOUND Historic
$$  while site 41ss182 had only historic materials.
FOUND Prehistoric
$$ previous work at site 41ss113 since the current archaeological investigation lies immediately adjacent to the previously designated north and west boundaries of 41ss113 and since the current project recovered prehistoric materials that constitute a northern extension of site (see figure 5)
FOUND Prehistoric
$$  previous work at site 41ss113 since the current archaeological investigation lies immediately adjacent to the previously designated north and west boundaries of 41ss113 and since the current project recovered prehistoric materials that constitute a northern extension of site (see figure 5)
FOUND Prehistoric
$$ since the current archaeological investigation lies immediately adjacent to the previously designated north and west boundaries of 41ss113 and since the current project recovered prehistoric materials that constitute a northern extension of site (see figure 5)
FOUND Prehistoric
$$ based on the prehistoric finds in this backhoe trench
FOUND Prehistoric
$$ based on the prehistoric finds in this backhoe trench
FOUND Historic
$$ the pedestrian survey also led to the identification of a historic
FOUND Prehistoric
$$  lcra assessed the prehistoric component at 41ss113 along with the prehistoric components of at all other sites within the park as potentially meriting formal designation as state archeological landmarks (sal).
FOUND Prehistoric
$$  lcra assessed the prehistoric component at 41ss113 along with the prehistoric components of at all other sites within the park as potentially meriting formal designation as state archeological landmarks (sal).
FOUND Prehistoric
$$  the thc formally designated 41ss178 and the prehistoric components at all other sites in the san saba river nature park including 41ss113 as
FOUND Prehistoric
$$  the thc formally designated 41ss178 and the prehistoric components at all other sites in the san saba river nature park including 41ss113 as sals.
FOUND Prehistoric
$$  the thc formally designated 41ss178 and the prehistoric components at all other sites in the san saba river nature park including 41ss113 as sals.
FOUND Prehistoric
$$  the thc formally designated 41ss178 and the prehistoric components at all other sites in the san saba river nature park including 41ss113 as sals.
FOUND Historic Period
$$ although a few historic period artifacts related to 41ss113 were seen on ground surface
FOUND Prehistoric
$$  the pedestrian survey confirmed existing data which indicated that almost all prehistoric materials previously found at 41ss113 were in buried contexts.
FOUND Prehistoric
$$  backhoe trenching was selected as the primary method for determining if any prehistoric materials were present at the proposed locations of the project construction elements
FOUND Historic Period
$$ although a few historic period artifacts related to 41ss113 were seen on ground surface
FOUND Prehistoric
$$  the pedestrian survey confirmed existing data which indicated that almost all prehistoric materials previously found at 41ss113 were in buried contexts.
FOUND Prehistoric
$$  backhoe trenching was selected as the primary method for determining if any prehistoric materials were present at the proposed locations of the project construction elements (figure 6).
FOUND Prehistoric
$$ since the proposed water intake is situated in the area nearest the boundaries of the prehistoric
FOUND Prehistoric
$$ since the proposed water intake is situated in the area nearest the boundaries of the prehistoric component at 41ss113
FOUND Prehistoric
$$ the finds at backhoe trench 1 appear to represent a northern extension site 41ss113âs prehistoric component.
FOUND Historic Period
$$ several historic period whiteware sherds were also found in the upper 50 cm of soil matrix at backhoe trench 1 in deposits that appear to have been disturbed by the dumping and subsequent removal of limestone rubble.
FOUND Prehistoric
$$  very small numbers of possible prehistoric artifacts were found at backhoe trench 2 (n=3) and backhoe
FOUND Historic
$$  most of the surface historic materials associated with 41ss113 had been found within this cluster of trees.
FOUND Historic Period
$$ it appears that this trench location may be within an area where historic period trash was burned since the excavation of the upper deposits quickly showed several areas of very dark ashy soil containing historic period artifacts.
FOUND Prehistoric
$$ this site is a multicomponent site with prehistoric and historic remains.
FOUND Historic
$$ this site is a multicomponent site with  and historic remains.
FOUND Prehistoric
$$ the prehistoric component has been formally designated as a sal
FOUND Prehistoric
$$  as prehistoric materials including a burned rock cluster designated as feature 1 were found at depths of 90 to 96 cm bgs in backhoe trench 1
FOUND Historic
$$  including two historic components
FOUND Historic
$$  including two historic components
FOUND Historic
$$  including two historic components
FOUND Historic
$$  including two historic components
FOUND Historic
$$ no mention of a church has been found in historical records
FOUND Prehistoric
$$ although this site was found to contain dense prehistoric camping debris
FOUND Historic
$$  a historic homestead site recorded during an earlier lcra inventory survey.
FOUND Historic
$$  and in the process uncovered valuable new information and summarized regional historic development.
FOUND Historic
$$  historic site descriptions 41bt195 â the phillips house the phillips place is located on the high point of an upland margin lobe that fronts the colorado river to the west.
FOUND Historic
$$ 91 41bt322 â historic component this is a historic activity area that is probably the location of the original henry thomas lodge (figure 36).
FOUND Prehistoric
$$ it also has a prehistoric component that may include a series of small hearths.
FOUND Historic
$$ the historic component consists of at least three distinct sets of apparent limestone accumulations.
FOUND Historic
$$ the historic component consists of at least three distinct sets of apparent limestone accumulations.
FOUND Historic
$$ 41bt324 (historic component) site 41bt324 is a historic trash scatter/activity area located in the vicinity of historic sites 41bt201 and 41bt323.
FOUND Historic
$$ historic materials were concentrated along a fenceline (now destroyed by clearing) and included numerous bottles and jars, especially of condiments, as well as heavy glass, crockery fragments, whiteware and auto or truck parts such as wheels and rims, a radio, exhaust
FOUND Historic
$$ 41bt324 (historic component) site 41bt324 is a historic trash scatter/activity area located in the vicinity of historic sites 41bt201 and 41bt323.
FOUND Historic
$$ historic materials were concentrated along a fenceline (now destroyed by clearing) and included numerous bottles and jars, especially of condiments, as well as heavy glass, crockery fragments, whiteware and auto or truck parts such as wheels and rims, a radio, exhaust
FOUND Historic
$$ 41bt324 (historic component) site 41bt324 is a historic trash scatter/activity area located in the vicinity of historic sites 41bt201 and 41bt323.
FOUND Historic
$$  41bt324 (historic component) site 41bt324 is a historic trash scatter/activity area located in the vicinity of historic sites 41bt201 and 41bt323.
FOUND Historic
$$ historic materials were concentrated along a fenceline (now
FOUND Prehistoric
$$ 41bt328 (historic component) site 41bt328 is a prehistoric and historic component site located on a high upland lobe on the west side
FOUND Historic
$$ 41bt328 (historic component) site 41bt328 is a  and historic component site located on a high upland lobe on the west side
FOUND Prehistoric
$$ 41bt328 (historic component) site 41bt328 is a prehistoric and historic component site located on a high upland lobe on the west side of turkey bend.
FOUND Historic
$$ 41bt328 (historic component) site 41bt328 is a  and historic component site located on a high upland lobe on the west side of turkey bend.
FOUND Prehistoric
$$ the site setting and prehistoric component are described in the prehistoric sites section.
FOUND Historic
$$ the historic component consists of a fenceline, trash scatter and pile of limestone rock.
FOUND Prehistoric
$$ 41bt328 (historic component) site 41bt328 is a prehistoric and historic component site located on a high upland lobe on the west side of turkey bend.
FOUND Historic
$$ 41bt328 (historic component) site 41bt328 is a  and historic component site located on a high upland lobe on the west side of turkey bend.
FOUND Prehistoric
$$ the site setting and prehistoric component are described in the prehistoric sites section.
FOUND Historic
$$ the historic component consists of a fenceline, trash scatter and pile of limestone rock.
FOUND Historic
$$ 95 the historic component of 41bt328 is considered to be fully documented and ineligible for formal designation as an sal.
FOUND Prehistoric
$$ the prehistoric component
FOUND Prehistoric
$$ 41tv536 this site is a historic trash scatter and rock outline with a light prehistoric component located on the north side of the main drainage system on the east side of the bend, and due north of the main road into the park.
FOUND Historic
$$ 41tv536 this site is a historic trash scatter and rock outline with a light  component located on the north side of the main drainage system on the east side of the bend, and due north of the main road into the park.
FOUND Prehistoric
$$ two shovel tests were placed within its boundaries when testing adjacent prehistoric site 41tv1881.
FOUND Historic
$$ 41tv1857 this enigmatic historic site consists of two cisterns (since removed), a few foundation stones and a light artifact scatter within an approximate 200 foot diameter area.
FOUND Prehistoric
$$ 99 41tv1883 â historic component this is a historic trash scatter with likely foundation stones along with a minor prehistoric lithic scatter with mussel shell located on a high upland margin lobe overlooking the main drainage on the eastern portion of the bend.
FOUND Historic
$$ 99 41tv1883 â historic component this is a historic trash scatter with likely foundation stones along with a minor  lithic scatter with mussel shell located on a high upland margin lobe overlooking the main drainage on the eastern portion of the bend.
FOUND Historic
$$ it may also be from squatter activity as described in the historic background section.
FOUND Historic
$$ it may also be from squatter activity as described in the historic background section.
FOUND Historic
$$ it may also be from squatter activity as described in the historic background section.
FOUND Prehistoric
$$ 41tv1961 this site is primarily a prehistoric site and is discussed in more detail in that section.
FOUND Historic
$$ the historic component, however, is distinctive, so is briefly described here.
FOUND Historic
$$ across the creeks slopes is a scatter of historic material that included whiteware and purple glass, including panel glass.
FOUND Historic
$$ the historic component of this site is considered to be fully investigated.
FOUND Historic
$$ as discussed in the historic background section, it may have been used communally.
FOUND Historic
$$ additional archival or other historical investigation may help clarify the relation of the site to other known sites on the bend.
FOUND Historic
$$ historic sites summary historic sites are present that date to the earliest settlement at turkey bend
FOUND Late Archaic
$$ first recorded in pai in 1981, it was described as "fairly heavy" lithic scatter from which a basallythinned late archaic projectile point was documented.
FOUND Late Archaic
$$ first recorded in pai in 1981, it was described as "fairly heavy" lithic scatter from which a basallythinned late archaic projectile point was documented.
FOUND Historic
$$ there was also a minor historic trash scatter consisting of two 48-ounce juice cans
FOUND Prehistoric
$$ 41bt322 â prehistoric component the setting of 41bt322
FOUND Historic
$$  described in the historic sites section
FOUND Prehistoric
$$  lends itself well to a prehistoric campsite.
FOUND Prehistoric
$$ 41bt322 â prehistoric component the setting of 41bt322
FOUND Historic
$$  described in the historic sites section
FOUND Prehistoric
$$  lends itself well to a prehistoric campsite.
FOUND Prehistoric
$$ the prehistoric component consists of a few scattered flakes
FOUND Prehistoric
$$ the prehistoric component consists of a few scattered flakes
FOUND Prehistoric
$$ the prehistoric component consists of a few scattered flakes
FOUND Historic
$$ 41bt328 site 41bt328 is a lithic scatter with historic ranching component (discussed in the historic section) that is located in tarrant soils over the sycamore sand formation on a broad, upland southeast-trending lobe on the west side of turkey bend.
FOUND Historic
$$ 41bt328 site 41bt328 is a lithic scatter with historic ranching component (discussed in the historic section) that is located in tarrant soils over the sycamore sand formation on a broad, upland southeast-trending lobe on the west side of turkey bend.
FOUND Prehistoric
$$ 41bt337 this is a prehistoric campsite eroding from the full pool shoreline, between about 675-685 ft msl, on the southwest edge of turkey bend.
FOUND Prehistoric
$$ 41bt353 this is a prehistoric lithic scatter within a thin gravel lens exposed in the cutbank of a small drainage at the full pool shoreline of the lake.
FOUND Prehistoric
$$ 41bt391 this prehistoric site is situated on a narrow
FOUND Prehistoric
$$ 41bt391 this prehistoric site is situated on a narrow, 100-meter wide terrace bench located on an otherwise steep slope that descends from the upland margins to the east bank of the colorado river channel.
FOUND Prehistoric
$$ prehistoric materials are readily visible in the deeper, dark-colored soil zone.
FOUND Prehistoric
$$ 114 the intact prehistoric materials in the cutbank at 41bt391 probably represent the back edge of what was once a much larger site that originally extended westward toward the terrace edge overlooking the river channel.
FOUND Prehistoric
$$ 41bt470 this is a prehistoric campsite containing a small burned rock midden and a sparse lithic scatter.
FOUND Prehistoric
$$ it is located in the same inlet as several other small prehistoric campsites (41bt471-473) recorded by lcra archeologists during a 2012 inventory reconnaissance.
FOUND Prehistoric
$$ it is located in the same inlet as several other small prehistoric campsites (41bt471-473) recorded by lcra archeologists during a 2012 inventory reconnaissance.
FOUND Prehistoric
$$ of the four prehistoric sites recorded in this inlet
FOUND Prehistoric
$$ 41bt471 this small prehistoric campsite is located near the end of the narrow inlet on the northwest side of turkey bend (figure 53).
FOUND Prehistoric
$$ another smaller lobe 90 meters to west is occupied by another prehistoric
FOUND Prehistoric
$$  a prehistoric campsite buried in the upper deposits of a terrace remnant
FOUND Prehistoric
$$  a prehistoric campsite with a burned rock midden.
FOUND Prehistoric
$$  a prehistoric campsite buried in the upper deposits of a terrace remnant
FOUND Prehistoric
$$  a prehistoric campsite with a burned rock midden.
FOUND Prehistoric
$$  a prehistoric campsite buried in the upper deposits of a terrace remnant
FOUND Prehistoric
$$  a prehistoric campsite with a burned rock midden.
FOUND Prehistoric
$$ prehistoric campsite buried in the upper deposits of a terrace remnant
FOUND Prehistoric
$$  a prehistoric campsite with a burned rock midden.
FOUND Prehistoric
$$ 41bt472 this is a prehistoric site, possibly a campsite, located on the northwest side of turkey bend in the same inlet as 41bt471 (figure 54).
FOUND Prehistoric
$$  41bt472 this is a prehistoric site
FOUND Prehistoric
$$ 41bt474 this is a small prehistoric campsite located on the terrace slope of the colorado river at the mouth of a shallow cove on the west side of turkey bend.
FOUND Prehistoric
$$ 41tv537 this is a prehistoric campsite with a small burned rock midden or possible large hearth located on the
FOUND Prehistoric
$$ 41tv537 this is a prehistoric campsite with a small burned rock midden or possible large hearth located on the north edge of the park.
FOUND Archaic
$$  other than two archaic (probably late) projectile point tips at 41tv1850
FOUND Archaic
$$  other than two archaic (probably late) projectile point tips at 41tv1850
FOUND Archaic
$$  other than two archaic (probably late) projectile point tips at 41tv1850
FOUND Archaic
$$  other than two archaic (probably late) projectile point tips at 41tv1850
FOUND Archaic
$$  other than two archaic (probably late) projectile point tips at 41tv1850
FOUND Prehistoric
$$ 41tv1865 this prehistoric campsite is located along the high terrace edge on a prominent overlook lobe about 30 meters past the normal lake travis conservation pool.
FOUND Late Archaic II
$$ the single diagnostic artifact found at the site dates to the late archaic ii period (figure 75 e).
FOUND Prehistoric
$$ 41tv1879 this prehistoric lithic scatter is located along the high terrace edge.
FOUND Prehistoric
$$ 41tv1883 â prehistoric component this site
FOUND Historic
$$  described also in the historic sites section
FOUND Prehistoric
$$  is a minor prehistoric lithic scatter with mussel shell located on a high upland margin lobe.
FOUND Prehistoric
$$ the prehistoric component consisted of about a dozen secondary and tertiary flakes
FOUND Prehistoric
$$ 41tv1909 this is a prehistoric campsite eroding from the low terrace at the south end of turkey bend overlooking the colorado river channel.
FOUND Late Archaic I
$$  and an unidentifiable dart point stem (probably late archaic in age).
FOUND Historic
$$ 41tv1961 site 41tv1961 is a mixed-use site and historic trash scatter (discussed in the historic sites section) located in the northwestern "panhandle" section of the upland, eastern portion of the park on the cow creek/hammett shale formation within tarrant soils.
FOUND Historic
$$ 41tv1961 site 41tv1961 is a mixed-use site and historic trash scatter (discussed in the historic sites section) located in the northwestern "panhandle" section of the upland, eastern portion of the park on the cow creek/hammett shale formation within tarrant soils.
FOUND Prehistoric
$$ other sites the following section provides summary data on the remaining 40 prehistoric sites that were not
FOUND Prehistoric
$$ other sites the following section provides summary data on the remaining 40 prehistoric sites that were not
FOUND Paleoindian
$$ it contained a very few flakes and a heavily patinated projectile point fragment with paleoindian characteristics (figure 76 b).
FOUND Paleoindian
$$ it contained a very few flakes and a heavily patinated projectile point fragment with paleoindian characteristics (figure 76 b).
FOUND Archaic
$$  a quartzite mano and two archaic-aged projectile points.
FOUND Historic
$$ site 41bt324 included a historic component
FOUND Historic
$$  described in the historic section
FOUND Historic
$$ site 41bt324 included a historic component
FOUND Historic
$$  described in the historic section
FOUND Ensor Point
&&  including an ensor point (figure 75 h) and an arrow point (figure 76 d)
FOUND Prehistoric
$$ it should be noted that a local informant said that prehistoric human remains had been seen at the very lowest portion of the site several years ago.
FOUND Prehistoric
$$ it should be noted that a local informant said that prehistoric human remains had been seen at the very lowest portion of the site several years ago.
FOUND Prehistoric
$$ it is the opinion of lcra cultural resource services staff that four prehistoric component sites
FOUND Prehistoric
$$ it is the opinion of lcra cultural resource services staff that four prehistoric component sites
FOUND Prehistoric
$$ it is the opinion of lcra cultural resource services staff that four prehistoric component sites
FOUND Prehistoric
$$ it is the opinion of lcra cultural resource services staff that four prehistoric component sites
FOUND Prehistoric
$$ it is the opinion of lcra cultural resource services staff that four prehistoric component sites
FOUND Historic
$$  y 41bt195 historic
FOUND Historic
$$  n 41bt201 historic
FOUND Historic
$$  n 41bt322 historic
FOUND Historic
$$  y 41bt323 historic
FOUND Historic
$$  n 41bt469 historic
FOUND Historic
$$  y 41tv1835 historic
FOUND Historic
$$  n 41tv1857 historic
FOUND Historic
$$  n 41tv1883 historic
FOUND Historic
$$  y 41tv2397 historic
FOUND Historic
$$  n 41tv536 historic
FOUND Late Archaic
$$  unidentified late archaic; e. 41tv1865
FOUND Late Archaic
$$  unidentified late archaic; e. 41tv1865
FOUND Late Archaic
$$  unidentified late archaic; e. 41tv1865
FOUND Late Archaic
$$  unidentified late archaic; e. 41tv1865
FOUND Late Archaic
$$  unidentified late archaic; e. 41tv1865
FOUND Paleoindian
$$  possible paleoindian thin biface; c.
FOUND Late Archaic
$$  unidentified late archaic; e. 41tv1865
FOUND Paleoindian
$$  possible paleoindian thin biface; c.
FOUND Late Archaic
$$  unidentified late archaic; e. 41tv1865
FOUND Paleoindian
$$  possible paleoindian thin biface; c.
FOUND Late Archaic
$$  unidentified late archaic; e. 41tv1865
FOUND Paleoindian
$$  possible paleoindian thin biface; c. 41tv1850
FOUND Late Archaic
$$  unidentified late archaic; e. 41tv1865
FOUND Paleoindian
$$  possible paleoindian thin biface; c. 41tv1850
FOUND Paleoindian
$$  possible paleoindian thin biface; c. 41tv1850
FOUND Paleoindian
$$  possible paleoindian thin biface; c. 41tv1850
FOUND Paleoindian
$$  possible paleoindian thin biface; c. 41tv1850
FOUND Paleoindian
$$  possible paleoindian thin biface; c. 41tv1850
FOUND Paleoindian
$$  possible paleoindian thin biface; c. 41tv1850
FOUND Paleoindian
$$  possible paleoindian thin biface; c. 41tv1850
FOUND Paleoindian
$$  possible paleoindian thin biface; c. 41tv1850
FOUND Prehistoric
$$  although a prehistoric procurement site
FOUND Prehistoric
$$  noting that prehistoric cultural material was present along the
FOUND Prehistoric
$$  noting that prehistoric cultural material was present along the rim above
FOUND Clear Fork
$$ he did collect a clear fork gouge from the
FOUND Clear Fork
$$ he did collect a clear fork gouge from the surface of the grotto
FOUND Prehistoric
$$  apparently the only prehistoric artifact known from this site.
FOUND Prehistoric
$$  41tv2405 appears to represent the edge of a prehistoric campsite but shovel testing in the narrow strip of intact soil adjacent to the hammetts cross road fence failed to recover any artifacts.
FOUND Historic
$$  a previously unknown historic component of 41tv1375 was recorded.
FOUND Historic
$$  a previously unknown historic component of 41tv1375 was recorded.
FOUND Historic
$$  a previously unknown historic component of 41tv1375 was recorded.
FOUND Historic
$$  a previously unknown historic component of 41tv1375 was recorded.
FOUND Historic
$$  a previously unknown historic component of 41tv1375 was recorded.
FOUND Historic
$$  a previously unknown historic component of 41tv1375 was recorded.
FOUND Prehistoric
$$ additional data collected during this survey has led to a change in site type classification from lithic scatter to prehistoric campsite for 41tv968
FOUND Historic
$$ site 41tv1375 was also found to have heretofore unknown historic component
FOUND Prehistoric
$$ additional data collected during this survey has led to a change in site type classification from lithic scatter to prehistoric campsite for 41tv968
FOUND Historic
$$ site 41tv1375 was also found to have heretofore unknown historic component
FOUND Prehistoric
$$ additional data collected during this survey has led to a change in site type classification from lithic scatter to prehistoric campsite for 41tv968
FOUND Historic
$$ site 41tv1375 was also found to have heretofore unknown historic component
FOUND Prehistoric
$$ additional data collected during this survey has led to a change in site type classification from lithic scatter to prehistoric campsite for 41tv968
FOUND Historic
$$ site 41tv1375 was also found to have heretofore unknown historic component
FOUND Prehistoric
$$ additional data collected during this survey has led to a change in site type classification from lithic scatter to prehistoric campsite for 41tv968
FOUND Historic
$$ site 41tv1375 was also found to have heretofore unknown historic component
FOUND Prehistoric
$$ additional data collected during this survey has led to a change in site type classification from lithic scatter to prehistoric campsite for 41tv968
FOUND Historic
$$ site 41tv1375 was also found to have heretofore unknown historic component
FOUND Prehistoric
$$ additional data collected during this survey has led to a change in site type classification from lithic scatter to prehistoric campsite for 41tv968
FOUND Historic
$$ site 41tv1375 was also found to have heretofore unknown historic component
FOUND Prehistoric
$$ additional data collected during this survey has led to a change in site type classification from lithic scatter to prehistoric campsite for 41tv968
FOUND Historic
$$ site 41tv1375 was also found to have heretofore unknown historic component
FOUND Prehistoric
$$ additional data collected during this survey has led to a change in site type classification from lithic scatter to prehistoric campsite for 41tv968
FOUND Historic
$$ site 41tv1375 was also found to have heretofore unknown historic component
FOUND Prehistoric
$$ during this survey has led to a change in site type classification from lithic scatter to prehistoric campsite for 41tv968
FOUND Historic
$$ site 41tv1375 was also found to have heretofore unknown historic component
FOUND Prehistoric
$$ they described the site as a prehistoric lithic scatter covering a 40 by 45 meter area based on the surface
FOUND Late Archaic II
$$ 41tv971 when first recorded by eh&a in 1985, this site was described as a prehistoric lithic scatter consisting mostly of debitage with one ensor-like point, probably dating to the late archaic ii period (see johnson and goode 1994).
FOUND Prehistoric
$$ 41tv971 when first recorded by eh&a in 1985, this site was described as a prehistoric lithic scatter consisting mostly of debitage with one ensor-like point, probably dating to the  period (see johnson and goode 1994).
FOUND Prehistoric
$$ 41tv972 eh&a archeologists originally described this site as a prehistoric lithic scatter covering a 20-x-20 meter area.
FOUND Ensor Point
&& it consisted of two flakes and the stem of an ensor point.
FOUND Historic
$$ the current survey also found a historic component that probably represents a 19th
FOUND Pedernales Point
&& pedernales point from 41tv971.
FOUND Prehistoric
$$ map of 41tv1375 showing historic and prehistoric components.
FOUND Historic
$$ map of 41tv1375 showing historic and  components.
FOUND Historic
$$ historic component a historic component of 41tv1375 was recognized during the present survey.
FOUND Prehistoric
$$ nearly all historic material is contained within the northwest quadrant of the prehistoric component area.
FOUND Historic
$$ nearly all historic material is contained within the northwest quadrant of the  component area.
FOUND Historic
$$ when historic artifacts were first noticed in the road cut
FOUND Historic
$$  a previously unknown historic component of 41tv1375 was rerecorded.
FOUND Historic
$$  a previously unknown historic component of 41tv1375 was rerecorded.
FOUND Historic
$$  a previously unknown historic component of 41tv1375 was rerecorded.
FOUND Historic
$$  a previously unknown historic component of 41tv1375 was rerecorded.
FOUND Historic
$$  a previously unknown historic component of 41tv1375 was rerecorded.
FOUND Historic
$$  a previously unknown historic component of 41tv1375 was rerecorded.
FOUND Historic
$$  a previously unknown historic component of 41tv1375 was rerecorded.
FOUND Historic
$$  a previously unknown historic component of 41tv1375 was rerecorded.
FOUND Historic
$$  a previously unknown historic component of 41tv1375 was rerecorded.
FOUND Prehistoric
$$  does have prehistoric deposits of unknown sal eligibility.
FOUND Prehistoric
$$ these are found in two small areas of intact soil where buried prehistoric cultural material
FOUND Prehistoric
$$  does have prehistoric deposits of unknown sal eligibility.
FOUND Prehistoric
$$ these are found in two small areas of intact soil where buried prehistoric cultural material
FOUND Prehistoric
$$  does have prehistoric deposits of unknown sal eligibility.
FOUND Prehistoric
$$ these are found in two small areas of intact soil where buried prehistoric cultural material
FOUND Historic
$$ the historic component of 41tv1375 has
FOUND Prehistoric
$$  does have prehistoric deposits of unknown sal eligibility.
FOUND Prehistoric
$$ these are found in two small areas of intact soil where buried prehistoric cultural material
FOUND Historic
$$ the historic component of 41tv1375 has been destroyed by bulldozing that occurred in the distant past.
FOUND Historic
$$ the historic component of 41tv1375 has been destroyed by bulldozing that occurred in the distant past.
FOUND Prehistoric
$$  a historic house site and prehistoric lithic scatter recorded during a 1979 lcra brush clearing project (prewitt and kotter 1980)
FOUND Historic
$$  a historic house site and  lithic scatter recorded during a 1979 lcra brush clearing project (prewitt and kotter 1980)
FOUND Prehistoric
$$  a prehistoric campsite recorded during an lcra fence replacement project (malof et al.
FOUND Prehistoric
$$  a historic house site and prehistoric lithic scatter recorded during a 1979 lcra brush clearing project (prewitt and kotter 1980)
FOUND Historic
$$  a historic house site and  lithic scatter recorded during a 1979 lcra brush clearing project (prewitt and kotter 1980)
FOUND Prehistoric
$$  a prehistoric campsite recorded during an lcra fence replacement project (malof et al.
FOUND Prehistoric
$$  the previously recorded prehistoric campsite
FOUND Prehistoric
$$  the previously recorded prehistoric campsite
FOUND Prehistoric
$$  the previously recorded prehistoric campsite
FOUND Prehistoric
$$  the previously recorded prehistoric campsite
FOUND Prehistoric
$$  the previously recorded prehistoric campsite
FOUND Historic
$$ the historic component contains scattered boulders thought to be the
FOUND Historic
$$ the historic component contains scattered boulders thought to be the remains of a house with an artifact scatter dating to the 1890 to 1920 period.
FOUND Prehistoric
$$ two components were recognized at this site; a historic component representing a late nineteenth century homestead and a prehistoric component consisting of a light lithic scatter.
FOUND Historic
$$ two components were recognized at this site; a historic component representing a late nineteenth century homestead and a  component consisting of a light lithic scatter.
FOUND Historic
$$ avoidance of the historic house site
FOUND Prehistoric
$$ a prehistoric campsite
FOUND Darl Point
&&  a darl point
FOUND Historic
$$ shovel testing found sparse historic glass
FOUND Historic
$$ for the historic component of 41ll354 - the only site with cultural features - a map drawing was made using the pace and compass method.
FOUND Prehistoric
$$ both are prehistoric lithic scatters located on the west side of the project area.
FOUND Prehistoric
$$ both are prehistoric lithic scatters located on the west side of the project area.
FOUND Prehistoric
$$ 41ll564 site 41ll564 is a prehistoric lithic scatter located on the east side of the unnamed stream that runs
FOUND Prehistoric
$$ 41ll564 site 41ll564 is a prehistoric lithic scatter located on the east side of the unnamed stream that runs
FOUND Prehistoric
$$ 41ll564 site 41ll564 is a prehistoric lithic scatter located on the east side of the unnamed stream that runs through the west side of cedar point (figure 114).
FOUND Prehistoric
$$ 41ll564 site 41ll564 is a prehistoric lithic scatter located on the east side of the unnamed stream that runs through the west side of cedar point (figure 114).
FOUND Prehistoric
$$ 41ll354 (revisit) this archeological site contains both prehistoric and historic components.
FOUND Historic
$$ 41ll354 (revisit) this archeological site contains both  and historic components.
FOUND Historic
$$ the historic component consists of a former house site and associated scatter of historic artifacts (figure 119).
FOUND Historic
$$ because of the condition of the historic deposits and the lack of historical significance or unique attributes
FOUND Historic
$$ map drawing of historic component at 41ll354.
FOUND Prehistoric
$$ 41ll442 (revisit) this is a prehistoric campsite located near the western edge of the park on the west side of an unnamed intermittent or ephemeral creek (figure 122).
FOUND Darl Point
&& at that time several bifaces, a darl point, and a metate were noted on the surface along with about a dozen pieces of debitage (malof et al.
FOUND Darl Point
&& only the darl point was collected.
FOUND Prehistoric
$$  a previously recorded prehistoric campsite
FOUND Prehistoric
$$ the prehistoric component of 41ll354 within the current
FOUND Prehistoric
$$  a previously recorded prehistoric campsite
FOUND Prehistoric
$$ the prehistoric component of 41ll354 within the current
FOUND Prehistoric
$$  a previously recorded prehistoric campsite
FOUND Prehistoric
$$ the sal eligibility of the prehistoric component of this site to the south and east outside the project area remains unknown.
FOUND Historic
$$ because of the disturbed condition of the 41ll354 historic component
FOUND Historic
$$ 41ll354 historical background by dan utley the historic component of site 41ll354 is situated within a 160-acre tract patented to alonzo cowan.
FOUND Historic
$$ 41ll354 historical background by dan utley the historic component of site 41ll354 is situated within a 160-acre tract patented to alonzo cowan.
FOUND Prehistoric
$$ one previously unrecorded prehistoric archaeological site
FOUND Prehistoric
$$ one previously unrecorded prehistoric archaeological site
FOUND Prehistoric
$$ one previously unrecorded prehistoric archaeological site
FOUND Prehistoric
$$ one previously unrecorded prehistoric archaeological site
FOUND Prehistoric
$$ one previously unrecorded prehistoric archaeological site
FOUND Prehistoric
$$  bordering the golf course and near substantial prehistoric site 41kr 574.
FOUND Historic
$$ a cultural resources investigation resulted in the recording of a historic rock wall or fence feature (41kr704) that appeared to date to the turn of the twentieth century (hixson 2011).
FOUND Prehistoric
$$  results of investigations one previously undocumented prehistoric lithic scatter
FOUND Prehistoric
$$ 41kr521 this is a prehistoric campsite with a burned rock midden located on the left (east) side of quinlan creek
FOUND Prehistoric
$$ 41kr521 this is a prehistoric campsite with a burned rock midden located on the left (east) side of quinlan creek in kerrville.
FOUND Late Archaic I
$$ most of the point types saner lists belong to the late archaic i period (pedernales, marshall, and castroville) although the middle archaic travis type and later arrow points were also collected.
FOUND Middle Archaic
$$ most of the point types saner lists belong to the  period (pedernales, marshall, and castroville) although the middle archaic travis type and later arrow points were also collected.
FOUND Late Archaic II
$$ saner witnessed two corner tang bifaces removed from the site by artifact collectors, suggesting a late archaic ii occupation as well.
FOUND Historic
$$ 41kr504 site 41kr504 was recorded as an early twentieth century historic trash dump (taylor and bates 1995:54).
FOUND Historic
$$ 41kr504 site 41kr504 was recorded as an early twentieth century historic trash dump (taylor and bates 1995:54).
FOUND Edwards Point
&& 41kr506 site 41kr506 was recorded as a ridgetop-spanning lithic scatter resulting from lithic procurement activities from which a single edwards point was recovered (taylor and bates 1995:5-6).
FOUND Edwards Point
&& 41kr506 site 41kr506 was recorded as a ridgetop-spanning lithic scatter resulting from lithic procurement activities from which a single edwards point was recovered (taylor and bates 1995:5-6).
FOUND Prehistoric
$$ one previously undocumented prehistoric archaeological site
FOUND Prehistoric
$$ one previously undocumented prehistoric archaeological site
FOUND Prehistoric
$$ one previously undocumented prehistoric archaeological site
FOUND Prehistoric
$$ one previously undocumented prehistoric archaeological site
FOUND Prehistoric
$$ one previously undocumented prehistoric archaeological site
FOUND Prehistoric
$$ undocumented prehistoric archaeological site
FOUND Early Archaic
$$  an early archaic campsite on town creek
FOUND Historic
$$ historic sites included
FOUND Prehistoric
$$  ten with prehistoric components and nine with historic components.
FOUND Historic
$$  ten with  components and nine with historic components.
FOUND Prehistoric
$$ a file search conducted before the field investigation indicated that the proposed anchors and boat slips are situated within previously recorded prehistoric archaeological site 41bt397.
FOUND Prehistoric
$$  prehistoric artifacts have been found on eroded slopes about 30 to 50 meters to the west and also on an eroded slope about 15 to 50 meters east of the proposed anchor area.
FOUND Prehistoric
$$ site 41ke86 is a prehistoric campsite located in an open field on the east side of an unnamed tributary creek of the guadalupe river.
FOUND Prehistoric
$$ site 41ke86 is a prehistoric campsite located in an open field on the east side of an unnamed tributary creek of the guadalupe river.
FOUND Prehistoric
$$ site 41ke86 is a prehistoric campsite located in an open field on the east side of an unnamed tributary creek of the guadalupe river.
FOUND Prehistoric
$$ site 41ke86 is a prehistoric campsite located in an open field on the east side of an unnamed tributary creek of the guadalupe river.
FOUND Prehistoric
$$ site 41ke88 is a prehistoric campsite located in a field on the west side of little joshua creek.
FOUND Historic
$$ site 41cm157 is a historic farmstead located on the west terrace of york creek.
FOUND Historic
$$ site 41cm157 is a historic farmstead located on the west terrace of york creek.
FOUND Prehistoric
$$ four previously undocumented prehistoric archaeological sites
FOUND Prehistoric
$$ sites 41gl450 and 41gl451 are a pair of prehistoric open campsites located on the north side of live oak creek
FOUND Prehistoric
$$ four previously undocumented prehistoric archaeological sites
FOUND Prehistoric
$$ sites 41gl450 and 41gl451 are a pair of prehistoric open campsites located on the north side of live oak creek
FOUND Prehistoric
$$ sites 41gl450 and 41gl451 are a pair of prehistoric open campsites located on the north side of live oak creek
FOUND Prehistoric
$$ four previously undocumented prehistoric archaeological sites
FOUND Prehistoric
$$ sites 41gl450 and 41gl451 are a pair of prehistoric open campsites located on the north side of live oak creek
FOUND Prehistoric
$$  a prehistoric campsite
FOUND Prehistoric
$$  a prehistoric site that might contain buried hearth features.
FOUND Prehistoric
$$  a prehistoric campsite
FOUND Prehistoric
$$  a prehistoric site that might contain buried hearth features.
FOUND Prehistoric
$$  three of these tests recovered one to two pieces of prehistoric flint chipping debris each
FOUND Prehistoric
$$ two prehistoric archaeological sites
FOUND Prehistoric
$$ two prehistoric archaeological sites
FOUND Historic Period
$$ the site includes a historic period component associated with the hollingsworth family whose name is seen at this location on house structures plotted on a 1936 contour map made by lcra during the
FOUND Prehistoric
$$ site 41bt344 also has a prehistoric component that appears to represent a north american indian campsite with burned rock-lined cooking and heating features
FOUND Prehistoric
$$ site 41bt344 also has a prehistoric component that appears to represent a north american indian campsite with burned rock-lined cooking and heating features
FOUND Late Archaic
$$ a late archaic point
FOUND Bulverde Point
&&  including a nolan point and two bulverde points
