FOUND Prehistoric
$$ investigations discovered four prehistoric sites (41cm312
FOUND Prehistoric
$$ investigations discovered four prehistoric sites (41cm312
FOUND Prehistoric
$$ investigations discovered four prehistoric sites (41cm312
FOUND Prehistoric
$$ investigations discovered four prehistoric sites (41cm312
FOUND Late Prehistoric
$$ archaic period ................................................................................................................................. 9 late prehistoric period ............................................................................................................ 10 previous archeological investigations ............................................................................ 11 41cm187 and 41cm188 ........................................................................................................................ 11 41cm198 ................................................................................................................................................ 11 41cm199 ................................................................................................................................................ 11 41cm200 ................................................................................................................................................ 11
FOUND Archaic
$$ archaic period ................................................................................................................................. 9  period ............................................................................................................ 10 previous archeological investigations ............................................................................ 11 41cm187 and 41cm188 ........................................................................................................................ 11 41cm198 ................................................................................................................................................ 11 41cm199 ................................................................................................................................................ 11 41cm200 ................................................................................................................................................ 11
FOUND Late Prehistoric
$$ archaic period ................................................................................................................................. 9 late prehistoric period ............................................................................................................ 10 previous archeological investigations ............................................................................ 11 41cm187 and 41cm188 ........................................................................................................................ 11 41cm198 ................................................................................................................................................ 11 41cm199 ................................................................................................................................................ 11 41cm200 ................................................................................................................................................ 11
FOUND Archaic
$$ archaic period ................................................................................................................................. 9  period ............................................................................................................ 10 previous archeological investigations ............................................................................ 11 41cm187 and 41cm188 ........................................................................................................................ 11 41cm198 ................................................................................................................................................ 11 41cm199 ................................................................................................................................................ 11 41cm200 ................................................................................................................................................ 11
FOUND Late Prehistoric
$$ late prehistoric period ............................................................................................................ 10 previous archeological investigations ............................................................................ 11 41cm187 and 41cm188 ........................................................................................................................ 11 41cm198 ................................................................................................................................................ 11 41cm199 ................................................................................................................................................ 11 41cm200 ................................................................................................................................................ 11 41cm202 ................................................................................................................................................ 11
FOUND Prehistoric
$$  site 41cm188 was described as a large surficial prehistoric lithic procurement site.
FOUND Prehistoric
$$  site 41cm188 was described as a large surficial prehistoric lithic procurement site.
FOUND Prehistoric
$$ a prehistoric and historic component site located within the dry comal creek drainage
FOUND Historic
$$ a  and historic component site located within the dry comal creek drainage
FOUND Prehistoric
$$ site 41cm220 is a prehistoric open campsite on the banks of the dry comal immediately downstream of loop 337 that was also recorded during arnn’s 1998 survey.
FOUND Angostura Dart
&& one possible angostura dart point was noted
FOUND Prehistoric
$$ 41cm312 this site is a low-density prehistoric lithic scatter located on an upland ridge roughly 350 meters west of blieders creek in the north part of the project area (figures 5 and 6).
FOUND Prehistoric
$$  site type 41cm312 prehistoric lithic
FOUND Prehistoric
$$ upland ridge 41cm313 prehistoric lithic
FOUND Prehistoric
$$ ridge and bench 41cm314 prehistoric lithic
FOUND Prehistoric
$$ upland ridge 41cm315 prehistoric lithic
FOUND Prehistoric
$$ view south across site 41cm312 41cm313 this site is as a low-density prehistoric lithic scatter located on a bench-like area on the midslope of a northeast-southwest trending limestone ridge (see table 1).
FOUND Prehistoric
$$ 41cm313 this site is as a low-density prehistoric lithic scatter located on a bench-like area on the midslope of a northeast-southwest trending limestone ridge (see table 1).
FOUND Prehistoric
$$ 41cm313 this site is as a low-density prehistoric lithic scatter located on a bench-like area on the midslope of a northeast-southwest trending limestone ridge (see table 1).
FOUND Prehistoric
$$ 41cm314 this site is a large (275 meters north-south by 125 meters east-west) moderately dense to dense prehistoric lithic scatter/lithic procurement locale.
FOUND Prehistoric
$$ 41cm314 this site is a large (275 meters north-south by 125 meters east-west) moderately dense to dense prehistoric lithic scatter/lithic procurement locale.
FOUND Prehistoric
$$ 41cm315 this site is as small (50-meter diameter) low-density prehistoric surficial lithic scatter located entirely within the row adjacent to a roadside storage/laydown area (figure 11; see figure 9).
FOUND Prehistoric
$$  and 41cm315 are prehistoric lithic scatters/procurement locales associated with upland limestone ridges with exposures of cherty bedrock gravels and cobbles.
FOUND Prehistoric
$$  and 41cm315 are prehistoric lithic scatters/procurement locales associated with upland limestone ridges with exposures of cherty bedrock gravels and cobbles.
FOUND Prehistoric
$$  and 41cm315 are prehistoric lithic scatters/procurement locales associated with upland limestone ridges with exposures of cherty bedrock gravels and cobbles.
FOUND Prehistoric
$$  and 41cm315 are prehistoric lithic scatters/procurement locales associated with upland limestone ridges with exposures of cherty bedrock gravels and cobbles.
FOUND Prehistoric
$$  and 41cm315 are prehistoric lithic scatters/procurement locales associated with upland limestone ridges with exposures of cherty bedrock gravels and cobbles.
FOUND Prehistoric
$$  and 41cm315 are prehistoric lithic scatters/procurement locales associated with upland limestone ridges with exposures of cherty bedrock gravels and cobbles.
FOUND Prehistoric
$$  and 41cm315 are prehistoric lithic scatters/procurement locales associated with upland limestone ridges with exposures of cherty bedrock gravels and cobbles.
FOUND Prehistoric
$$  and 41cm315 are prehistoric lithic scatters/procurement locales associated with upland limestone ridges with exposures of cherty bedrock gravels and cobbles.
FOUND Prehistoric
$$  and 41cm315 are prehistoric lithic scatters/procurement locales associated with upland limestone ridges with exposures of cherty bedrock gravels and cobbles.
FOUND Prehistoric
$$ site extends beyond ape 41cm312 surficial prehistoric lithic scatter/procurement
FOUND Prehistoric
$$  yes 41cm315 surficial prehistoric lithic scatter/procurement
