FOUND Prehistoric
$$  122 have prehistoric
FOUND Prehistoric
$$  122 have prehistoric
FOUND Prehistoric
$$  122 have prehistoric
FOUND Prehistoric
$$  122 have prehistoric
FOUND Prehistoric
$$  122 have prehistoric components.
FOUND Prehistoric
$$ of the 142 prehistoric archeological sites recorded at camp stanley and camp bullis
FOUND Prehistoric
$$ of the 142 prehistoric archeological sites recorded at camp stanley and camp bullis
FOUND Prehistoric
$$ of the 142 prehistoric archeological sites recorded at camp stanley and camp bullis
FOUND Prehistoric
$$ site 41bx1157 description: site 4lbxi157 is a prehistoric open campsite located in the extreme southern portion of the
FOUND Prehistoric
$$ the site is a prehistoric open campsite measuring 70 x 90 rn at an elevation of 1335-1350 ft ms!.
FOUND Historic
$$ site 41bx1159 description: this large historic site is located in the n0l1hwest corner of the inner cantonment, on lhe floodplain and valley walls of salado creek.
FOUND Conejo Dart
&& (a) conejo dart point; (b) botlom and edge of flaked glass boule base.
FOUND Prehistoric
$$  site 4ibx1l73 description: site 41bx1l73 consists of a prehistoric open campsite located in the northwest portion of the outer cantonment in the central section of survey parcel 1.
FOUND Late Archaic
$$ assessmelll: the pedernales point suggests that a late archaic component is represented at the site.
FOUND Pedernales Point
&& assessmelll: the pedernales point suggests that a late archaic component is represented at the site.
FOUND Prehistoric
$$ : site 41bx 1175 is a prehistoric open campsite located in the extreme northwest corner of both
FOUND Angostura Dart
&& angostura dart point from 41bx1176.
FOUND Early Archaic
$$ assessment: the angostura dart point base indicates an early archaic component at the site.
FOUND Angostura Dart
&& assessment: the angostura dart point base indicates an early archaic component at the site.
FOUND Prehistoric
$$ site 4ibx1i77 description: site 41bx1177 is a prehistoric open campsite located in the extreme northern portion of the outer cantonment in the central part of survey parcel 2.
FOUND Prehistoric
$$ it is a prehistoric open campsite measuring 160 x 170 m, with a small (ca.
FOUND Prehistoric
$$  site 4ibx1182 .description: site 41bx1l82 is a prehistoric lithic scatter located in the northern section of the outer cantonment in the northwest part of survey parcel 3.
FOUND Frio Dart
&& frio dart poim from 41bx1183.
FOUND Late Archaic
$$ assessment: the frio dart point indicates a late archaic occupation at the site
FOUND Frio Dart
&& assessment: the frio dart point indicates a late archaic occupation at the site
FOUND Historic
$$ site 41bx1186 description: this historic farm site is located on the lower hill slopes east of the northern branch of salado creek in the northwest sections of both the outer cantonment and survey parcel 3.
FOUND Prehistoric
$$ assessment: the prehistoric component at site 41bx1189 has limited archeological potential due to site 4ibx1l89
FOUND Prehistoric
$$  it is recommended that the prehistoric
FOUND Early Archaic
$$ early archaic
FOUND Early Archaic
$$ early archaic
FOUND Early Archaic
$$ early archaic
FOUND Middle Archaic
$$  while middle archaic reflected in site artifact densities.
FOUND Prehistoric
$$  and prehistoric archeological record of the inner 4ibx1l85).
FOUND Prehistoric
$$ it has been suggested that prehistoric cantonment.
FOUND Prehistoric
$$ only one (site 41bx1180) of the 20 prehistoric components is recommended as potentially eligible for listing in the national register
FOUND Prehistoric
$$ whether site 41bx1180 can or will be able to address one or all of the above research domains and provide significant regional prehistoric data has
FOUND Historic
$$  it is recommended that the historic components at siles 4ibxl163
FOUND Historic
$$  it is recommended that the historic components at siles 4ibxl163
FOUND Prehistoric
$$  jr. 1978 41bx68: a prehistoric quarry.workshop in northern bexar county
