FOUND Prehistoric
$$ in prehistoric life
FOUND Prehistoric
$$ in prehistoric life
FOUND Toyah
$$ 2011 instrumental neutron activation analysis of toyah ceramics from 41hy163
FOUND Prehistoric
$$ in prehistoric life
FOUND Toyah
$$ 2011 instrumental neutron activation analysis of toyah ceramics from 41hy163
FOUND Prehistoric
$$ in prehistoric life
FOUND Late Prehistoric
$$ in archaic and late prehistoric human ecology in the middle onion creek valley
FOUND Archaic
$$ in archaic and  human ecology in the middle onion creek valley
FOUND Late Prehistoric
$$ in archaic and late prehistoric human ecology in the middle onion creek valley
FOUND Archaic
$$ in archaic and  human ecology in the middle onion creek valley
