FOUND Prehistoric
$$ all of the sites consist of prehistoric open campsites situated on terraces above leon creek or above tributaries to leon creek.
FOUND Prehistoric
$$ all of the sites consist of prehistoric open campsites situated on terraces above leon creek or above tributaries to leon creek.
FOUND Prehistoric
$$ all of the sites consist of prehistoric open campsites situated on terraces above leon creek or above tributaries to leon creek.
FOUND Prehistoric
$$ all of the sites consist of prehistoric open campsites situated on terraces above leon creek or above tributaries to leon creek.
FOUND Prehistoric
$$ all of the sites consist of prehistoric open campsites situated on terraces above leon creek or above tributaries to leon creek.
FOUND Prehistoric
$$ all of the sites consist of prehistoric open campsites situated on terraces above leon creek or above tributaries to leon creek.
FOUND Historic
$$ site 41bx1761 is a historic
FOUND Prehistoric
$$ all of the sites consist of prehistoric open campsites situated on terraces above leon creek or above tributaries to leon creek.
FOUND Historic
$$ site 41bx1761 is a historic
FOUND Historic
$$ site 41bx1761 is a historic
FOUND Historic
$$ the historic wall structure possesses integrity and may possess research potential (thc 2010).
FOUND Archaic
$$  located less than one half mile east of the ape consists of a burned rock midden from the archaic period.
FOUND Historic
$$ the site consists of a historic
FOUND Historic
$$ the site consists of a historic homestead from the 1940’s and 1950’s.
