FOUND Early Archaic
$$  the excavations at 41bx1396 revealed an early archaic component
FOUND Middle Archaic
$$ middle archaic
FOUND Late Archaic
$$ late archaic the late archaic spans from 4000 to 1200 b.p.
FOUND Historic
$$ the site was thought date between archaic and early neo-historic.
FOUND Archaic
$$ the site was thought date between archaic and early neo-.
FOUND Prehistoric
$$ the prehistoric material encountered at the site included a lithic scatter
FOUND Historic
$$ the historic component consisted of two glass bottles; one was green glass with medicine measurements
FOUND Prehistoric
$$  site 41bx595 was recorded as a possible historic structure and prehistoric lithic scatter.
FOUND Historic
$$  site 41bx595 was recorded as a possible historic structure and  lithic scatter.
FOUND Prehistoric
$$ the site was identified as a prehistoric lithic scatter
FOUND Prehistoric
$$ the site was identified as a prehistoric lithic scatter
FOUND Prehistoric
$$ 1989 archaeological testing (phase ii) of prehistoric site 41bx785 for the west salado creek outfall project
FOUND Paleoindian
$$ black 2003 pavo real (41bx52): a paleoindian and archaic camp and workshop on the balcones escarpment
FOUND Archaic
$$ black 2003 pavo real (41bx52): a  and archaic camp and workshop on the balcones escarpment
FOUND Toyah
$$  l. 1994 the life and times of toyah-culture folk: the buckhollow encampment site 41km16
