FOUND Archaic
$$ archaic period
FOUND Late Archaic
$$ late archaic the late archaic spans from 4000 to 1200 b.p.
FOUND Late Prehistoric
$$  inc. encountered paleoindian to late prehistoric projectile points as well as bifaces
FOUND Paleoindian
$$  inc. encountered paleoindian to  projectile points as well as bifaces
FOUND Prehistoric
$$ the site was recorded as an unknown temporal affiliation prehistoric lithic scatter that contained debitage
FOUND Prehistoric
$$ 41wm561 was a prehistoric lithic scatter and workshop containing cores
FOUND Prehistoric
$$ 41wm561 was a prehistoric lithic scatter and workshop containing cores
FOUND Paleoindian
$$ black 2003 pavo real (41bx52): a paleoindian and archaic camp and workshop on the balcones escarpment
FOUND Archaic
$$ black 2003 pavo real (41bx52): a  and archaic camp and workshop on the balcones escarpment
FOUND Late Prehistoric
$$ 1991 late prehistoric bison populations in central and southern texas.
FOUND Toyah
$$  l. 1994 the life and times of toyah-culture folk: the buckhollow encampment site 41km16
FOUND Prehistoric
$$  from prehistoric to modern times.
