FOUND Historic
$$  and the historic bottle dump
FOUND Early Archaic
$$  the excavations at 41bx1396 revealed an early archaic component
FOUND Middle Archaic
$$ middle archaic the middle archaic subperiod spans from 6000 to 4000 bp (collins 1995; weir 1976).
FOUND Late Archaic
$$ late archaic the late archaic spans from 4000 to 1200 bp (collins 2004).
FOUND Archaic
$$ the two archaic-aged sites are located along government canyon creek and an outcrop of edwards chert.
FOUND Edwards Chert
&& the two archaic-aged sites are located along government canyon creek and an outcrop of edwards chert.
FOUND Archaic
$$ the two archaic-aged sites are located along government canyon creek and an outcrop of edwards chert.
FOUND Edwards Chert
&& the two archaic-aged sites are located along government canyon creek and an outcrop of edwards chert.
FOUND Late Prehistoric
$$  and contains archaic and late prehistoric cultural materials
FOUND Archaic
$$  and contains archaic and  cultural materials
FOUND Early Archaic
$$  an early archaic camp site along the northern side of culebra creek.
FOUND Late Archaic
$$ middle and late archaic components
FOUND Archaic
$$  41bx1205 is an archaic lithic scatter near government canyon creek.
FOUND Archaic
$$  41bx1205 is an archaic lithic scatter near government canyon creek.
FOUND Archaic
$$  41bx1205 is an archaic lithic scatter near government canyon creek.
FOUND Historic
$$ site 41bx1194 is a historic early- to mid-twentieth century ranch complex sitting on a flat upland surface along government canyon creek.
FOUND Historic
$$ the site is approximately 7 ac and contains standing and collapsed buildings and scattered historic artifacts on the ground surface.
FOUND Historic
$$ the site included the historic trash dump and the concentration of lithic artifacts noted on the surface.
FOUND Prehistoric
$$ both the prehistoric and historic components of the site are found on the surface.
FOUND Historic
$$ both the  and historic components of the site are found on the surface.
FOUND Historic
$$ no shovel tests contained buried historic material.
FOUND Historic
$$ the historic dump appears to date from the 1950s to the 1980s.
FOUND Prehistoric
$$ the historic dump measured approximately 14 by 12 m. prehistoric lithic artifacts were recovered from the western portion of the field site.
FOUND Historic
$$ the historic dump measured approximately 14 by 12 m.  lithic artifacts were recovered from the western portion of the field site.
FOUND Prehistoric
$$ much of the prehistoric portion of the site is located within the plowed fields.
FOUND Historic
$$ the site included the historic trash dump and the concentration of lithic artifacts noted on the surface.
FOUND Prehistoric
$$ both the prehistoric and historic components of the site are found on the surface.
FOUND Historic
$$ both the  and historic components of the site are found on the surface.
FOUND Historic
$$ no shovel tests contained buried historic material.
FOUND Historic
$$ the historic dump appears to date from the 1950s to the 1980s.
FOUND Prehistoric
$$ the historic dump measured approximately 14 by 12 m. prehistoric lithic artifacts were recovered from the western portion of the field site.
FOUND Historic
$$ the historic dump measured approximately 14 by 12 m.  lithic artifacts were recovered from the western portion of the field site.
FOUND Prehistoric
$$ much of the prehistoric portion of the site is located within the plowed fields.
FOUND Historic
$$ the historic trash dump
FOUND Prehistoric
$$ the collection of prehistoric artifacts on the surface
FOUND Historic
$$  and the historic trash dump were designated as 41bx2162.
FOUND Prehistoric
$$ no diagnostic prehistoric material was encountered within the project boundaries.
FOUND Prehistoric
$$ the lack of intact temporally diagnostic features combined with the absence of diagnostic prehistoric artifacts makes it
FOUND Paleoindian
$$ black 2003 pavo real (41bx52): a paleoindian and archaic camp and workshop on the balcones escarpment
FOUND Archaic
$$ black 2003 pavo real (41bx52): a  and archaic camp and workshop on the balcones escarpment
FOUND Toyah
$$  l. 1994 the life and times of toyah-culture folk: the buckhollow encampment site 41km16
