FOUND Historic
$$ the irrigation system in san antonio is a national historic engineering landmark
FOUND Historic
$$ historic maps of the area depict slight variations in the route of the acequia across the southern half of the tract.
FOUND Historic
$$ historic maps will be discussed further in
FOUND Archaic
$$ archaic period
FOUND Early Archaic
$$  the excavations at 41bx1396 revealed an early archaic component that was radiocarbon dated using pieces of charcoal to cal b.p.
FOUND Middle Archaic
$$ middle archaic the middle archaic subperiod spans from 6000 to 4000 b.p.
FOUND Middle Archaic
$$ little is known about burial practices during the middle archaic
FOUND Late Archaic
$$ late archaic the late archaic spans from 4000 to 1200 b.p.
FOUND Paleoindian
$$ due to its proximity to paleoindian deposits
FOUND Paleoindian
$$ 53 2003 pavo real (41bx52): a paleoindian and archaic camp and workshop on the balcones escarpment
FOUND Archaic
$$ 53 2003 pavo real (41bx52): a  and archaic camp and workshop on the balcones escarpment
FOUND Late Prehistoric
$$ 1991 late prehistoric bison populations in central and southern texas.
FOUND Toyah
$$  l. 1994 the life and times of toyah-culture folk: the buckhollow encampment site 41km16
