FOUND Toyah
$$ 109 dating the upper toyah component at rowe valley (41wm437) or establishing a new temporal context for subsistence and site use at rowe valley haley e. rush
FOUND Toyah
$$  and leslie l. bush abstract the rowe valley site (41wm437) is a large-scale toyah phase campsite on the southern bank of the san gabriel river in eastern central texas.
FOUND Toyah
$$ it has an artifact assemblage typical of toyah sites that includes perdiz and other arrow points
FOUND Toyah
$$ although bison remains can dominate the faunal assemblages of toyah sites
FOUND Toyah
$$ rush et al.—dating the upper toyah component at rowe valley (41wm437) site setting and excavation controls
FOUND Toyah
$$ the recovered cultural debris are hosted in a rush et al.—dating the upper toyah component at rowe valley (41wm437) thick alluvial terrace of the san gabriel river.
FOUND Toyah
$$ based on field observations of diagnostic bones rush et al.—dating the upper toyah component at rowe valley (41wm437) 115
FOUND Toyah
$$ vertical distribution of therm al features collapsed to w 1000 grid line grid coordinates along w1000 line: rush et al.—dating the upper toyah component at rowe valley (41wm437) 117
FOUND Toyah
$$ 1% rush et al.—dating the upper toyah component at rowe valley (41wm437) 119
FOUND Toyah
$$ extends a maximum of 45 cm west of the w1000 rush et al.—dating the upper toyah component at rowe valley (41wm437) 121
FOUND Toyah
$$ rush et al.—dating the upper toyah component at rowe valley (41wm437) representing clean out from the hearth proper.
FOUND Toyah
$$  1 rush et al.—dating the upper toyah component at rowe valley (41wm437) 125
FOUND Toyah
$$  rush et al.—dating the upper toyah component at rowe valley (41wm437) or other causes remains undetermined.
FOUND Toyah
$$ the patterns of fire wood selection in toyah sites have yet to be studied in detail beyond the identification of tree
FOUND Toyah
$$ rush et al.—dating the upper toyah component at rowe valley (41wm437) huebner
FOUND Late Prehistoric
$$ 1991 late prehistoric bison population in central and south texas.
FOUND Toyah
$$  jr. 1994 the life and times of toyah-culture folk: the buckhollow encampment site 41km16 kimble county
FOUND Toyah
$$  h. e. 2013 the rowe valley site (41wm437): a study of toyah period subsistence strategies in central texas.
