FOUND Historic
$$ historic debris observed at site 41rg76.
FOUND Historic
$$ historic debris observed at site 41rg76.
FOUND Historic
$$ historic debris observed at site 41rg76.
FOUND Paleoindian
$$  and isolated artifacts represent paleoindian occupations in the regions.
FOUND Paleoindian
$$  and 41bx229 contain stratified paleoindian deposits (hester 1980b).
FOUND Paleoindian
$$ the lower component at the wilson-leonard site contained a paleoindian burial (collins et al.
FOUND Paleoindian period
$$ collins (2004) and turpin (2004) divide the paleoindian period into early and late subperiods for the central
FOUND Paleoindian
$$  and 41bx229 contain stratified paleoindian deposits (hester 1980b).
FOUND Paleoindian
$$ the lower component at the wilson-leonard site contained a paleoindian burial (collins et al.
FOUND Paleoindian period
$$ collins (2004) and turpin (2004) divide the paleoindian period into early and late subperiods for the central
FOUND Paleoindian
$$  and 41bx229 contain stratified paleoindian deposits (hester 1980b).
FOUND Paleoindian
$$ the lower component at the wilson-leonard site contained a paleoindian burial (collins et al.
FOUND Paleoindian period
$$ collins (2004) and turpin (2004) divide the paleoindian period into early and late subperiods for the central
FOUND Historic
$$ site 41rg76 is the historic “ghost” town of best
FOUND Prehistoric
$$ site 41rg263 is a prehistoric campsite
FOUND Archaic
$$  possible dating to the archaic period (thc 2017).
FOUND Frio Point
&&  seven projectile points (two identified as possible frio points)
FOUND Prehistoric
$$ 8157 site 41rg324 is a prehistoric campsite of unknown age or cultural affiliation (thc 2017).
FOUND Ensor Point
&&  one ensor point
FOUND Prehistoric
$$ site 41rg343 is a prehistoric campsite/lithic procurement site of unknown age or cultural affiliation (thc 2017).
FOUND Prehistoric
$$ site 41cx1096 is a prehistoric campsite of unknown age or cultural affiliation (thc 2017).
FOUND Historic
$$ site 41cx1317 is an historic world war ii bombardier target site (thc 2017).
FOUND Prehistoric
$$ site 41cx1570 is a prehistoric campsite of unknown age or cultural affiliation (thc 2017).
FOUND Historic
$$  nrhp & sal status / recommendation 41rg76 historic
FOUND Historic
$$ site 41rg76 (revisit) site 41rg76 is the previously recorded historic “ghost” town of best, texas, which dates from the 1920s to approximately the 1950s (thc 2017).
FOUND Historic
$$ site 41rg76 (revisit) site 41rg76 is the previously recorded historic “ghost” town of best, texas, which dates from the 1920s to approximately the 1950s (thc 2017).
FOUND Historic
$$ historic debris observed at site 41rg76.
FOUND Prehistoric
$$ site 41rg263 (revisit) site 41rg263 is a previously recorded prehistoric campsite, possible dating to the archaic period (thc 2017).
FOUND Archaic
$$ site 41rg263 (revisit) site 41rg263 is a previously recorded  campsite, possible dating to the archaic period (thc 2017).
FOUND Frio Point
&& tas identified a large fcr scatter, a deflated hearth, seven projectile points (two identified as possible frio points), three unifaces, four bifaces, one tested core, two groundstone tools, one chopper, and debitage, which was scattered across the site.
FOUND Prehistoric
$$ site 41rg263 (revisit) site 41rg263 is a previously recorded prehistoric campsite, possible dating to the archaic period (thc 2017).
FOUND Archaic
$$ site 41rg263 (revisit) site 41rg263 is a previously recorded  campsite, possible dating to the archaic period (thc 2017).
FOUND Frio Point
&& tas identified a large fcr scatter, a deflated hearth, seven projectile points (two identified as possible frio points), three unifaces, four bifaces, one tested core, two groundstone tools, one chopper, and debitage, which was scattered across the site.
FOUND Prehistoric
$$ site 41rg263 is a previously recorded prehistoric campsite
FOUND Archaic
$$  possibly dating to the archaic period.
FOUND Prehistoric
$$ site 41rg263 is a previously recorded prehistoric campsite
FOUND Archaic
$$  possibly dating to the archaic period.
FOUND Prehistoric
$$ site 41rg263 is a previously recorded prehistoric campsite
FOUND Archaic
$$  possibly dating to the archaic period.
FOUND Prehistoric
$$ site 41rg324 site 41rg324 is a previously recorded prehistoric campsite of unknown age or cultural affiliation (thc 2017).
FOUND Ensor Point
&& tas identified two deflated hearths, one ensor point, one utilized flake, and seven flakes.
FOUND Prehistoric
$$ site 41rg324 site 41rg324 is a previously recorded prehistoric campsite of unknown age or cultural affiliation (thc 2017).
FOUND Ensor Point
&& tas identified two deflated hearths, one ensor point, one utilized flake, and seven flakes.
FOUND Prehistoric
$$ site 41rg343 (revisit) site 41rg343 is a previously recorded prehistoric campsite/lithic procurement site of unknown age or cultural affiliation (thc 2017).
FOUND Prehistoric
$$ site 41rg343 (revisit) site 41rg343 is a previously recorded prehistoric campsite/lithic procurement site of unknown age or cultural affiliation (thc 2017).
FOUND Historic
$$ site 41rg389 (ut-rg-09-1) site 41rg389 is an historic artifact scatter located within survey segment ut-rg-09, approximately 406 feet southeast of the intersection of u.s. 57 and best lane in southwestern reagan county (appendix a: sheet 1).
FOUND Historic
$$ site 41rg389 (ut-rg-09-1) site 41rg389 is an historic artifact scatter located within survey segment ut-rg-09, approximately 406 feet southeast of the intersection of u.s. 57 and best lane in southwestern reagan county (appendix a: sheet 1).
FOUND Historic
$$ site 41rg389 is an historic artifact scatter that is likely discarded items from passing trains or vehicles.
FOUND Historic
$$ site 41rg389 is an historic artifact scatter that is likely discarded items from passing trains or vehicles.
FOUND Historic
$$ site 41rg390 (ut-rg-09-2) site 41rg390 is an historic artifact scatter located within survey segment ut-rg-09, approximately 0.25 mile southeast of the intersection of u.s. 57 and best lane in southwestern reagan county (appendix a: sheet 1).
FOUND Historic
$$ site 41rg390 (ut-rg-09-2) site 41rg390 is an historic artifact scatter located within survey segment ut-rg-09, approximately 0.25 mile southeast of the intersection of u.s. 57 and best lane in southwestern reagan county (appendix a: sheet 1).
FOUND Historic
$$ site 41rg390 is an historic artifact scatter that is likely discarded items from passing trains or vehicles.
FOUND Historic
$$ site 41rg390 is an historic artifact scatter that is likely discarded items from passing trains or vehicles.
FOUND Prehistoric
$$ site 41cx1096 (revisit) site 41cx1096 is a previously recorded prehistoric campsite of unknown age or cultural affiliation (thc 2017).
FOUND Prehistoric
$$ site 41cx1096 (revisit) site 41cx1096 is a previously recorded prehistoric campsite of unknown age or cultural affiliation (thc 2017).
FOUND Prehistoric
$$ site 41cx1096 is a previously recorded prehistoric campsite of unknown age or cultural affiliation.
FOUND Prehistoric
$$ site 41cx1096 is a previously recorded prehistoric campsite of unknown age or cultural affiliation.
FOUND Historic
$$ site 41cx1317 (revisit) site 41cx1317 is a previously recorded historic world war ii bombardier target site (thc 2017).
FOUND Historic
$$ site 41cx1317 (revisit) site 41cx1317 is a previously recorded historic world war ii bombardier target site (thc 2017).
FOUND Historic
$$ site 41cx1317 is a previously recorded historic world war ii bombardier training site.
FOUND Historic
$$ site 41cx1317 is a previously recorded historic world war ii bombardier training site.
FOUND Prehistoric
$$ site 41cx1570 site 41cx1570 is a previously recorded prehistoric campsite of unknown age or cultural affiliation (thc 2017).
FOUND Prehistoric
$$ site 41cx1570 site 41cx1570 is a previously recorded prehistoric campsite of unknown age or cultural affiliation (thc 2017).
FOUND Prehistoric
$$ site 41cx1570 is a previously recorded prehistoric campsite of unknown age or cultural affiliation.
FOUND Prehistoric
$$ site 41cx1570 is a previously recorded prehistoric campsite of unknown age or cultural affiliation.
FOUND Early Archaic
$$  and c. dodt-ellis 1990 excavations at the camp pearl wheat site (41kr243): an early archaic campsite on town creek
FOUND Archaic
$$  and e. r. oksanen 2008 the gatlin site (41kr621): investigating archaic lifeways on the southern edwards plateau of central texas.
FOUND Toyah
$$  jr. 1994 the life and times of toyah-culture folk as seen from the buckhollow encampment
FOUND Archaic
$$  and a. m. scott 2000 archaic hunters and gatherers of the balcones canyonlands: data recovery excavations at the cibolo crossing site (41bx377)
