FOUND Prehistoric
$$  including four prehistoric sites (41hy495
FOUND Historic
$$  and 41hy498) and one historic archaeological site (41hy499).
FOUND Prehistoric
$$ all four prehistoric sites are diffuse and sparse lithic procurement sites consisting of early stage reduction debris.
FOUND Prehistoric
$$  including four prehistoric sites (41hy495
FOUND Historic
$$  and 41hy498) and one historic archaeological site (41hy499).
FOUND Prehistoric
$$ all four prehistoric sites are diffuse and sparse lithic procurement sites consisting of early stage reduction debris.
FOUND Prehistoric
$$  including four prehistoric sites (41hy495
FOUND Historic
$$  and 41hy498) and one historic archaeological site (41hy499).
FOUND Prehistoric
$$ all four prehistoric sites are diffuse and sparse lithic procurement sites consisting of early stage reduction debris.
FOUND Prehistoric
$$ the prehistoric sites have poor integrity as a result of long-term surface exposure
FOUND Prehistoric
$$  including four prehistoric sites (41hy495
FOUND Historic
$$  and 41hy498) and one historic archaeological site (41hy499).
FOUND Prehistoric
$$ all four prehistoric sites are diffuse and sparse lithic procurement sites consisting of early stage reduction debris.
FOUND Prehistoric
$$ the prehistoric sites have poor integrity as a result of long-term surface exposure
FOUND Prehistoric
$$  including four prehistoric sites (41hy495
FOUND Historic
$$  and 41hy498) and one historic archaeological site (41hy499).
FOUND Prehistoric
$$ all four prehistoric sites are diffuse and sparse lithic procurement sites consisting of early stage reduction debris.
FOUND Prehistoric
$$ the prehistoric sites have poor integrity as a result of long-term surface exposure
FOUND Historic
$$ one historic site (41hy499) was recorded near the northeastern corner of the project area.
FOUND Historic
$$ the site is a sparse scatter of twentieth century historic artifacts that appear to be a component of a larger site that extends beyond the survey area.
FOUND Prehistoric
$$  is located approximately 1.66 miles southeast of the drpaa and consists of a prehistoric open campsite
FOUND Prehistoric
$$ 41hy495 site 41hy495 is a prehistoric lithic procurement site that extends from the northwestern edge of the property boundary across an upland hilltop, then down the gradually sloping hillside, southeast toward an ephemeral drainage where chert cobbles are abundant.
FOUND Prehistoric
$$ 41hy495 site 41hy495 is a prehistoric lithic procurement site that extends from the northwestern edge of the property boundary across an upland hilltop, then down the gradually sloping hillside, southeast toward an ephemeral drainage where chert cobbles are abundant.
FOUND Prehistoric
$$ site types include two prehistoric lithic procurement sites (41hy495 and 41hy498
FOUND Prehistoric
$$  two prehistoric lithic scatters (41hy496 and 41hy497)
FOUND Historic
$$  and one historic trash scatter (41hy499) (figure 10).
FOUND Prehistoric
$$ site types include two prehistoric lithic procurement sites (41hy495 and 41hy498
FOUND Prehistoric
$$  two prehistoric lithic scatters (41hy496 and 41hy497)
FOUND Historic
$$  and one historic trash scatter (41hy499) (figure 10).
FOUND Prehistoric
$$ site types include two prehistoric lithic procurement sites (41hy495 and 41hy498
FOUND Prehistoric
$$  two prehistoric lithic scatters (41hy496 and 41hy497)
FOUND Historic
$$  and one historic trash scatter (41hy499) (figure 10).
FOUND Prehistoric
$$ site types include two prehistoric lithic procurement sites (41hy495 and 41hy498
FOUND Prehistoric
$$  two prehistoric lithic scatters (41hy496 and 41hy497)
FOUND Historic
$$  and one historic trash scatter (41hy499) (figure 10).
FOUND Prehistoric
$$ include two prehistoric lithic procurement sites (41hy495 and 41hy498
FOUND Prehistoric
$$  two prehistoric lithic scatters (41hy496 and 41hy497)
FOUND Historic
$$  and one historic trash scatter (41hy499) (figure 10).
FOUND Prehistoric
$$ 41hy496 site 41hy496 is a prehistoric lithic scatter located in the northeastern portion of the project area.
FOUND Prehistoric
$$ 41hy496 site 41hy496 is a prehistoric lithic scatter located in the northeastern portion of the project area.
FOUND Prehistoric
$$ 41hy496 site 41hy496 is a prehistoric lithic scatter located in the northeastern portion of the project area.
FOUND Prehistoric
$$ summary site 41hy495 is a prehistoric lithic procurement site of unknown temporal affiliation.
FOUND Prehistoric
$$ summary site 41hy496 is a prehistoric lithic scatter of unknown temporal affiliation.
FOUND Prehistoric
$$ 41hy497 site 41hy497 is a prehistoric lithic scatter located in the north-central portion of the project area.
FOUND Prehistoric
$$ 41hy497 site 41hy497 is a prehistoric lithic scatter located in the north-central portion of the project area.
FOUND Prehistoric
$$ summary site 41hy497 is a prehistoric lithic scatter site of unknown temporal affiliation.
FOUND Prehistoric
$$ 41hy498 site 41hy498 is a prehistoric lithic procurement site that encompasses the entire southern half of the project area.
FOUND Prehistoric
$$ 41hy498 site 41hy498 is a prehistoric lithic procurement site that encompasses the entire southern half of the project area.
FOUND Prehistoric
$$ summary site 41hy498 is a prehistoric lithic procurement site of unknown temporal affiliation.
FOUND Historic
$$ 41hy499 site 41hy499 is a sparse surface scatter of historic twentieth century artifacts randomly distributed within a shallow headwater wash that flows westward towards an upland tributary of onion creek (figure 14).
FOUND Historic
$$ 41hy499 site 41hy499 is a sparse surface scatter of historic twentieth century artifacts randomly distributed within a shallow headwater wash that flows westward towards an upland tributary of onion creek (figure 14).
FOUND Prehistoric
$$ the prehistoric sites (41hy495
FOUND Prehistoric
$$ the prehistoric sites (41hy495
FOUND Prehistoric
$$ the prehistoric sites (41hy495
FOUND Historic
$$ the historic site (41hy499) is a random surface scatter of twentieth century artifacts in a disturbed and secondary context within a shallow
FOUND Historic
$$ the artifacts appear to be related to a possible historic dump located beyond the survey
FOUND Toyah
$$  jr. 1994 the life and times of toyah-culture folk: the buckhollow encampment
