FOUND Prehistoric
$$ the 17 previously recorded sites consist of five prehistoric open campsites (41hy92
FOUND Prehistoric
$$  five prehistoric lithic scatters (41hy154
FOUND Prehistoric
$$  one prehistoric open campsite with a burned rock midden (41hy137)
FOUND Prehistoric
$$ the 17 previously recorded sites consist of five prehistoric open campsites (41hy92
FOUND Prehistoric
$$  five prehistoric lithic scatters (41hy154
FOUND Prehistoric
$$  one prehistoric open campsite with a burned rock midden (41hy137)
FOUND Prehistoric
$$ the 17 previously recorded sites consist of five prehistoric open campsites (41hy92
FOUND Prehistoric
$$  five prehistoric lithic scatters (41hy154
FOUND Prehistoric
$$  one prehistoric open campsite with a burned rock midden (41hy137)
FOUND Prehistoric
$$ the 17 previously recorded sites consist of five prehistoric open campsites (41hy92
FOUND Prehistoric
$$  five prehistoric lithic scatters (41hy154
FOUND Prehistoric
$$  one prehistoric open campsite with a burned rock midden (41hy137)
FOUND Historic
$$  two historic dump sites (41hy469 and 41hy471)
FOUND Prehistoric
$$ the 17 previously recorded sites consist of five prehistoric open campsites (41hy92
FOUND Prehistoric
$$  five prehistoric lithic scatters (41hy154
FOUND Prehistoric
$$  one prehistoric open campsite with a burned rock midden (41hy137)
FOUND Historic
$$  two historic dump sites (41hy469 and 41hy471)
FOUND Prehistoric
$$ the 17 previously recorded sites consist of five prehistoric open campsites (41hy92
FOUND Prehistoric
$$  five prehistoric lithic scatters (41hy154
FOUND Prehistoric
$$  one prehistoric open campsite with a burned rock midden (41hy137)
FOUND Historic
$$  two historic dump sites (41hy469 and 41hy471)
FOUND Prehistoric
$$ the 17 previously recorded sites consist of five prehistoric open campsites (41hy92
FOUND Prehistoric
$$  five prehistoric lithic scatters (41hy154
FOUND Prehistoric
$$  one prehistoric open campsite with a burned rock midden (41hy137)
FOUND Historic
$$  two historic dump sites (41hy469 and 41hy471)
FOUND Prehistoric
$$ the 17 previously recorded sites consist of five prehistoric open campsites (41hy92
FOUND Prehistoric
$$  five prehistoric lithic scatters (41hy154
FOUND Prehistoric
$$  one prehistoric open campsite with a burned rock midden (41hy137)
FOUND Historic
$$  two historic dump sites (41hy469 and 41hy471)
FOUND Prehistoric
$$ the 17 previously recorded sites consist of five prehistoric open campsites (41hy92
FOUND Prehistoric
$$  five prehistoric lithic scatters (41hy154
FOUND Prehistoric
$$  one prehistoric open campsite with a burned rock midden (41hy137)
FOUND Historic
$$  two historic dump sites (41hy469 and 41hy471)
FOUND Prehistoric
$$ the 17 previously recorded sites consist of five prehistoric open campsites (41hy92
FOUND Prehistoric
$$  five prehistoric lithic scatters (41hy154
FOUND Prehistoric
$$  one prehistoric open campsite with a burned rock midden (41hy137)
FOUND Historic
$$  two historic dump sites (41hy469 and 41hy471)
FOUND Historic
$$  one historic-age homestead (41hy318)
FOUND Prehistoric
$$ the 17 previously recorded sites consist of five prehistoric open campsites (41hy92
FOUND Prehistoric
$$  five prehistoric lithic scatters (41hy154
FOUND Prehistoric
$$  one prehistoric open campsite with a burned rock midden (41hy137)
FOUND Historic
$$  two historic dump sites (41hy469 and 41hy471)
FOUND Historic
$$  one historic-age homestead (41hy318)
FOUND Prehistoric
$$ 17 previously recorded sites consist of five prehistoric open campsites (41hy92
FOUND Prehistoric
$$  five prehistoric lithic scatters (41hy154
FOUND Prehistoric
$$  one prehistoric open campsite with a burned rock midden (41hy137)
FOUND Historic
$$  two historic dump sites (41hy469 and 41hy471)
FOUND Historic
$$  one historic-age homestead (41hy318)
FOUND Historic
$$  and one historic-age lime kiln (41hy109).
FOUND Prehistoric
$$ 17 previously recorded sites consist of five prehistoric open campsites (41hy92
FOUND Prehistoric
$$  five prehistoric lithic scatters (41hy154
FOUND Prehistoric
$$  one prehistoric open campsite with a burned rock midden (41hy137)
FOUND Historic
$$  two historic dump sites (41hy469 and 41hy471)
FOUND Historic
$$  one historic-age homestead (41hy318)
FOUND Historic
$$  and one historic-age lime kiln (41hy109).
FOUND Prehistoric
$$  five prehistoric lithic scatters (41hy154
FOUND Prehistoric
$$  one prehistoric open campsite with a burned rock midden (41hy137)
FOUND Historic
$$  two historic dump sites (41hy469 and 41hy471)
FOUND Historic
$$  one historic-age homestead (41hy318)
FOUND Historic
$$  and one historic-age lime kiln (41hy109).
FOUND Prehistoric
$$  five prehistoric lithic scatters (41hy154
FOUND Prehistoric
$$  one prehistoric open campsite with a burned rock midden (41hy137)
FOUND Historic
$$  two historic dump sites (41hy469 and 41hy471)
FOUND Historic
$$  one historic-age homestead (41hy318)
FOUND Historic
$$  and one historic-age lime kiln (41hy109).
FOUND Prehistoric
$$  one prehistoric open campsite with a burned rock midden (41hy137)
FOUND Historic
$$  two historic dump sites (41hy469 and 41hy471)
FOUND Historic
$$  one historic-age homestead (41hy318)
FOUND Historic
$$  and one historic-age lime kiln (41hy109).
FOUND Historic
$$  two historic dump sites (41hy469 and 41hy471)
FOUND Historic
$$  one historic-age homestead (41hy318)
FOUND Historic
$$  and one historic-age lime kiln (41hy109).
FOUND Historic
$$  shovel testing and surface inspection efforts also failed to identify any evidence of historic structures or deposits within the project alignment in the vicinity of those depicted on the 1911 usgs quad map.
