FOUND Prehistoric
$$ the swca investigations documented 44 new prehistoric sites (41ed265–41ed271
FOUND Prehistoric
$$ the swca investigations documented 44 new prehistoric sites (41ed265–41ed271
FOUND Prehistoric
$$ swca investigations documented 44 new prehistoric sites (41ed265–41ed271
FOUND Prehistoric
$$  and an assortment of isolated prehistoric artifacts.
FOUND Prehistoric
$$ swca investigations documented 44 new prehistoric sites (41ed265–41ed271
FOUND Prehistoric
$$  and an assortment of isolated prehistoric artifacts.
FOUND Prehistoric
$$ swca investigations documented 44 new prehistoric sites (41ed265–41ed271
FOUND Prehistoric
$$  and an assortment of isolated prehistoric artifacts.
FOUND Prehistoric
$$  and an assortment of isolated prehistoric artifacts.
FOUND Prehistoric
$$  and an assortment of isolated prehistoric artifacts.
FOUND Prehistoric
$$  and an assortment of isolated prehistoric artifacts.
FOUND Montell Dart
&& site 41fr71 montell dart point
FOUND Paleoindian
$$ longstanding ideas about paleoindian technologies also are being challenged.
FOUND Paleoindian
$$  and 41bx229 contain stratified paleoindian deposits (hester 1980b).
FOUND Paleoindian
$$  and 41bx229 contain stratified paleoindian deposits (hester 1980b).
FOUND Paleoindian
$$ the lower component at the wilson-leonard site contained a paleoindian burial (collins et al.
FOUND Paleoindian
$$  and 41bx229 contain stratified paleoindian deposits (hester 1980b).
FOUND Paleoindian
$$ the lower component at the wilson-leonard site contained a paleoindian burial (collins et al.
FOUND Prehistoric
$$ site 41ky160 is a prehistoric lithic scatter in kinney county
FOUND Prehistoric
$$ site 41ed14 is a prehistoric site in edwards county
FOUND Prehistoric
$$  summary site 41ed14 is a small prehistoric lithic scatter that remains essentially unchanged since it was originally documented in 1983.
FOUND Prehistoric
$$ 41ed14 site 41ed14 is a prehistoric lithic scatter that was first identified by txdot in 1983 (atlas 2012).
FOUND Prehistoric
$$ 41ed14 site 41ed14 is a prehistoric lithic scatter that was first identified by txdot in 1983 (atlas 2012).
FOUND Early Archaic
$$ site 41ed265 is an open campsite with early archaic dart point fragments and three middens located in west–central edwards county within hpa 3cms26 (appendix
FOUND Prehistoric
$$ site 41ed265 is a prehistoric campsite consisting of three burned rock middens and a dense surface scatter of lithic tools and debitage.
FOUND Prehistoric
$$ 41ed266 (ms20) site 41ed266 is a prehistoric open campsite located in southwestern edwards county within hpa 3cms37 (appendix a.33).
FOUND Prehistoric
$$ 41ed266 (ms20) site 41ed266 is a prehistoric open campsite located in southwestern edwards county within hpa 3cms37 (appendix a.33).
FOUND Prehistoric
$$  summary site 41ed266 is a prehistoric open camp consisting of surficial and shallowly buried cultural material found on the banks of an ephemeral upland drainage.
FOUND Prehistoric
$$ 41ed267 (ms29) site 41ed267 a prehistoric lithic scatter located in southwestern edwards county, on the north side of sycamore creek in hpa 3cms75 (appendix a.34).
FOUND Prehistoric
$$ 41ed267 (ms29) site 41ed267 a prehistoric lithic scatter located in southwestern edwards county, on the north side of sycamore creek in hpa 3cms75 (appendix a.34).
FOUND Prehistoric
$$  summary site 41ed267 is a prehistoric lithic scatter and quarry site with a surficial assemblage of lithic debitage and cores.
FOUND Prehistoric
$$ 41ed269 (ms28) site 41ed269 is a prehistoric lithic scatter located in southwestern edwards county within hpa 3cms72 (appendix a.36).
FOUND Prehistoric
$$ 41ed269 (ms28) site 41ed269 is a prehistoric lithic scatter located in southwestern edwards county within hpa 3cms72 (appendix a.36).
FOUND Prehistoric
$$ investigations were therefore limited to the proposed row site 41ed268 is a large and diffuse site comprised of prehistoric quarry and historic agricultural components.
FOUND Historic
$$ investigations were therefore limited to the proposed row site 41ed268 is a large and diffuse site comprised of  quarry and historic agricultural components.
FOUND Historic
$$ historic debris is typical of early to mid-20th century
FOUND Prehistoric
$$ summary site 41ed269 is a prehistoric lithic scatter with shallow
FOUND Prehistoric
$$  summary site 41ed270 is a prehistoric lithic scatter with shallow
FOUND Prehistoric
$$  summary site 41ed271 is a prehistoric lithic quarry and open campsite consisting of tools
FOUND Early Archaic
$$ artifacts include one early archaic dart point
FOUND Late Archaic
$$ site 41ky158 is a middle to late archaic prehistoric open campsite located in southeast kinney county within hpa 3ctn4.
FOUND Prehistoric
$$ site 41ky158 is a middle to  prehistoric open campsite located in southeast kinney county within hpa 3ctn4.
FOUND Prehistoric
$$ site 41ky158 was identified during the centerline survey when a variety of prehistoric artifacts were observed on the surface.
FOUND Prehistoric
$$ 41ky159 (tn7) site 41ky159 is a prehistoric open campsite of an unknown age located in southeast kinney county within hpa 3ctn4.
FOUND Prehistoric
$$ 41ky159 (tn7) site 41ky159 is a prehistoric open campsite of an unknown age located in southeast kinney county within hpa 3ctn4.
FOUND Late Archaic Period
$$  summary site 41ky158 is a multi-component site with diagnostic artifacts from the middle to late archaic periods.
FOUND Prehistoric
$$ site 41ky159 was identified during the centerline survey when a variety of prehistoric artifacts were observed on the surface.
FOUND Prehistoric
$$  swca concludes that site 41ky158 has the potential to yield new and unique information regarding prehistoric activity in the region.
FOUND Prehistoric
$$  summary site 41ky159 is a prehistoric open campsite of an unknown age.
FOUND Prehistoric
$$ 41ky160 (ms26) site 41ky160 is a prehistoric lithic scatter located in northwestern kinney county within hpa 3cms57.
FOUND Prehistoric
$$ 41ky160 (ms26) site 41ky160 is a prehistoric lithic scatter located in northwestern kinney county within hpa 3cms57.
FOUND Prehistoric
$$ summary site 41ky160 is a prehistoric lithic scatter with shallow
FOUND Prehistoric
$$ 41ky172 (ms18) site 41ky172 is a prehistoric open campsite located in central kinney county within hpa 3cms30.
FOUND Prehistoric
$$ 41ky172 (ms18) site 41ky172 is a prehistoric open campsite located in central kinney county within hpa 3cms30.
FOUND Prehistoric
$$  summary site 41ky172 is a prehistoric open campsite with shallow
FOUND Prehistoric
$$ 41ky173 (ms19) site 41ky173 is a prehistoric lithic scatter located in south central kinney county within hpa 3cms33.
FOUND Prehistoric
$$ 41ky173 (ms19) site 41ky173 is a prehistoric lithic scatter located in south central kinney county within hpa 3cms33.
FOUND Prehistoric
$$  summary site 41ky173 is a prehistoric lithic scatter with minimal cultural material within the project area.
FOUND Prehistoric
$$ site 41ky174 is a prehistoric campsite
FOUND Prehistoric
$$ 41ky175 (ms33) site 41ky175 is a prehistoric campsite, identified on the north side of maurice canyon in northwestern kinney county, hpa 3cms85.
FOUND Prehistoric
$$ 41ky175 (ms33) site 41ky175 is a prehistoric campsite, identified on the north side of maurice canyon in northwestern kinney county, hpa 3cms85.
FOUND Prehistoric
$$  summary site 41ky174 is a prehistoric campsite located between the west side of maurice canyon and the east edge of fm 2523.
FOUND Prehistoric
$$  site 41ky175 is a surficial prehistoric campsite.
FOUND Prehistoric
$$  the iiic archaeological investigations documented 44 new prehistoric sites (41ed265–41ed271
FOUND Prehistoric
$$  the iiic archaeological investigations documented 44 new prehistoric sites (41ed265–41ed271
FOUND Prehistoric
$$ documented 44 new prehistoric sites (41ed265–41ed271
FOUND Prehistoric
$$ documented 44 new prehistoric sites (41ed265–41ed271
FOUND Early Archaic
$$  and c. dodt-ellis 1990 excavations at the camp pearl wheat site (41kr243): an early archaic campsite on town creek
FOUND Archaic
$$  and e. r. oksanen 2008 the gatlin site (41kr621): investigating archaic lifeways on the southern edwards plateau of central texas.
FOUND Archaic
$$ 2000 archaic hunters and gatherers of the balcones canyonlands: data recovery excavations at the cibolo crossing site (41bx377)
FOUND Early Archaic
$$  41hy161: a reevaluation of early archaic technology
