FOUND Paleoindian
$$  and isolated artifacts represent paleoindian
FOUND Paleoindian
$$  and 41bx229 contain stratified paleoindian deposits (hester 1980).
FOUND Paleoindian
$$ the lower component at the wilson-leonard site contained a paleoindian burial (collins et al.
FOUND Paleoindian
$$  and 41bx229 contain stratified paleoindian deposits (hester 1980).
FOUND Paleoindian
$$ the lower component at the wilson-leonard site contained a paleoindian burial (collins et al.
FOUND Paleoindian
$$  and 41bx229 contain stratified paleoindian deposits (hester 1980).
FOUND Paleoindian
$$ the lower component at the wilson-leonard site contained a paleoindian burial (collins et al.
FOUND Early Archaic
$$ 1968 excavations at the camp pearl wheat site (41kr243): an early archaic campsite on town creek
FOUND Archaic
$$  and e. r. oksanen 2008 the gatlin site (41kr621): investigating archaic lifeways on the southern edwards plateau of central texas.
FOUND Archaic
$$ archaic hunters and gatherers of the balcones canyonlands: data recovery excavations at the cibolo crossing site (41bx377)
FOUND Early Archaic
$$  41hy161: a reevaluation of early archaic
