FOUND Historic
$$ as the field lab and photography set up was located in the historic house
FOUND Historic
$$ the sites used for this lesson provided exposure to a historic structure (41me91)
FOUND Historic
$$ the sites used for this lesson provided exposure to a historic structure (41me91)
FOUND Historic
$$ the sites used for this lesson provided exposure to a historic structure (41me91)
FOUND Historic
$$ exposure to a historic structure (41me91)
FOUND Prehistoric
$$ 41me88 this prehistoric site consists of a dome-shaped burned rock midden located on the southsoutheast side of the main house near the center of the property.
FOUND Prehistoric
$$ 41me89 sitting in the northern portion of the project area this prehistoric site is a large, low, domed burned rock midden.
FOUND Prehistoric
$$ prehistoric lithics have been found in the yard around the house representing an earlier occupation.
FOUND Prehistoric
$$ being only a few steps from 41me89 such prehistoric materials may be associated with that midden.
FOUND Ensor Point
&& when removing an old fence they discovered frio and ensor points.
FOUND Prehistoric
$$ this places the prehistoric occupation in the transitional archaic (hester personal communication
FOUND Archaic
$$ this places the  occupation in the transitional archaic (hester personal communication
FOUND Prehistoric
$$ prehistoric lithics have been found in the yard around the house representing an earlier occupation.
FOUND Prehistoric
$$ being only a few steps from 41me89 such prehistoric materials may be associated with that midden.
FOUND Ensor Point
&& when removing an old fence they discovered frio and ensor points.
FOUND Prehistoric
$$ this places the prehistoric occupation in the transitional archaic (hester personal communication
FOUND Archaic
$$ this places the  occupation in the transitional archaic (hester personal communication
FOUND Prehistoric
$$ prehistoric lithics have been found in the yard around the house representing an earlier occupation.
FOUND Prehistoric
$$ being only a few steps from 41me89 such prehistoric materials may
FOUND Prehistoric
$$ prehistoric lithics have been found in the yard around the house representing an earlier occupation.
FOUND Prehistoric
$$ being only a few steps from 41me89 such prehistoric materials may be associated with that midden.
FOUND Late Prehistoric
$$ the off-midden extent of the site is a mostly buried deposit of late prehistoric ceramics and lithics that continues along the roadside fence at least up to the modern driveway that runs from the county road to the main house.
FOUND Early Archaic
$$ the projectile points recovered during the field day alone provide evidence of human habitation from the early archaic (the andice point from 41me88) over 6
FOUND Late Prehistoric
$$ 000 year old gower point (from oak wilt treatment trenching) to the late prehistoric represented by the arrow point fragment from 41me92.
FOUND Gower Point
&& 000 year old gower point (from oak wilt treatment trenching) to the late prehistoric represented by the arrow point fragment from 41me92.
FOUND Historic
$$ this is followed by the late 19th century european immigrant historic occupation (the weber home
FOUND Early Archaic
$$ the field day alone provide evidence of human habitation from the early archaic (the andice point from 41me88) over 6
FOUND Late Prehistoric
$$ 000 year old gower point (from oak wilt treatment trenching) to the late prehistoric represented by the arrow point fragment from 41me92.
FOUND Gower Point
&& 000 year old gower point (from oak wilt treatment trenching) to the late prehistoric represented by the arrow point fragment from 41me92.
FOUND Historic
$$ this is followed by the late 19th century european immigrant historic occupation (the weber home
FOUND Historic
$$ this is followed by the late 19th century european immigrant historic occupation (the weber home
FOUND Late Prehistoric
$$  a late prehistoric sinkhole site in bandera county
FOUND Toyah
$$  l. 1994 the life and times of toyah-culture folk as seen from the buckhollow encampment
FOUND Prehistoric
$$  paul 1993 prehistoric settlement in the sabinal river valley
