FOUND Paleoindian
$$ archaeological excavation of a deeply buried paleoindian component at the vara daniel site (41tv1364)
FOUND Paleoindian
$$  archaeological excavation of a deeply buried paleoindian component at the vara daniel site (41tv1364)
FOUND Paleoindian
$$ excavation of a deeply buried paleoindian component at the vara daniel site (41tv1364)
FOUND Paleoindian
$$  archaeological excavation of a deeply buried paleoindian component at the vara daniel site (41tv1364)
FOUND Paleoindian period
$$  the site contains stratified and intact archaeological deposits dating from the paleoindian period through the late prehistoric period.
FOUND Late Prehistoric
$$  the site contains stratified and intact archaeological deposits dating from the  through the late prehistoric period.
FOUND Paleoindian
$$  archaeological excavation of a deeply buried paleoindian component at the vara daniel site (41tv1364)
FOUND Paleoindian
$$  archaeological excavation of a deeply buried paleoindian component at the vara daniel site (41tv1364)
FOUND Paleoindian
$$  archaeological excavation of a deeply buried paleoindian component at the vara daniel site (41tv1364)
FOUND Paleoindian
$$  archaeological excavation of a deeply buried paleoindian component at the vara daniel site (41tv1364)
FOUND Paleoindian
$$  archaeological excavation of a deeply buried paleoindian component at the vara daniel site (41tv1364)
FOUND Paleoindian
$$  archaeological excavation of a deeply buried paleoindian component at the vara daniel site (41tv1364)
FOUND Paleoindian
$$  archaeological excavation of a deeply buried paleoindian component at the vara daniel site (41tv1364)
FOUND Paleoindian
$$  archaeological excavation of a deeply buried paleoindian component at the vara daniel site (41tv1364)
FOUND Paleoindian
$$  archaeological excavation of a deeply buried paleoindian component at the vara daniel site (41tv1364)
FOUND Paleoindian
$$  archaeological excavation of a deeply buried paleoindian component at the vara daniel site (41tv1364)
FOUND Paleoindian
$$  archaeological excavation of a deeply buried paleoindian component at the vara daniel site (41tv1364)
FOUND Paleoindian
$$  archaeological excavation of a deeply buried paleoindian component at the vara daniel site (41tv1364)
FOUND Paleoindian
$$ archaeological excavation of a deeply buried paleoindian component at the vara daniel site (41tv1364)
FOUND Paleoindian
$$  archaeological excavation of a deeply buried paleoindian component at the vara daniel site (41tv1364)
FOUND Paleoindian
$$  archaeological excavation of a deeply buried paleoindian component at the vara daniel site (41tv1364)
FOUND Paleoindian
$$  archaeological excavation of a deeply buried paleoindian component at the vara daniel site (41tv1364)
FOUND Paleoindian
$$  archaeological excavation of a deeply buried paleoindian component at the vara daniel site (41tv1364)
FOUND Paleoindian
$$  archaeological excavation of a deeply buried paleoindian component at the vara daniel site (41tv1364)
FOUND Paleoindian
$$  archaeological excavation of a deeply buried paleoindian component at the vara daniel site (41tv1364)
FOUND Paleoindian
$$  archaeological excavation of a deeply buried paleoindian component at the vara daniel site (41tv1364)
FOUND Paleoindian
$$  archaeological excavation of a deeply buried paleoindian component at the vara daniel site (41tv1364)
FOUND Paleoindian
$$  archaeological excavation of a deeply buried paleoindian component at the vara daniel site (41tv1364)
FOUND Paleoindian
$$  archaeological excavation of a deeply buried paleoindian component at the vara daniel site (41tv1364)
FOUND Paleoindian
$$  archaeological excavation of a deeply buried paleoindian component at the vara daniel site (41tv1364)
FOUND Early Archaic Period
$$ burial arrangements at the mason ranch burial cave (41uv4) would seem to imply that by the early archaic period
FOUND Bell Point
&&  andice/bell point types have been found in association with bison bone at the landslide site (41bl85) and the cervenka site (41wm267) (sorrow et al.
FOUND Middle Archaic
$$ other point style intervals for the middle archaic are the taylor and nolan-travis intervals.
FOUND Paleoindian
$$  archaeological excavation of a deeply buried paleoindian component at the vara daniel site (41tv1364)
FOUND Late Archaic
$$ collins (1995:table 2) recognizes three sites within central texas with high-integrity late archaic components resting on stable landforms: anthon
FOUND Late Archaic
$$ collins proposes six dart-point style intervals for the late archaic; from earliest to most recent
FOUND Paleoindian
$$  archaeological excavation of a deeply buried paleoindian component at the vara daniel site (41tv1364)
FOUND Late Prehistoric
$$  texas 3.2.7 late prehistoric the term “late prehistoric” designates
FOUND Edwards Point
&&  an excavation of a burial just north of san antonio (41bx952) revealed an edwards point between two lumbar vertebra (meissner 1991)
FOUND Late Prehistoric
$$ collins (1995:table 2) recognizes eight central texas sites with highintegrity late prehistoric components resting on stable landforms: loeve-fox
FOUND Paleoindian
$$  archaeological excavation of a deeply buried paleoindian component at the vara daniel site (41tv1364)
FOUND Paleoindian
$$  archaeological excavation of a deeply buried paleoindian component at the vara daniel site (41tv1364)
FOUND Paleoindian
$$  archaeological excavation of a deeply buried paleoindian component at the vara daniel site (41tv1364)
FOUND Paleoindian
$$  archaeological excavation of a deeply buried paleoindian component at the vara daniel site (41tv1364)
FOUND Paleoindian
$$  archaeological excavation of a deeply buried paleoindian component at the vara daniel site (41tv1364)
FOUND Paleoindian
$$  archaeological excavation of a deeply buried paleoindian component at the vara daniel site (41tv1364)
FOUND Lanceolate Point
&&  unfluted lanceolate points at wilson-leonard were dated to
FOUND Paleoindian
$$  archaeological excavation of a deeply buried paleoindian component at the vara daniel site (41tv1364)
FOUND Paleoindian
$$  archaeological excavation of a deeply buried paleoindian component at the vara daniel site (41tv1364)
FOUND Paleoindian
$$  archaeological excavation of a deeply buried paleoindian component at the vara daniel site (41tv1364)
FOUND Paleoindian
$$  archaeological excavation of a deeply buried paleoindian component at the vara daniel site (41tv1364)
FOUND Paleoindian
$$  archaeological excavation of a deeply buried paleoindian component at the vara daniel site (41tv1364)
FOUND Paleoindian
$$  archaeological excavation of a deeply buried paleoindian component at the vara daniel site (41tv1364)
FOUND Paleoindian
$$  archaeological excavation of a deeply buried paleoindian component at the vara daniel site (41tv1364)
FOUND Paleoindian
$$  archaeological excavation of a deeply buried paleoindian component at the vara daniel site (41tv1364)
FOUND Paleoindian
$$  archaeological excavation of a deeply buried paleoindian component at the vara daniel site (41tv1364)
FOUND Paleoindian
$$  archaeological excavation of a deeply buried paleoindian component at the vara daniel site (41tv1364)
FOUND Paleoindian
$$  archaeological excavation of a deeply buried paleoindian component at the vara daniel site (41tv1364)
FOUND Paleoindian
$$  archaeological excavation of a deeply buried paleoindian component at the vara daniel site (41tv1364)
FOUND Paleoindian
$$  archaeological excavation of a deeply buried paleoindian component at the vara daniel site (41tv1364)
FOUND Paleoindian
$$  archaeological excavation of a deeply buried paleoindian component at the vara daniel site (41tv1364)
FOUND Paleoindian
$$ archaeological excavation of a deeply buried paleoindian component at the vara daniel site (41tv1364)
FOUND Paleoindian
$$  archaeological excavation of a deeply buried paleoindian component at the vara daniel site (41tv1364)
FOUND Paleoindian
$$  archaeological excavation of a deeply buried paleoindian component at the vara daniel site (41tv1364)
FOUND Paleoindian
$$  archaeological excavation of a deeply buried paleoindian component at the vara daniel site (41tv1364)
FOUND Paleoindian
$$  archaeological excavation of a deeply buried paleoindian component at the vara daniel site (41tv1364)
FOUND Paleoindian
$$  archaeological excavation of a deeply buried paleoindian component at the vara daniel site (41tv1364)
FOUND Paleoindian
$$ c date (bp) archaeological excavation of a deeply buried paleoindian component at the vara daniel site (41tv1364)
FOUND Paleoindian
$$  archaeological excavation of a deeply buried paleoindian component at the vara daniel site (41tv1364)
FOUND Paleoindian
$$  archaeological excavation of a deeply buried paleoindian component at the vara daniel site (41tv1364)
FOUND Paleoindian
$$  archaeological excavation of a deeply buried paleoindian component at the vara daniel site (41tv1364)
FOUND Paleoindian
$$  archaeological excavation of a deeply buried paleoindian component at the vara daniel site (41tv1364)
FOUND Paleoindian
$$ archaeological excavation of a deeply buried paleoindian component at the vara daniel site (41tv1364)
FOUND Paleoindian
$$  archaeological excavation of a deeply buried paleoindian component at the vara daniel site (41tv1364)
FOUND Paleoindian
$$  archaeological excavation of a deeply buried paleoindian component at the vara daniel site (41tv1364)
FOUND Paleoindian
$$  archaeological excavation of a deeply buried paleoindian component at the vara daniel site (41tv1364)
FOUND Paleoindian
$$  archaeological excavation of a deeply buried paleoindian component at the vara daniel site (41tv1364)
FOUND Paleoindian
$$  archaeological excavation of a deeply buried paleoindian component at the vara daniel site (41tv1364)
FOUND Paleoindian
$$  archaeological excavation of a deeply buried paleoindian component at the vara daniel site (41tv1364)
FOUND Paleoindian
$$  archaeological excavation of a deeply buried paleoindian component at the vara daniel site (41tv1364)
FOUND Paleoindian
$$  archaeological excavation of a deeply buried paleoindian component at the vara daniel site (41tv1364)
FOUND Paleoindian
$$  archaeological excavation of a deeply buried paleoindian component at the vara daniel site (41tv1364)
FOUND Paleoindian
$$  archaeological excavation of a deeply buried paleoindian component at the vara daniel site (41tv1364)
FOUND Paleoindian
$$  archaeological excavation of a deeply buried paleoindian component at the vara daniel site (41tv1364)
FOUND Paleoindian
$$  archaeological excavation of a deeply buried paleoindian component at the vara daniel site (41tv1364)
FOUND Paleoindian
$$  archaeological excavation of a deeply buried paleoindian component at the vara daniel site (41tv1364)
FOUND Paleoindian
$$  archaeological excavation of a deeply buried paleoindian component at the vara daniel site (41tv1364)
FOUND Paleoindian
$$  archaeological excavation of a deeply buried paleoindian component at the vara daniel site (41tv1364)
FOUND Paleoindian
$$  archaeological excavation of a deeply buried paleoindian component at the vara daniel site (41tv1364)
FOUND Paleoindian
$$  archaeological excavation of a deeply buried paleoindian component at the vara daniel site (41tv1364)
FOUND Paleoindian
$$  archaeological excavation of a deeply buried paleoindian component at the vara daniel site (41tv1364)
FOUND Paleoindian
$$  archaeological excavation of a deeply buried paleoindian component at the vara daniel site (41tv1364)
FOUND Paleoindian
$$  archaeological excavation of a deeply buried paleoindian component at the vara daniel site (41tv1364)
FOUND Paleoindian
$$  archaeological excavation of a deeply buried paleoindian component at the vara daniel site (41tv1364)
FOUND Paleoindian
$$  archaeological excavation of a deeply buried paleoindian component at the vara daniel site (41tv1364)
FOUND Paleoindian
$$  archaeological excavation of a deeply buried paleoindian component at the vara daniel site (41tv1364)
FOUND Paleoindian
$$  archaeological excavation of a deeply buried paleoindian component at the vara daniel site (41tv1364)
FOUND Paleoindian
$$  archaeological excavation of a deeply buried paleoindian component at the vara daniel site (41tv1364)
FOUND Paleoindian
$$  archaeological excavation of a deeply buried paleoindian component at the vara daniel site (41tv1364)
FOUND Paleoindian
$$  archaeological excavation of a deeply buried paleoindian component at the vara daniel site (41tv1364)
FOUND Paleoindian
$$  archaeological excavation of a deeply buried paleoindian component at the vara daniel site (41tv1364)
FOUND Paleoindian
$$  archaeological excavation of a deeply buried paleoindian component at the vara daniel site (41tv1364)
FOUND Paleoindian
$$  archaeological excavation of a deeply buried paleoindian component at the vara daniel site (41tv1364)
FOUND Paleoindian
$$  archaeological excavation of a deeply buried paleoindian component at the vara daniel site (41tv1364)
FOUND Paleoindian
$$  archaeological excavation of a deeply buried paleoindian component at the vara daniel site (41tv1364)
FOUND Paleoindian
$$  archaeological excavation of a deeply buried paleoindian component at the vara daniel site (41tv1364)
FOUND Paleoindian
$$  archaeological excavation of a deeply buried paleoindian component at the vara daniel site (41tv1364)
FOUND Paleoindian
$$  archaeological excavation of a deeply buried paleoindian component at the vara daniel site (41tv1364)
FOUND Paleoindian
$$  archaeological excavation of a deeply buried paleoindian component at the vara daniel site (41tv1364)
FOUND Paleoindian
$$  archaeological excavation of a deeply buried paleoindian component at the vara daniel site (41tv1364)
FOUND Paleoindian
$$  archaeological excavation of a deeply buried paleoindian component at the vara daniel site (41tv1364)
FOUND Paleoindian
$$  archaeological excavation of a deeply buried paleoindian component at the vara daniel site (41tv1364)
FOUND Paleoindian
$$  archaeological excavation of a deeply buried paleoindian component at the vara daniel site (41tv1364)
FOUND Paleoindian
$$  archaeological excavation of a deeply buried paleoindian component at the vara daniel site (41tv1364)
FOUND Paleoindian
$$  archaeological excavation of a deeply buried paleoindian component at the vara daniel site (41tv1364)
FOUND Paleoindian
$$  archaeological excavation of a deeply buried paleoindian component at the vara daniel site (41tv1364)
FOUND Paleoindian
$$  archaeological excavation of a deeply buried paleoindian component at the vara daniel site (41tv1364)
FOUND Paleoindian
$$  archaeological excavation of a deeply buried paleoindian component at the vara daniel site (41tv1364)
FOUND Paleoindian
$$  archaeological excavation of a deeply buried paleoindian component at the vara daniel site (41tv1364)
FOUND Paleoindian
$$  archaeological excavation of a deeply buried paleoindian component at the vara daniel site (41tv1364)
FOUND Paleoindian
$$  archaeological excavation of a deeply buried paleoindian component at the vara daniel site (41tv1364)
FOUND Paleoindian
$$  archaeological excavation of a deeply buried paleoindian component at the vara daniel site (41tv1364)
FOUND Paleoindian
$$  archaeological excavation of a deeply buried paleoindian component at the vara daniel site (41tv1364)
FOUND Paleoindian
$$  archaeological excavation of a deeply buried paleoindian component at the vara daniel site (41tv1364)
FOUND Paleoindian
$$  archaeological excavation of a deeply buried paleoindian component at the vara daniel site (41tv1364)
FOUND Paleoindian
$$  archaeological excavation of a deeply buried paleoindian component at the vara daniel site (41tv1364)
FOUND Paleoindian
$$  archaeological excavation of a deeply buried paleoindian component at the vara daniel site (41tv1364)
FOUND Paleoindian
$$  archaeological excavation of a deeply buried paleoindian component at the vara daniel site (41tv1364)
FOUND Paleoindian
$$  archaeological excavation of a deeply buried paleoindian component at the vara daniel site (41tv1364)
FOUND Paleoindian
$$  archaeological excavation of a deeply buried paleoindian component at the vara daniel site (41tv1364)
FOUND Paleoindian
$$  archaeological excavation of a deeply buried paleoindian component at the vara daniel site (41tv1364)
FOUND Paleoindian
$$  archaeological excavation of a deeply buried paleoindian component at the vara daniel site (41tv1364)
FOUND Paleoindian
$$  archaeological excavation of a deeply buried paleoindian component at the vara daniel site (41tv1364)
FOUND Paleoindian
$$  archaeological excavation of a deeply buried paleoindian component at the vara daniel site (41tv1364)
FOUND Paleoindian
$$  archaeological excavation of a deeply buried paleoindian component at the vara daniel site (41tv1364)
FOUND Paleoindian
$$  archaeological excavation of a deeply buried paleoindian component at the vara daniel site (41tv1364)
FOUND Early Paleoindian
$$ the early paleoindian components of the site (particularly in relation to later-period occupation sites in the region such as the davis spring branch site
FOUND Paleoindian
$$  archaeological excavation of a deeply buried paleoindian component at the vara daniel site (41tv1364)
FOUND Paleoindian
$$  texas 2007]) is in line with prevailing interpretations of paleoindian occupation in texas consisting
FOUND Late Paleoindian
$$ recent excavations of the late paleoindian/ early archaic components of the berdoll site (41tv2125; ca.
FOUND Early Archaic
$$ recent excavations of the / early archaic components of the berdoll site (41tv2125; ca.
FOUND Paleoindian
$$  archaeological excavation of a deeply buried paleoindian component at the vara daniel site (41tv1364)
FOUND Early Archaic
$$  two sites in the central texas region have similar short-term early archaic occupations buried deeply in the soil column: the berdoll site (41tv2125) and the richard beene site.
FOUND Early Archaic
$$  a very early archaic site located on the floodplain of onion creek in travis county
FOUND Early Archaic
$$ early archaic occupations buried deeply in the soil column: the berdoll site (41tv2125) and the richard beene site.
FOUND Early Archaic
$$  a very early archaic site located on the floodplain of onion creek in travis county
FOUND Prehistoric
$$  illuminated several aspects of prehistoric lithic technology (campbell et al.
FOUND Paleoindian
$$  archaeological excavation of a deeply buried paleoindian component at the vara daniel site (41tv1364)
FOUND Archaic
$$  than of an archaic one; a pattern which seems to be
FOUND Paleoindian
$$  archaeological excavation of a deeply buried paleoindian component at the vara daniel site (41tv1364)
FOUND Paleoindian
$$  archaeological excavation of a deeply buried paleoindian component at the vara daniel site (41tv1364)
FOUND Paleoindian
$$  archaeological excavation of a deeply buried paleoindian component at the vara daniel site (41tv1364)
FOUND Paleoindian
$$  archaeological excavation of a deeply buried paleoindian component at the vara daniel site (41tv1364)
FOUND Paleoindian
$$  232 exploring paleoindian site-use at bonfire shelter (41vv218).
FOUND Paleoindian
$$  archaeological excavation of a deeply buried paleoindian component at the vara daniel site (41tv1364)
FOUND Paleoindian
$$  archaeological excavation of a deeply buried paleoindian component at the vara daniel site (41tv1364)
FOUND Early Archaic
$$  and c. dodt-ellis 1990 excavations at the camp pearl wheat site (41kr243): an early archaic campsite on town creek
FOUND Paleoindian
$$  and s. l. black 2003 pavo real (41bx52): a paleoindian and archaic camp and workshop on the balcones escarpment
FOUND Archaic
$$  and s. l. black 2003 pavo real (41bx52): a  and archaic camp and workshop on the balcones escarpment
FOUND Paleoindian
$$  archaeological excavation of a deeply buried paleoindian component at the vara daniel site (41tv1364)
FOUND Paleoindian
$$  archaeological excavation of a deeply buried paleoindian component at the vara daniel site (41tv1364)
FOUND Paleoindian
$$  archaeological excavation of a deeply buried paleoindian component at the vara daniel site (41tv1364)
FOUND Paleoindian
$$  archaeological excavation of a deeply buried paleoindian component at the vara daniel site (41tv1364)
FOUND Paleoindian
$$  archaeological excavation of a deeply buried paleoindian component at the vara daniel site (41tv1364)
FOUND Paleoindian
$$  archaeological excavation of a deeply buried paleoindian component at the vara daniel site (41tv1364)
FOUND Historic
$$ in the fort sam houston project: an archaeological and historical assessment
FOUND Historic
$$ in the fort sam houston project: an archaeological and historical assessment
FOUND Historic
$$ in the fort sam houston project: an archaeological and historical assessment
FOUND Paleoindian
$$  archaeological excavation of a deeply buried paleoindian component at the vara daniel site (41tv1364)
FOUND Paleoindian
$$  archaeological excavation of a deeply buried paleoindian component at the vara daniel site (41tv1364)
FOUND Early Archaic
$$  1991 early archaic life at the sleeper archaeological site
FOUND Toyah
$$ 1994a the life and times of toyah-culture folk as seen from the buckhollow encampment
FOUND Paleoindian
$$  archaeological excavation of a deeply buried paleoindian component at the vara daniel site (41tv1364)
FOUND Paleoindian
$$  archaeological excavation of a deeply buried paleoindian component at the vara daniel site (41tv1364)
FOUND Paleoindian
$$  archaeological excavation of a deeply buried paleoindian component at the vara daniel site (41tv1364)
FOUND Paleoindian
$$  archaeological excavation of a deeply buried paleoindian component at the vara daniel site (41tv1364)
FOUND Paleoindian
$$  archaeological excavation of a deeply buried paleoindian component at the vara daniel site (41tv1364)
FOUND Late Paleoindian
$$  and b. d. moses 1997 the moos site (41bx1232): a late paleoindian component site in south central texas.
FOUND Paleoindian
$$  archaeological excavation of a deeply buried paleoindian component at the vara daniel site (41tv1364)
FOUND Early Archaic
$$ 1996 early archaic use of the concho river terraces: archaeological investigations at 41tg307 and 41tg309
FOUND Early Archaic
$$ 1996 early archaic use of the concho river terraces: archaeological investigations at 41tg307 and 41tg309
FOUND Paleoindian
$$  archaeological excavation of a deeply buried paleoindian component at the vara daniel site (41tv1364)
FOUND Paleoindian
$$  archaeological excavation of a deeply buried paleoindian component at the vara daniel site (41tv1364)
FOUND Paleoindian
$$  archaeological excavation of a deeply buried paleoindian component at the vara daniel site (41tv1364)
FOUND Paleoindian
$$  archaeological excavation of a deeply buried paleoindian component at the vara daniel site (41tv1364)
FOUND Paleoindian
$$  archaeological excavation of a deeply buried paleoindian component at the vara daniel site (41tv1364)
FOUND Paleoindian
$$  archaeological excavation of a deeply buried paleoindian component at the vara daniel site (41tv1364)
FOUND Paleoindian
$$  archaeological excavation of a deeply buried paleoindian component at the vara daniel site (41tv1364)
FOUND Paleoindian
$$  archaeological excavation of a deeply buried paleoindian component at the vara daniel site (41tv1364)
FOUND Paleoindian
$$  archaeological excavation of a deeply buried paleoindian component at the vara daniel site (41tv1364)
FOUND Paleoindian
$$  archaeological excavation of a deeply buried paleoindian component at the vara daniel site (41tv1364)
FOUND Paleoindian
$$  archaeological excavation of a deeply buried paleoindian component at the vara daniel site (41tv1364)
FOUND Paleoindian
$$  archaeological excavation of a deeply buried paleoindian component at the vara daniel site (41tv1364)
FOUND Paleoindian
$$  archaeological excavation of a deeply buried paleoindian component at the vara daniel site (41tv1364)
FOUND Paleoindian
$$  archaeological excavation of a deeply buried paleoindian component at the vara daniel site (41tv1364)
FOUND Paleoindian
$$  archaeological excavation of a deeply buried paleoindian component at the vara daniel site (41tv1364)
FOUND Paleoindian
$$  archaeological excavation of a deeply buried paleoindian component at the vara daniel site (41tv1364)
FOUND Paleoindian
$$  archaeological excavation of a deeply buried paleoindian component at the vara daniel site (41tv1364)
FOUND Paleoindian
$$  archaeological excavation of a deeply buried paleoindian component at the vara daniel site (41tv1364)
FOUND Paleoindian
$$  archaeological excavation of a deeply buried paleoindian component at the vara daniel site (41tv1364)
FOUND Paleoindian
$$  archaeological excavation of a deeply buried paleoindian component at the vara daniel site (41tv1364)
FOUND Paleoindian
$$  archaeological excavation of a deeply buried paleoindian component at the vara daniel site (41tv1364)
FOUND Paleoindian
$$  archaeological excavation of a deeply buried paleoindian component at the vara daniel site (41tv1364)
FOUND Paleoindian
$$  archaeological excavation of a deeply buried paleoindian component at the vara daniel site (41tv1364)
FOUND Paleoindian
$$  archaeological excavation of a deeply buried paleoindian component at the vara daniel site (41tv1364)
FOUND Paleoindian
$$  archaeological excavation of a deeply buried paleoindian component at the vara daniel site (41tv1364)
FOUND Paleoindian
$$  archaeological excavation of a deeply buried paleoindian component at the vara daniel site (41tv1364)
FOUND Paleoindian
$$  archaeological excavation of a deeply buried paleoindian component at the vara daniel site (41tv1364)
FOUND Paleoindian
$$  archaeological excavation of a deeply buried paleoindian component at the vara daniel site (41tv1364)
FOUND Paleoindian
$$  archaeological excavation of a deeply buried paleoindian component at the vara daniel site (41tv1364)
FOUND Paleoindian
$$  archaeological excavation of a deeply buried paleoindian component at the vara daniel site (41tv1364)
FOUND Paleoindian
$$  archaeological excavation of a deeply buried paleoindian component at the vara daniel site (41tv1364)
FOUND Paleoindian
$$  archaeological excavation of a deeply buried paleoindian component at the vara daniel site (41tv1364)
FOUND Paleoindian
$$ archaeological excavation of a deeply buried paleoindian component at the vara daniel site (41tv1364)
FOUND Paleoindian
$$  archaeological excavation of a deeply buried paleoindian component at the vara daniel site (41tv1364)
FOUND Paleoindian
$$  archaeological excavation of a deeply buried paleoindian component at the vara daniel site (41tv1364)
FOUND Paleoindian
$$  archaeological excavation of a deeply buried paleoindian component at the vara daniel site (41tv1364)
FOUND Paleoindian
$$  archaeological excavation of a deeply buried paleoindian component at the vara daniel site (41tv1364)
FOUND Paleoindian
$$  archaeological excavation of a deeply buried paleoindian component at the vara daniel site (41tv1364)
FOUND Paleoindian
$$  archaeological excavation of a deeply buried paleoindian component at the vara daniel site (41tv1364)
FOUND Paleoindian
$$  archaeological excavation of a deeply buried paleoindian component at the vara daniel site (41tv1364)
FOUND Paleoindian
$$  archaeological excavation of a deeply buried paleoindian component at the vara daniel site (41tv1364)
FOUND Paleoindian
$$  archaeological excavation of a deeply buried paleoindian component at the vara daniel site (41tv1364)
FOUND Paleoindian
$$  archaeological excavation of a deeply buried paleoindian component at the vara daniel site (41tv1364)
FOUND Paleoindian
$$  archaeological excavation of a deeply buried paleoindian component at the vara daniel site (41tv1364)
FOUND Paleoindian
$$  archaeological excavation of a deeply buried paleoindian component at the vara daniel site (41tv1364)
FOUND Paleoindian
$$  archaeological excavation of a deeply buried paleoindian component at the vara daniel site (41tv1364)
FOUND Paleoindian
$$  archaeological excavation of a deeply buried paleoindian component at the vara daniel site (41tv1364)
FOUND Paleoindian
$$  archaeological excavation of a deeply buried paleoindian component at the vara daniel site (41tv1364)
FOUND Paleoindian
$$  archaeological excavation of a deeply buried paleoindian component at the vara daniel site (41tv1364)
FOUND Paleoindian
$$  archaeological excavation of a deeply buried paleoindian component at the vara daniel site (41tv1364)
FOUND Paleoindian
$$  archaeological excavation of a deeply buried paleoindian component at the vara daniel site (41tv1364)
FOUND Paleoindian
$$  archaeological excavation of a deeply buried paleoindian component at the vara daniel site (41tv1364)
FOUND Paleoindian
$$  archaeological excavation of a deeply buried paleoindian component at the vara daniel site (41tv1364)
FOUND Paleoindian
$$  archaeological excavation of a deeply buried paleoindian component at the vara daniel site (41tv1364)
FOUND Paleoindian
$$  archaeological excavation of a deeply buried paleoindian component at the vara daniel site (41tv1364)
FOUND Paleoindian
$$  archaeological excavation of a deeply buried paleoindian component at the vara daniel site (41tv1364)
FOUND Paleoindian
$$  archaeological excavation of a deeply buried paleoindian component at the vara daniel site (41tv1364)
FOUND Paleoindian
$$  archaeological excavation of a deeply buried paleoindian component at the vara daniel site (41tv1364)
FOUND Paleoindian
$$  archaeological excavation of a deeply buried paleoindian component at the vara daniel site (41tv1364)
FOUND Paleoindian
$$  archaeological excavation of a deeply buried paleoindian component at the vara daniel site (41tv1364)
FOUND Paleoindian
$$  archaeological excavation of a deeply buried paleoindian component at the vara daniel site (41tv1364)
FOUND Paleoindian
$$  archaeological excavation of a deeply buried paleoindian component at the vara daniel site (41tv1364)
FOUND Paleoindian
$$  archaeological excavation of a deeply buried paleoindian component at the vara daniel site (41tv1364)
FOUND Paleoindian
$$  archaeological excavation of a deeply buried paleoindian component at the vara daniel site (41tv1364)
FOUND Paleoindian
$$  archaeological excavation of a deeply buried paleoindian component at the vara daniel site (41tv1364)
FOUND Paleoindian
$$  archaeological excavation of a deeply buried paleoindian component at the vara daniel site (41tv1364)
FOUND Paleoindian
$$  archaeological excavation of a deeply buried paleoindian component at the vara daniel site (41tv1364)
FOUND Paleoindian
$$  archaeological excavation of a deeply buried paleoindian component at the vara daniel site (41tv1364)
FOUND Paleoindian
$$  archaeological excavation of a deeply buried paleoindian component at the vara daniel site (41tv1364)
FOUND Paleoindian
$$  archaeological excavation of a deeply buried paleoindian component at the vara daniel site (41tv1364)
FOUND Paleoindian
$$  archaeological excavation of a deeply buried paleoindian component at the vara daniel site (41tv1364)
FOUND Paleoindian
$$  archaeological excavation of a deeply buried paleoindian component at the vara daniel site (41tv1364)
FOUND Paleoindian
$$  archaeological excavation of a deeply buried paleoindian component at the vara daniel site (41tv1364)
FOUND Paleoindian
$$  archaeological excavation of a deeply buried paleoindian component at the vara daniel site (41tv1364)
FOUND Paleoindian
$$  archaeological excavation of a deeply buried paleoindian component at the vara daniel site (41tv1364)
FOUND Paleoindian
$$  archaeological excavation of a deeply buried paleoindian component at the vara daniel site (41tv1364)
FOUND Paleoindian
$$  archaeological excavation of a deeply buried paleoindian component at the vara daniel site (41tv1364)
FOUND Paleoindian
$$  archaeological excavation of a deeply buried paleoindian component at the vara daniel site (41tv1364)
FOUND Paleoindian
$$  archaeological excavation of a deeply buried paleoindian component at the vara daniel site (41tv1364)
FOUND Paleoindian
$$  archaeological excavation of a deeply buried paleoindian component at the vara daniel site (41tv1364)
FOUND Paleoindian
$$  archaeological excavation of a deeply buried paleoindian component at the vara daniel site (41tv1364)
FOUND Paleoindian
$$  archaeological excavation of a deeply buried paleoindian component at the vara daniel site (41tv1364)
FOUND Paleoindian
$$  archaeological excavation of a deeply buried paleoindian component at the vara daniel site (41tv1364)
FOUND Paleoindian
$$  archaeological excavation of a deeply buried paleoindian component at the vara daniel site (41tv1364)
FOUND Paleoindian
$$  archaeological excavation of a deeply buried paleoindian component at the vara daniel site (41tv1364)
FOUND Paleoindian
$$  archaeological excavation of a deeply buried paleoindian component at the vara daniel site (41tv1364)
FOUND Paleoindian
$$  archaeological excavation of a deeply buried paleoindian component at the vara daniel site (41tv1364)
FOUND Paleoindian
$$  archaeological excavation of a deeply buried paleoindian component at the vara daniel site (41tv1364)
FOUND Paleoindian
$$  archaeological excavation of a deeply buried paleoindian component at the vara daniel site (41tv1364)
FOUND Paleoindian
$$  archaeological excavation of a deeply buried paleoindian component at the vara daniel site (41tv1364)
FOUND Paleoindian
$$  archaeological excavation of a deeply buried paleoindian component at the vara daniel site (41tv1364)
FOUND Paleoindian
$$  archaeological excavation of a deeply buried paleoindian component at the vara daniel site (41tv1364)
FOUND Paleoindian
$$  archaeological excavation of a deeply buried paleoindian component at the vara daniel site (41tv1364)
FOUND Paleoindian
$$  archaeological excavation of a deeply buried paleoindian component at the vara daniel site (41tv1364)
FOUND Paleoindian
$$  archaeological excavation of a deeply buried paleoindian component at the vara daniel site (41tv1364)
FOUND Paleoindian
$$  archaeological excavation of a deeply buried paleoindian component at the vara daniel site (41tv1364)
FOUND Paleoindian
$$  archaeological excavation of a deeply buried paleoindian component at the vara daniel site (41tv1364)
FOUND Paleoindian
$$  archaeological excavation of a deeply buried paleoindian component at the vara daniel site (41tv1364)
FOUND Paleoindian
$$  archaeological excavation of a deeply buried paleoindian component at the vara daniel site (41tv1364)
FOUND Paleoindian
$$  archaeological excavation of a deeply buried paleoindian component at the vara daniel site (41tv1364)
FOUND Paleoindian
$$  archaeological excavation of a deeply buried paleoindian component at the vara daniel site (41tv1364)
FOUND Paleoindian
$$  archaeological excavation of a deeply buried paleoindian component at the vara daniel site (41tv1364)
FOUND Paleoindian
$$  archaeological excavation of a deeply buried paleoindian component at the vara daniel site (41tv1364)
FOUND Paleoindian
$$  archaeological excavation of a deeply buried paleoindian component at the vara daniel site (41tv1364)
FOUND Paleoindian
$$  archaeological excavation of a deeply buried paleoindian component at the vara daniel site (41tv1364)
FOUND Paleoindian
$$  archaeological excavation of a deeply buried paleoindian component at the vara daniel site (41tv1364)
FOUND Paleoindian
$$  archaeological excavation of a deeply buried paleoindian component at the vara daniel site (41tv1364)
FOUND Paleoindian
$$  archaeological excavation of a deeply buried paleoindian component at the vara daniel site (41tv1364)
FOUND Paleoindian
$$  archaeological excavation of a deeply buried paleoindian component at the vara daniel site (41tv1364)
FOUND Paleoindian
$$  archaeological excavation of a deeply buried paleoindian component at the vara daniel site (41tv1364)
FOUND Paleoindian
$$  archaeological excavation of a deeply buried paleoindian component at the vara daniel site (41tv1364)
FOUND Paleoindian
$$  archaeological excavation of a deeply buried paleoindian component at the vara daniel site (41tv1364)
FOUND Paleoindian
$$  archaeological excavation of a deeply buried paleoindian component at the vara daniel site (41tv1364)
FOUND Paleoindian
$$  archaeological excavation of a deeply buried paleoindian component at the vara daniel site (41tv1364)
FOUND Paleoindian
$$  archaeological excavation of a deeply buried paleoindian component at the vara daniel site (41tv1364)
FOUND Paleoindian
$$  archaeological excavation of a deeply buried paleoindian component at the vara daniel site (41tv1364)
FOUND Paleoindian
$$  archaeological excavation of a deeply buried paleoindian component at the vara daniel site (41tv1364)
FOUND Paleoindian
$$  archaeological excavation of a deeply buried paleoindian component at the vara daniel site (41tv1364)
FOUND Paleoindian
$$  archaeological excavation of a deeply buried paleoindian component at the vara daniel site (41tv1364)
FOUND Paleoindian
$$  archaeological excavation of a deeply buried paleoindian component at the vara daniel site (41tv1364)
FOUND Paleoindian
$$  archaeological excavation of a deeply buried paleoindian component at the vara daniel site (41tv1364)
FOUND Paleoindian
$$  archaeological excavation of a deeply buried paleoindian component at the vara daniel site (41tv1364)
FOUND Paleoindian
$$  archaeological excavation of a deeply buried paleoindian component at the vara daniel site (41tv1364)
FOUND Paleoindian
$$  archaeological excavation of a deeply buried paleoindian component at the vara daniel site (41tv1364)
FOUND Paleoindian
$$  archaeological excavation of a deeply buried paleoindian component at the vara daniel site (41tv1364)
FOUND Paleoindian
$$  archaeological excavation of a deeply buried paleoindian component at the vara daniel site (41tv1364)
FOUND Paleoindian
$$  archaeological excavation of a deeply buried paleoindian component at the vara daniel site (41tv1364)
FOUND Paleoindian
$$  archaeological excavation of a deeply buried paleoindian component at the vara daniel site (41tv1364)
FOUND Paleoindian
$$  archaeological excavation of a deeply buried paleoindian component at the vara daniel site (41tv1364)
FOUND Paleoindian
$$  archaeological excavation of a deeply buried paleoindian component at the vara daniel site (41tv1364)
FOUND Paleoindian
$$  archaeological excavation of a deeply buried paleoindian component at the vara daniel site (41tv1364)
FOUND Paleoindian
$$  archaeological excavation of a deeply buried paleoindian component at the vara daniel site (41tv1364)
FOUND Paleoindian
$$  archaeological excavation of a deeply buried paleoindian component at the vara daniel site (41tv1364)
FOUND Paleoindian
$$  archaeological excavation of a deeply buried paleoindian component at the vara daniel site (41tv1364)
FOUND Paleoindian
$$  archaeological excavation of a deeply buried paleoindian component at the vara daniel site (41tv1364)
FOUND Paleoindian
$$  archaeological excavation of a deeply buried paleoindian component at the vara daniel site (41tv1364)
FOUND Paleoindian
$$  archaeological excavation of a deeply buried paleoindian component at the vara daniel site (41tv1364)
FOUND Paleoindian
$$  archaeological excavation of a deeply buried paleoindian component at the vara daniel site (41tv1364)
FOUND Paleoindian
$$  archaeological excavation of a deeply buried paleoindian component at the vara daniel site (41tv1364)
FOUND Paleoindian
$$ sample volume (l) archaeological excavation of a deeply buried paleoindian component at the vara daniel site (41tv1364)
FOUND Paleoindian
$$  archaeological excavation of a deeply buried paleoindian component at the vara daniel site (41tv1364)
FOUND Paleoindian
$$  archaeological excavation of a deeply buried paleoindian component at the vara daniel site (41tv1364)
FOUND Paleoindian
$$  archaeological excavation of a deeply buried paleoindian component at the vara daniel site (41tv1364)
FOUND Paleoindian
$$ archaeological excavation of a deeply buried paleoindian component at the vara daniel site (41tv1364)
FOUND Paleoindian
$$  archaeological excavation of a deeply buried paleoindian component at the vara daniel site (41tv1364)
FOUND Paleoindian
$$ archaeological excavation of a deeply buried paleoindian component at the vara daniel site (41tv1364)
FOUND Paleoindian
$$  archaeological excavation of a deeply buried paleoindian component at the vara daniel site (41tv1364)
FOUND Paleoindian
$$  archaeological excavation of a deeply buried paleoindian component at the vara daniel site (41tv1364)
FOUND Paleoindian
$$  archaeological excavation of a deeply buried paleoindian component at the vara daniel site (41tv1364)
FOUND Paleoindian
$$  archaeological excavation of a deeply buried paleoindian component at the vara daniel site (41tv1364)
FOUND Paleoindian
$$  archaeological excavation of a deeply buried paleoindian component at the vara daniel site (41tv1364)
FOUND Paleoindian
$$  archaeological excavation of a deeply buried paleoindian component at the vara daniel site (41tv1364)
FOUND Paleoindian
$$  archaeological excavation of a deeply buried paleoindian component at the vara daniel site (41tv1364)
FOUND Paleoindian
$$  archaeological excavation of a deeply buried paleoindian component at the vara daniel site (41tv1364)
FOUND Paleoindian
$$  archaeological excavation of a deeply buried paleoindian component at the vara daniel site (41tv1364)
FOUND Paleoindian
$$  archaeological excavation of a deeply buried paleoindian component at the vara daniel site (41tv1364)
FOUND Paleoindian
$$  archaeological excavation of a deeply buried paleoindian component at the vara daniel site (41tv1364)
FOUND Paleoindian
$$  archaeological excavation of a deeply buried paleoindian component at the vara daniel site (41tv1364)
FOUND Paleoindian
$$  archaeological excavation of a deeply buried paleoindian component at the vara daniel site (41tv1364)
FOUND Paleoindian
$$  archaeological excavation of a deeply buried paleoindian component at the vara daniel site (41tv1364)
FOUND Paleoindian
$$  archaeological excavation of a deeply buried paleoindian component at the vara daniel site (41tv1364)
