FOUND Early Archaic
$$  and james e. bruseth ...................... 355 reviews early archaic life at the sleeper archaeological site
FOUND San Geronimo
$$ the principal assays are for material collected from the terrace of san geronimo creek (at site 41me29)
FOUND Early Archaic
$$ it was also necessary to allow for inclusion in the archaic era of stone tools from the devit’s mouth site (41vv188) that preceded the misidentified and hence mislabeled "early archaic" (here
FOUND Archaic Era
$$ it was also necessary to allow for inclusion in the archaic era of stone tools from the devit’s mouth site (41vv188) that preceded the misidentified and hence mislabeled "" (here
FOUND Middle Archaic
$$  upper middle archaic) of the eastern edwards plateau.
FOUND Archaic
$$ the curious reader may wonder why the 1962 attempt to define archaic periods at canyon lake was inadequate for certain stretches of time.
FOUND Archaic
$$ it may well be that a series of valid archaic and postarchaic phases of the sociocultural sort will someday be defined for the edwards plateau
FOUND Early Archaic
$$ the last early archaic dart points of the edwards plateau were arguably the uvalde and martindale8 styles
FOUND Martindale Point
&&  as well as unnamed wide-stemmed dart heads otherwise shaped very much like martindale points
FOUND Early Archaic
$$ early archaic burials from the eastern edwards plateau are uncommon
FOUND Martindale Point
&&  martindale points (which are rare) occur in area m with early barbed points and below a single calf creek/bell specimen (black and mcgraw 1985:table 48)
FOUND Bell Point
&& at the camp pearl wheat site (41kr243) martindale and uvalde dart points were found in the same isolated stratum as a calf creek/bell point (collins et al.
FOUND Middle Archaic
$$ the middle archaic record of vertebrate life
FOUND Middle Archaic
$$  of early rather than middle archaic age).12 there is also a profusion of probably middle archaic dart-head styles
FOUND Middle Archaic
$$  of early rather than middle archaic age).12 there is also a profusion of probably middle archaic dart-head styles
FOUND Middle Archaic
$$ middle archaic age).12 there is also a profusion of probably middle archaic dart-head styles
FOUND Middle Archaic
$$ in the late part of the middle archaic
FOUND Middle Archaic
$$  most early triangular artifacts from the john ischy site (41wm49) were found below nolan (upper middle archaic) points (sorrow 1969:table 4-6)
FOUND Middle Archaic
$$  occur in a mixed early and middle archaic context at the site of that name (41wm2; campbell 1948:plate 3a
FOUND Middle Archaic
$$  it could be either early archaic or early middle archaic in age
FOUND Early Archaic
$$  it could be either early archaic or early  in age
FOUND Late Archaic
$$  below a late archaic pedernales-montell burned rock midden
FOUND Middle Archaic
$$  and radiocarbon dating discloses their terminal middle archaic age.
FOUND Middle Archaic Period
$$ the projectile points date at least some of the mason cave burials to the upper middle archaic period.
FOUND Archaic
$$  nolan or travis specimens occun’ed in the archaic burned rock midden found at the wilson-leonard site (41wm235); in an "upper" rock pile at the millican bench site (41tv163) on a tributary of the colorado river’s bull creek
FOUND Archaic
$$  nolan or travis specimens occun’ed in the archaic burned rock midden found at the wilson-leonard site (41wm235); in an "upper" rock pile at the millican bench site (41tv163) on a tributary of the colorado river’s bull creek
FOUND Archaic
$$ archaic period that followed
FOUND San Geronimo
$$  with elevated temperatures and less precipitation.17 the end of overbank flooding and floodplain/terrace aggradation mentioned for san geronimo creek (at 41me29) and fort hood can be seen in other localities
FOUND Montell Projectile
&&  by the apparent stratigraphic association of many milling stones with pedernales and/or montell projectile heads at the shallow toungate (41tv33) burned rock site on the colorado (clark n.d.).
FOUND Pedernales Point
&&  locales are known that have pedernales points but no manos whatever
FOUND Late Archaic
$$  and apparently dates to terminal late archaic or early post-archaic times.
FOUND Archaic
$$  and apparently dates to terminal  or early post-archaic times.
FOUND Fairland Dart
&&  darl and fairland dart heads
FOUND Archaic
$$ one can argue that most post-archaic middens are largely tied to the remnant sotol fields
FOUND Archaic
$$ one can argue that most post-archaic middens are largely tied to the remnant sotol fields near
FOUND Montell Dart
&&  montell dart points are definitely associated with bison bones at bonfire shelter (41vv218; dibble and lorrain 1968:42-55).
FOUND Montell Dart
&&  montell dart points are definitely associated with bison bones at bonfire shelter (41vv218; dibble and lorrain 1968:42-55).
FOUND Marcos Dart
&&  seemingly associated with ensor and marcos dart points.
FOUND Late Archaic I
$$  some of which must date to the late archaic i and ii subperiods.
FOUND Marshall Point
&& a pedernales projectile point and a marshall point were among the few projectile heads that were observed (givens 1968; collins 1970)
FOUND Pedernales Projectile Point
&& a pedernales projectile point and a  were among the few projectile heads that were observed (givens 1968; collins 1970)
FOUND Frio Point
&&  as were three frio points
FOUND Edwards Point
&&  and edwards points appeared around a.d. 700 or 800 at the plateau’s rainey sinkhole (41bn33; henderson n.d.).
FOUND Late Archaic Period
$$  one should underscore the fact that some cultural and considerable economic continuity tied the end of the late archaic period with what came directly afterwards.
FOUND Late Archaic II
$$  that for the ending of the late archaic ii subperiod is the most subjective and bothersome.
FOUND Historic
$$ the present historical narrative concludes at a.d. 1600
FOUND Toyah
$$  near the end of toyah days when perdiz arrowheads were in vogue.
FOUND Late Prehistoric
$$ in: archaic and late prehistoric human ecology in the middle onion creek valley
FOUND Archaic
$$ in: archaic and  human ecology in the middle onion creek valley
FOUND Late Prehistoric
$$ in: archaic and late prehistoric human ecology in the middle onion creek valley
FOUND Archaic
$$ in: archaic and  human ecology in the middle onion creek valley
FOUND Early Archaic
$$  and c. dodt-ellis 1990 excavations at the camp pearl wheat site (41kr243): an early archaic campsite on town creek
FOUND Late Prehistoric
$$  a late prehistoric sink hole site in n.d. bandera county
FOUND Early Archaic
$$  1991 early archaic life at the sleeper archaeological site
FOUND Prehistoric
$$ a study of prehistoric biface caches from texas.
FOUND Early Archaic
$$ 363 reviews early archaic life at the sleeper archaeological site
