FOUND Historic
$$ (41tv302) description: house site remnants of an historic house are located near the top of a hill overlooking a spring fed meadow.
FOUND Historic
$$ (41tv303) description: house site structural remains and historic artifacts lie 230 m north of 41tv302.
FOUND Historic
$$ (41tv303) description: house site structural remains and historic artifacts lie 230 m north of 41tv302.
FOUND Historic
$$  (41tv303) description: house site structural remains and historic artifacts lie 230 m north of 41tv302.
FOUND Historic
$$ structural remains and historic artifacts lie 230 m north of 41tv302.
FOUND Prehistoric
$$ it is characterized by having both historic and prehistoric material scattered in a wash.
FOUND Historic
$$ it is characterized by having both historic and  material scattered in a wash.
FOUND Prehistoric
$$ it is characterized by having both historic and prehistoric material scattered in a wash.
FOUND Historic
$$ it is characterized by having both historic and  material scattered in a wash.
FOUND Prehistoric
$$ it is characterized by having both historic and prehistoric material scattered in a wash.
FOUND Historic
$$ it is characterized by having both historic and  material scattered in a wash.
FOUND Prehistoric
$$ (41tv306) description: prehistoric chipping station
FOUND Prehistoric
$$ (41tv306) description: prehistoric chipping station a prehistoric locale containing numerous large
FOUND Historic
$$  texas archeological society (41tv307) description: horse trainer’s cabin a site that historical reports indicate is the house of thomas f. mckinney’s horse trainer is on the right bank of rinard creek about 350 m above onion creek.
FOUND Prehistoric
$$ (41tv308) description: prehistoric midden deposit (rockwall site) a texas parks and wildlife department construction supervisor described a burned rock midden that had been disturbed by machinery during road construction in an area about 40 m south of 41tv306.
FOUND Prehistoric
$$ (41tv308) description: prehistoric midden deposit (rockwall site) a texas parks and wildlife department construction supervisor described a burned rock midden that had been disturbed by machinery during road construction in an area about 40 m south of 41tv306.
FOUND Prehistoric
$$ one probably never was occupied (it may have been used as a water source) ; the other was used during prehistoric
FOUND Prehistoric
$$ one probably never was occupied (it may have been used as a water source) ; the other was used during prehistoric and historic times.
FOUND Historic
$$ one probably never was occupied (it may have been used as a water source) ; the other was used during  and historic times.
FOUND Prehistoric
$$ (41tv310) description: prehistoric chipping station with historic pits a small scatter of lithic debris is located 75 m southwest of 41tv309.
FOUND Historic
$$ (41tv310) description:  chipping station with historic pits a small scatter of lithic debris is located 75 m southwest of 41tv309.
FOUND Prehistoric
$$  (41tv310) description: prehistoric chipping station with historic pits a small scatter of lithic debris is located 75 m southwest of 41tv309.
FOUND Historic
$$  (41tv310) description:  chipping station with historic pits a small scatter of lithic debris is located 75 m southwest of 41tv309.
FOUND Historic
$$ the historical component consists of two pits.
FOUND Prehistoric
$$ (41tv311) description: prehistoric site numerous chert chips and flakes
FOUND Prehistoric
$$ (41tv311) description: prehistoric site numerous chert chips and flakes
FOUND Prehistoric
$$ (41tv311) description: prehistoric site numerous chert chips and flakes
FOUND Prehistoric
$$ the small downstream shelter shows the greatest potential for prehistoric habitation.
FOUND Historic
$$ additional historic document research
FOUND Historic
$$ additional historic document research
FOUND Paleoindian
$$ the discovery and investigation of more sites on the order of 41bx52 should contribute to a better understanding of the paleoindian stage in central texas (jerry henderson
FOUND Archaic Stage
$$ the archaic stage dominates all other remains in central texas.
FOUND Archaic
$$ the archaic is a term used to denote hunting and gathering (or food collecting) cultures.
FOUND Archaic
$$ eleven phases are recognizable in the archaic expressions in central
FOUND Archaic Stage
$$ archaic stage circleville phase (prewitt
FOUND Circleville 
$$  circleville phase (prewitt
FOUND Circleville 
$$ circleville phase (prewitt
FOUND Circleville 
$$ circleville phase (prewitt
FOUND Clear Fork 
$$  and scottsbluff projectile points; clear fork gouges; miscellaneous bifaces; drills; scrapers; gravers; hammerstones; grooved
FOUND Clear Fork 
$$  and scottsbluff projectile points; clear fork gouges; miscellaneous bifaces; drills; scrapers; gravers; hammerstones; grooved
FOUND San Geronimo 
$$ san geronimo phase (weir
FOUND San Geronimo 
$$  1976) representative components: san geronimo (41bx196; weir
FOUND San Geronimo 
$$ san geronimo phase (weir
FOUND San Geronimo 
$$  1976) representative components: san geronimo (41bx196; weir
FOUND San Geronimo 
$$ san geronimo phase (weir
FOUND San Geronimo 
$$  1976) representative components: san geronimo (41bx196; weir
FOUND Paleoindian
$$ discussion: although some paleoindian lithic traits persist (particularly edge grinding and
FOUND Jarrell 
$$  jarrell phase (new name; sorrow et al.
FOUND Jarrell 
$$ jarrell phase (new name; sorrow et al.
FOUND Jarrell 
$$ jarrell phase (new name; sorrow et al.
FOUND Uvalde 
$$  and uvalde projectile points; clear fork
FOUND Uvalde 
$$  and uvalde projectile points; clear fork
FOUND Oakalla 
$$  oakalla phase (new name; sorrow et al.
FOUND Oakalla 
$$ oakalla phase (new name; sorrow et al.
FOUND Oakalla 
$$ oakalla phase (new name; sorrow et al.
FOUND Clear Fork 
$$ representative artifacts: baird and taylor projectile points; clear fork gouges.
FOUND Clear Fork 
$$ representative artifacts: baird and taylor projectile points; clear fork gouges.
FOUND Clear Fork 
$$ representative artifacts: baird and taylor projectile points; clear fork gouges.
FOUND Clear Fork 
$$ clear fork phase (weir
FOUND Clear Fork 
$$ representative artifacts: nolan and travis projectile points; clear fork gouges; bifaces;
FOUND Clear Fork 
$$ clear fork phase (weir
FOUND Clear Fork 
$$ representative artifacts: nolan and travis projectile points; clear fork gouges; bifaces;
FOUND Clear Fork 
$$  clear fork phase (weir
FOUND Clear Fork 
$$ representative artifacts: nolan and travis projectile points; clear fork gouges; bifaces; scrapers; strangulated scrapers; grinding stones.
FOUND Clear Fork 
$$  clear fork phase (weir
FOUND Clear Fork 
$$ representative artifacts: nolan and travis projectile points; clear fork gouges; bifaces; scrapers; strangulated scrapers; grinding stones.
FOUND Marshall Ford 
$$  marshall ford phase (new name; weir
FOUND Marshall Ford 
$$  marshall ford phase (new name; weir
FOUND Marshall Ford 
$$ marshall ford phase (new name; weir
FOUND Bulverde Projectile Point
&& representative artifacts: bulverde projectile points; bifaces; unifaces; grinding stones.
FOUND Bulverde Projectile Point
&& representative artifacts: bulverde projectile points; bifaces; unifaces; grinding stones.
FOUND Round Rock 
$$ texas archeological society round rock phase (weir
FOUND Pedernales Projectile Point
&& representative artifacts: pedernales projectile points
FOUND Round Rock 
$$ texas archeological society round rock phase (weir
FOUND Pedernales Projectile Point
&& representative artifacts: pedernales projectile points
FOUND Round Rock 
$$  round rock phase (weir
FOUND Pedernales Projectile Point
&& representative artifacts: pedernales projectile points
FOUND Round Rock 
$$  round rock phase (weir
FOUND Pedernales Projectile Point
&& representative artifacts: pedernales projectile points
FOUND Round Rock 
$$  round rock phase (weir
FOUND Pedernales Projectile Point
&& representative artifacts: pedernales projectile points
FOUND Round Rock 
$$  round rock phase (weir
FOUND Pedernales Projectile Point
&& representative artifacts: pedernales projectile points
FOUND San Marcos 
$$ san marcos phase (weir
FOUND Lange Projectile Point
&&  and lange projectile points~ bifaces; scrapers;
FOUND San Marcos 
$$ san marcos phase (weir
FOUND Lange Projectile Point
&&  and lange projectile points~ bifaces; scrapers;
FOUND San Marcos 
$$  san marcos phase (weir
FOUND Lange Projectile Point
&&  and lange projectile points~ bifaces; scrapers; small concave unifaces; grinding stones; marine shell ornaments.
FOUND San Marcos 
$$  san marcos phase (weir
FOUND Lange Projectile Point
&&  and lange projectile points~ bifaces; scrapers; small concave unifaces; grinding stones; marine shell ornaments.
FOUND Uvalde 
$$ uvalde phase (new name; kelley
FOUND Uvalde 
$$ uvalde phase (new name; kelley
FOUND Uvalde 
$$  uvalde phase (new name; kelley
FOUND Uvalde 
$$  uvalde phase (new name; kelley
FOUND Uvalde 
$$ uvalde phase (new name; kelley
FOUND Montell Projectile Point
&&  and montell projectile points; bifaces; unifaces;
FOUND Uvalde 
$$ uvalde phase (new name; kelley
FOUND Montell Projectile Point
&&  and montell projectile points; bifaces; unifaces;
FOUND Uvalde 
$$ uvalde phase (new name; kelley
FOUND Montell Projectile Point
&&  and montell projectile points; bifaces; unifaces;
FOUND Twin Sisters 
$$ twin sisters phase (weir
FOUND Twin Sisters 
$$ twin sisters phase (weir
FOUND Twin Sisters 
$$ twin sisters phase (weir
FOUND Twin Sisters 
$$  twin sisters phase (weir
FOUND Twin Sisters 
$$  twin sisters phase (weir
FOUND Twin Sisters 
$$ twin sisters phase (weir
FOUND Ensor Projectile Point
&& representative artifacts: ensor projectile points; erath and san gabriel bifaces; clear fork
FOUND Clear Fork 
$$ representative artifacts: ensor projectile points; erath and san gabriel bifaces; clear fork gouges; perforators; gravers; large and small concave unifaces; scrapers; crushers; grinding
FOUND Ensor Projectile Point
&& representative artifacts: ensor projectile points; erath and san gabriel bifaces; clear fork gouges; perforators; gravers; large and small concave unifaces; scrapers; crushers; grinding
FOUND Driftwood 
$$ driftwood phase (new name; weir
FOUND Driftwood 
$$  driftwood phase (new name; weir
FOUND Driftwood 
$$ driftwood phase (new name; weir
FOUND Neoarchaic Stage
$$ neoarchaic stage austin phase (jelks
FOUND Austin 
$$  austin phase (jelks
FOUND Neoarchaic Stage
$$ neoarchaic stage austin phase (jelks
FOUND Austin 
$$  austin phase (jelks
FOUND Austin 
$$  austin phase (jelks
FOUND Toyah 
$$ toyah phase (jelks
FOUND Toyah 
$$ toyah phase (jelks
FOUND Toyah 
$$  toyah phase (jelks
FOUND Toyah 
$$ toyah phase (jelks
FOUND Cliffton Projectile Point
&& representative artifacts: perdiz and cliffton projectile points; covington bifaces; four bevel
FOUND Cliffton Projectile Point
&& representative artifacts: perdiz and cliffton projectile points; covington bifaces; four bevel bifaces; end scrapers; drills; grinding stones; freshwater mussel shell pendants~ bone beads~ bone
FOUND Cliffton Projectile Point
&& representative artifacts: perdiz and cliffton projectile points; covington bifaces; four bevel bifaces; end scrapers; drills; grinding stones; freshwater mussel shell pendants~ bone beads~ bone
FOUND San Geronimo 
$$ san geronimo (41bx196) weir
FOUND Paleoindian
$$ subtriangular knives eagle cave 41vv167 mckinney -- paleoindian/archaic transition problem
FOUND Archaic
$$ subtriangular knives eagle cave 41vv167 mckinney -- /archaic transition problem
FOUND San Geronimo 
$$ lerma like san geronimo 41bx196 surface
FOUND Clear Fork 
$$ clear fork tools camp bullis 41bx36 elm waterhole 41bx300
FOUND Lanceolate Point
&& marcos plainview lanceolate points (2) 41ke50 surface
FOUND Archaic
$$ the san geronimo/pre-archaic assemblage included guadalupe tools found in
FOUND San Geronimo 
$$ coleto creek (41gd22) willeke (41vt17) j-2 ranch (41vt6) san geronimo (41bc196) camp bullis (41bc376; 41bx409) elm waterhole (41bx300) upper salado drainage (41bx173)
FOUND San Geronimo 
$$ willeke (41vt17) j-2 ranch (41vt6) san geronimo (41bc196) camp bullis (41bc376; 41bx409) elm waterhole (41bx300) upper salado drainage (41bx173) panther creek springs (41bx228)
FOUND San Geronimo 
$$ willeke (41vt17) j-2 ranch (41vt6) san geronimo (41bc196) camp bullis (41bc376; 41bx409) elm waterhole (41bx300) upper salado drainage (41bx173) panther creek springs (41bx228)
FOUND San Geronimo 
$$ j-2 ranch (41vt6) san geronimo (41bc196) camp bullis (41bc376; 41bx409) elm waterhole (41bx300) upper salado drainage (41bx173) panther creek springs (41bx228) granberg ii (41bx271)
FOUND San Geronimo 
$$ san geronimo (41bc196) camp bullis (41bc376; 41bx409) elm waterhole (41bx300) upper salado drainage (41bx173) panther creek springs (41bx228) granberg ii (41bx271) greenhaw (41hy29)
FOUND Historic
$$  e. paul 1965 anderson’s mill (41tv130): a historic site in travis county
FOUND Historic
$$  a31(7) anderson’s mill (41tv130): a historic site in travis co.
FOUND Uvalde 
$$  uvalde co.
